[0.031s] Invoking command in '/home/hw/chapt9/fishbot_ws/build/robot_description': CMAKE_PREFIX_PATH=${CMAKE_PREFIX_PATH}:/home/hw/chapt9/fishbot_ws/install/ros_serial2wifi:/opt/ros/humble /usr/bin/cmake /home/hw/chapt9/fishbot_ws/src/robot_description -DCMAKE_INSTALL_PREFIX=/home/hw/chapt9/fishbot_ws/install/robot_description
[0.350s] -- The C compiler identification is GNU 11.4.0
[0.350s] -- The CXX compiler identification is GNU 11.4.0
[0.350s] -- Detecting C compiler ABI info
[0.350s] -- Detecting C compiler ABI info - done
[0.350s] -- Check for working C compiler: /usr/bin/cc - skipped
[0.350s] -- Detecting C compile features
[0.351s] -- Detecting C compile features - done
[0.351s] -- Detecting CXX compiler ABI info
[0.392s] -- Detecting CXX compiler ABI info - done
[0.399s] -- Check for working CXX compiler: /usr/bin/c++ - skipped
[0.399s] -- Detecting CXX compile features
[0.400s] -- Detecting CXX compile features - done
[0.404s] -- Found ament_cmake: 1.3.12 (/opt/ros/humble/share/ament_cmake/cmake)
[0.568s] -- Found Python3: /usr/bin/python3 (found version "3.10.12") found components: Interpreter 
[0.669s] -- Found ament_lint_auto: 0.12.14 (/opt/ros/humble/share/ament_lint_auto/cmake)
[0.748s] -- Added test 'lint_cmake' to check CMake code style
[0.750s] -- Added test 'xmllint' to check XML markup files
[0.751s] -- Configuring done
[0.755s] -- Generating done
[0.757s] -- Build files have been written to: /home/hw/chapt9/fishbot_ws/build/robot_description
[0.765s] Invoked command in '/home/hw/chapt9/fishbot_ws/build/robot_description' returned '0': CMAKE_PREFIX_PATH=${CMAKE_PREFIX_PATH}:/home/hw/chapt9/fishbot_ws/install/ros_serial2wifi:/opt/ros/humble /usr/bin/cmake /home/hw/chapt9/fishbot_ws/src/robot_description -DCMAKE_INSTALL_PREFIX=/home/hw/chapt9/fishbot_ws/install/robot_description
[0.766s] Invoking command in '/home/hw/chapt9/fishbot_ws/build/robot_description': CMAKE_PREFIX_PATH=${CMAKE_PREFIX_PATH}:/home/hw/chapt9/fishbot_ws/install/ros_serial2wifi:/opt/ros/humble /usr/bin/cmake --build /home/hw/chapt9/fishbot_ws/build/robot_description -- -j16 -l16
[0.824s] Invoked command in '/home/hw/chapt9/fishbot_ws/build/robot_description' returned '0': CMAKE_PREFIX_PATH=${CMAKE_PREFIX_PATH}:/home/hw/chapt9/fishbot_ws/install/ros_serial2wifi:/opt/ros/humble /usr/bin/cmake --build /home/hw/chapt9/fishbot_ws/build/robot_description -- -j16 -l16
[0.841s] Invoking command in '/home/hw/chapt9/fishbot_ws/build/robot_description': CMAKE_PREFIX_PATH=${CMAKE_PREFIX_PATH}:/home/hw/chapt9/fishbot_ws/install/ros_serial2wifi:/opt/ros/humble /usr/bin/cmake --install /home/hw/chapt9/fishbot_ws/build/robot_description
[0.850s] -- Install configuration: ""
[0.850s] -- Installing: /home/hw/chapt9/fishbot_ws/install/robot_description/share/robot_description/urdf
[0.851s] -- Installing: /home/hw/chapt9/fishbot_ws/install/robot_description/share/robot_description/urdf/robot.urdf
[0.851s] -- Installing: /home/hw/chapt9/fishbot_ws/install/robot_description/share/ament_index/resource_index/package_run_dependencies/robot_description
[0.851s] -- Installing: /home/hw/chapt9/fishbot_ws/install/robot_description/share/ament_index/resource_index/parent_prefix_path/robot_description
[0.851s] -- Installing: /home/hw/chapt9/fishbot_ws/install/robot_description/share/robot_description/environment/ament_prefix_path.sh
[0.851s] -- Installing: /home/hw/chapt9/fishbot_ws/install/robot_description/share/robot_description/environment/ament_prefix_path.dsv
[0.851s] -- Installing: /home/hw/chapt9/fishbot_ws/install/robot_description/share/robot_description/environment/path.sh
[0.852s] -- Installing: /home/hw/chapt9/fishbot_ws/install/robot_description/share/robot_description/environment/path.dsv
[0.852s] -- Installing: /home/hw/chapt9/fishbot_ws/install/robot_description/share/robot_description/local_setup.bash
[0.852s] -- Installing: /home/hw/chapt9/fishbot_ws/install/robot_description/share/robot_description/local_setup.sh
[0.852s] -- Installing: /home/hw/chapt9/fishbot_ws/install/robot_description/share/robot_description/local_setup.zsh
[0.853s] -- Installing: /home/hw/chapt9/fishbot_ws/install/robot_description/share/robot_description/local_setup.dsv
[0.853s] -- Installing: /home/hw/chapt9/fishbot_ws/install/robot_description/share/robot_description/package.dsv
[0.853s] -- Installing: /home/hw/chapt9/fishbot_ws/install/robot_description/share/ament_index/resource_index/packages/robot_description
[0.854s] -- Installing: /home/hw/chapt9/fishbot_ws/install/robot_description/share/robot_description/cmake/robot_descriptionConfig.cmake
[0.854s] -- Installing: /home/hw/chapt9/fishbot_ws/install/robot_description/share/robot_description/cmake/robot_descriptionConfig-version.cmake
[0.854s] -- Installing: /home/hw/chapt9/fishbot_ws/install/robot_description/share/robot_description/package.xml
[0.862s] Invoked command in '/home/hw/chapt9/fishbot_ws/build/robot_description' returned '0': CMAKE_PREFIX_PATH=${CMAKE_PREFIX_PATH}:/home/hw/chapt9/fishbot_ws/install/ros_serial2wifi:/opt/ros/humble /usr/bin/cmake --install /home/hw/chapt9/fishbot_ws/build/robot_description
