[0.033s] Invoking command in '/home/hw/chapt9/fishbot_ws/build/bring_up': CMAKE_PREFIX_PATH=${CMAKE_PREFIX_PATH}:/home/hw/chapt9/fishbot_ws/install/ros_serial2wifi:/opt/ros/humble /usr/bin/cmake /home/hw/chapt9/fishbot_ws/src/bring_up -DCMAKE_INSTALL_PREFIX=/home/hw/chapt9/fishbot_ws/install/bring_up
[0.352s] -- The C compiler identification is GNU 11.4.0
[0.354s] -- The CXX compiler identification is GNU 11.4.0
[0.354s] -- Detecting C compiler ABI info
[0.354s] -- Detecting C compiler ABI info - done
[0.354s] -- Check for working C compiler: /usr/bin/cc - skipped
[0.354s] -- Detecting C compile features
[0.355s] -- Detecting C compile features - done
[0.355s] -- Detecting CXX compiler ABI info
[0.401s] -- Detecting CXX compiler ABI info - done
[0.410s] -- Check for working CXX compiler: /usr/bin/c++ - skipped
[0.410s] -- Detecting CXX compile features
[0.411s] -- Detecting CXX compile features - done
[0.415s] -- Found ament_cmake: 1.3.12 (/opt/ros/humble/share/ament_cmake/cmake)
[0.575s] -- Found Python3: /usr/bin/python3 (found version "3.10.12") found components: Interpreter 
[0.677s] -- Found ament_lint_auto: 0.12.14 (/opt/ros/humble/share/ament_lint_auto/cmake)
[0.758s] -- Found rclcpp: 16.0.17 (/opt/ros/humble/share/rclcpp/cmake)
[0.808s] -- Found rosidl_generator_c: 3.1.8 (/opt/ros/humble/share/rosidl_generator_c/cmake)
[0.815s] -- Found rosidl_adapter: 3.1.8 (/opt/ros/humble/share/rosidl_adapter/cmake)
[0.828s] -- Found rosidl_generator_cpp: 3.1.8 (/opt/ros/humble/share/rosidl_generator_cpp/cmake)
[0.842s] -- Using all available rosidl_typesupport_c: rosidl_typesupport_fastrtps_c;rosidl_typesupport_introspection_c
[0.865s] -- Using all available rosidl_typesupport_cpp: rosidl_typesupport_fastrtps_cpp;rosidl_typesupport_introspection_cpp
[0.918s] -- Found rmw_implementation_cmake: 6.1.2 (/opt/ros/humble/share/rmw_implementation_cmake/cmake)
[0.922s] -- Found rmw_fastrtps_cpp: 6.2.10 (/opt/ros/humble/share/rmw_fastrtps_cpp/cmake)
[1.057s] -- Found OpenSSL: /usr/lib/x86_64-linux-gnu/libcrypto.so (found version "3.0.2")  
[1.092s] -- Found FastRTPS: /opt/ros/humble/include  
[1.140s] -- Using RMW implementation 'rmw_fastrtps_cpp' as default
[1.153s] -- Looking for pthread.h
[1.251s] -- Looking for pthread.h - found
[1.251s] -- Performing Test CMAKE_HAVE_LIBC_PTHREAD
[1.354s] -- Performing Test CMAKE_HAVE_LIBC_PTHREAD - Success
[1.356s] -- Found Threads: TRUE  
[1.417s] -- Found tf2: 0.25.18 (/opt/ros/humble/share/tf2/cmake)
[1.445s] -- Found tf2_ros: 0.25.18 (/opt/ros/humble/share/tf2_ros/cmake)
[1.552s] -- Found nav_msgs: 4.9.0 (/opt/ros/humble/share/nav_msgs/cmake)
[1.575s] -- Added test 'cppcheck' to perform static code analysis on C / C++ code
[1.575s] -- Configured cppcheck include dirs: 
[1.575s] -- Configured cppcheck exclude dirs and/or files: 
[1.575s] -- Added test 'flake8' to check Python code syntax and style conventions
[1.576s] -- Added test 'lint_cmake' to check CMake code style
[1.577s] -- Added test 'pep257' to check Python code against some of the docstring style conventions in PEP 257
[1.579s] -- Added test 'uncrustify' to check C / C++ code style
[1.579s] -- Configured uncrustify additional arguments: 
[1.580s] -- Added test 'xmllint' to check XML markup files
[1.581s] -- Configuring done
[1.596s] -- Generating done
[1.602s] -- Build files have been written to: /home/hw/chapt9/fishbot_ws/build/bring_up
[1.617s] Invoked command in '/home/hw/chapt9/fishbot_ws/build/bring_up' returned '0': CMAKE_PREFIX_PATH=${CMAKE_PREFIX_PATH}:/home/hw/chapt9/fishbot_ws/install/ros_serial2wifi:/opt/ros/humble /usr/bin/cmake /home/hw/chapt9/fishbot_ws/src/bring_up -DCMAKE_INSTALL_PREFIX=/home/hw/chapt9/fishbot_ws/install/bring_up
[1.617s] Invoking command in '/home/hw/chapt9/fishbot_ws/build/bring_up': CMAKE_PREFIX_PATH=${CMAKE_PREFIX_PATH}:/home/hw/chapt9/fishbot_ws/install/ros_serial2wifi:/opt/ros/humble /usr/bin/cmake --build /home/hw/chapt9/fishbot_ws/build/bring_up -- -j16 -l16
[1.686s] [ 50%] [32mBuilding CXX object CMakeFiles/odom2tf.dir/src/odom2tf.cpp.o[0m
[11.261s] [100%] [32m[1mLinking CXX executable odom2tf[0m
[11.772s] [100%] Built target odom2tf
[11.772s] Invoked command in '/home/hw/chapt9/fishbot_ws/build/bring_up' returned '0': CMAKE_PREFIX_PATH=${CMAKE_PREFIX_PATH}:/home/hw/chapt9/fishbot_ws/install/ros_serial2wifi:/opt/ros/humble /usr/bin/cmake --build /home/hw/chapt9/fishbot_ws/build/bring_up -- -j16 -l16
[11.772s] Invoking command in '/home/hw/chapt9/fishbot_ws/build/bring_up': CMAKE_PREFIX_PATH=${CMAKE_PREFIX_PATH}:/home/hw/chapt9/fishbot_ws/install/ros_serial2wifi:/opt/ros/humble /usr/bin/cmake --install /home/hw/chapt9/fishbot_ws/build/bring_up
[11.772s] -- Install configuration: ""
[11.772s] -- Installing: /home/hw/chapt9/fishbot_ws/install/bring_up/lib/bring_up/odom2tf
[11.772s] -- Set runtime path of "/home/hw/chapt9/fishbot_ws/install/bring_up/lib/bring_up/odom2tf" to ""
[11.773s] -- Installing: /home/hw/chapt9/fishbot_ws/install/bring_up/share/bring_up/launch
[11.773s] -- Installing: /home/hw/chapt9/fishbot_ws/install/bring_up/share/bring_up/launch/urdf2tf.launch.py
[11.773s] -- Installing: /home/hw/chapt9/fishbot_ws/install/bring_up/share/bring_up/launch/bringup.launch.py
[11.773s] -- Installing: /home/hw/chapt9/fishbot_ws/install/bring_up/share/ament_index/resource_index/package_run_dependencies/bring_up
[11.773s] -- Installing: /home/hw/chapt9/fishbot_ws/install/bring_up/share/ament_index/resource_index/parent_prefix_path/bring_up
[11.773s] -- Installing: /home/hw/chapt9/fishbot_ws/install/bring_up/share/bring_up/environment/ament_prefix_path.sh
[11.773s] -- Installing: /home/hw/chapt9/fishbot_ws/install/bring_up/share/bring_up/environment/ament_prefix_path.dsv
[11.773s] -- Installing: /home/hw/chapt9/fishbot_ws/install/bring_up/share/bring_up/environment/path.sh
[11.773s] -- Installing: /home/hw/chapt9/fishbot_ws/install/bring_up/share/bring_up/environment/path.dsv
[11.773s] -- Installing: /home/hw/chapt9/fishbot_ws/install/bring_up/share/bring_up/local_setup.bash
[11.773s] -- Installing: /home/hw/chapt9/fishbot_ws/install/bring_up/share/bring_up/local_setup.sh
[11.774s] -- Installing: /home/hw/chapt9/fishbot_ws/install/bring_up/share/bring_up/local_setup.zsh
[11.774s] -- Installing: /home/hw/chapt9/fishbot_ws/install/bring_up/share/bring_up/local_setup.dsv
[11.774s] -- Installing: /home/hw/chapt9/fishbot_ws/install/bring_up/share/bring_up/package.dsv
[11.774s] -- Installing: /home/hw/chapt9/fishbot_ws/install/bring_up/share/ament_index/resource_index/packages/bring_up
[11.774s] -- Installing: /home/hw/chapt9/fishbot_ws/install/bring_up/share/bring_up/cmake/bring_upConfig.cmake
[11.774s] -- Installing: /home/hw/chapt9/fishbot_ws/install/bring_up/share/bring_up/cmake/bring_upConfig-version.cmake
[11.774s] -- Installing: /home/hw/chapt9/fishbot_ws/install/bring_up/share/bring_up/package.xml
[11.774s] Invoked command in '/home/hw/chapt9/fishbot_ws/build/bring_up' returned '0': CMAKE_PREFIX_PATH=${CMAKE_PREFIX_PATH}:/home/hw/chapt9/fishbot_ws/install/ros_serial2wifi:/opt/ros/humble /usr/bin/cmake --install /home/hw/chapt9/fishbot_ws/build/bring_up
