[0.060s] Invoking command in '/home/hw/chapt9/fishbot_ws/build/micro_ros_msgs': CMAKE_PREFIX_PATH=${CMAKE_PREFIX_PATH}:/home/hw/chapt9/fishbot_ws/install/ros_serial2wifi:/opt/ros/humble /usr/bin/cmake --build /home/hw/chapt9/fishbot_ws/build/micro_ros_msgs -- -j16 -l16
[0.401s] [  2%] Built target micro_ros_msgs__cpp
[0.402s] [ 12%] Built target micro_ros_msgs__rosidl_generator_c
[0.402s] [ 12%] Built target ament_cmake_python_copy_micro_ros_msgs
[0.403s] [ 34%] Built target micro_ros_msgs__rosidl_typesupport_c
[0.403s] [ 34%] Built target micro_ros_msgs__rosidl_typesupport_fastrtps_c
[0.404s] [ 44%] Built target micro_ros_msgs__rosidl_typesupport_introspection_c
[0.405s] [ 55%] Built target micro_ros_msgs__rosidl_typesupport_fastrtps_cpp
[0.408s] [ 65%] Built target micro_ros_msgs__rosidl_typesupport_cpp
[0.410s] [ 76%] Built target micro_ros_msgs__rosidl_typesupport_introspection_cpp
[0.411s] [ 76%] Built target micro_ros_msgs
[0.414s] [ 78%] Built target micro_ros_msgs__py
[0.414s] [ 87%] Built target micro_ros_msgs__rosidl_generator_py
[0.414s] [100%] Built target micro_ros_msgs__rosidl_typesupport_introspection_c__pyext
[0.414s] [100%] Built target micro_ros_msgs__rosidl_typesupport_fastrtps_c__pyext
[0.415s] [100%] Built target micro_ros_msgs__rosidl_typesupport_c__pyext
[0.483s] running egg_info
[0.483s] writing micro_ros_msgs.egg-info/PKG-INFO
[0.483s] writing dependency_links to micro_ros_msgs.egg-info/dependency_links.txt
[0.483s] writing top-level names to micro_ros_msgs.egg-info/top_level.txt
[0.484s] reading manifest file 'micro_ros_msgs.egg-info/SOURCES.txt'
[0.484s] writing manifest file 'micro_ros_msgs.egg-info/SOURCES.txt'
[0.514s] [100%] Built target ament_cmake_python_build_micro_ros_msgs_egg
[0.566s] Invoked command in '/home/hw/chapt9/fishbot_ws/build/micro_ros_msgs' returned '0': CMAKE_PREFIX_PATH=${CMAKE_PREFIX_PATH}:/home/hw/chapt9/fishbot_ws/install/ros_serial2wifi:/opt/ros/humble /usr/bin/cmake --build /home/hw/chapt9/fishbot_ws/build/micro_ros_msgs -- -j16 -l16
[0.570s] Invoking command in '/home/hw/chapt9/fishbot_ws/build/micro_ros_msgs': CMAKE_PREFIX_PATH=${CMAKE_PREFIX_PATH}:/home/hw/chapt9/fishbot_ws/install/ros_serial2wifi:/opt/ros/humble /usr/bin/cmake --install /home/hw/chapt9/fishbot_ws/build/micro_ros_msgs
[0.581s] -- Install configuration: ""
[0.581s] -- Up-to-date: /home/hw/chapt9/fishbot_ws/install/micro_ros_msgs/share/ament_index/resource_index/rosidl_interfaces/micro_ros_msgs
[0.581s] -- Up-to-date: /home/hw/chapt9/fishbot_ws/install/micro_ros_msgs/include/micro_ros_msgs/micro_ros_msgs
[0.581s] -- Up-to-date: /home/hw/chapt9/fishbot_ws/install/micro_ros_msgs/include/micro_ros_msgs/micro_ros_msgs/msg
[0.581s] -- Up-to-date: /home/hw/chapt9/fishbot_ws/install/micro_ros_msgs/include/micro_ros_msgs/micro_ros_msgs/msg/entity.h
[0.581s] -- Up-to-date: /home/hw/chapt9/fishbot_ws/install/micro_ros_msgs/include/micro_ros_msgs/micro_ros_msgs/msg/node.h
[0.582s] -- Up-to-date: /home/hw/chapt9/fishbot_ws/install/micro_ros_msgs/include/micro_ros_msgs/micro_ros_msgs/msg/graph.h
[0.582s] -- Up-to-date: /home/hw/chapt9/fishbot_ws/install/micro_ros_msgs/include/micro_ros_msgs/micro_ros_msgs/msg/rosidl_generator_c__visibility_control.h
[0.582s] -- Up-to-date: /home/hw/chapt9/fishbot_ws/install/micro_ros_msgs/include/micro_ros_msgs/micro_ros_msgs/msg/detail
[0.582s] -- Up-to-date: /home/hw/chapt9/fishbot_ws/install/micro_ros_msgs/include/micro_ros_msgs/micro_ros_msgs/msg/detail/node__type_support.h
[0.582s] -- Up-to-date: /home/hw/chapt9/fishbot_ws/install/micro_ros_msgs/include/micro_ros_msgs/micro_ros_msgs/msg/detail/graph__functions.h
[0.582s] -- Up-to-date: /home/hw/chapt9/fishbot_ws/install/micro_ros_msgs/include/micro_ros_msgs/micro_ros_msgs/msg/detail/entity__type_support.h
[0.582s] -- Up-to-date: /home/hw/chapt9/fishbot_ws/install/micro_ros_msgs/include/micro_ros_msgs/micro_ros_msgs/msg/detail/node__struct.h
[0.583s] -- Up-to-date: /home/hw/chapt9/fishbot_ws/install/micro_ros_msgs/include/micro_ros_msgs/micro_ros_msgs/msg/detail/entity__functions.h
[0.583s] -- Up-to-date: /home/hw/chapt9/fishbot_ws/install/micro_ros_msgs/include/micro_ros_msgs/micro_ros_msgs/msg/detail/entity__struct.h
[0.583s] -- Up-to-date: /home/hw/chapt9/fishbot_ws/install/micro_ros_msgs/include/micro_ros_msgs/micro_ros_msgs/msg/detail/graph__struct.h
[0.583s] -- Up-to-date: /home/hw/chapt9/fishbot_ws/install/micro_ros_msgs/include/micro_ros_msgs/micro_ros_msgs/msg/detail/graph__functions.c
[0.584s] -- Up-to-date: /home/hw/chapt9/fishbot_ws/install/micro_ros_msgs/include/micro_ros_msgs/micro_ros_msgs/msg/detail/graph__type_support.h
[0.584s] -- Up-to-date: /home/hw/chapt9/fishbot_ws/install/micro_ros_msgs/include/micro_ros_msgs/micro_ros_msgs/msg/detail/node__functions.c
[0.584s] -- Up-to-date: /home/hw/chapt9/fishbot_ws/install/micro_ros_msgs/include/micro_ros_msgs/micro_ros_msgs/msg/detail/entity__functions.c
[0.584s] -- Up-to-date: /home/hw/chapt9/fishbot_ws/install/micro_ros_msgs/include/micro_ros_msgs/micro_ros_msgs/msg/detail/node__functions.h
[0.584s] -- Up-to-date: /home/hw/chapt9/fishbot_ws/install/micro_ros_msgs/share/micro_ros_msgs/environment/library_path.sh
[0.585s] -- Up-to-date: /home/hw/chapt9/fishbot_ws/install/micro_ros_msgs/share/micro_ros_msgs/environment/library_path.dsv
[0.585s] -- Up-to-date: /home/hw/chapt9/fishbot_ws/install/micro_ros_msgs/lib/libmicro_ros_msgs__rosidl_generator_c.so
[0.585s] -- Up-to-date: /home/hw/chapt9/fishbot_ws/install/micro_ros_msgs/include/micro_ros_msgs/micro_ros_msgs
[0.585s] -- Up-to-date: /home/hw/chapt9/fishbot_ws/install/micro_ros_msgs/include/micro_ros_msgs/micro_ros_msgs/msg
[0.585s] -- Up-to-date: /home/hw/chapt9/fishbot_ws/install/micro_ros_msgs/include/micro_ros_msgs/micro_ros_msgs/msg/detail
[0.585s] -- Up-to-date: /home/hw/chapt9/fishbot_ws/install/micro_ros_msgs/include/micro_ros_msgs/micro_ros_msgs/msg/detail/entity__rosidl_typesupport_fastrtps_c.h
[0.586s] -- Up-to-date: /home/hw/chapt9/fishbot_ws/install/micro_ros_msgs/include/micro_ros_msgs/micro_ros_msgs/msg/detail/node__rosidl_typesupport_fastrtps_c.h
[0.586s] -- Up-to-date: /home/hw/chapt9/fishbot_ws/install/micro_ros_msgs/include/micro_ros_msgs/micro_ros_msgs/msg/detail/graph__rosidl_typesupport_fastrtps_c.h
[0.587s] -- Up-to-date: /home/hw/chapt9/fishbot_ws/install/micro_ros_msgs/include/micro_ros_msgs/micro_ros_msgs/msg/rosidl_typesupport_fastrtps_c__visibility_control.h
[0.587s] -- Up-to-date: /home/hw/chapt9/fishbot_ws/install/micro_ros_msgs/lib/libmicro_ros_msgs__rosidl_typesupport_fastrtps_c.so
[0.587s] -- Up-to-date: /home/hw/chapt9/fishbot_ws/install/micro_ros_msgs/include/micro_ros_msgs/micro_ros_msgs
[0.588s] -- Up-to-date: /home/hw/chapt9/fishbot_ws/install/micro_ros_msgs/include/micro_ros_msgs/micro_ros_msgs/msg
[0.588s] -- Up-to-date: /home/hw/chapt9/fishbot_ws/install/micro_ros_msgs/include/micro_ros_msgs/micro_ros_msgs/msg/rosidl_typesupport_introspection_c__visibility_control.h
[0.589s] -- Up-to-date: /home/hw/chapt9/fishbot_ws/install/micro_ros_msgs/include/micro_ros_msgs/micro_ros_msgs/msg/detail
[0.589s] -- Up-to-date: /home/hw/chapt9/fishbot_ws/install/micro_ros_msgs/include/micro_ros_msgs/micro_ros_msgs/msg/detail/node__type_support.c
[0.589s] -- Up-to-date: /home/hw/chapt9/fishbot_ws/install/micro_ros_msgs/include/micro_ros_msgs/micro_ros_msgs/msg/detail/node__rosidl_typesupport_introspection_c.h
[0.589s] -- Up-to-date: /home/hw/chapt9/fishbot_ws/install/micro_ros_msgs/include/micro_ros_msgs/micro_ros_msgs/msg/detail/graph__rosidl_typesupport_introspection_c.h
[0.590s] -- Up-to-date: /home/hw/chapt9/fishbot_ws/install/micro_ros_msgs/include/micro_ros_msgs/micro_ros_msgs/msg/detail/entity__type_support.c
[0.590s] -- Up-to-date: /home/hw/chapt9/fishbot_ws/install/micro_ros_msgs/include/micro_ros_msgs/micro_ros_msgs/msg/detail/graph__type_support.c
[0.590s] -- Up-to-date: /home/hw/chapt9/fishbot_ws/install/micro_ros_msgs/include/micro_ros_msgs/micro_ros_msgs/msg/detail/entity__rosidl_typesupport_introspection_c.h
[0.590s] -- Up-to-date: /home/hw/chapt9/fishbot_ws/install/micro_ros_msgs/lib/libmicro_ros_msgs__rosidl_typesupport_introspection_c.so
[0.590s] -- Up-to-date: /home/hw/chapt9/fishbot_ws/install/micro_ros_msgs/lib/libmicro_ros_msgs__rosidl_typesupport_c.so
[0.590s] -- Up-to-date: /home/hw/chapt9/fishbot_ws/install/micro_ros_msgs/include/micro_ros_msgs/micro_ros_msgs
[0.590s] -- Up-to-date: /home/hw/chapt9/fishbot_ws/install/micro_ros_msgs/include/micro_ros_msgs/micro_ros_msgs/msg
[0.590s] -- Up-to-date: /home/hw/chapt9/fishbot_ws/install/micro_ros_msgs/include/micro_ros_msgs/micro_ros_msgs/msg/node.hpp
[0.590s] -- Up-to-date: /home/hw/chapt9/fishbot_ws/install/micro_ros_msgs/include/micro_ros_msgs/micro_ros_msgs/msg/rosidl_generator_cpp__visibility_control.hpp
[0.591s] -- Up-to-date: /home/hw/chapt9/fishbot_ws/install/micro_ros_msgs/include/micro_ros_msgs/micro_ros_msgs/msg/entity.hpp
[0.591s] -- Up-to-date: /home/hw/chapt9/fishbot_ws/install/micro_ros_msgs/include/micro_ros_msgs/micro_ros_msgs/msg/detail
[0.591s] -- Up-to-date: /home/hw/chapt9/fishbot_ws/install/micro_ros_msgs/include/micro_ros_msgs/micro_ros_msgs/msg/detail/entity__builder.hpp
[0.591s] -- Up-to-date: /home/hw/chapt9/fishbot_ws/install/micro_ros_msgs/include/micro_ros_msgs/micro_ros_msgs/msg/detail/node__struct.hpp
[0.591s] -- Up-to-date: /home/hw/chapt9/fishbot_ws/install/micro_ros_msgs/include/micro_ros_msgs/micro_ros_msgs/msg/detail/node__traits.hpp
[0.591s] -- Up-to-date: /home/hw/chapt9/fishbot_ws/install/micro_ros_msgs/include/micro_ros_msgs/micro_ros_msgs/msg/detail/graph__traits.hpp
[0.592s] -- Up-to-date: /home/hw/chapt9/fishbot_ws/install/micro_ros_msgs/include/micro_ros_msgs/micro_ros_msgs/msg/detail/node__type_support.hpp
[0.592s] -- Up-to-date: /home/hw/chapt9/fishbot_ws/install/micro_ros_msgs/include/micro_ros_msgs/micro_ros_msgs/msg/detail/entity__type_support.hpp
[0.592s] -- Up-to-date: /home/hw/chapt9/fishbot_ws/install/micro_ros_msgs/include/micro_ros_msgs/micro_ros_msgs/msg/detail/graph__builder.hpp
[0.592s] -- Up-to-date: /home/hw/chapt9/fishbot_ws/install/micro_ros_msgs/include/micro_ros_msgs/micro_ros_msgs/msg/detail/entity__struct.hpp
[0.592s] -- Up-to-date: /home/hw/chapt9/fishbot_ws/install/micro_ros_msgs/include/micro_ros_msgs/micro_ros_msgs/msg/detail/graph__struct.hpp
[0.592s] -- Up-to-date: /home/hw/chapt9/fishbot_ws/install/micro_ros_msgs/include/micro_ros_msgs/micro_ros_msgs/msg/detail/graph__type_support.hpp
[0.592s] -- Up-to-date: /home/hw/chapt9/fishbot_ws/install/micro_ros_msgs/include/micro_ros_msgs/micro_ros_msgs/msg/detail/entity__traits.hpp
[0.592s] -- Up-to-date: /home/hw/chapt9/fishbot_ws/install/micro_ros_msgs/include/micro_ros_msgs/micro_ros_msgs/msg/detail/node__builder.hpp
[0.592s] -- Up-to-date: /home/hw/chapt9/fishbot_ws/install/micro_ros_msgs/include/micro_ros_msgs/micro_ros_msgs/msg/graph.hpp
[0.592s] -- Up-to-date: /home/hw/chapt9/fishbot_ws/install/micro_ros_msgs/include/micro_ros_msgs/micro_ros_msgs
[0.592s] -- Up-to-date: /home/hw/chapt9/fishbot_ws/install/micro_ros_msgs/include/micro_ros_msgs/micro_ros_msgs/msg
[0.592s] -- Up-to-date: /home/hw/chapt9/fishbot_ws/install/micro_ros_msgs/include/micro_ros_msgs/micro_ros_msgs/msg/rosidl_typesupport_fastrtps_cpp__visibility_control.h
[0.593s] -- Up-to-date: /home/hw/chapt9/fishbot_ws/install/micro_ros_msgs/include/micro_ros_msgs/micro_ros_msgs/msg/detail
[0.593s] -- Up-to-date: /home/hw/chapt9/fishbot_ws/install/micro_ros_msgs/include/micro_ros_msgs/micro_ros_msgs/msg/detail/dds_fastrtps
[0.593s] -- Up-to-date: /home/hw/chapt9/fishbot_ws/install/micro_ros_msgs/include/micro_ros_msgs/micro_ros_msgs/msg/detail/node__rosidl_typesupport_fastrtps_cpp.hpp
[0.593s] -- Up-to-date: /home/hw/chapt9/fishbot_ws/install/micro_ros_msgs/include/micro_ros_msgs/micro_ros_msgs/msg/detail/graph__rosidl_typesupport_fastrtps_cpp.hpp
[0.593s] -- Up-to-date: /home/hw/chapt9/fishbot_ws/install/micro_ros_msgs/include/micro_ros_msgs/micro_ros_msgs/msg/detail/entity__rosidl_typesupport_fastrtps_cpp.hpp
[0.597s] -- Up-to-date: /home/hw/chapt9/fishbot_ws/install/micro_ros_msgs/lib/libmicro_ros_msgs__rosidl_typesupport_fastrtps_cpp.so
[0.597s] -- Up-to-date: /home/hw/chapt9/fishbot_ws/install/micro_ros_msgs/include/micro_ros_msgs/micro_ros_msgs
[0.597s] -- Up-to-date: /home/hw/chapt9/fishbot_ws/install/micro_ros_msgs/include/micro_ros_msgs/micro_ros_msgs/msg
[0.598s] -- Up-to-date: /home/hw/chapt9/fishbot_ws/install/micro_ros_msgs/include/micro_ros_msgs/micro_ros_msgs/msg/detail
[0.598s] -- Up-to-date: /home/hw/chapt9/fishbot_ws/install/micro_ros_msgs/include/micro_ros_msgs/micro_ros_msgs/msg/detail/node__rosidl_typesupport_introspection_cpp.hpp
[0.598s] -- Up-to-date: /home/hw/chapt9/fishbot_ws/install/micro_ros_msgs/include/micro_ros_msgs/micro_ros_msgs/msg/detail/graph__type_support.cpp
[0.598s] -- Up-to-date: /home/hw/chapt9/fishbot_ws/install/micro_ros_msgs/include/micro_ros_msgs/micro_ros_msgs/msg/detail/graph__rosidl_typesupport_introspection_cpp.hpp
[0.598s] -- Up-to-date: /home/hw/chapt9/fishbot_ws/install/micro_ros_msgs/include/micro_ros_msgs/micro_ros_msgs/msg/detail/entity__type_support.cpp
[0.599s] -- Up-to-date: /home/hw/chapt9/fishbot_ws/install/micro_ros_msgs/include/micro_ros_msgs/micro_ros_msgs/msg/detail/node__type_support.cpp
[0.603s] -- Up-to-date: /home/hw/chapt9/fishbot_ws/install/micro_ros_msgs/include/micro_ros_msgs/micro_ros_msgs/msg/detail/entity__rosidl_typesupport_introspection_cpp.hpp
[0.603s] -- Up-to-date: /home/hw/chapt9/fishbot_ws/install/micro_ros_msgs/lib/libmicro_ros_msgs__rosidl_typesupport_introspection_cpp.so
[0.603s] -- Up-to-date: /home/hw/chapt9/fishbot_ws/install/micro_ros_msgs/lib/libmicro_ros_msgs__rosidl_typesupport_cpp.so
[0.605s] -- Up-to-date: /home/hw/chapt9/fishbot_ws/install/micro_ros_msgs/share/micro_ros_msgs/environment/pythonpath.sh
[0.605s] -- Up-to-date: /home/hw/chapt9/fishbot_ws/install/micro_ros_msgs/share/micro_ros_msgs/environment/pythonpath.dsv
[0.605s] -- Up-to-date: /home/hw/chapt9/fishbot_ws/install/micro_ros_msgs/local/lib/python3.10/dist-packages/micro_ros_msgs-3.0.1-py3.10.egg-info
[0.607s] -- Installing: /home/hw/chapt9/fishbot_ws/install/micro_ros_msgs/local/lib/python3.10/dist-packages/micro_ros_msgs-3.0.1-py3.10.egg-info/top_level.txt
[0.607s] -- Installing: /home/hw/chapt9/fishbot_ws/install/micro_ros_msgs/local/lib/python3.10/dist-packages/micro_ros_msgs-3.0.1-py3.10.egg-info/SOURCES.txt
[0.608s] -- Installing: /home/hw/chapt9/fishbot_ws/install/micro_ros_msgs/local/lib/python3.10/dist-packages/micro_ros_msgs-3.0.1-py3.10.egg-info/PKG-INFO
[0.608s] -- Installing: /home/hw/chapt9/fishbot_ws/install/micro_ros_msgs/local/lib/python3.10/dist-packages/micro_ros_msgs-3.0.1-py3.10.egg-info/dependency_links.txt
[0.608s] -- Up-to-date: /home/hw/chapt9/fishbot_ws/install/micro_ros_msgs/local/lib/python3.10/dist-packages/micro_ros_msgs
[0.608s] -- Up-to-date: /home/hw/chapt9/fishbot_ws/install/micro_ros_msgs/local/lib/python3.10/dist-packages/micro_ros_msgs/_micro_ros_msgs_s.ep.rosidl_typesupport_c.c
[0.608s] -- Up-to-date: /home/hw/chapt9/fishbot_ws/install/micro_ros_msgs/local/lib/python3.10/dist-packages/micro_ros_msgs/micro_ros_msgs_s__rosidl_typesupport_introspection_c.cpython-310-x86_64-linux-gnu.so
[0.609s] -- Up-to-date: /home/hw/chapt9/fishbot_ws/install/micro_ros_msgs/local/lib/python3.10/dist-packages/micro_ros_msgs/_micro_ros_msgs_s.ep.rosidl_typesupport_introspection_c.c
[0.609s] -- Up-to-date: /home/hw/chapt9/fishbot_ws/install/micro_ros_msgs/local/lib/python3.10/dist-packages/micro_ros_msgs/_micro_ros_msgs_s.ep.rosidl_typesupport_fastrtps_c.c
[0.609s] -- Up-to-date: /home/hw/chapt9/fishbot_ws/install/micro_ros_msgs/local/lib/python3.10/dist-packages/micro_ros_msgs/__init__.py
[0.610s] -- Up-to-date: /home/hw/chapt9/fishbot_ws/install/micro_ros_msgs/local/lib/python3.10/dist-packages/micro_ros_msgs/msg
[0.610s] -- Up-to-date: /home/hw/chapt9/fishbot_ws/install/micro_ros_msgs/local/lib/python3.10/dist-packages/micro_ros_msgs/msg/__init__.py
[0.610s] -- Up-to-date: /home/hw/chapt9/fishbot_ws/install/micro_ros_msgs/local/lib/python3.10/dist-packages/micro_ros_msgs/msg/_graph.py
[0.610s] -- Up-to-date: /home/hw/chapt9/fishbot_ws/install/micro_ros_msgs/local/lib/python3.10/dist-packages/micro_ros_msgs/msg/_entity_s.c
[0.611s] -- Up-to-date: /home/hw/chapt9/fishbot_ws/install/micro_ros_msgs/local/lib/python3.10/dist-packages/micro_ros_msgs/msg/_node.py
[0.611s] -- Up-to-date: /home/hw/chapt9/fishbot_ws/install/micro_ros_msgs/local/lib/python3.10/dist-packages/micro_ros_msgs/msg/_entity.py
[0.611s] -- Up-to-date: /home/hw/chapt9/fishbot_ws/install/micro_ros_msgs/local/lib/python3.10/dist-packages/micro_ros_msgs/msg/_node_s.c
[0.611s] -- Up-to-date: /home/hw/chapt9/fishbot_ws/install/micro_ros_msgs/local/lib/python3.10/dist-packages/micro_ros_msgs/msg/_graph_s.c
[0.612s] -- Up-to-date: /home/hw/chapt9/fishbot_ws/install/micro_ros_msgs/local/lib/python3.10/dist-packages/micro_ros_msgs/micro_ros_msgs_s__rosidl_typesupport_fastrtps_c.cpython-310-x86_64-linux-gnu.so
[0.612s] -- Up-to-date: /home/hw/chapt9/fishbot_ws/install/micro_ros_msgs/local/lib/python3.10/dist-packages/micro_ros_msgs/micro_ros_msgs_s__rosidl_typesupport_c.cpython-310-x86_64-linux-gnu.so
[0.612s] -- Up-to-date: /home/hw/chapt9/fishbot_ws/install/micro_ros_msgs/local/lib/python3.10/dist-packages/micro_ros_msgs/libmicro_ros_msgs__rosidl_generator_py.so
[0.632s] Listing '/home/hw/chapt9/fishbot_ws/install/micro_ros_msgs/local/lib/python3.10/dist-packages/micro_ros_msgs'...
[0.632s] Listing '/home/hw/chapt9/fishbot_ws/install/micro_ros_msgs/local/lib/python3.10/dist-packages/micro_ros_msgs/msg'...
[0.639s] -- Up-to-date: /home/hw/chapt9/fishbot_ws/install/micro_ros_msgs/local/lib/python3.10/dist-packages/micro_ros_msgs/micro_ros_msgs_s__rosidl_typesupport_fastrtps_c.cpython-310-x86_64-linux-gnu.so
[0.639s] -- Up-to-date: /home/hw/chapt9/fishbot_ws/install/micro_ros_msgs/local/lib/python3.10/dist-packages/micro_ros_msgs/micro_ros_msgs_s__rosidl_typesupport_introspection_c.cpython-310-x86_64-linux-gnu.so
[0.641s] -- Up-to-date: /home/hw/chapt9/fishbot_ws/install/micro_ros_msgs/local/lib/python3.10/dist-packages/micro_ros_msgs/micro_ros_msgs_s__rosidl_typesupport_c.cpython-310-x86_64-linux-gnu.so
[0.641s] -- Up-to-date: /home/hw/chapt9/fishbot_ws/install/micro_ros_msgs/lib/libmicro_ros_msgs__rosidl_generator_py.so
[0.641s] -- Up-to-date: /home/hw/chapt9/fishbot_ws/install/micro_ros_msgs/share/micro_ros_msgs/msg/Graph.idl
[0.641s] -- Up-to-date: /home/hw/chapt9/fishbot_ws/install/micro_ros_msgs/share/micro_ros_msgs/msg/Node.idl
[0.641s] -- Up-to-date: /home/hw/chapt9/fishbot_ws/install/micro_ros_msgs/share/micro_ros_msgs/msg/Entity.idl
[0.642s] -- Up-to-date: /home/hw/chapt9/fishbot_ws/install/micro_ros_msgs/share/micro_ros_msgs/msg/Graph.msg
[0.642s] -- Up-to-date: /home/hw/chapt9/fishbot_ws/install/micro_ros_msgs/share/micro_ros_msgs/msg/Node.msg
[0.642s] -- Up-to-date: /home/hw/chapt9/fishbot_ws/install/micro_ros_msgs/share/micro_ros_msgs/msg/Entity.msg
[0.642s] -- Up-to-date: /home/hw/chapt9/fishbot_ws/install/micro_ros_msgs/share/ament_index/resource_index/package_run_dependencies/micro_ros_msgs
[0.642s] -- Up-to-date: /home/hw/chapt9/fishbot_ws/install/micro_ros_msgs/share/ament_index/resource_index/parent_prefix_path/micro_ros_msgs
[0.642s] -- Up-to-date: /home/hw/chapt9/fishbot_ws/install/micro_ros_msgs/share/micro_ros_msgs/environment/ament_prefix_path.sh
[0.642s] -- Up-to-date: /home/hw/chapt9/fishbot_ws/install/micro_ros_msgs/share/micro_ros_msgs/environment/ament_prefix_path.dsv
[0.642s] -- Up-to-date: /home/hw/chapt9/fishbot_ws/install/micro_ros_msgs/share/micro_ros_msgs/environment/path.sh
[0.643s] -- Up-to-date: /home/hw/chapt9/fishbot_ws/install/micro_ros_msgs/share/micro_ros_msgs/environment/path.dsv
[0.643s] -- Up-to-date: /home/hw/chapt9/fishbot_ws/install/micro_ros_msgs/share/micro_ros_msgs/local_setup.bash
[0.643s] -- Up-to-date: /home/hw/chapt9/fishbot_ws/install/micro_ros_msgs/share/micro_ros_msgs/local_setup.sh
[0.643s] -- Up-to-date: /home/hw/chapt9/fishbot_ws/install/micro_ros_msgs/share/micro_ros_msgs/local_setup.zsh
[0.643s] -- Up-to-date: /home/hw/chapt9/fishbot_ws/install/micro_ros_msgs/share/micro_ros_msgs/local_setup.dsv
[0.643s] -- Installing: /home/hw/chapt9/fishbot_ws/install/micro_ros_msgs/share/micro_ros_msgs/package.dsv
[0.643s] -- Up-to-date: /home/hw/chapt9/fishbot_ws/install/micro_ros_msgs/share/ament_index/resource_index/packages/micro_ros_msgs
[0.643s] -- Up-to-date: /home/hw/chapt9/fishbot_ws/install/micro_ros_msgs/share/micro_ros_msgs/cmake/export_micro_ros_msgs__rosidl_generator_cExport.cmake
[0.643s] -- Up-to-date: /home/hw/chapt9/fishbot_ws/install/micro_ros_msgs/share/micro_ros_msgs/cmake/export_micro_ros_msgs__rosidl_generator_cExport-noconfig.cmake
[0.643s] -- Up-to-date: /home/hw/chapt9/fishbot_ws/install/micro_ros_msgs/share/micro_ros_msgs/cmake/export_micro_ros_msgs__rosidl_typesupport_fastrtps_cExport.cmake
[0.644s] -- Up-to-date: /home/hw/chapt9/fishbot_ws/install/micro_ros_msgs/share/micro_ros_msgs/cmake/export_micro_ros_msgs__rosidl_typesupport_fastrtps_cExport-noconfig.cmake
[0.644s] -- Up-to-date: /home/hw/chapt9/fishbot_ws/install/micro_ros_msgs/share/micro_ros_msgs/cmake/micro_ros_msgs__rosidl_typesupport_introspection_cExport.cmake
[0.644s] -- Up-to-date: /home/hw/chapt9/fishbot_ws/install/micro_ros_msgs/share/micro_ros_msgs/cmake/micro_ros_msgs__rosidl_typesupport_introspection_cExport-noconfig.cmake
[0.644s] -- Up-to-date: /home/hw/chapt9/fishbot_ws/install/micro_ros_msgs/share/micro_ros_msgs/cmake/micro_ros_msgs__rosidl_typesupport_cExport.cmake
[0.644s] -- Up-to-date: /home/hw/chapt9/fishbot_ws/install/micro_ros_msgs/share/micro_ros_msgs/cmake/micro_ros_msgs__rosidl_typesupport_cExport-noconfig.cmake
[0.644s] -- Up-to-date: /home/hw/chapt9/fishbot_ws/install/micro_ros_msgs/share/micro_ros_msgs/cmake/export_micro_ros_msgs__rosidl_generator_cppExport.cmake
[0.645s] -- Up-to-date: /home/hw/chapt9/fishbot_ws/install/micro_ros_msgs/share/micro_ros_msgs/cmake/export_micro_ros_msgs__rosidl_typesupport_fastrtps_cppExport.cmake
[0.645s] -- Up-to-date: /home/hw/chapt9/fishbot_ws/install/micro_ros_msgs/share/micro_ros_msgs/cmake/export_micro_ros_msgs__rosidl_typesupport_fastrtps_cppExport-noconfig.cmake
[0.645s] -- Up-to-date: /home/hw/chapt9/fishbot_ws/install/micro_ros_msgs/share/micro_ros_msgs/cmake/micro_ros_msgs__rosidl_typesupport_introspection_cppExport.cmake
[0.645s] -- Up-to-date: /home/hw/chapt9/fishbot_ws/install/micro_ros_msgs/share/micro_ros_msgs/cmake/micro_ros_msgs__rosidl_typesupport_introspection_cppExport-noconfig.cmake
[0.645s] -- Up-to-date: /home/hw/chapt9/fishbot_ws/install/micro_ros_msgs/share/micro_ros_msgs/cmake/micro_ros_msgs__rosidl_typesupport_cppExport.cmake
[0.645s] -- Up-to-date: /home/hw/chapt9/fishbot_ws/install/micro_ros_msgs/share/micro_ros_msgs/cmake/micro_ros_msgs__rosidl_typesupport_cppExport-noconfig.cmake
[0.645s] -- Up-to-date: /home/hw/chapt9/fishbot_ws/install/micro_ros_msgs/share/micro_ros_msgs/cmake/export_micro_ros_msgs__rosidl_generator_pyExport.cmake
[0.645s] -- Up-to-date: /home/hw/chapt9/fishbot_ws/install/micro_ros_msgs/share/micro_ros_msgs/cmake/export_micro_ros_msgs__rosidl_generator_pyExport-noconfig.cmake
[0.645s] -- Up-to-date: /home/hw/chapt9/fishbot_ws/install/micro_ros_msgs/share/micro_ros_msgs/cmake/rosidl_cmake-extras.cmake
[0.646s] -- Up-to-date: /home/hw/chapt9/fishbot_ws/install/micro_ros_msgs/share/micro_ros_msgs/cmake/ament_cmake_export_include_directories-extras.cmake
[0.646s] -- Up-to-date: /home/hw/chapt9/fishbot_ws/install/micro_ros_msgs/share/micro_ros_msgs/cmake/ament_cmake_export_libraries-extras.cmake
[0.646s] -- Up-to-date: /home/hw/chapt9/fishbot_ws/install/micro_ros_msgs/share/micro_ros_msgs/cmake/ament_cmake_export_targets-extras.cmake
[0.646s] -- Up-to-date: /home/hw/chapt9/fishbot_ws/install/micro_ros_msgs/share/micro_ros_msgs/cmake/rosidl_cmake_export_typesupport_targets-extras.cmake
[0.646s] -- Up-to-date: /home/hw/chapt9/fishbot_ws/install/micro_ros_msgs/share/micro_ros_msgs/cmake/ament_cmake_export_dependencies-extras.cmake
[0.646s] -- Up-to-date: /home/hw/chapt9/fishbot_ws/install/micro_ros_msgs/share/micro_ros_msgs/cmake/rosidl_cmake_export_typesupport_libraries-extras.cmake
[0.646s] -- Up-to-date: /home/hw/chapt9/fishbot_ws/install/micro_ros_msgs/share/micro_ros_msgs/cmake/micro_ros_msgsConfig.cmake
[0.646s] -- Up-to-date: /home/hw/chapt9/fishbot_ws/install/micro_ros_msgs/share/micro_ros_msgs/cmake/micro_ros_msgsConfig-version.cmake
[0.646s] -- Up-to-date: /home/hw/chapt9/fishbot_ws/install/micro_ros_msgs/share/micro_ros_msgs/package.xml
[0.650s] Invoked command in '/home/hw/chapt9/fishbot_ws/build/micro_ros_msgs' returned '0': CMAKE_PREFIX_PATH=${CMAKE_PREFIX_PATH}:/home/hw/chapt9/fishbot_ws/install/ros_serial2wifi:/opt/ros/humble /usr/bin/cmake --install /home/hw/chapt9/fishbot_ws/build/micro_ros_msgs
