[0.113s] DEBUG:colcon:Command line arguments: ['/usr/bin/colcon', 'build']
[0.113s] DEBUG:colcon:Parsed command line arguments: Namespace(log_base=None, log_level=None, verb_name='build', build_base='build', install_base='install', merge_install=False, symlink_install=False, test_result_base=None, continue_on_error=False, executor='parallel', parallel_workers=16, event_handlers=None, ignore_user_meta=False, metas=['./colcon.meta'], base_paths=['.'], packages_ignore=None, packages_ignore_regex=None, paths=None, packages_up_to=None, packages_up_to_regex=None, packages_above=None, packages_above_and_dependencies=None, packages_above_depth=None, packages_select_by_dep=None, packages_skip_by_dep=None, packages_skip_up_to=None, packages_select_build_failed=False, packages_skip_build_finished=False, packages_select_test_failures=False, packages_skip_test_passed=False, packages_select=None, packages_skip=None, packages_select_regex=None, packages_skip_regex=None, packages_start=None, packages_end=None, allow_overriding=[], cmake_args=None, cmake_target=None, cmake_target_skip_unavailable=False, cmake_clean_cache=False, cmake_clean_first=False, cmake_force_configure=False, ament_cmake_args=None, catkin_cmake_args=None, catkin_skip_building_tests=False, mixin_files=None, mixin=None, verb_parser=<colcon_mixin.mixin.mixin_argument.MixinArgumentDecorator object at 0x743ebefa8f40>, verb_extension=<colcon_core.verb.build.BuildVerb object at 0x743ebef1a5f0>, main=<bound method BuildVerb.main of <colcon_core.verb.build.BuildVerb object at 0x743ebef1a5f0>>, mixin_verb=('build',))
[0.314s] Level 1:colcon.colcon_core.package_discovery:discover_packages(colcon_meta) check parameters
[0.314s] Level 1:colcon.colcon_core.package_discovery:discover_packages(recursive) check parameters
[0.314s] Level 1:colcon.colcon_core.package_discovery:discover_packages(ignore) check parameters
[0.314s] Level 1:colcon.colcon_core.package_discovery:discover_packages(path) check parameters
[0.314s] Level 1:colcon.colcon_core.package_discovery:discover_packages(colcon_meta) discover
[0.314s] Level 1:colcon.colcon_core.package_discovery:discover_packages(recursive) discover
[0.314s] INFO:colcon.colcon_core.package_discovery:Crawling recursively for packages in '/home/hw/chapt9/fishbot_ws'
[0.314s] Level 1:colcon.colcon_core.package_identification:_identify(.) by extensions ['ignore', 'ignore_ament_install']
[0.314s] Level 1:colcon.colcon_core.package_identification:_identify(.) by extension 'ignore'
[0.314s] Level 1:colcon.colcon_core.package_identification:_identify(.) by extension 'ignore_ament_install'
[0.314s] Level 1:colcon.colcon_core.package_identification:_identify(.) by extensions ['colcon_pkg']
[0.314s] Level 1:colcon.colcon_core.package_identification:_identify(.) by extension 'colcon_pkg'
[0.314s] Level 1:colcon.colcon_core.package_identification:_identify(.) by extensions ['colcon_meta']
[0.314s] Level 1:colcon.colcon_core.package_identification:_identify(.) by extension 'colcon_meta'
[0.314s] Level 1:colcon.colcon_core.package_identification:_identify(.) by extensions ['ros']
[0.314s] Level 1:colcon.colcon_core.package_identification:_identify(.) by extension 'ros'
[0.332s] Level 1:colcon.colcon_core.package_identification:_identify(.) by extensions ['cmake', 'python']
[0.332s] Level 1:colcon.colcon_core.package_identification:_identify(.) by extension 'cmake'
[0.332s] Level 1:colcon.colcon_core.package_identification:_identify(.) by extension 'python'
[0.332s] Level 1:colcon.colcon_core.package_identification:_identify(.) by extensions ['python_setup_py']
[0.332s] Level 1:colcon.colcon_core.package_identification:_identify(.) by extension 'python_setup_py'
[0.332s] Level 1:colcon.colcon_core.package_identification:_identify(build) by extensions ['ignore', 'ignore_ament_install']
[0.332s] Level 1:colcon.colcon_core.package_identification:_identify(build) by extension 'ignore'
[0.332s] Level 1:colcon.colcon_core.package_identification:_identify(build) ignored
[0.332s] Level 1:colcon.colcon_core.package_identification:_identify(install) by extensions ['ignore', 'ignore_ament_install']
[0.333s] Level 1:colcon.colcon_core.package_identification:_identify(install) by extension 'ignore'
[0.333s] Level 1:colcon.colcon_core.package_identification:_identify(install) ignored
[0.333s] Level 1:colcon.colcon_core.package_identification:_identify(log) by extensions ['ignore', 'ignore_ament_install']
[0.333s] Level 1:colcon.colcon_core.package_identification:_identify(log) by extension 'ignore'
[0.333s] Level 1:colcon.colcon_core.package_identification:_identify(log) ignored
[0.333s] Level 1:colcon.colcon_core.package_identification:_identify(src) by extensions ['ignore', 'ignore_ament_install']
[0.333s] Level 1:colcon.colcon_core.package_identification:_identify(src) by extension 'ignore'
[0.333s] Level 1:colcon.colcon_core.package_identification:_identify(src) by extension 'ignore_ament_install'
[0.333s] Level 1:colcon.colcon_core.package_identification:_identify(src) by extensions ['colcon_pkg']
[0.333s] Level 1:colcon.colcon_core.package_identification:_identify(src) by extension 'colcon_pkg'
[0.333s] Level 1:colcon.colcon_core.package_identification:_identify(src) by extensions ['colcon_meta']
[0.333s] Level 1:colcon.colcon_core.package_identification:_identify(src) by extension 'colcon_meta'
[0.333s] Level 1:colcon.colcon_core.package_identification:_identify(src) by extensions ['ros']
[0.333s] Level 1:colcon.colcon_core.package_identification:_identify(src) by extension 'ros'
[0.333s] Level 1:colcon.colcon_core.package_identification:_identify(src) by extensions ['cmake', 'python']
[0.333s] Level 1:colcon.colcon_core.package_identification:_identify(src) by extension 'cmake'
[0.333s] Level 1:colcon.colcon_core.package_identification:_identify(src) by extension 'python'
[0.334s] Level 1:colcon.colcon_core.package_identification:_identify(src) by extensions ['python_setup_py']
[0.334s] Level 1:colcon.colcon_core.package_identification:_identify(src) by extension 'python_setup_py'
[0.334s] Level 1:colcon.colcon_core.package_identification:_identify(src/bring_up) by extensions ['ignore', 'ignore_ament_install']
[0.334s] Level 1:colcon.colcon_core.package_identification:_identify(src/bring_up) by extension 'ignore'
[0.334s] Level 1:colcon.colcon_core.package_identification:_identify(src/bring_up) by extension 'ignore_ament_install'
[0.334s] Level 1:colcon.colcon_core.package_identification:_identify(src/bring_up) by extensions ['colcon_pkg']
[0.334s] Level 1:colcon.colcon_core.package_identification:_identify(src/bring_up) by extension 'colcon_pkg'
[0.334s] Level 1:colcon.colcon_core.package_identification:_identify(src/bring_up) by extensions ['colcon_meta']
[0.334s] Level 1:colcon.colcon_core.package_identification:_identify(src/bring_up) by extension 'colcon_meta'
[0.334s] Level 1:colcon.colcon_core.package_identification:_identify(src/bring_up) by extensions ['ros']
[0.334s] Level 1:colcon.colcon_core.package_identification:_identify(src/bring_up) by extension 'ros'
[0.336s] DEBUG:colcon.colcon_core.package_identification:Package 'src/bring_up' with type 'ros.ament_cmake' and name 'bring_up'
[0.337s] Level 1:colcon.colcon_core.package_identification:_identify(src/micro-ROS-Agent) by extensions ['ignore', 'ignore_ament_install']
[0.337s] Level 1:colcon.colcon_core.package_identification:_identify(src/micro-ROS-Agent) by extension 'ignore'
[0.337s] Level 1:colcon.colcon_core.package_identification:_identify(src/micro-ROS-Agent) by extension 'ignore_ament_install'
[0.337s] Level 1:colcon.colcon_core.package_identification:_identify(src/micro-ROS-Agent) by extensions ['colcon_pkg']
[0.337s] Level 1:colcon.colcon_core.package_identification:_identify(src/micro-ROS-Agent) by extension 'colcon_pkg'
[0.337s] Level 1:colcon.colcon_core.package_identification:_identify(src/micro-ROS-Agent) by extensions ['colcon_meta']
[0.337s] Level 1:colcon.colcon_core.package_identification:_identify(src/micro-ROS-Agent) by extension 'colcon_meta'
[0.337s] Level 1:colcon.colcon_core.package_identification:_identify(src/micro-ROS-Agent) by extensions ['ros']
[0.337s] Level 1:colcon.colcon_core.package_identification:_identify(src/micro-ROS-Agent) by extension 'ros'
[0.337s] Level 1:colcon.colcon_core.package_identification:_identify(src/micro-ROS-Agent) by extensions ['cmake', 'python']
[0.337s] Level 1:colcon.colcon_core.package_identification:_identify(src/micro-ROS-Agent) by extension 'cmake'
[0.337s] Level 1:colcon.colcon_core.package_identification:_identify(src/micro-ROS-Agent) by extension 'python'
[0.337s] Level 1:colcon.colcon_core.package_identification:_identify(src/micro-ROS-Agent) by extensions ['python_setup_py']
[0.337s] Level 1:colcon.colcon_core.package_identification:_identify(src/micro-ROS-Agent) by extension 'python_setup_py'
[0.337s] Level 1:colcon.colcon_core.package_identification:_identify(src/micro-ROS-Agent/micro_ros_agent) by extensions ['ignore', 'ignore_ament_install']
[0.337s] Level 1:colcon.colcon_core.package_identification:_identify(src/micro-ROS-Agent/micro_ros_agent) by extension 'ignore'
[0.338s] Level 1:colcon.colcon_core.package_identification:_identify(src/micro-ROS-Agent/micro_ros_agent) by extension 'ignore_ament_install'
[0.338s] Level 1:colcon.colcon_core.package_identification:_identify(src/micro-ROS-Agent/micro_ros_agent) by extensions ['colcon_pkg']
[0.338s] Level 1:colcon.colcon_core.package_identification:_identify(src/micro-ROS-Agent/micro_ros_agent) by extension 'colcon_pkg'
[0.338s] Level 1:colcon.colcon_core.package_identification:_identify(src/micro-ROS-Agent/micro_ros_agent) by extensions ['colcon_meta']
[0.338s] Level 1:colcon.colcon_core.package_identification:_identify(src/micro-ROS-Agent/micro_ros_agent) by extension 'colcon_meta'
[0.338s] Level 1:colcon.colcon_core.package_identification:_identify(src/micro-ROS-Agent/micro_ros_agent) by extensions ['ros']
[0.338s] Level 1:colcon.colcon_core.package_identification:_identify(src/micro-ROS-Agent/micro_ros_agent) by extension 'ros'
[0.339s] DEBUG:colcon.colcon_core.package_identification:Package 'src/micro-ROS-Agent/micro_ros_agent' with type 'ros.ament_cmake' and name 'micro_ros_agent'
[0.339s] Level 1:colcon.colcon_core.package_identification:_identify(src/micro-ROS-Agent/snap) by extensions ['ignore', 'ignore_ament_install']
[0.339s] Level 1:colcon.colcon_core.package_identification:_identify(src/micro-ROS-Agent/snap) by extension 'ignore'
[0.339s] Level 1:colcon.colcon_core.package_identification:_identify(src/micro-ROS-Agent/snap) by extension 'ignore_ament_install'
[0.339s] Level 1:colcon.colcon_core.package_identification:_identify(src/micro-ROS-Agent/snap) by extensions ['colcon_pkg']
[0.339s] Level 1:colcon.colcon_core.package_identification:_identify(src/micro-ROS-Agent/snap) by extension 'colcon_pkg'
[0.339s] Level 1:colcon.colcon_core.package_identification:_identify(src/micro-ROS-Agent/snap) by extensions ['colcon_meta']
[0.339s] Level 1:colcon.colcon_core.package_identification:_identify(src/micro-ROS-Agent/snap) by extension 'colcon_meta'
[0.339s] Level 1:colcon.colcon_core.package_identification:_identify(src/micro-ROS-Agent/snap) by extensions ['ros']
[0.339s] Level 1:colcon.colcon_core.package_identification:_identify(src/micro-ROS-Agent/snap) by extension 'ros'
[0.339s] Level 1:colcon.colcon_core.package_identification:_identify(src/micro-ROS-Agent/snap) by extensions ['cmake', 'python']
[0.339s] Level 1:colcon.colcon_core.package_identification:_identify(src/micro-ROS-Agent/snap) by extension 'cmake'
[0.339s] Level 1:colcon.colcon_core.package_identification:_identify(src/micro-ROS-Agent/snap) by extension 'python'
[0.339s] Level 1:colcon.colcon_core.package_identification:_identify(src/micro-ROS-Agent/snap) by extensions ['python_setup_py']
[0.339s] Level 1:colcon.colcon_core.package_identification:_identify(src/micro-ROS-Agent/snap) by extension 'python_setup_py'
[0.339s] Level 1:colcon.colcon_core.package_identification:_identify(src/micro-ROS-Agent/snap/hooks) by extensions ['ignore', 'ignore_ament_install']
[0.340s] Level 1:colcon.colcon_core.package_identification:_identify(src/micro-ROS-Agent/snap/hooks) by extension 'ignore'
[0.340s] Level 1:colcon.colcon_core.package_identification:_identify(src/micro-ROS-Agent/snap/hooks) by extension 'ignore_ament_install'
[0.340s] Level 1:colcon.colcon_core.package_identification:_identify(src/micro-ROS-Agent/snap/hooks) by extensions ['colcon_pkg']
[0.340s] Level 1:colcon.colcon_core.package_identification:_identify(src/micro-ROS-Agent/snap/hooks) by extension 'colcon_pkg'
[0.340s] Level 1:colcon.colcon_core.package_identification:_identify(src/micro-ROS-Agent/snap/hooks) by extensions ['colcon_meta']
[0.340s] Level 1:colcon.colcon_core.package_identification:_identify(src/micro-ROS-Agent/snap/hooks) by extension 'colcon_meta'
[0.340s] Level 1:colcon.colcon_core.package_identification:_identify(src/micro-ROS-Agent/snap/hooks) by extensions ['ros']
[0.340s] Level 1:colcon.colcon_core.package_identification:_identify(src/micro-ROS-Agent/snap/hooks) by extension 'ros'
[0.340s] Level 1:colcon.colcon_core.package_identification:_identify(src/micro-ROS-Agent/snap/hooks) by extensions ['cmake', 'python']
[0.340s] Level 1:colcon.colcon_core.package_identification:_identify(src/micro-ROS-Agent/snap/hooks) by extension 'cmake'
[0.340s] Level 1:colcon.colcon_core.package_identification:_identify(src/micro-ROS-Agent/snap/hooks) by extension 'python'
[0.340s] Level 1:colcon.colcon_core.package_identification:_identify(src/micro-ROS-Agent/snap/hooks) by extensions ['python_setup_py']
[0.340s] Level 1:colcon.colcon_core.package_identification:_identify(src/micro-ROS-Agent/snap/hooks) by extension 'python_setup_py'
[0.340s] Level 1:colcon.colcon_core.package_identification:_identify(src/micro-ROS-Agent/snap/local) by extensions ['ignore', 'ignore_ament_install']
[0.340s] Level 1:colcon.colcon_core.package_identification:_identify(src/micro-ROS-Agent/snap/local) by extension 'ignore'
[0.340s] Level 1:colcon.colcon_core.package_identification:_identify(src/micro-ROS-Agent/snap/local) by extension 'ignore_ament_install'
[0.340s] Level 1:colcon.colcon_core.package_identification:_identify(src/micro-ROS-Agent/snap/local) by extensions ['colcon_pkg']
[0.340s] Level 1:colcon.colcon_core.package_identification:_identify(src/micro-ROS-Agent/snap/local) by extension 'colcon_pkg'
[0.340s] Level 1:colcon.colcon_core.package_identification:_identify(src/micro-ROS-Agent/snap/local) by extensions ['colcon_meta']
[0.340s] Level 1:colcon.colcon_core.package_identification:_identify(src/micro-ROS-Agent/snap/local) by extension 'colcon_meta'
[0.341s] Level 1:colcon.colcon_core.package_identification:_identify(src/micro-ROS-Agent/snap/local) by extensions ['ros']
[0.341s] Level 1:colcon.colcon_core.package_identification:_identify(src/micro-ROS-Agent/snap/local) by extension 'ros'
[0.341s] Level 1:colcon.colcon_core.package_identification:_identify(src/micro-ROS-Agent/snap/local) by extensions ['cmake', 'python']
[0.341s] Level 1:colcon.colcon_core.package_identification:_identify(src/micro-ROS-Agent/snap/local) by extension 'cmake'
[0.341s] Level 1:colcon.colcon_core.package_identification:_identify(src/micro-ROS-Agent/snap/local) by extension 'python'
[0.341s] Level 1:colcon.colcon_core.package_identification:_identify(src/micro-ROS-Agent/snap/local) by extensions ['python_setup_py']
[0.341s] Level 1:colcon.colcon_core.package_identification:_identify(src/micro-ROS-Agent/snap/local) by extension 'python_setup_py'
[0.341s] Level 1:colcon.colcon_core.package_identification:_identify(src/micro_ros_msgs) by extensions ['ignore', 'ignore_ament_install']
[0.341s] Level 1:colcon.colcon_core.package_identification:_identify(src/micro_ros_msgs) by extension 'ignore'
[0.341s] Level 1:colcon.colcon_core.package_identification:_identify(src/micro_ros_msgs) by extension 'ignore_ament_install'
[0.341s] Level 1:colcon.colcon_core.package_identification:_identify(src/micro_ros_msgs) by extensions ['colcon_pkg']
[0.341s] Level 1:colcon.colcon_core.package_identification:_identify(src/micro_ros_msgs) by extension 'colcon_pkg'
[0.341s] Level 1:colcon.colcon_core.package_identification:_identify(src/micro_ros_msgs) by extensions ['colcon_meta']
[0.341s] Level 1:colcon.colcon_core.package_identification:_identify(src/micro_ros_msgs) by extension 'colcon_meta'
[0.341s] Level 1:colcon.colcon_core.package_identification:_identify(src/micro_ros_msgs) by extensions ['ros']
[0.341s] Level 1:colcon.colcon_core.package_identification:_identify(src/micro_ros_msgs) by extension 'ros'
[0.342s] DEBUG:colcon.colcon_core.package_identification:Package 'src/micro_ros_msgs' with type 'ros.ament_cmake' and name 'micro_ros_msgs'
[0.342s] Level 1:colcon.colcon_core.package_identification:_identify(src/robot_description) by extensions ['ignore', 'ignore_ament_install']
[0.342s] Level 1:colcon.colcon_core.package_identification:_identify(src/robot_description) by extension 'ignore'
[0.342s] Level 1:colcon.colcon_core.package_identification:_identify(src/robot_description) by extension 'ignore_ament_install'
[0.342s] Level 1:colcon.colcon_core.package_identification:_identify(src/robot_description) by extensions ['colcon_pkg']
[0.342s] Level 1:colcon.colcon_core.package_identification:_identify(src/robot_description) by extension 'colcon_pkg'
[0.342s] Level 1:colcon.colcon_core.package_identification:_identify(src/robot_description) by extensions ['colcon_meta']
[0.342s] Level 1:colcon.colcon_core.package_identification:_identify(src/robot_description) by extension 'colcon_meta'
[0.342s] Level 1:colcon.colcon_core.package_identification:_identify(src/robot_description) by extensions ['ros']
[0.342s] Level 1:colcon.colcon_core.package_identification:_identify(src/robot_description) by extension 'ros'
[0.343s] DEBUG:colcon.colcon_core.package_identification:Package 'src/robot_description' with type 'ros.ament_cmake' and name 'robot_description'
[0.343s] Level 1:colcon.colcon_core.package_identification:_identify(src/ros_serial2wifi) by extensions ['ignore', 'ignore_ament_install']
[0.343s] Level 1:colcon.colcon_core.package_identification:_identify(src/ros_serial2wifi) by extension 'ignore'
[0.343s] Level 1:colcon.colcon_core.package_identification:_identify(src/ros_serial2wifi) by extension 'ignore_ament_install'
[0.343s] Level 1:colcon.colcon_core.package_identification:_identify(src/ros_serial2wifi) by extensions ['colcon_pkg']
[0.343s] Level 1:colcon.colcon_core.package_identification:_identify(src/ros_serial2wifi) by extension 'colcon_pkg'
[0.343s] Level 1:colcon.colcon_core.package_identification:_identify(src/ros_serial2wifi) by extensions ['colcon_meta']
[0.343s] Level 1:colcon.colcon_core.package_identification:_identify(src/ros_serial2wifi) by extension 'colcon_meta'
[0.343s] Level 1:colcon.colcon_core.package_identification:_identify(src/ros_serial2wifi) by extensions ['ros']
[0.343s] Level 1:colcon.colcon_core.package_identification:_identify(src/ros_serial2wifi) by extension 'ros'
[0.344s] DEBUG:colcon.colcon_core.package_identification:Package 'src/ros_serial2wifi' with type 'ros.ament_python' and name 'ros_serial2wifi'
[0.344s] Level 1:colcon.colcon_core.package_identification:_identify(src/ydlidar_ros2) by extensions ['ignore', 'ignore_ament_install']
[0.344s] Level 1:colcon.colcon_core.package_identification:_identify(src/ydlidar_ros2) by extension 'ignore'
[0.344s] Level 1:colcon.colcon_core.package_identification:_identify(src/ydlidar_ros2) by extension 'ignore_ament_install'
[0.344s] Level 1:colcon.colcon_core.package_identification:_identify(src/ydlidar_ros2) by extensions ['colcon_pkg']
[0.344s] Level 1:colcon.colcon_core.package_identification:_identify(src/ydlidar_ros2) by extension 'colcon_pkg'
[0.344s] Level 1:colcon.colcon_core.package_identification:_identify(src/ydlidar_ros2) by extensions ['colcon_meta']
[0.344s] Level 1:colcon.colcon_core.package_identification:_identify(src/ydlidar_ros2) by extension 'colcon_meta'
[0.344s] Level 1:colcon.colcon_core.package_identification:_identify(src/ydlidar_ros2) by extensions ['ros']
[0.344s] Level 1:colcon.colcon_core.package_identification:_identify(src/ydlidar_ros2) by extension 'ros'
[0.345s] DEBUG:colcon.colcon_core.package_identification:Package 'src/ydlidar_ros2' with type 'ros.ament_cmake' and name 'ydlidar'
[0.345s] Level 1:colcon.colcon_core.package_discovery:discover_packages(recursive) using defaults
[0.345s] Level 1:colcon.colcon_core.package_discovery:discover_packages(ignore) discover
[0.345s] Level 1:colcon.colcon_core.package_discovery:discover_packages(ignore) using defaults
[0.345s] Level 1:colcon.colcon_core.package_discovery:discover_packages(path) discover
[0.345s] Level 1:colcon.colcon_core.package_discovery:discover_packages(path) using defaults
[0.366s] Level 1:colcon.colcon_core.package_discovery:discover_packages(prefix_path) check parameters
[0.366s] Level 1:colcon.colcon_core.package_discovery:discover_packages(prefix_path) discover
[0.367s] WARNING:colcon.colcon_ros.prefix_path.ament:The path '/home/hw/chapt9/fishbot_ws/install/ydlidar' in the environment variable AMENT_PREFIX_PATH doesn't exist
[0.367s] WARNING:colcon.colcon_ros.prefix_path.ament:The path '/home/hw/chapt9/fishbot_ws/install/ros_serial2wifi' in the environment variable AMENT_PREFIX_PATH doesn't exist
[0.367s] WARNING:colcon.colcon_ros.prefix_path.ament:The path '/home/hw/chapt9/fishbot_ws/install/robot_description' in the environment variable AMENT_PREFIX_PATH doesn't exist
[0.367s] WARNING:colcon.colcon_ros.prefix_path.ament:The path '/home/hw/chapt9/fishbot_ws/install/micro_ros_msgs' in the environment variable AMENT_PREFIX_PATH doesn't exist
[0.367s] WARNING:colcon.colcon_ros.prefix_path.ament:The path '/home/hw/chapt9/fishbot_ws/install/bring_up' in the environment variable AMENT_PREFIX_PATH doesn't exist
[0.367s] WARNING:colcon.colcon_ros.prefix_path.catkin:The path '/home/hw/chapt9/fishbot_ws/install/ydlidar' in the environment variable CMAKE_PREFIX_PATH doesn't exist
[0.367s] WARNING:colcon.colcon_ros.prefix_path.catkin:The path '/home/hw/chapt9/fishbot_ws/install/robot_description' in the environment variable CMAKE_PREFIX_PATH doesn't exist
[0.367s] WARNING:colcon.colcon_ros.prefix_path.catkin:The path '/home/hw/chapt9/fishbot_ws/install/micro_ros_msgs' in the environment variable CMAKE_PREFIX_PATH doesn't exist
[0.367s] WARNING:colcon.colcon_ros.prefix_path.catkin:The path '/home/hw/chapt9/fishbot_ws/install/bring_up' in the environment variable CMAKE_PREFIX_PATH doesn't exist
[0.368s] DEBUG:colcon.colcon_installed_package_information.package_discovery:Found 0 installed packages in /home/hw/chapt9/fishbot_ws/install
[0.371s] DEBUG:colcon.colcon_installed_package_information.package_discovery:Found 469 installed packages in /opt/ros/humble
[0.373s] Level 1:colcon.colcon_core.package_discovery:discover_packages(prefix_path) using defaults
[0.433s] Level 5:colcon.colcon_core.verb:set package 'bring_up' build argument 'cmake_args' from command line to 'None'
[0.433s] Level 5:colcon.colcon_core.verb:set package 'bring_up' build argument 'cmake_target' from command line to 'None'
[0.433s] Level 5:colcon.colcon_core.verb:set package 'bring_up' build argument 'cmake_target_skip_unavailable' from command line to 'False'
[0.433s] Level 5:colcon.colcon_core.verb:set package 'bring_up' build argument 'cmake_clean_cache' from command line to 'False'
[0.433s] Level 5:colcon.colcon_core.verb:set package 'bring_up' build argument 'cmake_clean_first' from command line to 'False'
[0.433s] Level 5:colcon.colcon_core.verb:set package 'bring_up' build argument 'cmake_force_configure' from command line to 'False'
[0.433s] Level 5:colcon.colcon_core.verb:set package 'bring_up' build argument 'ament_cmake_args' from command line to 'None'
[0.433s] Level 5:colcon.colcon_core.verb:set package 'bring_up' build argument 'catkin_cmake_args' from command line to 'None'
[0.433s] Level 5:colcon.colcon_core.verb:set package 'bring_up' build argument 'catkin_skip_building_tests' from command line to 'False'
[0.433s] DEBUG:colcon.colcon_core.verb:Building package 'bring_up' with the following arguments: {'ament_cmake_args': None, 'build_base': '/home/hw/chapt9/fishbot_ws/build/bring_up', 'catkin_cmake_args': None, 'catkin_skip_building_tests': False, 'cmake_args': None, 'cmake_clean_cache': False, 'cmake_clean_first': False, 'cmake_force_configure': False, 'cmake_target': None, 'cmake_target_skip_unavailable': False, 'install_base': '/home/hw/chapt9/fishbot_ws/install/bring_up', 'merge_install': False, 'path': '/home/hw/chapt9/fishbot_ws/src/bring_up', 'symlink_install': False, 'test_result_base': None}
[0.433s] Level 5:colcon.colcon_core.verb:set package 'micro_ros_msgs' build argument 'cmake_args' from command line to 'None'
[0.433s] Level 5:colcon.colcon_core.verb:set package 'micro_ros_msgs' build argument 'cmake_target' from command line to 'None'
[0.433s] Level 5:colcon.colcon_core.verb:set package 'micro_ros_msgs' build argument 'cmake_target_skip_unavailable' from command line to 'False'
[0.433s] Level 5:colcon.colcon_core.verb:set package 'micro_ros_msgs' build argument 'cmake_clean_cache' from command line to 'False'
[0.433s] Level 5:colcon.colcon_core.verb:set package 'micro_ros_msgs' build argument 'cmake_clean_first' from command line to 'False'
[0.433s] Level 5:colcon.colcon_core.verb:set package 'micro_ros_msgs' build argument 'cmake_force_configure' from command line to 'False'
[0.433s] Level 5:colcon.colcon_core.verb:set package 'micro_ros_msgs' build argument 'ament_cmake_args' from command line to 'None'
[0.433s] Level 5:colcon.colcon_core.verb:set package 'micro_ros_msgs' build argument 'catkin_cmake_args' from command line to 'None'
[0.433s] Level 5:colcon.colcon_core.verb:set package 'micro_ros_msgs' build argument 'catkin_skip_building_tests' from command line to 'False'
[0.434s] DEBUG:colcon.colcon_core.verb:Building package 'micro_ros_msgs' with the following arguments: {'ament_cmake_args': None, 'build_base': '/home/hw/chapt9/fishbot_ws/build/micro_ros_msgs', 'catkin_cmake_args': None, 'catkin_skip_building_tests': False, 'cmake_args': None, 'cmake_clean_cache': False, 'cmake_clean_first': False, 'cmake_force_configure': False, 'cmake_target': None, 'cmake_target_skip_unavailable': False, 'install_base': '/home/hw/chapt9/fishbot_ws/install/micro_ros_msgs', 'merge_install': False, 'path': '/home/hw/chapt9/fishbot_ws/src/micro_ros_msgs', 'symlink_install': False, 'test_result_base': None}
[0.434s] Level 5:colcon.colcon_core.verb:set package 'robot_description' build argument 'cmake_args' from command line to 'None'
[0.434s] Level 5:colcon.colcon_core.verb:set package 'robot_description' build argument 'cmake_target' from command line to 'None'
[0.434s] Level 5:colcon.colcon_core.verb:set package 'robot_description' build argument 'cmake_target_skip_unavailable' from command line to 'False'
[0.434s] Level 5:colcon.colcon_core.verb:set package 'robot_description' build argument 'cmake_clean_cache' from command line to 'False'
[0.434s] Level 5:colcon.colcon_core.verb:set package 'robot_description' build argument 'cmake_clean_first' from command line to 'False'
[0.434s] Level 5:colcon.colcon_core.verb:set package 'robot_description' build argument 'cmake_force_configure' from command line to 'False'
[0.434s] Level 5:colcon.colcon_core.verb:set package 'robot_description' build argument 'ament_cmake_args' from command line to 'None'
[0.434s] Level 5:colcon.colcon_core.verb:set package 'robot_description' build argument 'catkin_cmake_args' from command line to 'None'
[0.434s] Level 5:colcon.colcon_core.verb:set package 'robot_description' build argument 'catkin_skip_building_tests' from command line to 'False'
[0.434s] DEBUG:colcon.colcon_core.verb:Building package 'robot_description' with the following arguments: {'ament_cmake_args': None, 'build_base': '/home/hw/chapt9/fishbot_ws/build/robot_description', 'catkin_cmake_args': None, 'catkin_skip_building_tests': False, 'cmake_args': None, 'cmake_clean_cache': False, 'cmake_clean_first': False, 'cmake_force_configure': False, 'cmake_target': None, 'cmake_target_skip_unavailable': False, 'install_base': '/home/hw/chapt9/fishbot_ws/install/robot_description', 'merge_install': False, 'path': '/home/hw/chapt9/fishbot_ws/src/robot_description', 'symlink_install': False, 'test_result_base': None}
[0.434s] Level 5:colcon.colcon_core.verb:set package 'ros_serial2wifi' build argument 'cmake_args' from command line to 'None'
[0.434s] Level 5:colcon.colcon_core.verb:set package 'ros_serial2wifi' build argument 'cmake_target' from command line to 'None'
[0.434s] Level 5:colcon.colcon_core.verb:set package 'ros_serial2wifi' build argument 'cmake_target_skip_unavailable' from command line to 'False'
[0.434s] Level 5:colcon.colcon_core.verb:set package 'ros_serial2wifi' build argument 'cmake_clean_cache' from command line to 'False'
[0.434s] Level 5:colcon.colcon_core.verb:set package 'ros_serial2wifi' build argument 'cmake_clean_first' from command line to 'False'
[0.434s] Level 5:colcon.colcon_core.verb:set package 'ros_serial2wifi' build argument 'cmake_force_configure' from command line to 'False'
[0.434s] Level 5:colcon.colcon_core.verb:set package 'ros_serial2wifi' build argument 'ament_cmake_args' from command line to 'None'
[0.434s] Level 5:colcon.colcon_core.verb:set package 'ros_serial2wifi' build argument 'catkin_cmake_args' from command line to 'None'
[0.434s] Level 5:colcon.colcon_core.verb:set package 'ros_serial2wifi' build argument 'catkin_skip_building_tests' from command line to 'False'
[0.434s] DEBUG:colcon.colcon_core.verb:Building package 'ros_serial2wifi' with the following arguments: {'ament_cmake_args': None, 'build_base': '/home/hw/chapt9/fishbot_ws/build/ros_serial2wifi', 'catkin_cmake_args': None, 'catkin_skip_building_tests': False, 'cmake_args': None, 'cmake_clean_cache': False, 'cmake_clean_first': False, 'cmake_force_configure': False, 'cmake_target': None, 'cmake_target_skip_unavailable': False, 'install_base': '/home/hw/chapt9/fishbot_ws/install/ros_serial2wifi', 'merge_install': False, 'path': '/home/hw/chapt9/fishbot_ws/src/ros_serial2wifi', 'symlink_install': False, 'test_result_base': None}
[0.434s] Level 5:colcon.colcon_core.verb:set package 'ydlidar' build argument 'cmake_args' from command line to 'None'
[0.434s] Level 5:colcon.colcon_core.verb:set package 'ydlidar' build argument 'cmake_target' from command line to 'None'
[0.434s] Level 5:colcon.colcon_core.verb:set package 'ydlidar' build argument 'cmake_target_skip_unavailable' from command line to 'False'
[0.434s] Level 5:colcon.colcon_core.verb:set package 'ydlidar' build argument 'cmake_clean_cache' from command line to 'False'
[0.434s] Level 5:colcon.colcon_core.verb:set package 'ydlidar' build argument 'cmake_clean_first' from command line to 'False'
[0.434s] Level 5:colcon.colcon_core.verb:set package 'ydlidar' build argument 'cmake_force_configure' from command line to 'False'
[0.434s] Level 5:colcon.colcon_core.verb:set package 'ydlidar' build argument 'ament_cmake_args' from command line to 'None'
[0.434s] Level 5:colcon.colcon_core.verb:set package 'ydlidar' build argument 'catkin_cmake_args' from command line to 'None'
[0.434s] Level 5:colcon.colcon_core.verb:set package 'ydlidar' build argument 'catkin_skip_building_tests' from command line to 'False'
[0.434s] DEBUG:colcon.colcon_core.verb:Building package 'ydlidar' with the following arguments: {'ament_cmake_args': None, 'build_base': '/home/hw/chapt9/fishbot_ws/build/ydlidar', 'catkin_cmake_args': None, 'catkin_skip_building_tests': False, 'cmake_args': None, 'cmake_clean_cache': False, 'cmake_clean_first': False, 'cmake_force_configure': False, 'cmake_target': None, 'cmake_target_skip_unavailable': False, 'install_base': '/home/hw/chapt9/fishbot_ws/install/ydlidar', 'merge_install': False, 'path': '/home/hw/chapt9/fishbot_ws/src/ydlidar_ros2', 'symlink_install': False, 'test_result_base': None}
[0.435s] Level 5:colcon.colcon_core.verb:set package 'micro_ros_agent' build argument 'cmake_args' from command line to 'None'
[0.435s] Level 5:colcon.colcon_core.verb:set package 'micro_ros_agent' build argument 'cmake_target' from command line to 'None'
[0.435s] Level 5:colcon.colcon_core.verb:set package 'micro_ros_agent' build argument 'cmake_target_skip_unavailable' from command line to 'False'
[0.435s] Level 5:colcon.colcon_core.verb:set package 'micro_ros_agent' build argument 'cmake_clean_cache' from command line to 'False'
[0.435s] Level 5:colcon.colcon_core.verb:set package 'micro_ros_agent' build argument 'cmake_clean_first' from command line to 'False'
[0.435s] Level 5:colcon.colcon_core.verb:set package 'micro_ros_agent' build argument 'cmake_force_configure' from command line to 'False'
[0.435s] Level 5:colcon.colcon_core.verb:set package 'micro_ros_agent' build argument 'ament_cmake_args' from command line to 'None'
[0.435s] Level 5:colcon.colcon_core.verb:set package 'micro_ros_agent' build argument 'catkin_cmake_args' from command line to 'None'
[0.435s] Level 5:colcon.colcon_core.verb:set package 'micro_ros_agent' build argument 'catkin_skip_building_tests' from command line to 'False'
[0.435s] DEBUG:colcon.colcon_core.verb:Building package 'micro_ros_agent' with the following arguments: {'ament_cmake_args': None, 'build_base': '/home/hw/chapt9/fishbot_ws/build/micro_ros_agent', 'catkin_cmake_args': None, 'catkin_skip_building_tests': False, 'cmake_args': None, 'cmake_clean_cache': False, 'cmake_clean_first': False, 'cmake_force_configure': False, 'cmake_target': None, 'cmake_target_skip_unavailable': False, 'install_base': '/home/hw/chapt9/fishbot_ws/install/micro_ros_agent', 'merge_install': False, 'path': '/home/hw/chapt9/fishbot_ws/src/micro-ROS-Agent/micro_ros_agent', 'symlink_install': False, 'test_result_base': None}
[0.435s] INFO:colcon.colcon_core.executor:Executing jobs using 'parallel' executor
[0.437s] DEBUG:colcon.colcon_parallel_executor.executor.parallel:run_until_complete
[0.437s] INFO:colcon.colcon_ros.task.ament_cmake.build:Building ROS package in '/home/hw/chapt9/fishbot_ws/src/micro_ros_msgs' with build type 'ament_cmake'
[0.437s] INFO:colcon.colcon_cmake.task.cmake.build:Building CMake package in '/home/hw/chapt9/fishbot_ws/src/micro_ros_msgs'
[0.439s] INFO:colcon.colcon_core.plugin_system:Skipping extension 'colcon_core.shell.bat': Not used on non-Windows systems
[0.439s] INFO:colcon.colcon_core.shell:Skip shell extension 'powershell' for command environment: Not usable outside of PowerShell
[0.439s] DEBUG:colcon.colcon_core.shell:Skip shell extension 'dsv' for command environment
[0.444s] INFO:colcon.colcon_ros.task.ament_cmake.build:Building ROS package in '/home/hw/chapt9/fishbot_ws/src/bring_up' with build type 'ament_cmake'
[0.444s] INFO:colcon.colcon_cmake.task.cmake.build:Building CMake package in '/home/hw/chapt9/fishbot_ws/src/bring_up'
[0.444s] INFO:colcon.colcon_core.shell:Skip shell extension 'powershell' for command environment: Not usable outside of PowerShell
[0.444s] DEBUG:colcon.colcon_core.shell:Skip shell extension 'dsv' for command environment
[0.449s] INFO:colcon.colcon_ros.task.ament_cmake.build:Building ROS package in '/home/hw/chapt9/fishbot_ws/src/robot_description' with build type 'ament_cmake'
[0.449s] INFO:colcon.colcon_cmake.task.cmake.build:Building CMake package in '/home/hw/chapt9/fishbot_ws/src/robot_description'
[0.449s] INFO:colcon.colcon_core.shell:Skip shell extension 'powershell' for command environment: Not usable outside of PowerShell
[0.449s] DEBUG:colcon.colcon_core.shell:Skip shell extension 'dsv' for command environment
[0.454s] INFO:colcon.colcon_ros.task.ament_python.build:Building ROS package in '/home/hw/chapt9/fishbot_ws/src/ros_serial2wifi' with build type 'ament_python'
[0.454s] Level 1:colcon.colcon_core.shell:create_environment_hook('ros_serial2wifi', 'ament_prefix_path')
[0.454s] INFO:colcon.colcon_core.shell:Creating environment hook '/home/hw/chapt9/fishbot_ws/install/ros_serial2wifi/share/ros_serial2wifi/hook/ament_prefix_path.ps1'
[0.456s] INFO:colcon.colcon_core.shell:Creating environment descriptor '/home/hw/chapt9/fishbot_ws/install/ros_serial2wifi/share/ros_serial2wifi/hook/ament_prefix_path.dsv'
[0.456s] INFO:colcon.colcon_core.shell:Creating environment hook '/home/hw/chapt9/fishbot_ws/install/ros_serial2wifi/share/ros_serial2wifi/hook/ament_prefix_path.sh'
[0.457s] INFO:colcon.colcon_core.shell:Skip shell extension 'powershell' for command environment: Not usable outside of PowerShell
[0.457s] DEBUG:colcon.colcon_core.shell:Skip shell extension 'dsv' for command environment
[0.461s] INFO:colcon.colcon_ros.task.ament_cmake.build:Building ROS package in '/home/hw/chapt9/fishbot_ws/src/ydlidar_ros2' with build type 'ament_cmake'
[0.462s] INFO:colcon.colcon_cmake.task.cmake.build:Building CMake package in '/home/hw/chapt9/fishbot_ws/src/ydlidar_ros2'
[0.462s] INFO:colcon.colcon_core.shell:Skip shell extension 'powershell' for command environment: Not usable outside of PowerShell
[0.462s] DEBUG:colcon.colcon_core.shell:Skip shell extension 'dsv' for command environment
[0.474s] DEBUG:colcon.colcon_core.event_handler.log_command:Invoking command in '/home/hw/chapt9/fishbot_ws/build/micro_ros_msgs': CMAKE_PREFIX_PATH=${CMAKE_PREFIX_PATH}:/home/hw/chapt9/fishbot_ws/install/ros_serial2wifi:/opt/ros/humble /usr/bin/cmake /home/hw/chapt9/fishbot_ws/src/micro_ros_msgs -DCMAKE_INSTALL_PREFIX=/home/hw/chapt9/fishbot_ws/install/micro_ros_msgs
[0.477s] DEBUG:colcon.colcon_core.event_handler.log_command:Invoking command in '/home/hw/chapt9/fishbot_ws/build/bring_up': CMAKE_PREFIX_PATH=${CMAKE_PREFIX_PATH}:/home/hw/chapt9/fishbot_ws/install/ros_serial2wifi:/opt/ros/humble /usr/bin/cmake /home/hw/chapt9/fishbot_ws/src/bring_up -DCMAKE_INSTALL_PREFIX=/home/hw/chapt9/fishbot_ws/install/bring_up
[0.481s] DEBUG:colcon.colcon_core.event_handler.log_command:Invoking command in '/home/hw/chapt9/fishbot_ws/build/robot_description': CMAKE_PREFIX_PATH=${CMAKE_PREFIX_PATH}:/home/hw/chapt9/fishbot_ws/install/ros_serial2wifi:/opt/ros/humble /usr/bin/cmake /home/hw/chapt9/fishbot_ws/src/robot_description -DCMAKE_INSTALL_PREFIX=/home/hw/chapt9/fishbot_ws/install/robot_description
[0.785s] INFO:colcon.colcon_core.task.python.build:Building Python package in '/home/hw/chapt9/fishbot_ws/src/ros_serial2wifi'
[0.785s] INFO:colcon.colcon_core.shell:Skip shell extension 'powershell' for command environment: Not usable outside of PowerShell
[0.785s] DEBUG:colcon.colcon_core.shell:Skip shell extension 'dsv' for command environment
[0.804s] DEBUG:colcon.colcon_core.event_handler.log_command:Invoking command in '/home/hw/chapt9/fishbot_ws/build/ydlidar': CMAKE_PREFIX_PATH=${CMAKE_PREFIX_PATH}:/home/hw/chapt9/fishbot_ws/install/ros_serial2wifi:/opt/ros/humble /usr/bin/cmake /home/hw/chapt9/fishbot_ws/src/ydlidar_ros2 -DCMAKE_INSTALL_PREFIX=/home/hw/chapt9/fishbot_ws/install/ydlidar
[1.215s] DEBUG:colcon.colcon_core.event_handler.log_command:Invoked command in '/home/hw/chapt9/fishbot_ws/build/robot_description' returned '0': CMAKE_PREFIX_PATH=${CMAKE_PREFIX_PATH}:/home/hw/chapt9/fishbot_ws/install/ros_serial2wifi:/opt/ros/humble /usr/bin/cmake /home/hw/chapt9/fishbot_ws/src/robot_description -DCMAKE_INSTALL_PREFIX=/home/hw/chapt9/fishbot_ws/install/robot_description
[1.215s] DEBUG:colcon.colcon_core.event_handler.log_command:Invoking command in '/home/hw/chapt9/fishbot_ws/build/robot_description': CMAKE_PREFIX_PATH=${CMAKE_PREFIX_PATH}:/home/hw/chapt9/fishbot_ws/install/ros_serial2wifi:/opt/ros/humble /usr/bin/cmake --build /home/hw/chapt9/fishbot_ws/build/robot_description -- -j16 -l16
[1.273s] DEBUG:colcon.colcon_core.event_handler.log_command:Invoked command in '/home/hw/chapt9/fishbot_ws/build/robot_description' returned '0': CMAKE_PREFIX_PATH=${CMAKE_PREFIX_PATH}:/home/hw/chapt9/fishbot_ws/install/ros_serial2wifi:/opt/ros/humble /usr/bin/cmake --build /home/hw/chapt9/fishbot_ws/build/robot_description -- -j16 -l16
[1.291s] DEBUG:colcon.colcon_core.event_handler.log_command:Invoking command in '/home/hw/chapt9/fishbot_ws/build/robot_description': CMAKE_PREFIX_PATH=${CMAKE_PREFIX_PATH}:/home/hw/chapt9/fishbot_ws/install/ros_serial2wifi:/opt/ros/humble /usr/bin/cmake --install /home/hw/chapt9/fishbot_ws/build/robot_description
[1.309s] DEBUG:colcon.colcon_core.event_handler.log_command:Invoking command in '/home/hw/chapt9/fishbot_ws/src/ros_serial2wifi': PYTHONPATH=/home/hw/chapt9/fishbot_ws/build/ros_serial2wifi/prefix_override:/usr/lib/python3/dist-packages/colcon_core/task/python/colcon_distutils_commands:/home/hw/chapt9/fishbot_ws/install/ros_serial2wifi/lib/python3.10/site-packages:${PYTHONPATH} /usr/bin/python3 -W ignore:setup.py install is deprecated -W ignore:easy_install command is deprecated setup.py egg_info --egg-base ../../build/ros_serial2wifi build --build-base /home/hw/chapt9/fishbot_ws/build/ros_serial2wifi/build install --record /home/hw/chapt9/fishbot_ws/build/ros_serial2wifi/install.log --single-version-externally-managed install_data
[1.310s] Level 1:colcon.colcon_core.environment:create_environment_scripts_only(robot_description)
[1.311s] DEBUG:colcon.colcon_core.event_handler.log_command:Invoked command in '/home/hw/chapt9/fishbot_ws/build/robot_description' returned '0': CMAKE_PREFIX_PATH=${CMAKE_PREFIX_PATH}:/home/hw/chapt9/fishbot_ws/install/ros_serial2wifi:/opt/ros/humble /usr/bin/cmake --install /home/hw/chapt9/fishbot_ws/build/robot_description
[1.313s] Level 1:colcon.colcon_core.environment:checking '/home/hw/chapt9/fishbot_ws/install/robot_description' for CMake module files
[1.314s] Level 1:colcon.colcon_core.environment:checking '/home/hw/chapt9/fishbot_ws/install/robot_description' for CMake config files
[1.314s] Level 1:colcon.colcon_core.shell:create_environment_hook('robot_description', 'cmake_prefix_path')
[1.314s] INFO:colcon.colcon_core.shell:Creating environment hook '/home/hw/chapt9/fishbot_ws/install/robot_description/share/robot_description/hook/cmake_prefix_path.ps1'
[1.315s] INFO:colcon.colcon_core.shell:Creating environment descriptor '/home/hw/chapt9/fishbot_ws/install/robot_description/share/robot_description/hook/cmake_prefix_path.dsv'
[1.315s] INFO:colcon.colcon_core.shell:Creating environment hook '/home/hw/chapt9/fishbot_ws/install/robot_description/share/robot_description/hook/cmake_prefix_path.sh'
[1.316s] Level 1:colcon.colcon_core.environment:checking '/home/hw/chapt9/fishbot_ws/install/robot_description/bin'
[1.316s] Level 1:colcon.colcon_core.environment:checking '/home/hw/chapt9/fishbot_ws/install/robot_description/lib/pkgconfig/robot_description.pc'
[1.316s] Level 1:colcon.colcon_core.environment:checking '/home/hw/chapt9/fishbot_ws/install/robot_description/lib/python3.10/site-packages'
[1.316s] Level 1:colcon.colcon_core.environment:checking '/home/hw/chapt9/fishbot_ws/install/robot_description/bin'
[1.317s] INFO:colcon.colcon_core.shell:Creating package script '/home/hw/chapt9/fishbot_ws/install/robot_description/share/robot_description/package.ps1'
[1.317s] INFO:colcon.colcon_core.shell:Creating package descriptor '/home/hw/chapt9/fishbot_ws/install/robot_description/share/robot_description/package.dsv'
[1.318s] INFO:colcon.colcon_core.shell:Creating package script '/home/hw/chapt9/fishbot_ws/install/robot_description/share/robot_description/package.sh'
[1.319s] INFO:colcon.colcon_core.shell:Creating package script '/home/hw/chapt9/fishbot_ws/install/robot_description/share/robot_description/package.bash'
[1.320s] INFO:colcon.colcon_core.shell:Creating package script '/home/hw/chapt9/fishbot_ws/install/robot_description/share/robot_description/package.zsh'
[1.320s] Level 1:colcon.colcon_core.environment:create_file_with_runtime_dependencies(/home/hw/chapt9/fishbot_ws/install/robot_description/share/colcon-core/packages/robot_description)
[1.321s] Level 1:colcon.colcon_core.environment:create_environment_scripts_only(robot_description)
[1.321s] Level 1:colcon.colcon_core.environment:checking '/home/hw/chapt9/fishbot_ws/install/robot_description' for CMake module files
[1.322s] Level 1:colcon.colcon_core.environment:checking '/home/hw/chapt9/fishbot_ws/install/robot_description' for CMake config files
[1.322s] Level 1:colcon.colcon_core.shell:create_environment_hook('robot_description', 'cmake_prefix_path')
[1.322s] INFO:colcon.colcon_core.shell:Creating environment hook '/home/hw/chapt9/fishbot_ws/install/robot_description/share/robot_description/hook/cmake_prefix_path.ps1'
[1.323s] INFO:colcon.colcon_core.shell:Creating environment descriptor '/home/hw/chapt9/fishbot_ws/install/robot_description/share/robot_description/hook/cmake_prefix_path.dsv'
[1.323s] INFO:colcon.colcon_core.shell:Creating environment hook '/home/hw/chapt9/fishbot_ws/install/robot_description/share/robot_description/hook/cmake_prefix_path.sh'
[1.324s] Level 1:colcon.colcon_core.environment:checking '/home/hw/chapt9/fishbot_ws/install/robot_description/bin'
[1.324s] Level 1:colcon.colcon_core.environment:checking '/home/hw/chapt9/fishbot_ws/install/robot_description/lib/pkgconfig/robot_description.pc'
[1.324s] Level 1:colcon.colcon_core.environment:checking '/home/hw/chapt9/fishbot_ws/install/robot_description/lib/python3.10/site-packages'
[1.324s] Level 1:colcon.colcon_core.environment:checking '/home/hw/chapt9/fishbot_ws/install/robot_description/bin'
[1.324s] INFO:colcon.colcon_core.shell:Creating package script '/home/hw/chapt9/fishbot_ws/install/robot_description/share/robot_description/package.ps1'
[1.325s] INFO:colcon.colcon_core.shell:Creating package descriptor '/home/hw/chapt9/fishbot_ws/install/robot_description/share/robot_description/package.dsv'
[1.325s] INFO:colcon.colcon_core.shell:Creating package script '/home/hw/chapt9/fishbot_ws/install/robot_description/share/robot_description/package.sh'
[1.326s] INFO:colcon.colcon_core.shell:Creating package script '/home/hw/chapt9/fishbot_ws/install/robot_description/share/robot_description/package.bash'
[1.327s] INFO:colcon.colcon_core.shell:Creating package script '/home/hw/chapt9/fishbot_ws/install/robot_description/share/robot_description/package.zsh'
[1.327s] Level 1:colcon.colcon_core.environment:create_file_with_runtime_dependencies(/home/hw/chapt9/fishbot_ws/install/robot_description/share/colcon-core/packages/robot_description)
[1.643s] Level 1:colcon.colcon_core.environment:checking '/home/hw/chapt9/fishbot_ws/install/ros_serial2wifi' for CMake module files
[1.643s] DEBUG:colcon.colcon_core.event_handler.log_command:Invoked command in '/home/hw/chapt9/fishbot_ws/src/ros_serial2wifi' returned '0': PYTHONPATH=/home/hw/chapt9/fishbot_ws/build/ros_serial2wifi/prefix_override:/usr/lib/python3/dist-packages/colcon_core/task/python/colcon_distutils_commands:/home/hw/chapt9/fishbot_ws/install/ros_serial2wifi/lib/python3.10/site-packages:${PYTHONPATH} /usr/bin/python3 -W ignore:setup.py install is deprecated -W ignore:easy_install command is deprecated setup.py egg_info --egg-base ../../build/ros_serial2wifi build --build-base /home/hw/chapt9/fishbot_ws/build/ros_serial2wifi/build install --record /home/hw/chapt9/fishbot_ws/build/ros_serial2wifi/install.log --single-version-externally-managed install_data
[1.644s] Level 1:colcon.colcon_core.environment:checking '/home/hw/chapt9/fishbot_ws/install/ros_serial2wifi' for CMake config files
[1.644s] Level 1:colcon.colcon_core.environment:checking '/home/hw/chapt9/fishbot_ws/install/ros_serial2wifi/lib'
[1.645s] Level 1:colcon.colcon_core.environment:checking '/home/hw/chapt9/fishbot_ws/install/ros_serial2wifi/bin'
[1.645s] Level 1:colcon.colcon_core.environment:checking '/home/hw/chapt9/fishbot_ws/install/ros_serial2wifi/lib/pkgconfig/ros_serial2wifi.pc'
[1.645s] Level 1:colcon.colcon_core.environment:checking '/home/hw/chapt9/fishbot_ws/install/ros_serial2wifi/lib/python3.10/site-packages'
[1.645s] Level 1:colcon.colcon_core.shell:create_environment_hook('ros_serial2wifi', 'pythonpath')
[1.645s] INFO:colcon.colcon_core.shell:Creating environment hook '/home/hw/chapt9/fishbot_ws/install/ros_serial2wifi/share/ros_serial2wifi/hook/pythonpath.ps1'
[1.646s] INFO:colcon.colcon_core.shell:Creating environment descriptor '/home/hw/chapt9/fishbot_ws/install/ros_serial2wifi/share/ros_serial2wifi/hook/pythonpath.dsv'
[1.646s] INFO:colcon.colcon_core.shell:Creating environment hook '/home/hw/chapt9/fishbot_ws/install/ros_serial2wifi/share/ros_serial2wifi/hook/pythonpath.sh'
[1.647s] Level 1:colcon.colcon_core.environment:checking '/home/hw/chapt9/fishbot_ws/install/ros_serial2wifi/bin'
[1.647s] Level 1:colcon.colcon_core.environment:create_environment_scripts_only(ros_serial2wifi)
[1.647s] INFO:colcon.colcon_core.shell:Creating package script '/home/hw/chapt9/fishbot_ws/install/ros_serial2wifi/share/ros_serial2wifi/package.ps1'
[1.647s] INFO:colcon.colcon_core.shell:Creating package descriptor '/home/hw/chapt9/fishbot_ws/install/ros_serial2wifi/share/ros_serial2wifi/package.dsv'
[1.648s] INFO:colcon.colcon_core.shell:Creating package script '/home/hw/chapt9/fishbot_ws/install/ros_serial2wifi/share/ros_serial2wifi/package.sh'
[1.648s] INFO:colcon.colcon_core.shell:Creating package script '/home/hw/chapt9/fishbot_ws/install/ros_serial2wifi/share/ros_serial2wifi/package.bash'
[1.648s] INFO:colcon.colcon_core.shell:Creating package script '/home/hw/chapt9/fishbot_ws/install/ros_serial2wifi/share/ros_serial2wifi/package.zsh'
[1.648s] Level 1:colcon.colcon_core.environment:create_file_with_runtime_dependencies(/home/hw/chapt9/fishbot_ws/install/ros_serial2wifi/share/colcon-core/packages/ros_serial2wifi)
[2.061s] DEBUG:colcon.colcon_core.event_handler.log_command:Invoked command in '/home/hw/chapt9/fishbot_ws/build/bring_up' returned '0': CMAKE_PREFIX_PATH=${CMAKE_PREFIX_PATH}:/home/hw/chapt9/fishbot_ws/install/ros_serial2wifi:/opt/ros/humble /usr/bin/cmake /home/hw/chapt9/fishbot_ws/src/bring_up -DCMAKE_INSTALL_PREFIX=/home/hw/chapt9/fishbot_ws/install/bring_up
[2.061s] DEBUG:colcon.colcon_core.event_handler.log_command:Invoking command in '/home/hw/chapt9/fishbot_ws/build/bring_up': CMAKE_PREFIX_PATH=${CMAKE_PREFIX_PATH}:/home/hw/chapt9/fishbot_ws/install/ros_serial2wifi:/opt/ros/humble /usr/bin/cmake --build /home/hw/chapt9/fishbot_ws/build/bring_up -- -j16 -l16
[2.181s] DEBUG:colcon.colcon_core.event_handler.log_command:Invoked command in '/home/hw/chapt9/fishbot_ws/build/micro_ros_msgs' returned '0': CMAKE_PREFIX_PATH=${CMAKE_PREFIX_PATH}:/home/hw/chapt9/fishbot_ws/install/ros_serial2wifi:/opt/ros/humble /usr/bin/cmake /home/hw/chapt9/fishbot_ws/src/micro_ros_msgs -DCMAKE_INSTALL_PREFIX=/home/hw/chapt9/fishbot_ws/install/micro_ros_msgs
[2.184s] DEBUG:colcon.colcon_core.event_handler.log_command:Invoking command in '/home/hw/chapt9/fishbot_ws/build/micro_ros_msgs': CMAKE_PREFIX_PATH=${CMAKE_PREFIX_PATH}:/home/hw/chapt9/fishbot_ws/install/ros_serial2wifi:/opt/ros/humble /usr/bin/cmake --build /home/hw/chapt9/fishbot_ws/build/micro_ros_msgs -- -j16 -l16
[2.412s] DEBUG:colcon.colcon_core.event_handler.log_command:Invoked command in '/home/hw/chapt9/fishbot_ws/build/ydlidar' returned '0': CMAKE_PREFIX_PATH=${CMAKE_PREFIX_PATH}:/home/hw/chapt9/fishbot_ws/install/ros_serial2wifi:/opt/ros/humble /usr/bin/cmake /home/hw/chapt9/fishbot_ws/src/ydlidar_ros2 -DCMAKE_INSTALL_PREFIX=/home/hw/chapt9/fishbot_ws/install/ydlidar
[2.414s] DEBUG:colcon.colcon_core.event_handler.log_command:Invoking command in '/home/hw/chapt9/fishbot_ws/build/ydlidar': CMAKE_PREFIX_PATH=${CMAKE_PREFIX_PATH}:/home/hw/chapt9/fishbot_ws/install/ros_serial2wifi:/opt/ros/humble /usr/bin/cmake --build /home/hw/chapt9/fishbot_ws/build/ydlidar -- -j16 -l16
[5.448s] DEBUG:colcon.colcon_core.event_handler.log_command:Invoked command in '/home/hw/chapt9/fishbot_ws/build/micro_ros_msgs' returned '0': CMAKE_PREFIX_PATH=${CMAKE_PREFIX_PATH}:/home/hw/chapt9/fishbot_ws/install/ros_serial2wifi:/opt/ros/humble /usr/bin/cmake --build /home/hw/chapt9/fishbot_ws/build/micro_ros_msgs -- -j16 -l16
[5.451s] DEBUG:colcon.colcon_core.event_handler.log_command:Invoking command in '/home/hw/chapt9/fishbot_ws/build/micro_ros_msgs': CMAKE_PREFIX_PATH=${CMAKE_PREFIX_PATH}:/home/hw/chapt9/fishbot_ws/install/ros_serial2wifi:/opt/ros/humble /usr/bin/cmake --install /home/hw/chapt9/fishbot_ws/build/micro_ros_msgs
[5.554s] Level 1:colcon.colcon_core.environment:create_environment_scripts_only(micro_ros_msgs)
[5.555s] Level 1:colcon.colcon_core.environment:checking '/home/hw/chapt9/fishbot_ws/install/micro_ros_msgs' for CMake module files
[5.556s] DEBUG:colcon.colcon_core.event_handler.log_command:Invoked command in '/home/hw/chapt9/fishbot_ws/build/micro_ros_msgs' returned '0': CMAKE_PREFIX_PATH=${CMAKE_PREFIX_PATH}:/home/hw/chapt9/fishbot_ws/install/ros_serial2wifi:/opt/ros/humble /usr/bin/cmake --install /home/hw/chapt9/fishbot_ws/build/micro_ros_msgs
[5.556s] Level 1:colcon.colcon_core.environment:checking '/home/hw/chapt9/fishbot_ws/install/micro_ros_msgs' for CMake config files
[5.557s] Level 1:colcon.colcon_core.shell:create_environment_hook('micro_ros_msgs', 'cmake_prefix_path')
[5.557s] INFO:colcon.colcon_core.shell:Creating environment hook '/home/hw/chapt9/fishbot_ws/install/micro_ros_msgs/share/micro_ros_msgs/hook/cmake_prefix_path.ps1'
[5.557s] INFO:colcon.colcon_core.shell:Creating environment descriptor '/home/hw/chapt9/fishbot_ws/install/micro_ros_msgs/share/micro_ros_msgs/hook/cmake_prefix_path.dsv'
[5.558s] INFO:colcon.colcon_core.shell:Creating environment hook '/home/hw/chapt9/fishbot_ws/install/micro_ros_msgs/share/micro_ros_msgs/hook/cmake_prefix_path.sh'
[5.558s] Level 1:colcon.colcon_core.environment:checking '/home/hw/chapt9/fishbot_ws/install/micro_ros_msgs/lib'
[5.558s] Level 1:colcon.colcon_core.shell:create_environment_hook('micro_ros_msgs', 'ld_library_path_lib')
[5.558s] INFO:colcon.colcon_core.shell:Creating environment hook '/home/hw/chapt9/fishbot_ws/install/micro_ros_msgs/share/micro_ros_msgs/hook/ld_library_path_lib.ps1'
[5.559s] INFO:colcon.colcon_core.shell:Creating environment descriptor '/home/hw/chapt9/fishbot_ws/install/micro_ros_msgs/share/micro_ros_msgs/hook/ld_library_path_lib.dsv'
[5.559s] INFO:colcon.colcon_core.shell:Creating environment hook '/home/hw/chapt9/fishbot_ws/install/micro_ros_msgs/share/micro_ros_msgs/hook/ld_library_path_lib.sh'
[5.559s] Level 1:colcon.colcon_core.environment:checking '/home/hw/chapt9/fishbot_ws/install/micro_ros_msgs/bin'
[5.559s] Level 1:colcon.colcon_core.environment:checking '/home/hw/chapt9/fishbot_ws/install/micro_ros_msgs/lib/pkgconfig/micro_ros_msgs.pc'
[5.559s] Level 1:colcon.colcon_core.environment:checking '/home/hw/chapt9/fishbot_ws/install/micro_ros_msgs/lib/python3.10/site-packages'
[5.560s] Level 1:colcon.colcon_core.environment:checking '/home/hw/chapt9/fishbot_ws/install/micro_ros_msgs/bin'
[5.560s] INFO:colcon.colcon_core.shell:Creating package script '/home/hw/chapt9/fishbot_ws/install/micro_ros_msgs/share/micro_ros_msgs/package.ps1'
[5.561s] INFO:colcon.colcon_core.shell:Creating package descriptor '/home/hw/chapt9/fishbot_ws/install/micro_ros_msgs/share/micro_ros_msgs/package.dsv'
[5.561s] INFO:colcon.colcon_core.shell:Creating package script '/home/hw/chapt9/fishbot_ws/install/micro_ros_msgs/share/micro_ros_msgs/package.sh'
[5.562s] INFO:colcon.colcon_core.shell:Creating package script '/home/hw/chapt9/fishbot_ws/install/micro_ros_msgs/share/micro_ros_msgs/package.bash'
[5.562s] INFO:colcon.colcon_core.shell:Creating package script '/home/hw/chapt9/fishbot_ws/install/micro_ros_msgs/share/micro_ros_msgs/package.zsh'
[5.562s] Level 1:colcon.colcon_core.environment:create_file_with_runtime_dependencies(/home/hw/chapt9/fishbot_ws/install/micro_ros_msgs/share/colcon-core/packages/micro_ros_msgs)
[5.563s] Level 1:colcon.colcon_core.environment:create_environment_scripts_only(micro_ros_msgs)
[5.563s] Level 1:colcon.colcon_core.environment:checking '/home/hw/chapt9/fishbot_ws/install/micro_ros_msgs' for CMake module files
[5.564s] Level 1:colcon.colcon_core.environment:checking '/home/hw/chapt9/fishbot_ws/install/micro_ros_msgs' for CMake config files
[5.564s] Level 1:colcon.colcon_core.shell:create_environment_hook('micro_ros_msgs', 'cmake_prefix_path')
[5.564s] INFO:colcon.colcon_core.shell:Creating environment hook '/home/hw/chapt9/fishbot_ws/install/micro_ros_msgs/share/micro_ros_msgs/hook/cmake_prefix_path.ps1'
[5.564s] INFO:colcon.colcon_core.shell:Creating environment descriptor '/home/hw/chapt9/fishbot_ws/install/micro_ros_msgs/share/micro_ros_msgs/hook/cmake_prefix_path.dsv'
[5.565s] INFO:colcon.colcon_core.shell:Creating environment hook '/home/hw/chapt9/fishbot_ws/install/micro_ros_msgs/share/micro_ros_msgs/hook/cmake_prefix_path.sh'
[5.565s] Level 1:colcon.colcon_core.environment:checking '/home/hw/chapt9/fishbot_ws/install/micro_ros_msgs/lib'
[5.566s] Level 1:colcon.colcon_core.shell:create_environment_hook('micro_ros_msgs', 'ld_library_path_lib')
[5.566s] INFO:colcon.colcon_core.shell:Creating environment hook '/home/hw/chapt9/fishbot_ws/install/micro_ros_msgs/share/micro_ros_msgs/hook/ld_library_path_lib.ps1'
[5.566s] INFO:colcon.colcon_core.shell:Creating environment descriptor '/home/hw/chapt9/fishbot_ws/install/micro_ros_msgs/share/micro_ros_msgs/hook/ld_library_path_lib.dsv'
[5.567s] INFO:colcon.colcon_core.shell:Creating environment hook '/home/hw/chapt9/fishbot_ws/install/micro_ros_msgs/share/micro_ros_msgs/hook/ld_library_path_lib.sh'
[5.567s] Level 1:colcon.colcon_core.environment:checking '/home/hw/chapt9/fishbot_ws/install/micro_ros_msgs/bin'
[5.567s] Level 1:colcon.colcon_core.environment:checking '/home/hw/chapt9/fishbot_ws/install/micro_ros_msgs/lib/pkgconfig/micro_ros_msgs.pc'
[5.567s] Level 1:colcon.colcon_core.environment:checking '/home/hw/chapt9/fishbot_ws/install/micro_ros_msgs/lib/python3.10/site-packages'
[5.568s] Level 1:colcon.colcon_core.environment:checking '/home/hw/chapt9/fishbot_ws/install/micro_ros_msgs/bin'
[5.568s] INFO:colcon.colcon_core.shell:Creating package script '/home/hw/chapt9/fishbot_ws/install/micro_ros_msgs/share/micro_ros_msgs/package.ps1'
[5.568s] INFO:colcon.colcon_core.shell:Creating package descriptor '/home/hw/chapt9/fishbot_ws/install/micro_ros_msgs/share/micro_ros_msgs/package.dsv'
[5.569s] INFO:colcon.colcon_core.shell:Creating package script '/home/hw/chapt9/fishbot_ws/install/micro_ros_msgs/share/micro_ros_msgs/package.sh'
[5.569s] INFO:colcon.colcon_core.shell:Creating package script '/home/hw/chapt9/fishbot_ws/install/micro_ros_msgs/share/micro_ros_msgs/package.bash'
[5.570s] INFO:colcon.colcon_core.shell:Creating package script '/home/hw/chapt9/fishbot_ws/install/micro_ros_msgs/share/micro_ros_msgs/package.zsh'
[5.571s] Level 1:colcon.colcon_core.environment:create_file_with_runtime_dependencies(/home/hw/chapt9/fishbot_ws/install/micro_ros_msgs/share/colcon-core/packages/micro_ros_msgs)
[5.571s] INFO:colcon.colcon_ros.task.ament_cmake.build:Building ROS package in '/home/hw/chapt9/fishbot_ws/src/micro-ROS-Agent/micro_ros_agent' with build type 'ament_cmake'
[5.571s] INFO:colcon.colcon_cmake.task.cmake.build:Building CMake package in '/home/hw/chapt9/fishbot_ws/src/micro-ROS-Agent/micro_ros_agent'
[5.571s] INFO:colcon.colcon_core.shell:Skip shell extension 'powershell' for command environment: Not usable outside of PowerShell
[5.571s] DEBUG:colcon.colcon_core.shell:Skip shell extension 'dsv' for command environment
[5.589s] DEBUG:colcon.colcon_core.event_handler.log_command:Invoking command in '/home/hw/chapt9/fishbot_ws/build/micro_ros_agent': CMAKE_PREFIX_PATH=/home/hw/chapt9/fishbot_ws/install/micro_ros_msgs:/home/hw/chapt9/fishbot_ws/install/ydlidar:/home/hw/chapt9/fishbot_ws/install/robot_description:/home/hw/chapt9/fishbot_ws/install/bring_up:/home/hw/chapt9/fishbot_ws/install/ros_serial2wifi:/opt/ros/humble /usr/bin/cmake /home/hw/chapt9/fishbot_ws/src/micro-ROS-Agent/micro_ros_agent -DCMAKE_INSTALL_PREFIX=/home/hw/chapt9/fishbot_ws/install/micro_ros_agent
[6.034s] DEBUG:colcon.colcon_core.event_handler.log_command:Invoked command in '/home/hw/chapt9/fishbot_ws/build/micro_ros_agent' returned '0': CMAKE_PREFIX_PATH=/home/hw/chapt9/fishbot_ws/install/micro_ros_msgs:/home/hw/chapt9/fishbot_ws/install/ydlidar:/home/hw/chapt9/fishbot_ws/install/robot_description:/home/hw/chapt9/fishbot_ws/install/bring_up:/home/hw/chapt9/fishbot_ws/install/ros_serial2wifi:/opt/ros/humble /usr/bin/cmake /home/hw/chapt9/fishbot_ws/src/micro-ROS-Agent/micro_ros_agent -DCMAKE_INSTALL_PREFIX=/home/hw/chapt9/fishbot_ws/install/micro_ros_agent
[6.036s] DEBUG:colcon.colcon_core.event_handler.log_command:Invoking command in '/home/hw/chapt9/fishbot_ws/build/micro_ros_agent': CMAKE_PREFIX_PATH=/home/hw/chapt9/fishbot_ws/install/micro_ros_msgs:/home/hw/chapt9/fishbot_ws/install/ydlidar:/home/hw/chapt9/fishbot_ws/install/robot_description:/home/hw/chapt9/fishbot_ws/install/bring_up:/home/hw/chapt9/fishbot_ws/install/ros_serial2wifi:/opt/ros/humble /usr/bin/cmake --build /home/hw/chapt9/fishbot_ws/build/micro_ros_agent -- -j16 -l16
[11.950s] DEBUG:colcon.colcon_core.event_handler.log_command:Invoked command in '/home/hw/chapt9/fishbot_ws/build/ydlidar' returned '0': CMAKE_PREFIX_PATH=${CMAKE_PREFIX_PATH}:/home/hw/chapt9/fishbot_ws/install/ros_serial2wifi:/opt/ros/humble /usr/bin/cmake --build /home/hw/chapt9/fishbot_ws/build/ydlidar -- -j16 -l16
[11.952s] DEBUG:colcon.colcon_core.event_handler.log_command:Invoking command in '/home/hw/chapt9/fishbot_ws/build/ydlidar': CMAKE_PREFIX_PATH=${CMAKE_PREFIX_PATH}:/home/hw/chapt9/fishbot_ws/install/ros_serial2wifi:/opt/ros/humble /usr/bin/cmake --install /home/hw/chapt9/fishbot_ws/build/ydlidar
[11.982s] Level 1:colcon.colcon_core.environment:create_environment_scripts_only(ydlidar)
[11.983s] Level 1:colcon.colcon_core.environment:checking '/home/hw/chapt9/fishbot_ws/install/ydlidar' for CMake module files
[11.983s] DEBUG:colcon.colcon_core.event_handler.log_command:Invoked command in '/home/hw/chapt9/fishbot_ws/build/ydlidar' returned '0': CMAKE_PREFIX_PATH=${CMAKE_PREFIX_PATH}:/home/hw/chapt9/fishbot_ws/install/ros_serial2wifi:/opt/ros/humble /usr/bin/cmake --install /home/hw/chapt9/fishbot_ws/build/ydlidar
[11.984s] Level 1:colcon.colcon_core.environment:checking '/home/hw/chapt9/fishbot_ws/install/ydlidar' for CMake config files
[11.984s] Level 1:colcon.colcon_core.shell:create_environment_hook('ydlidar', 'cmake_prefix_path')
[11.984s] INFO:colcon.colcon_core.shell:Creating environment hook '/home/hw/chapt9/fishbot_ws/install/ydlidar/share/ydlidar/hook/cmake_prefix_path.ps1'
[11.985s] INFO:colcon.colcon_core.shell:Creating environment descriptor '/home/hw/chapt9/fishbot_ws/install/ydlidar/share/ydlidar/hook/cmake_prefix_path.dsv'
[11.985s] INFO:colcon.colcon_core.shell:Creating environment hook '/home/hw/chapt9/fishbot_ws/install/ydlidar/share/ydlidar/hook/cmake_prefix_path.sh'
[11.986s] Level 1:colcon.colcon_core.environment:checking '/home/hw/chapt9/fishbot_ws/install/ydlidar/lib'
[11.986s] Level 1:colcon.colcon_core.environment:checking '/home/hw/chapt9/fishbot_ws/install/ydlidar/bin'
[11.986s] Level 1:colcon.colcon_core.environment:checking '/home/hw/chapt9/fishbot_ws/install/ydlidar/lib/pkgconfig/ydlidar.pc'
[11.986s] Level 1:colcon.colcon_core.environment:checking '/home/hw/chapt9/fishbot_ws/install/ydlidar/lib/python3.10/site-packages'
[11.986s] Level 1:colcon.colcon_core.environment:checking '/home/hw/chapt9/fishbot_ws/install/ydlidar/bin'
[11.987s] INFO:colcon.colcon_core.shell:Creating package script '/home/hw/chapt9/fishbot_ws/install/ydlidar/share/ydlidar/package.ps1'
[11.987s] INFO:colcon.colcon_core.shell:Creating package descriptor '/home/hw/chapt9/fishbot_ws/install/ydlidar/share/ydlidar/package.dsv'
[11.987s] INFO:colcon.colcon_core.shell:Creating package script '/home/hw/chapt9/fishbot_ws/install/ydlidar/share/ydlidar/package.sh'
[11.988s] INFO:colcon.colcon_core.shell:Creating package script '/home/hw/chapt9/fishbot_ws/install/ydlidar/share/ydlidar/package.bash'
[11.988s] INFO:colcon.colcon_core.shell:Creating package script '/home/hw/chapt9/fishbot_ws/install/ydlidar/share/ydlidar/package.zsh'
[11.988s] Level 1:colcon.colcon_core.environment:create_file_with_runtime_dependencies(/home/hw/chapt9/fishbot_ws/install/ydlidar/share/colcon-core/packages/ydlidar)
[11.989s] Level 1:colcon.colcon_core.environment:create_environment_scripts_only(ydlidar)
[11.989s] Level 1:colcon.colcon_core.environment:checking '/home/hw/chapt9/fishbot_ws/install/ydlidar' for CMake module files
[11.990s] Level 1:colcon.colcon_core.environment:checking '/home/hw/chapt9/fishbot_ws/install/ydlidar' for CMake config files
[11.990s] Level 1:colcon.colcon_core.shell:create_environment_hook('ydlidar', 'cmake_prefix_path')
[11.990s] INFO:colcon.colcon_core.shell:Creating environment hook '/home/hw/chapt9/fishbot_ws/install/ydlidar/share/ydlidar/hook/cmake_prefix_path.ps1'
[11.990s] INFO:colcon.colcon_core.shell:Creating environment descriptor '/home/hw/chapt9/fishbot_ws/install/ydlidar/share/ydlidar/hook/cmake_prefix_path.dsv'
[11.991s] INFO:colcon.colcon_core.shell:Creating environment hook '/home/hw/chapt9/fishbot_ws/install/ydlidar/share/ydlidar/hook/cmake_prefix_path.sh'
[11.992s] Level 1:colcon.colcon_core.environment:checking '/home/hw/chapt9/fishbot_ws/install/ydlidar/lib'
[11.992s] Level 1:colcon.colcon_core.environment:checking '/home/hw/chapt9/fishbot_ws/install/ydlidar/bin'
[11.992s] Level 1:colcon.colcon_core.environment:checking '/home/hw/chapt9/fishbot_ws/install/ydlidar/lib/pkgconfig/ydlidar.pc'
[11.992s] Level 1:colcon.colcon_core.environment:checking '/home/hw/chapt9/fishbot_ws/install/ydlidar/lib/python3.10/site-packages'
[11.992s] Level 1:colcon.colcon_core.environment:checking '/home/hw/chapt9/fishbot_ws/install/ydlidar/bin'
[11.992s] INFO:colcon.colcon_core.shell:Creating package script '/home/hw/chapt9/fishbot_ws/install/ydlidar/share/ydlidar/package.ps1'
[11.993s] INFO:colcon.colcon_core.shell:Creating package descriptor '/home/hw/chapt9/fishbot_ws/install/ydlidar/share/ydlidar/package.dsv'
[11.993s] INFO:colcon.colcon_core.shell:Creating package script '/home/hw/chapt9/fishbot_ws/install/ydlidar/share/ydlidar/package.sh'
[11.994s] INFO:colcon.colcon_core.shell:Creating package script '/home/hw/chapt9/fishbot_ws/install/ydlidar/share/ydlidar/package.bash'
[11.994s] INFO:colcon.colcon_core.shell:Creating package script '/home/hw/chapt9/fishbot_ws/install/ydlidar/share/ydlidar/package.zsh'
[11.995s] Level 1:colcon.colcon_core.environment:create_file_with_runtime_dependencies(/home/hw/chapt9/fishbot_ws/install/ydlidar/share/colcon-core/packages/ydlidar)
[12.181s] Level 1:colcon.colcon_core.environment:create_environment_scripts_only(bring_up)
[12.181s] Level 1:colcon.colcon_core.environment:checking '/home/hw/chapt9/fishbot_ws/install/bring_up' for CMake module files
[12.182s] Level 1:colcon.colcon_core.environment:checking '/home/hw/chapt9/fishbot_ws/install/bring_up' for CMake config files
[12.182s] Level 1:colcon.colcon_core.shell:create_environment_hook('bring_up', 'cmake_prefix_path')
[12.182s] INFO:colcon.colcon_core.shell:Creating environment hook '/home/hw/chapt9/fishbot_ws/install/bring_up/share/bring_up/hook/cmake_prefix_path.ps1'
[12.183s] INFO:colcon.colcon_core.shell:Creating environment descriptor '/home/hw/chapt9/fishbot_ws/install/bring_up/share/bring_up/hook/cmake_prefix_path.dsv'
[12.183s] INFO:colcon.colcon_core.shell:Creating environment hook '/home/hw/chapt9/fishbot_ws/install/bring_up/share/bring_up/hook/cmake_prefix_path.sh'
[12.184s] Level 1:colcon.colcon_core.environment:checking '/home/hw/chapt9/fishbot_ws/install/bring_up/lib'
[12.184s] Level 1:colcon.colcon_core.environment:checking '/home/hw/chapt9/fishbot_ws/install/bring_up/bin'
[12.184s] Level 1:colcon.colcon_core.environment:checking '/home/hw/chapt9/fishbot_ws/install/bring_up/lib/pkgconfig/bring_up.pc'
[12.184s] Level 1:colcon.colcon_core.environment:checking '/home/hw/chapt9/fishbot_ws/install/bring_up/lib/python3.10/site-packages'
[12.185s] Level 1:colcon.colcon_core.environment:checking '/home/hw/chapt9/fishbot_ws/install/bring_up/bin'
[12.185s] INFO:colcon.colcon_core.shell:Creating package script '/home/hw/chapt9/fishbot_ws/install/bring_up/share/bring_up/package.ps1'
[12.185s] INFO:colcon.colcon_core.shell:Creating package descriptor '/home/hw/chapt9/fishbot_ws/install/bring_up/share/bring_up/package.dsv'
[12.186s] INFO:colcon.colcon_core.shell:Creating package script '/home/hw/chapt9/fishbot_ws/install/bring_up/share/bring_up/package.sh'
[12.186s] INFO:colcon.colcon_core.shell:Creating package script '/home/hw/chapt9/fishbot_ws/install/bring_up/share/bring_up/package.bash'
[12.187s] INFO:colcon.colcon_core.shell:Creating package script '/home/hw/chapt9/fishbot_ws/install/bring_up/share/bring_up/package.zsh'
[12.187s] Level 1:colcon.colcon_core.environment:create_file_with_runtime_dependencies(/home/hw/chapt9/fishbot_ws/install/bring_up/share/colcon-core/packages/bring_up)
[12.188s] Level 1:colcon.colcon_core.environment:create_environment_scripts_only(bring_up)
[12.188s] Level 1:colcon.colcon_core.environment:checking '/home/hw/chapt9/fishbot_ws/install/bring_up' for CMake module files
[12.188s] Level 1:colcon.colcon_core.environment:checking '/home/hw/chapt9/fishbot_ws/install/bring_up' for CMake config files
[12.189s] Level 1:colcon.colcon_core.shell:create_environment_hook('bring_up', 'cmake_prefix_path')
[12.189s] INFO:colcon.colcon_core.shell:Creating environment hook '/home/hw/chapt9/fishbot_ws/install/bring_up/share/bring_up/hook/cmake_prefix_path.ps1'
[12.189s] INFO:colcon.colcon_core.shell:Creating environment descriptor '/home/hw/chapt9/fishbot_ws/install/bring_up/share/bring_up/hook/cmake_prefix_path.dsv'
[12.190s] INFO:colcon.colcon_core.shell:Creating environment hook '/home/hw/chapt9/fishbot_ws/install/bring_up/share/bring_up/hook/cmake_prefix_path.sh'
[12.191s] Level 1:colcon.colcon_core.environment:checking '/home/hw/chapt9/fishbot_ws/install/bring_up/lib'
[12.191s] Level 1:colcon.colcon_core.environment:checking '/home/hw/chapt9/fishbot_ws/install/bring_up/bin'
[12.191s] Level 1:colcon.colcon_core.environment:checking '/home/hw/chapt9/fishbot_ws/install/bring_up/lib/pkgconfig/bring_up.pc'
[12.191s] Level 1:colcon.colcon_core.environment:checking '/home/hw/chapt9/fishbot_ws/install/bring_up/lib/python3.10/site-packages'
[12.191s] Level 1:colcon.colcon_core.environment:checking '/home/hw/chapt9/fishbot_ws/install/bring_up/bin'
[12.192s] INFO:colcon.colcon_core.shell:Creating package script '/home/hw/chapt9/fishbot_ws/install/bring_up/share/bring_up/package.ps1'
[12.192s] INFO:colcon.colcon_core.shell:Creating package descriptor '/home/hw/chapt9/fishbot_ws/install/bring_up/share/bring_up/package.dsv'
[12.193s] INFO:colcon.colcon_core.shell:Creating package script '/home/hw/chapt9/fishbot_ws/install/bring_up/share/bring_up/package.sh'
[12.194s] INFO:colcon.colcon_core.shell:Creating package script '/home/hw/chapt9/fishbot_ws/install/bring_up/share/bring_up/package.bash'
[12.194s] INFO:colcon.colcon_core.shell:Creating package script '/home/hw/chapt9/fishbot_ws/install/bring_up/share/bring_up/package.zsh'
[12.195s] Level 1:colcon.colcon_core.environment:create_file_with_runtime_dependencies(/home/hw/chapt9/fishbot_ws/install/bring_up/share/colcon-core/packages/bring_up)
[12.216s] DEBUG:colcon.colcon_core.event_handler.log_command:Invoked command in '/home/hw/chapt9/fishbot_ws/build/bring_up' returned '0': CMAKE_PREFIX_PATH=${CMAKE_PREFIX_PATH}:/home/hw/chapt9/fishbot_ws/install/ros_serial2wifi:/opt/ros/humble /usr/bin/cmake --build /home/hw/chapt9/fishbot_ws/build/bring_up -- -j16 -l16
[12.216s] DEBUG:colcon.colcon_core.event_handler.log_command:Invoking command in '/home/hw/chapt9/fishbot_ws/build/bring_up': CMAKE_PREFIX_PATH=${CMAKE_PREFIX_PATH}:/home/hw/chapt9/fishbot_ws/install/ros_serial2wifi:/opt/ros/humble /usr/bin/cmake --install /home/hw/chapt9/fishbot_ws/build/bring_up
[12.218s] DEBUG:colcon.colcon_core.event_handler.log_command:Invoked command in '/home/hw/chapt9/fishbot_ws/build/bring_up' returned '0': CMAKE_PREFIX_PATH=${CMAKE_PREFIX_PATH}:/home/hw/chapt9/fishbot_ws/install/ros_serial2wifi:/opt/ros/humble /usr/bin/cmake --install /home/hw/chapt9/fishbot_ws/build/bring_up
[32.165s] DEBUG:colcon.colcon_core.event_handler.log_command:Invoked command in '/home/hw/chapt9/fishbot_ws/build/micro_ros_agent' returned '0': CMAKE_PREFIX_PATH=/home/hw/chapt9/fishbot_ws/install/micro_ros_msgs:/home/hw/chapt9/fishbot_ws/install/ydlidar:/home/hw/chapt9/fishbot_ws/install/robot_description:/home/hw/chapt9/fishbot_ws/install/bring_up:/home/hw/chapt9/fishbot_ws/install/ros_serial2wifi:/opt/ros/humble /usr/bin/cmake --build /home/hw/chapt9/fishbot_ws/build/micro_ros_agent -- -j16 -l16
[32.166s] DEBUG:colcon.colcon_core.event_handler.log_command:Invoking command in '/home/hw/chapt9/fishbot_ws/build/micro_ros_agent': CMAKE_PREFIX_PATH=/home/hw/chapt9/fishbot_ws/install/micro_ros_msgs:/home/hw/chapt9/fishbot_ws/install/ydlidar:/home/hw/chapt9/fishbot_ws/install/robot_description:/home/hw/chapt9/fishbot_ws/install/bring_up:/home/hw/chapt9/fishbot_ws/install/ros_serial2wifi:/opt/ros/humble /usr/bin/cmake --install /home/hw/chapt9/fishbot_ws/build/micro_ros_agent
[32.187s] Level 1:colcon.colcon_core.environment:create_environment_scripts_only(micro_ros_agent)
[32.188s] Level 1:colcon.colcon_core.environment:checking '/home/hw/chapt9/fishbot_ws/install/micro_ros_agent' for CMake module files
[32.188s] DEBUG:colcon.colcon_core.event_handler.log_command:Invoked command in '/home/hw/chapt9/fishbot_ws/build/micro_ros_agent' returned '0': CMAKE_PREFIX_PATH=/home/hw/chapt9/fishbot_ws/install/micro_ros_msgs:/home/hw/chapt9/fishbot_ws/install/ydlidar:/home/hw/chapt9/fishbot_ws/install/robot_description:/home/hw/chapt9/fishbot_ws/install/bring_up:/home/hw/chapt9/fishbot_ws/install/ros_serial2wifi:/opt/ros/humble /usr/bin/cmake --install /home/hw/chapt9/fishbot_ws/build/micro_ros_agent
[32.189s] Level 1:colcon.colcon_core.environment:checking '/home/hw/chapt9/fishbot_ws/install/micro_ros_agent' for CMake config files
[32.189s] Level 1:colcon.colcon_core.shell:create_environment_hook('micro_ros_agent', 'cmake_prefix_path')
[32.189s] INFO:colcon.colcon_core.shell:Creating environment hook '/home/hw/chapt9/fishbot_ws/install/micro_ros_agent/share/micro_ros_agent/hook/cmake_prefix_path.ps1'
[32.190s] INFO:colcon.colcon_core.shell:Creating environment descriptor '/home/hw/chapt9/fishbot_ws/install/micro_ros_agent/share/micro_ros_agent/hook/cmake_prefix_path.dsv'
[32.190s] INFO:colcon.colcon_core.shell:Creating environment hook '/home/hw/chapt9/fishbot_ws/install/micro_ros_agent/share/micro_ros_agent/hook/cmake_prefix_path.sh'
[32.191s] Level 1:colcon.colcon_core.environment:checking '/home/hw/chapt9/fishbot_ws/install/micro_ros_agent/lib'
[32.191s] Level 1:colcon.colcon_core.shell:create_environment_hook('micro_ros_agent', 'ld_library_path_lib')
[32.192s] INFO:colcon.colcon_core.shell:Creating environment hook '/home/hw/chapt9/fishbot_ws/install/micro_ros_agent/share/micro_ros_agent/hook/ld_library_path_lib.ps1'
[32.192s] INFO:colcon.colcon_core.shell:Creating environment descriptor '/home/hw/chapt9/fishbot_ws/install/micro_ros_agent/share/micro_ros_agent/hook/ld_library_path_lib.dsv'
[32.192s] INFO:colcon.colcon_core.shell:Creating environment hook '/home/hw/chapt9/fishbot_ws/install/micro_ros_agent/share/micro_ros_agent/hook/ld_library_path_lib.sh'
[32.193s] Level 1:colcon.colcon_core.environment:checking '/home/hw/chapt9/fishbot_ws/install/micro_ros_agent/bin'
[32.193s] Level 1:colcon.colcon_core.environment:checking '/home/hw/chapt9/fishbot_ws/install/micro_ros_agent/lib/pkgconfig/micro_ros_agent.pc'
[32.193s] Level 1:colcon.colcon_core.environment:checking '/home/hw/chapt9/fishbot_ws/install/micro_ros_agent/lib/python3.10/site-packages'
[32.193s] Level 1:colcon.colcon_core.environment:checking '/home/hw/chapt9/fishbot_ws/install/micro_ros_agent/bin'
[32.194s] INFO:colcon.colcon_core.shell:Creating package script '/home/hw/chapt9/fishbot_ws/install/micro_ros_agent/share/micro_ros_agent/package.ps1'
[32.194s] INFO:colcon.colcon_core.shell:Creating package descriptor '/home/hw/chapt9/fishbot_ws/install/micro_ros_agent/share/micro_ros_agent/package.dsv'
[32.195s] INFO:colcon.colcon_core.shell:Creating package script '/home/hw/chapt9/fishbot_ws/install/micro_ros_agent/share/micro_ros_agent/package.sh'
[32.195s] INFO:colcon.colcon_core.shell:Creating package script '/home/hw/chapt9/fishbot_ws/install/micro_ros_agent/share/micro_ros_agent/package.bash'
[32.196s] INFO:colcon.colcon_core.shell:Creating package script '/home/hw/chapt9/fishbot_ws/install/micro_ros_agent/share/micro_ros_agent/package.zsh'
[32.196s] Level 1:colcon.colcon_core.environment:create_file_with_runtime_dependencies(/home/hw/chapt9/fishbot_ws/install/micro_ros_agent/share/colcon-core/packages/micro_ros_agent)
[32.197s] Level 1:colcon.colcon_core.environment:create_environment_scripts_only(micro_ros_agent)
[32.197s] Level 1:colcon.colcon_core.environment:checking '/home/hw/chapt9/fishbot_ws/install/micro_ros_agent' for CMake module files
[32.197s] Level 1:colcon.colcon_core.environment:checking '/home/hw/chapt9/fishbot_ws/install/micro_ros_agent' for CMake config files
[32.198s] Level 1:colcon.colcon_core.shell:create_environment_hook('micro_ros_agent', 'cmake_prefix_path')
[32.198s] INFO:colcon.colcon_core.shell:Creating environment hook '/home/hw/chapt9/fishbot_ws/install/micro_ros_agent/share/micro_ros_agent/hook/cmake_prefix_path.ps1'
[32.199s] INFO:colcon.colcon_core.shell:Creating environment descriptor '/home/hw/chapt9/fishbot_ws/install/micro_ros_agent/share/micro_ros_agent/hook/cmake_prefix_path.dsv'
[32.199s] INFO:colcon.colcon_core.shell:Creating environment hook '/home/hw/chapt9/fishbot_ws/install/micro_ros_agent/share/micro_ros_agent/hook/cmake_prefix_path.sh'
[32.200s] Level 1:colcon.colcon_core.environment:checking '/home/hw/chapt9/fishbot_ws/install/micro_ros_agent/lib'
[32.200s] Level 1:colcon.colcon_core.shell:create_environment_hook('micro_ros_agent', 'ld_library_path_lib')
[32.201s] INFO:colcon.colcon_core.shell:Creating environment hook '/home/hw/chapt9/fishbot_ws/install/micro_ros_agent/share/micro_ros_agent/hook/ld_library_path_lib.ps1'
[32.201s] INFO:colcon.colcon_core.shell:Creating environment descriptor '/home/hw/chapt9/fishbot_ws/install/micro_ros_agent/share/micro_ros_agent/hook/ld_library_path_lib.dsv'
[32.202s] INFO:colcon.colcon_core.shell:Creating environment hook '/home/hw/chapt9/fishbot_ws/install/micro_ros_agent/share/micro_ros_agent/hook/ld_library_path_lib.sh'
[32.202s] Level 1:colcon.colcon_core.environment:checking '/home/hw/chapt9/fishbot_ws/install/micro_ros_agent/bin'
[32.203s] Level 1:colcon.colcon_core.environment:checking '/home/hw/chapt9/fishbot_ws/install/micro_ros_agent/lib/pkgconfig/micro_ros_agent.pc'
[32.203s] Level 1:colcon.colcon_core.environment:checking '/home/hw/chapt9/fishbot_ws/install/micro_ros_agent/lib/python3.10/site-packages'
[32.203s] Level 1:colcon.colcon_core.environment:checking '/home/hw/chapt9/fishbot_ws/install/micro_ros_agent/bin'
[32.203s] INFO:colcon.colcon_core.shell:Creating package script '/home/hw/chapt9/fishbot_ws/install/micro_ros_agent/share/micro_ros_agent/package.ps1'
[32.204s] INFO:colcon.colcon_core.shell:Creating package descriptor '/home/hw/chapt9/fishbot_ws/install/micro_ros_agent/share/micro_ros_agent/package.dsv'
[32.205s] INFO:colcon.colcon_core.shell:Creating package script '/home/hw/chapt9/fishbot_ws/install/micro_ros_agent/share/micro_ros_agent/package.sh'
[32.206s] INFO:colcon.colcon_core.shell:Creating package script '/home/hw/chapt9/fishbot_ws/install/micro_ros_agent/share/micro_ros_agent/package.bash'
[32.206s] INFO:colcon.colcon_core.shell:Creating package script '/home/hw/chapt9/fishbot_ws/install/micro_ros_agent/share/micro_ros_agent/package.zsh'
[32.207s] Level 1:colcon.colcon_core.environment:create_file_with_runtime_dependencies(/home/hw/chapt9/fishbot_ws/install/micro_ros_agent/share/colcon-core/packages/micro_ros_agent)
[32.207s] DEBUG:colcon.colcon_parallel_executor.executor.parallel:closing loop
[32.208s] DEBUG:colcon.colcon_parallel_executor.executor.parallel:loop closed
[32.208s] DEBUG:colcon.colcon_parallel_executor.executor.parallel:run_until_complete finished with '0'
[32.208s] DEBUG:colcon.colcon_core.event_reactor:joining thread
[32.216s] INFO:colcon.colcon_core.plugin_system:Skipping extension 'colcon_notification.desktop_notification.terminal_notifier': Not used on non-Darwin systems
[32.216s] INFO:colcon.colcon_core.plugin_system:Skipping extension 'colcon_notification.desktop_notification.win32': Not used on non-Windows systems
[32.216s] INFO:colcon.colcon_notification.desktop_notification:Sending desktop notification using 'notify2'
[32.231s] DEBUG:colcon.colcon_core.event_reactor:joined thread
[32.232s] INFO:colcon.colcon_core.shell:Creating prefix script '/home/hw/chapt9/fishbot_ws/install/local_setup.ps1'
[32.232s] INFO:colcon.colcon_core.shell:Creating prefix util module '/home/hw/chapt9/fishbot_ws/install/_local_setup_util_ps1.py'
[32.234s] INFO:colcon.colcon_core.shell:Creating prefix chain script '/home/hw/chapt9/fishbot_ws/install/setup.ps1'
[32.235s] INFO:colcon.colcon_core.shell:Creating prefix script '/home/hw/chapt9/fishbot_ws/install/local_setup.sh'
[32.235s] INFO:colcon.colcon_core.shell:Creating prefix util module '/home/hw/chapt9/fishbot_ws/install/_local_setup_util_sh.py'
[32.236s] INFO:colcon.colcon_core.shell:Creating prefix chain script '/home/hw/chapt9/fishbot_ws/install/setup.sh'
[32.236s] INFO:colcon.colcon_core.shell:Creating prefix script '/home/hw/chapt9/fishbot_ws/install/local_setup.bash'
[32.237s] INFO:colcon.colcon_core.shell:Creating prefix chain script '/home/hw/chapt9/fishbot_ws/install/setup.bash'
[32.238s] INFO:colcon.colcon_core.shell:Creating prefix script '/home/hw/chapt9/fishbot_ws/install/local_setup.zsh'
[32.239s] INFO:colcon.colcon_core.shell:Creating prefix chain script '/home/hw/chapt9/fishbot_ws/install/setup.zsh'
