[0.109s] DEBUG:colcon:Command line arguments: ['/usr/bin/colcon', 'build']
[0.110s] DEBUG:colcon:Parsed command line arguments: Namespace(log_base=None, log_level=None, verb_name='build', build_base='build', install_base='install', merge_install=False, symlink_install=False, test_result_base=None, continue_on_error=False, executor='parallel', parallel_workers=16, event_handlers=None, ignore_user_meta=False, metas=['./colcon.meta'], base_paths=['.'], packages_ignore=None, packages_ignore_regex=None, paths=None, packages_up_to=None, packages_up_to_regex=None, packages_above=None, packages_above_and_dependencies=None, packages_above_depth=None, packages_select_by_dep=None, packages_skip_by_dep=None, packages_skip_up_to=None, packages_select_build_failed=False, packages_skip_build_finished=False, packages_select_test_failures=False, packages_skip_test_passed=False, packages_select=None, packages_skip=None, packages_select_regex=None, packages_skip_regex=None, packages_start=None, packages_end=None, allow_overriding=[], cmake_args=None, cmake_target=None, cmake_target_skip_unavailable=False, cmake_clean_cache=False, cmake_clean_first=False, cmake_force_configure=False, ament_cmake_args=None, catkin_cmake_args=None, catkin_skip_building_tests=False, mixin_files=None, mixin=None, verb_parser=<colcon_mixin.mixin.mixin_argument.MixinArgumentDecorator object at 0x77335ff59450>, verb_extension=<colcon_core.verb.build.BuildVerb object at 0x77335feceb00>, main=<bound method BuildVerb.main of <colcon_core.verb.build.BuildVerb object at 0x77335feceb00>>, mixin_verb=('build',))
[0.325s] Level 1:colcon.colcon_core.package_discovery:discover_packages(colcon_meta) check parameters
[0.325s] Level 1:colcon.colcon_core.package_discovery:discover_packages(recursive) check parameters
[0.325s] Level 1:colcon.colcon_core.package_discovery:discover_packages(ignore) check parameters
[0.325s] Level 1:colcon.colcon_core.package_discovery:discover_packages(path) check parameters
[0.325s] Level 1:colcon.colcon_core.package_discovery:discover_packages(colcon_meta) discover
[0.325s] Level 1:colcon.colcon_core.package_discovery:discover_packages(recursive) discover
[0.325s] INFO:colcon.colcon_core.package_discovery:Crawling recursively for packages in '/home/hw/chapt9/fishbot_ws'
[0.325s] Level 1:colcon.colcon_core.package_identification:_identify(.) by extensions ['ignore', 'ignore_ament_install']
[0.325s] Level 1:colcon.colcon_core.package_identification:_identify(.) by extension 'ignore'
[0.326s] Level 1:colcon.colcon_core.package_identification:_identify(.) by extension 'ignore_ament_install'
[0.326s] Level 1:colcon.colcon_core.package_identification:_identify(.) by extensions ['colcon_pkg']
[0.326s] Level 1:colcon.colcon_core.package_identification:_identify(.) by extension 'colcon_pkg'
[0.326s] Level 1:colcon.colcon_core.package_identification:_identify(.) by extensions ['colcon_meta']
[0.326s] Level 1:colcon.colcon_core.package_identification:_identify(.) by extension 'colcon_meta'
[0.326s] Level 1:colcon.colcon_core.package_identification:_identify(.) by extensions ['ros']
[0.326s] Level 1:colcon.colcon_core.package_identification:_identify(.) by extension 'ros'
[0.344s] Level 1:colcon.colcon_core.package_identification:_identify(.) by extensions ['cmake', 'python']
[0.344s] Level 1:colcon.colcon_core.package_identification:_identify(.) by extension 'cmake'
[0.344s] Level 1:colcon.colcon_core.package_identification:_identify(.) by extension 'python'
[0.344s] Level 1:colcon.colcon_core.package_identification:_identify(.) by extensions ['python_setup_py']
[0.344s] Level 1:colcon.colcon_core.package_identification:_identify(.) by extension 'python_setup_py'
[0.344s] Level 1:colcon.colcon_core.package_identification:_identify(build) by extensions ['ignore', 'ignore_ament_install']
[0.344s] Level 1:colcon.colcon_core.package_identification:_identify(build) by extension 'ignore'
[0.344s] Level 1:colcon.colcon_core.package_identification:_identify(build) ignored
[0.345s] Level 1:colcon.colcon_core.package_identification:_identify(install) by extensions ['ignore', 'ignore_ament_install']
[0.345s] Level 1:colcon.colcon_core.package_identification:_identify(install) by extension 'ignore'
[0.345s] Level 1:colcon.colcon_core.package_identification:_identify(install) ignored
[0.345s] Level 1:colcon.colcon_core.package_identification:_identify(log) by extensions ['ignore', 'ignore_ament_install']
[0.345s] Level 1:colcon.colcon_core.package_identification:_identify(log) by extension 'ignore'
[0.345s] Level 1:colcon.colcon_core.package_identification:_identify(log) ignored
[0.345s] Level 1:colcon.colcon_core.package_identification:_identify(src) by extensions ['ignore', 'ignore_ament_install']
[0.345s] Level 1:colcon.colcon_core.package_identification:_identify(src) by extension 'ignore'
[0.345s] Level 1:colcon.colcon_core.package_identification:_identify(src) by extension 'ignore_ament_install'
[0.345s] Level 1:colcon.colcon_core.package_identification:_identify(src) by extensions ['colcon_pkg']
[0.345s] Level 1:colcon.colcon_core.package_identification:_identify(src) by extension 'colcon_pkg'
[0.346s] Level 1:colcon.colcon_core.package_identification:_identify(src) by extensions ['colcon_meta']
[0.346s] Level 1:colcon.colcon_core.package_identification:_identify(src) by extension 'colcon_meta'
[0.346s] Level 1:colcon.colcon_core.package_identification:_identify(src) by extensions ['ros']
[0.346s] Level 1:colcon.colcon_core.package_identification:_identify(src) by extension 'ros'
[0.346s] Level 1:colcon.colcon_core.package_identification:_identify(src) by extensions ['cmake', 'python']
[0.346s] Level 1:colcon.colcon_core.package_identification:_identify(src) by extension 'cmake'
[0.346s] Level 1:colcon.colcon_core.package_identification:_identify(src) by extension 'python'
[0.346s] Level 1:colcon.colcon_core.package_identification:_identify(src) by extensions ['python_setup_py']
[0.346s] Level 1:colcon.colcon_core.package_identification:_identify(src) by extension 'python_setup_py'
[0.346s] Level 1:colcon.colcon_core.package_identification:_identify(src/bring_up) by extensions ['ignore', 'ignore_ament_install']
[0.346s] Level 1:colcon.colcon_core.package_identification:_identify(src/bring_up) by extension 'ignore'
[0.346s] Level 1:colcon.colcon_core.package_identification:_identify(src/bring_up) by extension 'ignore_ament_install'
[0.346s] Level 1:colcon.colcon_core.package_identification:_identify(src/bring_up) by extensions ['colcon_pkg']
[0.346s] Level 1:colcon.colcon_core.package_identification:_identify(src/bring_up) by extension 'colcon_pkg'
[0.347s] Level 1:colcon.colcon_core.package_identification:_identify(src/bring_up) by extensions ['colcon_meta']
[0.347s] Level 1:colcon.colcon_core.package_identification:_identify(src/bring_up) by extension 'colcon_meta'
[0.347s] Level 1:colcon.colcon_core.package_identification:_identify(src/bring_up) by extensions ['ros']
[0.347s] Level 1:colcon.colcon_core.package_identification:_identify(src/bring_up) by extension 'ros'
[0.349s] DEBUG:colcon.colcon_core.package_identification:Package 'src/bring_up' with type 'ros.ament_cmake' and name 'fishbot_bringup'
[0.350s] Level 1:colcon.colcon_core.package_identification:_identify(src/bring_up1) by extensions ['ignore', 'ignore_ament_install']
[0.350s] Level 1:colcon.colcon_core.package_identification:_identify(src/bring_up1) by extension 'ignore'
[0.350s] Level 1:colcon.colcon_core.package_identification:_identify(src/bring_up1) by extension 'ignore_ament_install'
[0.350s] Level 1:colcon.colcon_core.package_identification:_identify(src/bring_up1) by extensions ['colcon_pkg']
[0.350s] Level 1:colcon.colcon_core.package_identification:_identify(src/bring_up1) by extension 'colcon_pkg'
[0.350s] Level 1:colcon.colcon_core.package_identification:_identify(src/bring_up1) by extensions ['colcon_meta']
[0.350s] Level 1:colcon.colcon_core.package_identification:_identify(src/bring_up1) by extension 'colcon_meta'
[0.350s] Level 1:colcon.colcon_core.package_identification:_identify(src/bring_up1) by extensions ['ros']
[0.350s] Level 1:colcon.colcon_core.package_identification:_identify(src/bring_up1) by extension 'ros'
[0.351s] DEBUG:colcon.colcon_core.package_identification:Package 'src/bring_up1' with type 'ros.ament_cmake' and name 'bring_up'
[0.351s] Level 1:colcon.colcon_core.package_identification:_identify(src/micro-ROS-Agent) by extensions ['ignore', 'ignore_ament_install']
[0.351s] Level 1:colcon.colcon_core.package_identification:_identify(src/micro-ROS-Agent) by extension 'ignore'
[0.351s] Level 1:colcon.colcon_core.package_identification:_identify(src/micro-ROS-Agent) by extension 'ignore_ament_install'
[0.351s] Level 1:colcon.colcon_core.package_identification:_identify(src/micro-ROS-Agent) by extensions ['colcon_pkg']
[0.351s] Level 1:colcon.colcon_core.package_identification:_identify(src/micro-ROS-Agent) by extension 'colcon_pkg'
[0.351s] Level 1:colcon.colcon_core.package_identification:_identify(src/micro-ROS-Agent) by extensions ['colcon_meta']
[0.351s] Level 1:colcon.colcon_core.package_identification:_identify(src/micro-ROS-Agent) by extension 'colcon_meta'
[0.351s] Level 1:colcon.colcon_core.package_identification:_identify(src/micro-ROS-Agent) by extensions ['ros']
[0.351s] Level 1:colcon.colcon_core.package_identification:_identify(src/micro-ROS-Agent) by extension 'ros'
[0.351s] Level 1:colcon.colcon_core.package_identification:_identify(src/micro-ROS-Agent) by extensions ['cmake', 'python']
[0.352s] Level 1:colcon.colcon_core.package_identification:_identify(src/micro-ROS-Agent) by extension 'cmake'
[0.352s] Level 1:colcon.colcon_core.package_identification:_identify(src/micro-ROS-Agent) by extension 'python'
[0.352s] Level 1:colcon.colcon_core.package_identification:_identify(src/micro-ROS-Agent) by extensions ['python_setup_py']
[0.352s] Level 1:colcon.colcon_core.package_identification:_identify(src/micro-ROS-Agent) by extension 'python_setup_py'
[0.352s] Level 1:colcon.colcon_core.package_identification:_identify(src/micro-ROS-Agent/micro_ros_agent) by extensions ['ignore', 'ignore_ament_install']
[0.352s] Level 1:colcon.colcon_core.package_identification:_identify(src/micro-ROS-Agent/micro_ros_agent) by extension 'ignore'
[0.352s] Level 1:colcon.colcon_core.package_identification:_identify(src/micro-ROS-Agent/micro_ros_agent) by extension 'ignore_ament_install'
[0.352s] Level 1:colcon.colcon_core.package_identification:_identify(src/micro-ROS-Agent/micro_ros_agent) by extensions ['colcon_pkg']
[0.352s] Level 1:colcon.colcon_core.package_identification:_identify(src/micro-ROS-Agent/micro_ros_agent) by extension 'colcon_pkg'
[0.352s] Level 1:colcon.colcon_core.package_identification:_identify(src/micro-ROS-Agent/micro_ros_agent) by extensions ['colcon_meta']
[0.352s] Level 1:colcon.colcon_core.package_identification:_identify(src/micro-ROS-Agent/micro_ros_agent) by extension 'colcon_meta'
[0.352s] Level 1:colcon.colcon_core.package_identification:_identify(src/micro-ROS-Agent/micro_ros_agent) by extensions ['ros']
[0.352s] Level 1:colcon.colcon_core.package_identification:_identify(src/micro-ROS-Agent/micro_ros_agent) by extension 'ros'
[0.353s] DEBUG:colcon.colcon_core.package_identification:Package 'src/micro-ROS-Agent/micro_ros_agent' with type 'ros.ament_cmake' and name 'micro_ros_agent'
[0.354s] Level 1:colcon.colcon_core.package_identification:_identify(src/micro-ROS-Agent/snap) by extensions ['ignore', 'ignore_ament_install']
[0.354s] Level 1:colcon.colcon_core.package_identification:_identify(src/micro-ROS-Agent/snap) by extension 'ignore'
[0.354s] Level 1:colcon.colcon_core.package_identification:_identify(src/micro-ROS-Agent/snap) by extension 'ignore_ament_install'
[0.354s] Level 1:colcon.colcon_core.package_identification:_identify(src/micro-ROS-Agent/snap) by extensions ['colcon_pkg']
[0.354s] Level 1:colcon.colcon_core.package_identification:_identify(src/micro-ROS-Agent/snap) by extension 'colcon_pkg'
[0.354s] Level 1:colcon.colcon_core.package_identification:_identify(src/micro-ROS-Agent/snap) by extensions ['colcon_meta']
[0.354s] Level 1:colcon.colcon_core.package_identification:_identify(src/micro-ROS-Agent/snap) by extension 'colcon_meta'
[0.354s] Level 1:colcon.colcon_core.package_identification:_identify(src/micro-ROS-Agent/snap) by extensions ['ros']
[0.354s] Level 1:colcon.colcon_core.package_identification:_identify(src/micro-ROS-Agent/snap) by extension 'ros'
[0.354s] Level 1:colcon.colcon_core.package_identification:_identify(src/micro-ROS-Agent/snap) by extensions ['cmake', 'python']
[0.354s] Level 1:colcon.colcon_core.package_identification:_identify(src/micro-ROS-Agent/snap) by extension 'cmake'
[0.354s] Level 1:colcon.colcon_core.package_identification:_identify(src/micro-ROS-Agent/snap) by extension 'python'
[0.354s] Level 1:colcon.colcon_core.package_identification:_identify(src/micro-ROS-Agent/snap) by extensions ['python_setup_py']
[0.354s] Level 1:colcon.colcon_core.package_identification:_identify(src/micro-ROS-Agent/snap) by extension 'python_setup_py'
[0.355s] Level 1:colcon.colcon_core.package_identification:_identify(src/micro-ROS-Agent/snap/hooks) by extensions ['ignore', 'ignore_ament_install']
[0.355s] Level 1:colcon.colcon_core.package_identification:_identify(src/micro-ROS-Agent/snap/hooks) by extension 'ignore'
[0.355s] Level 1:colcon.colcon_core.package_identification:_identify(src/micro-ROS-Agent/snap/hooks) by extension 'ignore_ament_install'
[0.355s] Level 1:colcon.colcon_core.package_identification:_identify(src/micro-ROS-Agent/snap/hooks) by extensions ['colcon_pkg']
[0.355s] Level 1:colcon.colcon_core.package_identification:_identify(src/micro-ROS-Agent/snap/hooks) by extension 'colcon_pkg'
[0.355s] Level 1:colcon.colcon_core.package_identification:_identify(src/micro-ROS-Agent/snap/hooks) by extensions ['colcon_meta']
[0.355s] Level 1:colcon.colcon_core.package_identification:_identify(src/micro-ROS-Agent/snap/hooks) by extension 'colcon_meta'
[0.355s] Level 1:colcon.colcon_core.package_identification:_identify(src/micro-ROS-Agent/snap/hooks) by extensions ['ros']
[0.355s] Level 1:colcon.colcon_core.package_identification:_identify(src/micro-ROS-Agent/snap/hooks) by extension 'ros'
[0.355s] Level 1:colcon.colcon_core.package_identification:_identify(src/micro-ROS-Agent/snap/hooks) by extensions ['cmake', 'python']
[0.355s] Level 1:colcon.colcon_core.package_identification:_identify(src/micro-ROS-Agent/snap/hooks) by extension 'cmake'
[0.355s] Level 1:colcon.colcon_core.package_identification:_identify(src/micro-ROS-Agent/snap/hooks) by extension 'python'
[0.355s] Level 1:colcon.colcon_core.package_identification:_identify(src/micro-ROS-Agent/snap/hooks) by extensions ['python_setup_py']
[0.355s] Level 1:colcon.colcon_core.package_identification:_identify(src/micro-ROS-Agent/snap/hooks) by extension 'python_setup_py'
[0.356s] Level 1:colcon.colcon_core.package_identification:_identify(src/micro-ROS-Agent/snap/local) by extensions ['ignore', 'ignore_ament_install']
[0.356s] Level 1:colcon.colcon_core.package_identification:_identify(src/micro-ROS-Agent/snap/local) by extension 'ignore'
[0.356s] Level 1:colcon.colcon_core.package_identification:_identify(src/micro-ROS-Agent/snap/local) by extension 'ignore_ament_install'
[0.356s] Level 1:colcon.colcon_core.package_identification:_identify(src/micro-ROS-Agent/snap/local) by extensions ['colcon_pkg']
[0.356s] Level 1:colcon.colcon_core.package_identification:_identify(src/micro-ROS-Agent/snap/local) by extension 'colcon_pkg'
[0.356s] Level 1:colcon.colcon_core.package_identification:_identify(src/micro-ROS-Agent/snap/local) by extensions ['colcon_meta']
[0.356s] Level 1:colcon.colcon_core.package_identification:_identify(src/micro-ROS-Agent/snap/local) by extension 'colcon_meta'
[0.356s] Level 1:colcon.colcon_core.package_identification:_identify(src/micro-ROS-Agent/snap/local) by extensions ['ros']
[0.356s] Level 1:colcon.colcon_core.package_identification:_identify(src/micro-ROS-Agent/snap/local) by extension 'ros'
[0.356s] Level 1:colcon.colcon_core.package_identification:_identify(src/micro-ROS-Agent/snap/local) by extensions ['cmake', 'python']
[0.356s] Level 1:colcon.colcon_core.package_identification:_identify(src/micro-ROS-Agent/snap/local) by extension 'cmake'
[0.356s] Level 1:colcon.colcon_core.package_identification:_identify(src/micro-ROS-Agent/snap/local) by extension 'python'
[0.356s] Level 1:colcon.colcon_core.package_identification:_identify(src/micro-ROS-Agent/snap/local) by extensions ['python_setup_py']
[0.356s] Level 1:colcon.colcon_core.package_identification:_identify(src/micro-ROS-Agent/snap/local) by extension 'python_setup_py'
[0.357s] Level 1:colcon.colcon_core.package_identification:_identify(src/micro_ros_msgs) by extensions ['ignore', 'ignore_ament_install']
[0.357s] Level 1:colcon.colcon_core.package_identification:_identify(src/micro_ros_msgs) by extension 'ignore'
[0.357s] Level 1:colcon.colcon_core.package_identification:_identify(src/micro_ros_msgs) by extension 'ignore_ament_install'
[0.357s] Level 1:colcon.colcon_core.package_identification:_identify(src/micro_ros_msgs) by extensions ['colcon_pkg']
[0.357s] Level 1:colcon.colcon_core.package_identification:_identify(src/micro_ros_msgs) by extension 'colcon_pkg'
[0.357s] Level 1:colcon.colcon_core.package_identification:_identify(src/micro_ros_msgs) by extensions ['colcon_meta']
[0.357s] Level 1:colcon.colcon_core.package_identification:_identify(src/micro_ros_msgs) by extension 'colcon_meta'
[0.357s] Level 1:colcon.colcon_core.package_identification:_identify(src/micro_ros_msgs) by extensions ['ros']
[0.357s] Level 1:colcon.colcon_core.package_identification:_identify(src/micro_ros_msgs) by extension 'ros'
[0.358s] DEBUG:colcon.colcon_core.package_identification:Package 'src/micro_ros_msgs' with type 'ros.ament_cmake' and name 'micro_ros_msgs'
[0.358s] Level 1:colcon.colcon_core.package_identification:_identify(src/robot_description) by extensions ['ignore', 'ignore_ament_install']
[0.358s] Level 1:colcon.colcon_core.package_identification:_identify(src/robot_description) by extension 'ignore'
[0.358s] Level 1:colcon.colcon_core.package_identification:_identify(src/robot_description) by extension 'ignore_ament_install'
[0.358s] Level 1:colcon.colcon_core.package_identification:_identify(src/robot_description) by extensions ['colcon_pkg']
[0.358s] Level 1:colcon.colcon_core.package_identification:_identify(src/robot_description) by extension 'colcon_pkg'
[0.358s] Level 1:colcon.colcon_core.package_identification:_identify(src/robot_description) by extensions ['colcon_meta']
[0.358s] Level 1:colcon.colcon_core.package_identification:_identify(src/robot_description) by extension 'colcon_meta'
[0.358s] Level 1:colcon.colcon_core.package_identification:_identify(src/robot_description) by extensions ['ros']
[0.358s] Level 1:colcon.colcon_core.package_identification:_identify(src/robot_description) by extension 'ros'
[0.359s] DEBUG:colcon.colcon_core.package_identification:Package 'src/robot_description' with type 'ros.ament_cmake' and name 'robot_description'
[0.359s] Level 1:colcon.colcon_core.package_identification:_identify(src/robot_navigation2) by extensions ['ignore', 'ignore_ament_install']
[0.359s] Level 1:colcon.colcon_core.package_identification:_identify(src/robot_navigation2) by extension 'ignore'
[0.359s] Level 1:colcon.colcon_core.package_identification:_identify(src/robot_navigation2) by extension 'ignore_ament_install'
[0.360s] Level 1:colcon.colcon_core.package_identification:_identify(src/robot_navigation2) by extensions ['colcon_pkg']
[0.360s] Level 1:colcon.colcon_core.package_identification:_identify(src/robot_navigation2) by extension 'colcon_pkg'
[0.360s] Level 1:colcon.colcon_core.package_identification:_identify(src/robot_navigation2) by extensions ['colcon_meta']
[0.360s] Level 1:colcon.colcon_core.package_identification:_identify(src/robot_navigation2) by extension 'colcon_meta'
[0.360s] Level 1:colcon.colcon_core.package_identification:_identify(src/robot_navigation2) by extensions ['ros']
[0.360s] Level 1:colcon.colcon_core.package_identification:_identify(src/robot_navigation2) by extension 'ros'
[0.361s] DEBUG:colcon.colcon_core.package_identification:Package 'src/robot_navigation2' with type 'ros.ament_cmake' and name 'robot_navigation2'
[0.361s] Level 1:colcon.colcon_core.package_identification:_identify(src/ros_serial2wifi) by extensions ['ignore', 'ignore_ament_install']
[0.361s] Level 1:colcon.colcon_core.package_identification:_identify(src/ros_serial2wifi) by extension 'ignore'
[0.361s] Level 1:colcon.colcon_core.package_identification:_identify(src/ros_serial2wifi) by extension 'ignore_ament_install'
[0.361s] Level 1:colcon.colcon_core.package_identification:_identify(src/ros_serial2wifi) by extensions ['colcon_pkg']
[0.361s] Level 1:colcon.colcon_core.package_identification:_identify(src/ros_serial2wifi) by extension 'colcon_pkg'
[0.361s] Level 1:colcon.colcon_core.package_identification:_identify(src/ros_serial2wifi) by extensions ['colcon_meta']
[0.361s] Level 1:colcon.colcon_core.package_identification:_identify(src/ros_serial2wifi) by extension 'colcon_meta'
[0.361s] Level 1:colcon.colcon_core.package_identification:_identify(src/ros_serial2wifi) by extensions ['ros']
[0.361s] Level 1:colcon.colcon_core.package_identification:_identify(src/ros_serial2wifi) by extension 'ros'
[0.362s] DEBUG:colcon.colcon_core.package_identification:Package 'src/ros_serial2wifi' with type 'ros.ament_python' and name 'ros_serial2wifi'
[0.362s] Level 1:colcon.colcon_core.package_identification:_identify(src/ydlidar_ros2) by extensions ['ignore', 'ignore_ament_install']
[0.362s] Level 1:colcon.colcon_core.package_identification:_identify(src/ydlidar_ros2) by extension 'ignore'
[0.362s] Level 1:colcon.colcon_core.package_identification:_identify(src/ydlidar_ros2) by extension 'ignore_ament_install'
[0.362s] Level 1:colcon.colcon_core.package_identification:_identify(src/ydlidar_ros2) by extensions ['colcon_pkg']
[0.362s] Level 1:colcon.colcon_core.package_identification:_identify(src/ydlidar_ros2) by extension 'colcon_pkg'
[0.362s] Level 1:colcon.colcon_core.package_identification:_identify(src/ydlidar_ros2) by extensions ['colcon_meta']
[0.362s] Level 1:colcon.colcon_core.package_identification:_identify(src/ydlidar_ros2) by extension 'colcon_meta'
[0.362s] Level 1:colcon.colcon_core.package_identification:_identify(src/ydlidar_ros2) by extensions ['ros']
[0.362s] Level 1:colcon.colcon_core.package_identification:_identify(src/ydlidar_ros2) by extension 'ros'
[0.363s] DEBUG:colcon.colcon_core.package_identification:Package 'src/ydlidar_ros2' with type 'ros.ament_cmake' and name 'ydlidar'
[0.363s] Level 1:colcon.colcon_core.package_discovery:discover_packages(recursive) using defaults
[0.363s] Level 1:colcon.colcon_core.package_discovery:discover_packages(ignore) discover
[0.363s] Level 1:colcon.colcon_core.package_discovery:discover_packages(ignore) using defaults
[0.363s] Level 1:colcon.colcon_core.package_discovery:discover_packages(path) discover
[0.363s] Level 1:colcon.colcon_core.package_discovery:discover_packages(path) using defaults
[0.385s] Level 1:colcon.colcon_core.package_discovery:discover_packages(prefix_path) check parameters
[0.385s] Level 1:colcon.colcon_core.package_discovery:discover_packages(prefix_path) discover
[0.388s] DEBUG:colcon.colcon_installed_package_information.package_discovery:Found 8 installed packages in /home/hw/chapt9/fishbot_ws/install
[0.390s] DEBUG:colcon.colcon_installed_package_information.package_discovery:Found 469 installed packages in /opt/ros/humble
[0.392s] Level 1:colcon.colcon_core.package_discovery:discover_packages(prefix_path) using defaults
[0.445s] Level 5:colcon.colcon_core.verb:set package 'bring_up' build argument 'cmake_args' from command line to 'None'
[0.445s] Level 5:colcon.colcon_core.verb:set package 'bring_up' build argument 'cmake_target' from command line to 'None'
[0.445s] Level 5:colcon.colcon_core.verb:set package 'bring_up' build argument 'cmake_target_skip_unavailable' from command line to 'False'
[0.445s] Level 5:colcon.colcon_core.verb:set package 'bring_up' build argument 'cmake_clean_cache' from command line to 'False'
[0.445s] Level 5:colcon.colcon_core.verb:set package 'bring_up' build argument 'cmake_clean_first' from command line to 'False'
[0.445s] Level 5:colcon.colcon_core.verb:set package 'bring_up' build argument 'cmake_force_configure' from command line to 'False'
[0.445s] Level 5:colcon.colcon_core.verb:set package 'bring_up' build argument 'ament_cmake_args' from command line to 'None'
[0.445s] Level 5:colcon.colcon_core.verb:set package 'bring_up' build argument 'catkin_cmake_args' from command line to 'None'
[0.445s] Level 5:colcon.colcon_core.verb:set package 'bring_up' build argument 'catkin_skip_building_tests' from command line to 'False'
[0.445s] DEBUG:colcon.colcon_core.verb:Building package 'bring_up' with the following arguments: {'ament_cmake_args': None, 'build_base': '/home/hw/chapt9/fishbot_ws/build/bring_up', 'catkin_cmake_args': None, 'catkin_skip_building_tests': False, 'cmake_args': None, 'cmake_clean_cache': False, 'cmake_clean_first': False, 'cmake_force_configure': False, 'cmake_target': None, 'cmake_target_skip_unavailable': False, 'install_base': '/home/hw/chapt9/fishbot_ws/install/bring_up', 'merge_install': False, 'path': '/home/hw/chapt9/fishbot_ws/src/bring_up1', 'symlink_install': False, 'test_result_base': None}
[0.446s] Level 5:colcon.colcon_core.verb:set package 'fishbot_bringup' build argument 'cmake_args' from command line to 'None'
[0.446s] Level 5:colcon.colcon_core.verb:set package 'fishbot_bringup' build argument 'cmake_target' from command line to 'None'
[0.446s] Level 5:colcon.colcon_core.verb:set package 'fishbot_bringup' build argument 'cmake_target_skip_unavailable' from command line to 'False'
[0.446s] Level 5:colcon.colcon_core.verb:set package 'fishbot_bringup' build argument 'cmake_clean_cache' from command line to 'False'
[0.446s] Level 5:colcon.colcon_core.verb:set package 'fishbot_bringup' build argument 'cmake_clean_first' from command line to 'False'
[0.446s] Level 5:colcon.colcon_core.verb:set package 'fishbot_bringup' build argument 'cmake_force_configure' from command line to 'False'
[0.446s] Level 5:colcon.colcon_core.verb:set package 'fishbot_bringup' build argument 'ament_cmake_args' from command line to 'None'
[0.446s] Level 5:colcon.colcon_core.verb:set package 'fishbot_bringup' build argument 'catkin_cmake_args' from command line to 'None'
[0.446s] Level 5:colcon.colcon_core.verb:set package 'fishbot_bringup' build argument 'catkin_skip_building_tests' from command line to 'False'
[0.446s] DEBUG:colcon.colcon_core.verb:Building package 'fishbot_bringup' with the following arguments: {'ament_cmake_args': None, 'build_base': '/home/hw/chapt9/fishbot_ws/build/fishbot_bringup', 'catkin_cmake_args': None, 'catkin_skip_building_tests': False, 'cmake_args': None, 'cmake_clean_cache': False, 'cmake_clean_first': False, 'cmake_force_configure': False, 'cmake_target': None, 'cmake_target_skip_unavailable': False, 'install_base': '/home/hw/chapt9/fishbot_ws/install/fishbot_bringup', 'merge_install': False, 'path': '/home/hw/chapt9/fishbot_ws/src/bring_up', 'symlink_install': False, 'test_result_base': None}
[0.446s] Level 5:colcon.colcon_core.verb:set package 'micro_ros_msgs' build argument 'cmake_args' from command line to 'None'
[0.446s] Level 5:colcon.colcon_core.verb:set package 'micro_ros_msgs' build argument 'cmake_target' from command line to 'None'
[0.446s] Level 5:colcon.colcon_core.verb:set package 'micro_ros_msgs' build argument 'cmake_target_skip_unavailable' from command line to 'False'
[0.446s] Level 5:colcon.colcon_core.verb:set package 'micro_ros_msgs' build argument 'cmake_clean_cache' from command line to 'False'
[0.446s] Level 5:colcon.colcon_core.verb:set package 'micro_ros_msgs' build argument 'cmake_clean_first' from command line to 'False'
[0.446s] Level 5:colcon.colcon_core.verb:set package 'micro_ros_msgs' build argument 'cmake_force_configure' from command line to 'False'
[0.446s] Level 5:colcon.colcon_core.verb:set package 'micro_ros_msgs' build argument 'ament_cmake_args' from command line to 'None'
[0.446s] Level 5:colcon.colcon_core.verb:set package 'micro_ros_msgs' build argument 'catkin_cmake_args' from command line to 'None'
[0.446s] Level 5:colcon.colcon_core.verb:set package 'micro_ros_msgs' build argument 'catkin_skip_building_tests' from command line to 'False'
[0.446s] DEBUG:colcon.colcon_core.verb:Building package 'micro_ros_msgs' with the following arguments: {'ament_cmake_args': None, 'build_base': '/home/hw/chapt9/fishbot_ws/build/micro_ros_msgs', 'catkin_cmake_args': None, 'catkin_skip_building_tests': False, 'cmake_args': None, 'cmake_clean_cache': False, 'cmake_clean_first': False, 'cmake_force_configure': False, 'cmake_target': None, 'cmake_target_skip_unavailable': False, 'install_base': '/home/hw/chapt9/fishbot_ws/install/micro_ros_msgs', 'merge_install': False, 'path': '/home/hw/chapt9/fishbot_ws/src/micro_ros_msgs', 'symlink_install': False, 'test_result_base': None}
[0.447s] Level 5:colcon.colcon_core.verb:set package 'robot_description' build argument 'cmake_args' from command line to 'None'
[0.447s] Level 5:colcon.colcon_core.verb:set package 'robot_description' build argument 'cmake_target' from command line to 'None'
[0.447s] Level 5:colcon.colcon_core.verb:set package 'robot_description' build argument 'cmake_target_skip_unavailable' from command line to 'False'
[0.447s] Level 5:colcon.colcon_core.verb:set package 'robot_description' build argument 'cmake_clean_cache' from command line to 'False'
[0.447s] Level 5:colcon.colcon_core.verb:set package 'robot_description' build argument 'cmake_clean_first' from command line to 'False'
[0.447s] Level 5:colcon.colcon_core.verb:set package 'robot_description' build argument 'cmake_force_configure' from command line to 'False'
[0.447s] Level 5:colcon.colcon_core.verb:set package 'robot_description' build argument 'ament_cmake_args' from command line to 'None'
[0.447s] Level 5:colcon.colcon_core.verb:set package 'robot_description' build argument 'catkin_cmake_args' from command line to 'None'
[0.447s] Level 5:colcon.colcon_core.verb:set package 'robot_description' build argument 'catkin_skip_building_tests' from command line to 'False'
[0.447s] DEBUG:colcon.colcon_core.verb:Building package 'robot_description' with the following arguments: {'ament_cmake_args': None, 'build_base': '/home/hw/chapt9/fishbot_ws/build/robot_description', 'catkin_cmake_args': None, 'catkin_skip_building_tests': False, 'cmake_args': None, 'cmake_clean_cache': False, 'cmake_clean_first': False, 'cmake_force_configure': False, 'cmake_target': None, 'cmake_target_skip_unavailable': False, 'install_base': '/home/hw/chapt9/fishbot_ws/install/robot_description', 'merge_install': False, 'path': '/home/hw/chapt9/fishbot_ws/src/robot_description', 'symlink_install': False, 'test_result_base': None}
[0.447s] Level 5:colcon.colcon_core.verb:set package 'robot_navigation2' build argument 'cmake_args' from command line to 'None'
[0.447s] Level 5:colcon.colcon_core.verb:set package 'robot_navigation2' build argument 'cmake_target' from command line to 'None'
[0.448s] Level 5:colcon.colcon_core.verb:set package 'robot_navigation2' build argument 'cmake_target_skip_unavailable' from command line to 'False'
[0.448s] Level 5:colcon.colcon_core.verb:set package 'robot_navigation2' build argument 'cmake_clean_cache' from command line to 'False'
[0.448s] Level 5:colcon.colcon_core.verb:set package 'robot_navigation2' build argument 'cmake_clean_first' from command line to 'False'
[0.448s] Level 5:colcon.colcon_core.verb:set package 'robot_navigation2' build argument 'cmake_force_configure' from command line to 'False'
[0.448s] Level 5:colcon.colcon_core.verb:set package 'robot_navigation2' build argument 'ament_cmake_args' from command line to 'None'
[0.448s] Level 5:colcon.colcon_core.verb:set package 'robot_navigation2' build argument 'catkin_cmake_args' from command line to 'None'
[0.448s] Level 5:colcon.colcon_core.verb:set package 'robot_navigation2' build argument 'catkin_skip_building_tests' from command line to 'False'
[0.448s] DEBUG:colcon.colcon_core.verb:Building package 'robot_navigation2' with the following arguments: {'ament_cmake_args': None, 'build_base': '/home/hw/chapt9/fishbot_ws/build/robot_navigation2', 'catkin_cmake_args': None, 'catkin_skip_building_tests': False, 'cmake_args': None, 'cmake_clean_cache': False, 'cmake_clean_first': False, 'cmake_force_configure': False, 'cmake_target': None, 'cmake_target_skip_unavailable': False, 'install_base': '/home/hw/chapt9/fishbot_ws/install/robot_navigation2', 'merge_install': False, 'path': '/home/hw/chapt9/fishbot_ws/src/robot_navigation2', 'symlink_install': False, 'test_result_base': None}
[0.448s] Level 5:colcon.colcon_core.verb:set package 'ros_serial2wifi' build argument 'cmake_args' from command line to 'None'
[0.448s] Level 5:colcon.colcon_core.verb:set package 'ros_serial2wifi' build argument 'cmake_target' from command line to 'None'
[0.448s] Level 5:colcon.colcon_core.verb:set package 'ros_serial2wifi' build argument 'cmake_target_skip_unavailable' from command line to 'False'
[0.448s] Level 5:colcon.colcon_core.verb:set package 'ros_serial2wifi' build argument 'cmake_clean_cache' from command line to 'False'
[0.448s] Level 5:colcon.colcon_core.verb:set package 'ros_serial2wifi' build argument 'cmake_clean_first' from command line to 'False'
[0.448s] Level 5:colcon.colcon_core.verb:set package 'ros_serial2wifi' build argument 'cmake_force_configure' from command line to 'False'
[0.448s] Level 5:colcon.colcon_core.verb:set package 'ros_serial2wifi' build argument 'ament_cmake_args' from command line to 'None'
[0.448s] Level 5:colcon.colcon_core.verb:set package 'ros_serial2wifi' build argument 'catkin_cmake_args' from command line to 'None'
[0.448s] Level 5:colcon.colcon_core.verb:set package 'ros_serial2wifi' build argument 'catkin_skip_building_tests' from command line to 'False'
[0.448s] DEBUG:colcon.colcon_core.verb:Building package 'ros_serial2wifi' with the following arguments: {'ament_cmake_args': None, 'build_base': '/home/hw/chapt9/fishbot_ws/build/ros_serial2wifi', 'catkin_cmake_args': None, 'catkin_skip_building_tests': False, 'cmake_args': None, 'cmake_clean_cache': False, 'cmake_clean_first': False, 'cmake_force_configure': False, 'cmake_target': None, 'cmake_target_skip_unavailable': False, 'install_base': '/home/hw/chapt9/fishbot_ws/install/ros_serial2wifi', 'merge_install': False, 'path': '/home/hw/chapt9/fishbot_ws/src/ros_serial2wifi', 'symlink_install': False, 'test_result_base': None}
[0.449s] Level 5:colcon.colcon_core.verb:set package 'ydlidar' build argument 'cmake_args' from command line to 'None'
[0.449s] Level 5:colcon.colcon_core.verb:set package 'ydlidar' build argument 'cmake_target' from command line to 'None'
[0.449s] Level 5:colcon.colcon_core.verb:set package 'ydlidar' build argument 'cmake_target_skip_unavailable' from command line to 'False'
[0.449s] Level 5:colcon.colcon_core.verb:set package 'ydlidar' build argument 'cmake_clean_cache' from command line to 'False'
[0.449s] Level 5:colcon.colcon_core.verb:set package 'ydlidar' build argument 'cmake_clean_first' from command line to 'False'
[0.449s] Level 5:colcon.colcon_core.verb:set package 'ydlidar' build argument 'cmake_force_configure' from command line to 'False'
[0.449s] Level 5:colcon.colcon_core.verb:set package 'ydlidar' build argument 'ament_cmake_args' from command line to 'None'
[0.449s] Level 5:colcon.colcon_core.verb:set package 'ydlidar' build argument 'catkin_cmake_args' from command line to 'None'
[0.449s] Level 5:colcon.colcon_core.verb:set package 'ydlidar' build argument 'catkin_skip_building_tests' from command line to 'False'
[0.449s] DEBUG:colcon.colcon_core.verb:Building package 'ydlidar' with the following arguments: {'ament_cmake_args': None, 'build_base': '/home/hw/chapt9/fishbot_ws/build/ydlidar', 'catkin_cmake_args': None, 'catkin_skip_building_tests': False, 'cmake_args': None, 'cmake_clean_cache': False, 'cmake_clean_first': False, 'cmake_force_configure': False, 'cmake_target': None, 'cmake_target_skip_unavailable': False, 'install_base': '/home/hw/chapt9/fishbot_ws/install/ydlidar', 'merge_install': False, 'path': '/home/hw/chapt9/fishbot_ws/src/ydlidar_ros2', 'symlink_install': False, 'test_result_base': None}
[0.449s] Level 5:colcon.colcon_core.verb:set package 'micro_ros_agent' build argument 'cmake_args' from command line to 'None'
[0.449s] Level 5:colcon.colcon_core.verb:set package 'micro_ros_agent' build argument 'cmake_target' from command line to 'None'
[0.449s] Level 5:colcon.colcon_core.verb:set package 'micro_ros_agent' build argument 'cmake_target_skip_unavailable' from command line to 'False'
[0.449s] Level 5:colcon.colcon_core.verb:set package 'micro_ros_agent' build argument 'cmake_clean_cache' from command line to 'False'
[0.449s] Level 5:colcon.colcon_core.verb:set package 'micro_ros_agent' build argument 'cmake_clean_first' from command line to 'False'
[0.449s] Level 5:colcon.colcon_core.verb:set package 'micro_ros_agent' build argument 'cmake_force_configure' from command line to 'False'
[0.449s] Level 5:colcon.colcon_core.verb:set package 'micro_ros_agent' build argument 'ament_cmake_args' from command line to 'None'
[0.450s] Level 5:colcon.colcon_core.verb:set package 'micro_ros_agent' build argument 'catkin_cmake_args' from command line to 'None'
[0.450s] Level 5:colcon.colcon_core.verb:set package 'micro_ros_agent' build argument 'catkin_skip_building_tests' from command line to 'False'
[0.450s] DEBUG:colcon.colcon_core.verb:Building package 'micro_ros_agent' with the following arguments: {'ament_cmake_args': None, 'build_base': '/home/hw/chapt9/fishbot_ws/build/micro_ros_agent', 'catkin_cmake_args': None, 'catkin_skip_building_tests': False, 'cmake_args': None, 'cmake_clean_cache': False, 'cmake_clean_first': False, 'cmake_force_configure': False, 'cmake_target': None, 'cmake_target_skip_unavailable': False, 'install_base': '/home/hw/chapt9/fishbot_ws/install/micro_ros_agent', 'merge_install': False, 'path': '/home/hw/chapt9/fishbot_ws/src/micro-ROS-Agent/micro_ros_agent', 'symlink_install': False, 'test_result_base': None}
[0.450s] INFO:colcon.colcon_core.executor:Executing jobs using 'parallel' executor
[0.452s] DEBUG:colcon.colcon_parallel_executor.executor.parallel:run_until_complete
[0.452s] INFO:colcon.colcon_ros.task.ament_cmake.build:Building ROS package in '/home/hw/chapt9/fishbot_ws/src/micro_ros_msgs' with build type 'ament_cmake'
[0.453s] INFO:colcon.colcon_cmake.task.cmake.build:Building CMake package in '/home/hw/chapt9/fishbot_ws/src/micro_ros_msgs'
[0.456s] INFO:colcon.colcon_core.plugin_system:Skipping extension 'colcon_core.shell.bat': Not used on non-Windows systems
[0.456s] INFO:colcon.colcon_core.shell:Skip shell extension 'powershell' for command environment: Not usable outside of PowerShell
[0.456s] DEBUG:colcon.colcon_core.shell:Skip shell extension 'dsv' for command environment
[0.461s] INFO:colcon.colcon_ros.task.ament_cmake.build:Building ROS package in '/home/hw/chapt9/fishbot_ws/src/bring_up1' with build type 'ament_cmake'
[0.461s] INFO:colcon.colcon_cmake.task.cmake.build:Building CMake package in '/home/hw/chapt9/fishbot_ws/src/bring_up1'
[0.462s] INFO:colcon.colcon_core.shell:Skip shell extension 'powershell' for command environment: Not usable outside of PowerShell
[0.462s] DEBUG:colcon.colcon_core.shell:Skip shell extension 'dsv' for command environment
[0.468s] INFO:colcon.colcon_ros.task.ament_cmake.build:Building ROS package in '/home/hw/chapt9/fishbot_ws/src/bring_up' with build type 'ament_cmake'
[0.468s] INFO:colcon.colcon_cmake.task.cmake.build:Building CMake package in '/home/hw/chapt9/fishbot_ws/src/bring_up'
[0.468s] INFO:colcon.colcon_core.shell:Skip shell extension 'powershell' for command environment: Not usable outside of PowerShell
[0.468s] DEBUG:colcon.colcon_core.shell:Skip shell extension 'dsv' for command environment
[0.474s] INFO:colcon.colcon_ros.task.ament_cmake.build:Building ROS package in '/home/hw/chapt9/fishbot_ws/src/robot_description' with build type 'ament_cmake'
[0.475s] INFO:colcon.colcon_cmake.task.cmake.build:Building CMake package in '/home/hw/chapt9/fishbot_ws/src/robot_description'
[0.475s] INFO:colcon.colcon_core.shell:Skip shell extension 'powershell' for command environment: Not usable outside of PowerShell
[0.475s] DEBUG:colcon.colcon_core.shell:Skip shell extension 'dsv' for command environment
[0.481s] INFO:colcon.colcon_ros.task.ament_cmake.build:Building ROS package in '/home/hw/chapt9/fishbot_ws/src/robot_navigation2' with build type 'ament_cmake'
[0.482s] INFO:colcon.colcon_cmake.task.cmake.build:Building CMake package in '/home/hw/chapt9/fishbot_ws/src/robot_navigation2'
[0.482s] INFO:colcon.colcon_core.shell:Skip shell extension 'powershell' for command environment: Not usable outside of PowerShell
[0.482s] DEBUG:colcon.colcon_core.shell:Skip shell extension 'dsv' for command environment
[0.488s] INFO:colcon.colcon_ros.task.ament_python.build:Building ROS package in '/home/hw/chapt9/fishbot_ws/src/ros_serial2wifi' with build type 'ament_python'
[0.489s] Level 1:colcon.colcon_core.shell:create_environment_hook('ros_serial2wifi', 'ament_prefix_path')
[0.489s] INFO:colcon.colcon_core.shell:Creating environment hook '/home/hw/chapt9/fishbot_ws/install/ros_serial2wifi/share/ros_serial2wifi/hook/ament_prefix_path.ps1'
[0.490s] INFO:colcon.colcon_core.shell:Creating environment descriptor '/home/hw/chapt9/fishbot_ws/install/ros_serial2wifi/share/ros_serial2wifi/hook/ament_prefix_path.dsv'
[0.491s] INFO:colcon.colcon_core.shell:Creating environment hook '/home/hw/chapt9/fishbot_ws/install/ros_serial2wifi/share/ros_serial2wifi/hook/ament_prefix_path.sh'
[0.492s] INFO:colcon.colcon_core.shell:Skip shell extension 'powershell' for command environment: Not usable outside of PowerShell
[0.493s] DEBUG:colcon.colcon_core.shell:Skip shell extension 'dsv' for command environment
[0.498s] INFO:colcon.colcon_ros.task.ament_cmake.build:Building ROS package in '/home/hw/chapt9/fishbot_ws/src/ydlidar_ros2' with build type 'ament_cmake'
[0.498s] INFO:colcon.colcon_cmake.task.cmake.build:Building CMake package in '/home/hw/chapt9/fishbot_ws/src/ydlidar_ros2'
[0.498s] INFO:colcon.colcon_core.shell:Skip shell extension 'powershell' for command environment: Not usable outside of PowerShell
[0.498s] DEBUG:colcon.colcon_core.shell:Skip shell extension 'dsv' for command environment
[0.514s] DEBUG:colcon.colcon_core.event_handler.log_command:Invoking command in '/home/hw/chapt9/fishbot_ws/build/micro_ros_msgs': CMAKE_PREFIX_PATH=${CMAKE_PREFIX_PATH}:/home/hw/chapt9/fishbot_ws/install/ros_serial2wifi:/opt/ros/humble /usr/bin/cmake --build /home/hw/chapt9/fishbot_ws/build/micro_ros_msgs -- -j16 -l16
[0.519s] DEBUG:colcon.colcon_core.event_handler.log_command:Invoking command in '/home/hw/chapt9/fishbot_ws/build/bring_up': CMAKE_PREFIX_PATH=${CMAKE_PREFIX_PATH}:/home/hw/chapt9/fishbot_ws/install/ros_serial2wifi:/opt/ros/humble /usr/bin/cmake --build /home/hw/chapt9/fishbot_ws/build/bring_up -- -j16 -l16
[0.528s] DEBUG:colcon.colcon_core.event_handler.log_command:Invoking command in '/home/hw/chapt9/fishbot_ws/build/fishbot_bringup': CMAKE_PREFIX_PATH=${CMAKE_PREFIX_PATH}:/home/hw/chapt9/fishbot_ws/install/ros_serial2wifi:/opt/ros/humble /usr/bin/cmake --build /home/hw/chapt9/fishbot_ws/build/fishbot_bringup -- -j16 -l16
[0.530s] DEBUG:colcon.colcon_core.event_handler.log_command:Invoking command in '/home/hw/chapt9/fishbot_ws/build/robot_description': CMAKE_PREFIX_PATH=${CMAKE_PREFIX_PATH}:/home/hw/chapt9/fishbot_ws/install/ros_serial2wifi:/opt/ros/humble /usr/bin/cmake --build /home/hw/chapt9/fishbot_ws/build/robot_description -- -j16 -l16
[0.535s] DEBUG:colcon.colcon_core.event_handler.log_command:Invoking command in '/home/hw/chapt9/fishbot_ws/build/robot_navigation2': CMAKE_PREFIX_PATH=${CMAKE_PREFIX_PATH}:/home/hw/chapt9/fishbot_ws/install/ros_serial2wifi:/opt/ros/humble /usr/bin/cmake --build /home/hw/chapt9/fishbot_ws/build/robot_navigation2 -- -j16 -l16
[0.847s] INFO:colcon.colcon_core.task.python.build:Building Python package in '/home/hw/chapt9/fishbot_ws/src/ros_serial2wifi'
[0.848s] INFO:colcon.colcon_core.shell:Skip shell extension 'powershell' for command environment: Not usable outside of PowerShell
[0.848s] DEBUG:colcon.colcon_core.shell:Skip shell extension 'dsv' for command environment
[0.871s] DEBUG:colcon.colcon_core.event_handler.log_command:Invoked command in '/home/hw/chapt9/fishbot_ws/build/robot_description' returned '0': CMAKE_PREFIX_PATH=${CMAKE_PREFIX_PATH}:/home/hw/chapt9/fishbot_ws/install/ros_serial2wifi:/opt/ros/humble /usr/bin/cmake --build /home/hw/chapt9/fishbot_ws/build/robot_description -- -j16 -l16
[0.887s] DEBUG:colcon.colcon_core.event_handler.log_command:Invoking command in '/home/hw/chapt9/fishbot_ws/build/robot_description': CMAKE_PREFIX_PATH=${CMAKE_PREFIX_PATH}:/home/hw/chapt9/fishbot_ws/install/ros_serial2wifi:/opt/ros/humble /usr/bin/cmake --install /home/hw/chapt9/fishbot_ws/build/robot_description
[0.887s] DEBUG:colcon.colcon_core.event_handler.log_command:Invoked command in '/home/hw/chapt9/fishbot_ws/build/robot_navigation2' returned '0': CMAKE_PREFIX_PATH=${CMAKE_PREFIX_PATH}:/home/hw/chapt9/fishbot_ws/install/ros_serial2wifi:/opt/ros/humble /usr/bin/cmake --build /home/hw/chapt9/fishbot_ws/build/robot_navigation2 -- -j16 -l16
[0.888s] DEBUG:colcon.colcon_core.event_handler.log_command:Invoking command in '/home/hw/chapt9/fishbot_ws/build/robot_navigation2': CMAKE_PREFIX_PATH=${CMAKE_PREFIX_PATH}:/home/hw/chapt9/fishbot_ws/install/ros_serial2wifi:/opt/ros/humble /usr/bin/cmake --install /home/hw/chapt9/fishbot_ws/build/robot_navigation2
[0.890s] DEBUG:colcon.colcon_core.event_handler.log_command:Invoked command in '/home/hw/chapt9/fishbot_ws/build/bring_up' returned '0': CMAKE_PREFIX_PATH=${CMAKE_PREFIX_PATH}:/home/hw/chapt9/fishbot_ws/install/ros_serial2wifi:/opt/ros/humble /usr/bin/cmake --build /home/hw/chapt9/fishbot_ws/build/bring_up -- -j16 -l16
[0.892s] DEBUG:colcon.colcon_core.event_handler.log_command:Invoking command in '/home/hw/chapt9/fishbot_ws/build/bring_up': CMAKE_PREFIX_PATH=${CMAKE_PREFIX_PATH}:/home/hw/chapt9/fishbot_ws/install/ros_serial2wifi:/opt/ros/humble /usr/bin/cmake --install /home/hw/chapt9/fishbot_ws/build/bring_up
[0.905s] DEBUG:colcon.colcon_core.event_handler.log_command:Invoking command in '/home/hw/chapt9/fishbot_ws/build/ydlidar': CMAKE_PREFIX_PATH=${CMAKE_PREFIX_PATH}:/home/hw/chapt9/fishbot_ws/install/ros_serial2wifi:/opt/ros/humble /usr/bin/cmake --build /home/hw/chapt9/fishbot_ws/build/ydlidar -- -j16 -l16
[0.906s] DEBUG:colcon.colcon_core.event_handler.log_command:Invoked command in '/home/hw/chapt9/fishbot_ws/build/fishbot_bringup' returned '0': CMAKE_PREFIX_PATH=${CMAKE_PREFIX_PATH}:/home/hw/chapt9/fishbot_ws/install/ros_serial2wifi:/opt/ros/humble /usr/bin/cmake --build /home/hw/chapt9/fishbot_ws/build/fishbot_bringup -- -j16 -l16
[0.909s] DEBUG:colcon.colcon_core.event_handler.log_command:Invoking command in '/home/hw/chapt9/fishbot_ws/build/fishbot_bringup': CMAKE_PREFIX_PATH=${CMAKE_PREFIX_PATH}:/home/hw/chapt9/fishbot_ws/install/ros_serial2wifi:/opt/ros/humble /usr/bin/cmake --install /home/hw/chapt9/fishbot_ws/build/fishbot_bringup
[0.916s] Level 1:colcon.colcon_core.environment:create_environment_scripts_only(robot_navigation2)
[0.924s] Level 1:colcon.colcon_core.environment:checking '/home/hw/chapt9/fishbot_ws/install/robot_navigation2' for CMake module files
[0.927s] Level 1:colcon.colcon_core.environment:checking '/home/hw/chapt9/fishbot_ws/install/robot_navigation2' for CMake config files
[0.933s] Level 1:colcon.colcon_core.shell:create_environment_hook('robot_navigation2', 'cmake_prefix_path')
[0.934s] INFO:colcon.colcon_core.shell:Creating environment hook '/home/hw/chapt9/fishbot_ws/install/robot_navigation2/share/robot_navigation2/hook/cmake_prefix_path.ps1'
[0.936s] INFO:colcon.colcon_core.shell:Creating environment descriptor '/home/hw/chapt9/fishbot_ws/install/robot_navigation2/share/robot_navigation2/hook/cmake_prefix_path.dsv'
[0.937s] DEBUG:colcon.colcon_core.event_handler.log_command:Invoked command in '/home/hw/chapt9/fishbot_ws/build/robot_navigation2' returned '0': CMAKE_PREFIX_PATH=${CMAKE_PREFIX_PATH}:/home/hw/chapt9/fishbot_ws/install/ros_serial2wifi:/opt/ros/humble /usr/bin/cmake --install /home/hw/chapt9/fishbot_ws/build/robot_navigation2
[0.937s] INFO:colcon.colcon_core.shell:Creating environment hook '/home/hw/chapt9/fishbot_ws/install/robot_navigation2/share/robot_navigation2/hook/cmake_prefix_path.sh'
[0.939s] Level 1:colcon.colcon_core.environment:checking '/home/hw/chapt9/fishbot_ws/install/robot_navigation2/bin'
[0.939s] Level 1:colcon.colcon_core.environment:checking '/home/hw/chapt9/fishbot_ws/install/robot_navigation2/lib/pkgconfig/robot_navigation2.pc'
[0.939s] Level 1:colcon.colcon_core.environment:checking '/home/hw/chapt9/fishbot_ws/install/robot_navigation2/lib/python3.10/site-packages'
[0.940s] Level 1:colcon.colcon_core.environment:checking '/home/hw/chapt9/fishbot_ws/install/robot_navigation2/bin'
[0.940s] INFO:colcon.colcon_core.shell:Creating package script '/home/hw/chapt9/fishbot_ws/install/robot_navigation2/share/robot_navigation2/package.ps1'
[0.941s] INFO:colcon.colcon_core.shell:Creating package descriptor '/home/hw/chapt9/fishbot_ws/install/robot_navigation2/share/robot_navigation2/package.dsv'
[0.942s] INFO:colcon.colcon_core.shell:Creating package script '/home/hw/chapt9/fishbot_ws/install/robot_navigation2/share/robot_navigation2/package.sh'
[0.943s] INFO:colcon.colcon_core.shell:Creating package script '/home/hw/chapt9/fishbot_ws/install/robot_navigation2/share/robot_navigation2/package.bash'
[0.944s] INFO:colcon.colcon_core.shell:Creating package script '/home/hw/chapt9/fishbot_ws/install/robot_navigation2/share/robot_navigation2/package.zsh'
[0.945s] Level 1:colcon.colcon_core.environment:create_file_with_runtime_dependencies(/home/hw/chapt9/fishbot_ws/install/robot_navigation2/share/colcon-core/packages/robot_navigation2)
[0.946s] Level 1:colcon.colcon_core.environment:create_environment_scripts_only(robot_navigation2)
[0.946s] Level 1:colcon.colcon_core.environment:checking '/home/hw/chapt9/fishbot_ws/install/robot_navigation2' for CMake module files
[0.946s] Level 1:colcon.colcon_core.environment:checking '/home/hw/chapt9/fishbot_ws/install/robot_navigation2' for CMake config files
[0.947s] Level 1:colcon.colcon_core.shell:create_environment_hook('robot_navigation2', 'cmake_prefix_path')
[0.947s] INFO:colcon.colcon_core.shell:Creating environment hook '/home/hw/chapt9/fishbot_ws/install/robot_navigation2/share/robot_navigation2/hook/cmake_prefix_path.ps1'
[0.948s] INFO:colcon.colcon_core.shell:Creating environment descriptor '/home/hw/chapt9/fishbot_ws/install/robot_navigation2/share/robot_navigation2/hook/cmake_prefix_path.dsv'
[0.949s] INFO:colcon.colcon_core.shell:Creating environment hook '/home/hw/chapt9/fishbot_ws/install/robot_navigation2/share/robot_navigation2/hook/cmake_prefix_path.sh'
[0.949s] Level 1:colcon.colcon_core.environment:checking '/home/hw/chapt9/fishbot_ws/install/robot_navigation2/bin'
[0.950s] Level 1:colcon.colcon_core.environment:checking '/home/hw/chapt9/fishbot_ws/install/robot_navigation2/lib/pkgconfig/robot_navigation2.pc'
[0.950s] Level 1:colcon.colcon_core.environment:checking '/home/hw/chapt9/fishbot_ws/install/robot_navigation2/lib/python3.10/site-packages'
[0.950s] Level 1:colcon.colcon_core.environment:checking '/home/hw/chapt9/fishbot_ws/install/robot_navigation2/bin'
[0.951s] INFO:colcon.colcon_core.shell:Creating package script '/home/hw/chapt9/fishbot_ws/install/robot_navigation2/share/robot_navigation2/package.ps1'
[0.951s] INFO:colcon.colcon_core.shell:Creating package descriptor '/home/hw/chapt9/fishbot_ws/install/robot_navigation2/share/robot_navigation2/package.dsv'
[0.952s] INFO:colcon.colcon_core.shell:Creating package script '/home/hw/chapt9/fishbot_ws/install/robot_navigation2/share/robot_navigation2/package.sh'
[0.953s] INFO:colcon.colcon_core.shell:Creating package script '/home/hw/chapt9/fishbot_ws/install/robot_navigation2/share/robot_navigation2/package.bash'
[0.953s] INFO:colcon.colcon_core.shell:Creating package script '/home/hw/chapt9/fishbot_ws/install/robot_navigation2/share/robot_navigation2/package.zsh'
[0.954s] Level 1:colcon.colcon_core.environment:create_file_with_runtime_dependencies(/home/hw/chapt9/fishbot_ws/install/robot_navigation2/share/colcon-core/packages/robot_navigation2)
[0.955s] Level 1:colcon.colcon_core.environment:create_environment_scripts_only(bring_up)
[0.955s] Level 1:colcon.colcon_core.environment:checking '/home/hw/chapt9/fishbot_ws/install/bring_up' for CMake module files
[0.958s] DEBUG:colcon.colcon_core.event_handler.log_command:Invoked command in '/home/hw/chapt9/fishbot_ws/build/bring_up' returned '0': CMAKE_PREFIX_PATH=${CMAKE_PREFIX_PATH}:/home/hw/chapt9/fishbot_ws/install/ros_serial2wifi:/opt/ros/humble /usr/bin/cmake --install /home/hw/chapt9/fishbot_ws/build/bring_up
[0.958s] Level 1:colcon.colcon_core.environment:checking '/home/hw/chapt9/fishbot_ws/install/bring_up' for CMake config files
[0.958s] Level 1:colcon.colcon_core.shell:create_environment_hook('bring_up', 'cmake_prefix_path')
[0.959s] INFO:colcon.colcon_core.shell:Creating environment hook '/home/hw/chapt9/fishbot_ws/install/bring_up/share/bring_up/hook/cmake_prefix_path.ps1'
[0.959s] INFO:colcon.colcon_core.shell:Creating environment descriptor '/home/hw/chapt9/fishbot_ws/install/bring_up/share/bring_up/hook/cmake_prefix_path.dsv'
[0.960s] INFO:colcon.colcon_core.shell:Creating environment hook '/home/hw/chapt9/fishbot_ws/install/bring_up/share/bring_up/hook/cmake_prefix_path.sh'
[0.961s] Level 1:colcon.colcon_core.environment:checking '/home/hw/chapt9/fishbot_ws/install/bring_up/lib'
[0.961s] Level 1:colcon.colcon_core.environment:checking '/home/hw/chapt9/fishbot_ws/install/bring_up/bin'
[0.961s] Level 1:colcon.colcon_core.environment:checking '/home/hw/chapt9/fishbot_ws/install/bring_up/lib/pkgconfig/bring_up.pc'
[0.962s] Level 1:colcon.colcon_core.environment:checking '/home/hw/chapt9/fishbot_ws/install/bring_up/lib/python3.10/site-packages'
[0.962s] Level 1:colcon.colcon_core.environment:checking '/home/hw/chapt9/fishbot_ws/install/bring_up/bin'
[0.962s] INFO:colcon.colcon_core.shell:Creating package script '/home/hw/chapt9/fishbot_ws/install/bring_up/share/bring_up/package.ps1'
[0.963s] INFO:colcon.colcon_core.shell:Creating package descriptor '/home/hw/chapt9/fishbot_ws/install/bring_up/share/bring_up/package.dsv'
[0.964s] INFO:colcon.colcon_core.shell:Creating package script '/home/hw/chapt9/fishbot_ws/install/bring_up/share/bring_up/package.sh'
[0.965s] INFO:colcon.colcon_core.shell:Creating package script '/home/hw/chapt9/fishbot_ws/install/bring_up/share/bring_up/package.bash'
[0.965s] INFO:colcon.colcon_core.shell:Creating package script '/home/hw/chapt9/fishbot_ws/install/bring_up/share/bring_up/package.zsh'
[0.966s] Level 1:colcon.colcon_core.environment:create_file_with_runtime_dependencies(/home/hw/chapt9/fishbot_ws/install/bring_up/share/colcon-core/packages/bring_up)
[0.967s] Level 1:colcon.colcon_core.environment:create_environment_scripts_only(bring_up)
[0.967s] Level 1:colcon.colcon_core.environment:checking '/home/hw/chapt9/fishbot_ws/install/bring_up' for CMake module files
[0.967s] Level 1:colcon.colcon_core.environment:checking '/home/hw/chapt9/fishbot_ws/install/bring_up' for CMake config files
[0.968s] Level 1:colcon.colcon_core.shell:create_environment_hook('bring_up', 'cmake_prefix_path')
[0.968s] INFO:colcon.colcon_core.shell:Creating environment hook '/home/hw/chapt9/fishbot_ws/install/bring_up/share/bring_up/hook/cmake_prefix_path.ps1'
[0.970s] INFO:colcon.colcon_core.shell:Creating environment descriptor '/home/hw/chapt9/fishbot_ws/install/bring_up/share/bring_up/hook/cmake_prefix_path.dsv'
[0.970s] INFO:colcon.colcon_core.shell:Creating environment hook '/home/hw/chapt9/fishbot_ws/install/bring_up/share/bring_up/hook/cmake_prefix_path.sh'
[0.972s] Level 1:colcon.colcon_core.environment:checking '/home/hw/chapt9/fishbot_ws/install/bring_up/lib'
[0.972s] Level 1:colcon.colcon_core.environment:checking '/home/hw/chapt9/fishbot_ws/install/bring_up/bin'
[0.972s] Level 1:colcon.colcon_core.environment:checking '/home/hw/chapt9/fishbot_ws/install/bring_up/lib/pkgconfig/bring_up.pc'
[0.972s] Level 1:colcon.colcon_core.environment:checking '/home/hw/chapt9/fishbot_ws/install/bring_up/lib/python3.10/site-packages'
[0.973s] Level 1:colcon.colcon_core.environment:checking '/home/hw/chapt9/fishbot_ws/install/bring_up/bin'
[0.973s] INFO:colcon.colcon_core.shell:Creating package script '/home/hw/chapt9/fishbot_ws/install/bring_up/share/bring_up/package.ps1'
[0.974s] INFO:colcon.colcon_core.shell:Creating package descriptor '/home/hw/chapt9/fishbot_ws/install/bring_up/share/bring_up/package.dsv'
[0.975s] INFO:colcon.colcon_core.shell:Creating package script '/home/hw/chapt9/fishbot_ws/install/bring_up/share/bring_up/package.sh'
[0.975s] INFO:colcon.colcon_core.shell:Creating package script '/home/hw/chapt9/fishbot_ws/install/bring_up/share/bring_up/package.bash'
[0.976s] INFO:colcon.colcon_core.shell:Creating package script '/home/hw/chapt9/fishbot_ws/install/bring_up/share/bring_up/package.zsh'
[0.977s] Level 1:colcon.colcon_core.environment:create_file_with_runtime_dependencies(/home/hw/chapt9/fishbot_ws/install/bring_up/share/colcon-core/packages/bring_up)
[0.977s] Level 1:colcon.colcon_core.environment:create_environment_scripts_only(robot_description)
[0.978s] Level 1:colcon.colcon_core.environment:checking '/home/hw/chapt9/fishbot_ws/install/robot_description' for CMake module files
[0.979s] Level 1:colcon.colcon_core.environment:checking '/home/hw/chapt9/fishbot_ws/install/robot_description' for CMake config files
[0.981s] DEBUG:colcon.colcon_core.event_handler.log_command:Invoked command in '/home/hw/chapt9/fishbot_ws/build/robot_description' returned '0': CMAKE_PREFIX_PATH=${CMAKE_PREFIX_PATH}:/home/hw/chapt9/fishbot_ws/install/ros_serial2wifi:/opt/ros/humble /usr/bin/cmake --install /home/hw/chapt9/fishbot_ws/build/robot_description
[0.981s] Level 1:colcon.colcon_core.shell:create_environment_hook('robot_description', 'cmake_prefix_path')
[0.981s] INFO:colcon.colcon_core.shell:Creating environment hook '/home/hw/chapt9/fishbot_ws/install/robot_description/share/robot_description/hook/cmake_prefix_path.ps1'
[0.982s] INFO:colcon.colcon_core.shell:Creating environment descriptor '/home/hw/chapt9/fishbot_ws/install/robot_description/share/robot_description/hook/cmake_prefix_path.dsv'
[0.982s] INFO:colcon.colcon_core.shell:Creating environment hook '/home/hw/chapt9/fishbot_ws/install/robot_description/share/robot_description/hook/cmake_prefix_path.sh'
[0.983s] Level 1:colcon.colcon_core.environment:checking '/home/hw/chapt9/fishbot_ws/install/robot_description/bin'
[0.983s] Level 1:colcon.colcon_core.environment:checking '/home/hw/chapt9/fishbot_ws/install/robot_description/lib/pkgconfig/robot_description.pc'
[0.984s] Level 1:colcon.colcon_core.environment:checking '/home/hw/chapt9/fishbot_ws/install/robot_description/lib/python3.10/site-packages'
[0.984s] Level 1:colcon.colcon_core.environment:checking '/home/hw/chapt9/fishbot_ws/install/robot_description/bin'
[0.984s] INFO:colcon.colcon_core.shell:Creating package script '/home/hw/chapt9/fishbot_ws/install/robot_description/share/robot_description/package.ps1'
[0.985s] INFO:colcon.colcon_core.shell:Creating package descriptor '/home/hw/chapt9/fishbot_ws/install/robot_description/share/robot_description/package.dsv'
[0.985s] INFO:colcon.colcon_core.shell:Creating package script '/home/hw/chapt9/fishbot_ws/install/robot_description/share/robot_description/package.sh'
[0.986s] INFO:colcon.colcon_core.shell:Creating package script '/home/hw/chapt9/fishbot_ws/install/robot_description/share/robot_description/package.bash'
[0.986s] INFO:colcon.colcon_core.shell:Creating package script '/home/hw/chapt9/fishbot_ws/install/robot_description/share/robot_description/package.zsh'
[0.987s] Level 1:colcon.colcon_core.environment:create_file_with_runtime_dependencies(/home/hw/chapt9/fishbot_ws/install/robot_description/share/colcon-core/packages/robot_description)
[0.988s] Level 1:colcon.colcon_core.environment:create_environment_scripts_only(robot_description)
[0.988s] Level 1:colcon.colcon_core.environment:checking '/home/hw/chapt9/fishbot_ws/install/robot_description' for CMake module files
[0.988s] Level 1:colcon.colcon_core.environment:checking '/home/hw/chapt9/fishbot_ws/install/robot_description' for CMake config files
[0.988s] Level 1:colcon.colcon_core.shell:create_environment_hook('robot_description', 'cmake_prefix_path')
[0.989s] INFO:colcon.colcon_core.shell:Creating environment hook '/home/hw/chapt9/fishbot_ws/install/robot_description/share/robot_description/hook/cmake_prefix_path.ps1'
[0.989s] INFO:colcon.colcon_core.shell:Creating environment descriptor '/home/hw/chapt9/fishbot_ws/install/robot_description/share/robot_description/hook/cmake_prefix_path.dsv'
[0.990s] INFO:colcon.colcon_core.shell:Creating environment hook '/home/hw/chapt9/fishbot_ws/install/robot_description/share/robot_description/hook/cmake_prefix_path.sh'
[0.991s] Level 1:colcon.colcon_core.environment:checking '/home/hw/chapt9/fishbot_ws/install/robot_description/bin'
[0.991s] Level 1:colcon.colcon_core.environment:checking '/home/hw/chapt9/fishbot_ws/install/robot_description/lib/pkgconfig/robot_description.pc'
[0.991s] Level 1:colcon.colcon_core.environment:checking '/home/hw/chapt9/fishbot_ws/install/robot_description/lib/python3.10/site-packages'
[0.992s] Level 1:colcon.colcon_core.environment:checking '/home/hw/chapt9/fishbot_ws/install/robot_description/bin'
[0.992s] INFO:colcon.colcon_core.shell:Creating package script '/home/hw/chapt9/fishbot_ws/install/robot_description/share/robot_description/package.ps1'
[0.993s] INFO:colcon.colcon_core.shell:Creating package descriptor '/home/hw/chapt9/fishbot_ws/install/robot_description/share/robot_description/package.dsv'
[0.994s] INFO:colcon.colcon_core.shell:Creating package script '/home/hw/chapt9/fishbot_ws/install/robot_description/share/robot_description/package.sh'
[0.995s] INFO:colcon.colcon_core.shell:Creating package script '/home/hw/chapt9/fishbot_ws/install/robot_description/share/robot_description/package.bash'
[0.996s] INFO:colcon.colcon_core.shell:Creating package script '/home/hw/chapt9/fishbot_ws/install/robot_description/share/robot_description/package.zsh'
[0.996s] Level 1:colcon.colcon_core.environment:create_file_with_runtime_dependencies(/home/hw/chapt9/fishbot_ws/install/robot_description/share/colcon-core/packages/robot_description)
[0.997s] Level 1:colcon.colcon_core.environment:create_environment_scripts_only(fishbot_bringup)
[0.997s] Level 1:colcon.colcon_core.environment:checking '/home/hw/chapt9/fishbot_ws/install/fishbot_bringup' for CMake module files
[0.998s] Level 1:colcon.colcon_core.environment:checking '/home/hw/chapt9/fishbot_ws/install/fishbot_bringup' for CMake config files
[0.999s] Level 1:colcon.colcon_core.shell:create_environment_hook('fishbot_bringup', 'cmake_prefix_path')
[0.999s] INFO:colcon.colcon_core.shell:Creating environment hook '/home/hw/chapt9/fishbot_ws/install/fishbot_bringup/share/fishbot_bringup/hook/cmake_prefix_path.ps1'
[1.001s] DEBUG:colcon.colcon_core.event_handler.log_command:Invoked command in '/home/hw/chapt9/fishbot_ws/build/fishbot_bringup' returned '0': CMAKE_PREFIX_PATH=${CMAKE_PREFIX_PATH}:/home/hw/chapt9/fishbot_ws/install/ros_serial2wifi:/opt/ros/humble /usr/bin/cmake --install /home/hw/chapt9/fishbot_ws/build/fishbot_bringup
[1.001s] INFO:colcon.colcon_core.shell:Creating environment descriptor '/home/hw/chapt9/fishbot_ws/install/fishbot_bringup/share/fishbot_bringup/hook/cmake_prefix_path.dsv'
[1.001s] INFO:colcon.colcon_core.shell:Creating environment hook '/home/hw/chapt9/fishbot_ws/install/fishbot_bringup/share/fishbot_bringup/hook/cmake_prefix_path.sh'
[1.002s] Level 1:colcon.colcon_core.environment:checking '/home/hw/chapt9/fishbot_ws/install/fishbot_bringup/lib'
[1.003s] Level 1:colcon.colcon_core.environment:checking '/home/hw/chapt9/fishbot_ws/install/fishbot_bringup/bin'
[1.003s] Level 1:colcon.colcon_core.environment:checking '/home/hw/chapt9/fishbot_ws/install/fishbot_bringup/lib/pkgconfig/fishbot_bringup.pc'
[1.004s] Level 1:colcon.colcon_core.environment:checking '/home/hw/chapt9/fishbot_ws/install/fishbot_bringup/lib/python3.10/site-packages'
[1.004s] Level 1:colcon.colcon_core.environment:checking '/home/hw/chapt9/fishbot_ws/install/fishbot_bringup/bin'
[1.004s] INFO:colcon.colcon_core.shell:Creating package script '/home/hw/chapt9/fishbot_ws/install/fishbot_bringup/share/fishbot_bringup/package.ps1'
[1.005s] INFO:colcon.colcon_core.shell:Creating package descriptor '/home/hw/chapt9/fishbot_ws/install/fishbot_bringup/share/fishbot_bringup/package.dsv'
[1.006s] INFO:colcon.colcon_core.shell:Creating package script '/home/hw/chapt9/fishbot_ws/install/fishbot_bringup/share/fishbot_bringup/package.sh'
[1.007s] INFO:colcon.colcon_core.shell:Creating package script '/home/hw/chapt9/fishbot_ws/install/fishbot_bringup/share/fishbot_bringup/package.bash'
[1.008s] INFO:colcon.colcon_core.shell:Creating package script '/home/hw/chapt9/fishbot_ws/install/fishbot_bringup/share/fishbot_bringup/package.zsh'
[1.008s] Level 1:colcon.colcon_core.environment:create_file_with_runtime_dependencies(/home/hw/chapt9/fishbot_ws/install/fishbot_bringup/share/colcon-core/packages/fishbot_bringup)
[1.009s] Level 1:colcon.colcon_core.environment:create_environment_scripts_only(fishbot_bringup)
[1.009s] Level 1:colcon.colcon_core.environment:checking '/home/hw/chapt9/fishbot_ws/install/fishbot_bringup' for CMake module files
[1.010s] Level 1:colcon.colcon_core.environment:checking '/home/hw/chapt9/fishbot_ws/install/fishbot_bringup' for CMake config files
[1.010s] Level 1:colcon.colcon_core.shell:create_environment_hook('fishbot_bringup', 'cmake_prefix_path')
[1.011s] INFO:colcon.colcon_core.shell:Creating environment hook '/home/hw/chapt9/fishbot_ws/install/fishbot_bringup/share/fishbot_bringup/hook/cmake_prefix_path.ps1'
[1.011s] INFO:colcon.colcon_core.shell:Creating environment descriptor '/home/hw/chapt9/fishbot_ws/install/fishbot_bringup/share/fishbot_bringup/hook/cmake_prefix_path.dsv'
[1.012s] INFO:colcon.colcon_core.shell:Creating environment hook '/home/hw/chapt9/fishbot_ws/install/fishbot_bringup/share/fishbot_bringup/hook/cmake_prefix_path.sh'
[1.013s] Level 1:colcon.colcon_core.environment:checking '/home/hw/chapt9/fishbot_ws/install/fishbot_bringup/lib'
[1.013s] Level 1:colcon.colcon_core.environment:checking '/home/hw/chapt9/fishbot_ws/install/fishbot_bringup/bin'
[1.013s] Level 1:colcon.colcon_core.environment:checking '/home/hw/chapt9/fishbot_ws/install/fishbot_bringup/lib/pkgconfig/fishbot_bringup.pc'
[1.013s] Level 1:colcon.colcon_core.environment:checking '/home/hw/chapt9/fishbot_ws/install/fishbot_bringup/lib/python3.10/site-packages'
[1.013s] Level 1:colcon.colcon_core.environment:checking '/home/hw/chapt9/fishbot_ws/install/fishbot_bringup/bin'
[1.014s] INFO:colcon.colcon_core.shell:Creating package script '/home/hw/chapt9/fishbot_ws/install/fishbot_bringup/share/fishbot_bringup/package.ps1'
[1.014s] INFO:colcon.colcon_core.shell:Creating package descriptor '/home/hw/chapt9/fishbot_ws/install/fishbot_bringup/share/fishbot_bringup/package.dsv'
[1.015s] INFO:colcon.colcon_core.shell:Creating package script '/home/hw/chapt9/fishbot_ws/install/fishbot_bringup/share/fishbot_bringup/package.sh'
[1.016s] INFO:colcon.colcon_core.shell:Creating package script '/home/hw/chapt9/fishbot_ws/install/fishbot_bringup/share/fishbot_bringup/package.bash'
[1.017s] INFO:colcon.colcon_core.shell:Creating package script '/home/hw/chapt9/fishbot_ws/install/fishbot_bringup/share/fishbot_bringup/package.zsh'
[1.017s] Level 1:colcon.colcon_core.environment:create_file_with_runtime_dependencies(/home/hw/chapt9/fishbot_ws/install/fishbot_bringup/share/colcon-core/packages/fishbot_bringup)
[1.020s] DEBUG:colcon.colcon_core.event_handler.log_command:Invoked command in '/home/hw/chapt9/fishbot_ws/build/micro_ros_msgs' returned '0': CMAKE_PREFIX_PATH=${CMAKE_PREFIX_PATH}:/home/hw/chapt9/fishbot_ws/install/ros_serial2wifi:/opt/ros/humble /usr/bin/cmake --build /home/hw/chapt9/fishbot_ws/build/micro_ros_msgs -- -j16 -l16
[1.025s] DEBUG:colcon.colcon_core.event_handler.log_command:Invoking command in '/home/hw/chapt9/fishbot_ws/build/micro_ros_msgs': CMAKE_PREFIX_PATH=${CMAKE_PREFIX_PATH}:/home/hw/chapt9/fishbot_ws/install/ros_serial2wifi:/opt/ros/humble /usr/bin/cmake --install /home/hw/chapt9/fishbot_ws/build/micro_ros_msgs
[1.027s] DEBUG:colcon.colcon_core.event_handler.log_command:Invoked command in '/home/hw/chapt9/fishbot_ws/build/ydlidar' returned '0': CMAKE_PREFIX_PATH=${CMAKE_PREFIX_PATH}:/home/hw/chapt9/fishbot_ws/install/ros_serial2wifi:/opt/ros/humble /usr/bin/cmake --build /home/hw/chapt9/fishbot_ws/build/ydlidar -- -j16 -l16
[1.030s] DEBUG:colcon.colcon_core.event_handler.log_command:Invoking command in '/home/hw/chapt9/fishbot_ws/build/ydlidar': CMAKE_PREFIX_PATH=${CMAKE_PREFIX_PATH}:/home/hw/chapt9/fishbot_ws/install/ros_serial2wifi:/opt/ros/humble /usr/bin/cmake --install /home/hw/chapt9/fishbot_ws/build/ydlidar
[1.049s] Level 1:colcon.colcon_core.environment:create_environment_scripts_only(ydlidar)
[1.049s] Level 1:colcon.colcon_core.environment:checking '/home/hw/chapt9/fishbot_ws/install/ydlidar' for CMake module files
[1.051s] Level 1:colcon.colcon_core.environment:checking '/home/hw/chapt9/fishbot_ws/install/ydlidar' for CMake config files
[1.054s] Level 1:colcon.colcon_core.shell:create_environment_hook('ydlidar', 'cmake_prefix_path')
[1.054s] INFO:colcon.colcon_core.shell:Creating environment hook '/home/hw/chapt9/fishbot_ws/install/ydlidar/share/ydlidar/hook/cmake_prefix_path.ps1'
[1.056s] INFO:colcon.colcon_core.shell:Creating environment descriptor '/home/hw/chapt9/fishbot_ws/install/ydlidar/share/ydlidar/hook/cmake_prefix_path.dsv'
[1.058s] INFO:colcon.colcon_core.shell:Creating environment hook '/home/hw/chapt9/fishbot_ws/install/ydlidar/share/ydlidar/hook/cmake_prefix_path.sh'
[1.060s] Level 1:colcon.colcon_core.environment:checking '/home/hw/chapt9/fishbot_ws/install/ydlidar/lib'
[1.060s] Level 1:colcon.colcon_core.environment:checking '/home/hw/chapt9/fishbot_ws/install/ydlidar/bin'
[1.060s] Level 1:colcon.colcon_core.environment:checking '/home/hw/chapt9/fishbot_ws/install/ydlidar/lib/pkgconfig/ydlidar.pc'
[1.060s] Level 1:colcon.colcon_core.environment:checking '/home/hw/chapt9/fishbot_ws/install/ydlidar/lib/python3.10/site-packages'
[1.060s] Level 1:colcon.colcon_core.environment:checking '/home/hw/chapt9/fishbot_ws/install/ydlidar/bin'
[1.061s] INFO:colcon.colcon_core.shell:Creating package script '/home/hw/chapt9/fishbot_ws/install/ydlidar/share/ydlidar/package.ps1'
[1.063s] INFO:colcon.colcon_core.shell:Creating package descriptor '/home/hw/chapt9/fishbot_ws/install/ydlidar/share/ydlidar/package.dsv'
[1.064s] INFO:colcon.colcon_core.shell:Creating package script '/home/hw/chapt9/fishbot_ws/install/ydlidar/share/ydlidar/package.sh'
[1.065s] INFO:colcon.colcon_core.shell:Creating package script '/home/hw/chapt9/fishbot_ws/install/ydlidar/share/ydlidar/package.bash'
[1.067s] DEBUG:colcon.colcon_core.event_handler.log_command:Invoked command in '/home/hw/chapt9/fishbot_ws/build/ydlidar' returned '0': CMAKE_PREFIX_PATH=${CMAKE_PREFIX_PATH}:/home/hw/chapt9/fishbot_ws/install/ros_serial2wifi:/opt/ros/humble /usr/bin/cmake --install /home/hw/chapt9/fishbot_ws/build/ydlidar
[1.067s] INFO:colcon.colcon_core.shell:Creating package script '/home/hw/chapt9/fishbot_ws/install/ydlidar/share/ydlidar/package.zsh'
[1.068s] Level 1:colcon.colcon_core.environment:create_file_with_runtime_dependencies(/home/hw/chapt9/fishbot_ws/install/ydlidar/share/colcon-core/packages/ydlidar)
[1.069s] Level 1:colcon.colcon_core.environment:create_environment_scripts_only(ydlidar)
[1.069s] Level 1:colcon.colcon_core.environment:checking '/home/hw/chapt9/fishbot_ws/install/ydlidar' for CMake module files
[1.069s] Level 1:colcon.colcon_core.environment:checking '/home/hw/chapt9/fishbot_ws/install/ydlidar' for CMake config files
[1.070s] Level 1:colcon.colcon_core.shell:create_environment_hook('ydlidar', 'cmake_prefix_path')
[1.070s] INFO:colcon.colcon_core.shell:Creating environment hook '/home/hw/chapt9/fishbot_ws/install/ydlidar/share/ydlidar/hook/cmake_prefix_path.ps1'
[1.070s] INFO:colcon.colcon_core.shell:Creating environment descriptor '/home/hw/chapt9/fishbot_ws/install/ydlidar/share/ydlidar/hook/cmake_prefix_path.dsv'
[1.071s] INFO:colcon.colcon_core.shell:Creating environment hook '/home/hw/chapt9/fishbot_ws/install/ydlidar/share/ydlidar/hook/cmake_prefix_path.sh'
[1.072s] Level 1:colcon.colcon_core.environment:checking '/home/hw/chapt9/fishbot_ws/install/ydlidar/lib'
[1.072s] Level 1:colcon.colcon_core.environment:checking '/home/hw/chapt9/fishbot_ws/install/ydlidar/bin'
[1.072s] Level 1:colcon.colcon_core.environment:checking '/home/hw/chapt9/fishbot_ws/install/ydlidar/lib/pkgconfig/ydlidar.pc'
[1.072s] Level 1:colcon.colcon_core.environment:checking '/home/hw/chapt9/fishbot_ws/install/ydlidar/lib/python3.10/site-packages'
[1.072s] Level 1:colcon.colcon_core.environment:checking '/home/hw/chapt9/fishbot_ws/install/ydlidar/bin'
[1.073s] INFO:colcon.colcon_core.shell:Creating package script '/home/hw/chapt9/fishbot_ws/install/ydlidar/share/ydlidar/package.ps1'
[1.073s] INFO:colcon.colcon_core.shell:Creating package descriptor '/home/hw/chapt9/fishbot_ws/install/ydlidar/share/ydlidar/package.dsv'
[1.074s] INFO:colcon.colcon_core.shell:Creating package script '/home/hw/chapt9/fishbot_ws/install/ydlidar/share/ydlidar/package.sh'
[1.075s] INFO:colcon.colcon_core.shell:Creating package script '/home/hw/chapt9/fishbot_ws/install/ydlidar/share/ydlidar/package.bash'
[1.075s] INFO:colcon.colcon_core.shell:Creating package script '/home/hw/chapt9/fishbot_ws/install/ydlidar/share/ydlidar/package.zsh'
[1.076s] Level 1:colcon.colcon_core.environment:create_file_with_runtime_dependencies(/home/hw/chapt9/fishbot_ws/install/ydlidar/share/colcon-core/packages/ydlidar)
[1.103s] Level 1:colcon.colcon_core.environment:create_environment_scripts_only(micro_ros_msgs)
[1.104s] Level 1:colcon.colcon_core.environment:checking '/home/hw/chapt9/fishbot_ws/install/micro_ros_msgs' for CMake module files
[1.104s] DEBUG:colcon.colcon_core.event_handler.log_command:Invoked command in '/home/hw/chapt9/fishbot_ws/build/micro_ros_msgs' returned '0': CMAKE_PREFIX_PATH=${CMAKE_PREFIX_PATH}:/home/hw/chapt9/fishbot_ws/install/ros_serial2wifi:/opt/ros/humble /usr/bin/cmake --install /home/hw/chapt9/fishbot_ws/build/micro_ros_msgs
[1.105s] Level 1:colcon.colcon_core.environment:checking '/home/hw/chapt9/fishbot_ws/install/micro_ros_msgs' for CMake config files
[1.105s] Level 1:colcon.colcon_core.shell:create_environment_hook('micro_ros_msgs', 'cmake_prefix_path')
[1.106s] INFO:colcon.colcon_core.shell:Creating environment hook '/home/hw/chapt9/fishbot_ws/install/micro_ros_msgs/share/micro_ros_msgs/hook/cmake_prefix_path.ps1'
[1.107s] INFO:colcon.colcon_core.shell:Creating environment descriptor '/home/hw/chapt9/fishbot_ws/install/micro_ros_msgs/share/micro_ros_msgs/hook/cmake_prefix_path.dsv'
[1.107s] INFO:colcon.colcon_core.shell:Creating environment hook '/home/hw/chapt9/fishbot_ws/install/micro_ros_msgs/share/micro_ros_msgs/hook/cmake_prefix_path.sh'
[1.108s] Level 1:colcon.colcon_core.environment:checking '/home/hw/chapt9/fishbot_ws/install/micro_ros_msgs/lib'
[1.108s] Level 1:colcon.colcon_core.shell:create_environment_hook('micro_ros_msgs', 'ld_library_path_lib')
[1.108s] INFO:colcon.colcon_core.shell:Creating environment hook '/home/hw/chapt9/fishbot_ws/install/micro_ros_msgs/share/micro_ros_msgs/hook/ld_library_path_lib.ps1'
[1.109s] INFO:colcon.colcon_core.shell:Creating environment descriptor '/home/hw/chapt9/fishbot_ws/install/micro_ros_msgs/share/micro_ros_msgs/hook/ld_library_path_lib.dsv'
[1.109s] INFO:colcon.colcon_core.shell:Creating environment hook '/home/hw/chapt9/fishbot_ws/install/micro_ros_msgs/share/micro_ros_msgs/hook/ld_library_path_lib.sh'
[1.110s] Level 1:colcon.colcon_core.environment:checking '/home/hw/chapt9/fishbot_ws/install/micro_ros_msgs/bin'
[1.110s] Level 1:colcon.colcon_core.environment:checking '/home/hw/chapt9/fishbot_ws/install/micro_ros_msgs/lib/pkgconfig/micro_ros_msgs.pc'
[1.110s] Level 1:colcon.colcon_core.environment:checking '/home/hw/chapt9/fishbot_ws/install/micro_ros_msgs/lib/python3.10/site-packages'
[1.111s] Level 1:colcon.colcon_core.environment:checking '/home/hw/chapt9/fishbot_ws/install/micro_ros_msgs/bin'
[1.111s] INFO:colcon.colcon_core.shell:Creating package script '/home/hw/chapt9/fishbot_ws/install/micro_ros_msgs/share/micro_ros_msgs/package.ps1'
[1.112s] INFO:colcon.colcon_core.shell:Creating package descriptor '/home/hw/chapt9/fishbot_ws/install/micro_ros_msgs/share/micro_ros_msgs/package.dsv'
[1.112s] INFO:colcon.colcon_core.shell:Creating package script '/home/hw/chapt9/fishbot_ws/install/micro_ros_msgs/share/micro_ros_msgs/package.sh'
[1.113s] INFO:colcon.colcon_core.shell:Creating package script '/home/hw/chapt9/fishbot_ws/install/micro_ros_msgs/share/micro_ros_msgs/package.bash'
[1.114s] INFO:colcon.colcon_core.shell:Creating package script '/home/hw/chapt9/fishbot_ws/install/micro_ros_msgs/share/micro_ros_msgs/package.zsh'
[1.114s] Level 1:colcon.colcon_core.environment:create_file_with_runtime_dependencies(/home/hw/chapt9/fishbot_ws/install/micro_ros_msgs/share/colcon-core/packages/micro_ros_msgs)
[1.115s] Level 1:colcon.colcon_core.environment:create_environment_scripts_only(micro_ros_msgs)
[1.115s] Level 1:colcon.colcon_core.environment:checking '/home/hw/chapt9/fishbot_ws/install/micro_ros_msgs' for CMake module files
[1.116s] Level 1:colcon.colcon_core.environment:checking '/home/hw/chapt9/fishbot_ws/install/micro_ros_msgs' for CMake config files
[1.116s] Level 1:colcon.colcon_core.shell:create_environment_hook('micro_ros_msgs', 'cmake_prefix_path')
[1.117s] INFO:colcon.colcon_core.shell:Creating environment hook '/home/hw/chapt9/fishbot_ws/install/micro_ros_msgs/share/micro_ros_msgs/hook/cmake_prefix_path.ps1'
[1.117s] INFO:colcon.colcon_core.shell:Creating environment descriptor '/home/hw/chapt9/fishbot_ws/install/micro_ros_msgs/share/micro_ros_msgs/hook/cmake_prefix_path.dsv'
[1.118s] INFO:colcon.colcon_core.shell:Creating environment hook '/home/hw/chapt9/fishbot_ws/install/micro_ros_msgs/share/micro_ros_msgs/hook/cmake_prefix_path.sh'
[1.118s] Level 1:colcon.colcon_core.environment:checking '/home/hw/chapt9/fishbot_ws/install/micro_ros_msgs/lib'
[1.118s] Level 1:colcon.colcon_core.shell:create_environment_hook('micro_ros_msgs', 'ld_library_path_lib')
[1.119s] INFO:colcon.colcon_core.shell:Creating environment hook '/home/hw/chapt9/fishbot_ws/install/micro_ros_msgs/share/micro_ros_msgs/hook/ld_library_path_lib.ps1'
[1.119s] INFO:colcon.colcon_core.shell:Creating environment descriptor '/home/hw/chapt9/fishbot_ws/install/micro_ros_msgs/share/micro_ros_msgs/hook/ld_library_path_lib.dsv'
[1.120s] INFO:colcon.colcon_core.shell:Creating environment hook '/home/hw/chapt9/fishbot_ws/install/micro_ros_msgs/share/micro_ros_msgs/hook/ld_library_path_lib.sh'
[1.120s] Level 1:colcon.colcon_core.environment:checking '/home/hw/chapt9/fishbot_ws/install/micro_ros_msgs/bin'
[1.121s] Level 1:colcon.colcon_core.environment:checking '/home/hw/chapt9/fishbot_ws/install/micro_ros_msgs/lib/pkgconfig/micro_ros_msgs.pc'
[1.121s] Level 1:colcon.colcon_core.environment:checking '/home/hw/chapt9/fishbot_ws/install/micro_ros_msgs/lib/python3.10/site-packages'
[1.121s] Level 1:colcon.colcon_core.environment:checking '/home/hw/chapt9/fishbot_ws/install/micro_ros_msgs/bin'
[1.122s] INFO:colcon.colcon_core.shell:Creating package script '/home/hw/chapt9/fishbot_ws/install/micro_ros_msgs/share/micro_ros_msgs/package.ps1'
[1.122s] INFO:colcon.colcon_core.shell:Creating package descriptor '/home/hw/chapt9/fishbot_ws/install/micro_ros_msgs/share/micro_ros_msgs/package.dsv'
[1.123s] INFO:colcon.colcon_core.shell:Creating package script '/home/hw/chapt9/fishbot_ws/install/micro_ros_msgs/share/micro_ros_msgs/package.sh'
[1.124s] INFO:colcon.colcon_core.shell:Creating package script '/home/hw/chapt9/fishbot_ws/install/micro_ros_msgs/share/micro_ros_msgs/package.bash'
[1.125s] INFO:colcon.colcon_core.shell:Creating package script '/home/hw/chapt9/fishbot_ws/install/micro_ros_msgs/share/micro_ros_msgs/package.zsh'
[1.125s] Level 1:colcon.colcon_core.environment:create_file_with_runtime_dependencies(/home/hw/chapt9/fishbot_ws/install/micro_ros_msgs/share/colcon-core/packages/micro_ros_msgs)
[1.126s] INFO:colcon.colcon_ros.task.ament_cmake.build:Building ROS package in '/home/hw/chapt9/fishbot_ws/src/micro-ROS-Agent/micro_ros_agent' with build type 'ament_cmake'
[1.127s] INFO:colcon.colcon_cmake.task.cmake.build:Building CMake package in '/home/hw/chapt9/fishbot_ws/src/micro-ROS-Agent/micro_ros_agent'
[1.127s] INFO:colcon.colcon_core.shell:Skip shell extension 'powershell' for command environment: Not usable outside of PowerShell
[1.127s] DEBUG:colcon.colcon_core.shell:Skip shell extension 'dsv' for command environment
[1.149s] DEBUG:colcon.colcon_core.event_handler.log_command:Invoking command in '/home/hw/chapt9/fishbot_ws/build/micro_ros_agent': CMAKE_PREFIX_PATH=/home/hw/chapt9/fishbot_ws/install/micro_ros_msgs:/home/hw/chapt9/fishbot_ws/install/ydlidar:/home/hw/chapt9/fishbot_ws/install/robot_navigation2:/home/hw/chapt9/fishbot_ws/install/robot_description:/home/hw/chapt9/fishbot_ws/install/micro_ros_agent:/home/hw/chapt9/fishbot_ws/install/fishbot_bringup:/home/hw/chapt9/fishbot_ws/install/bring_up:/home/hw/chapt9/fishbot_ws/install/ros_serial2wifi:/opt/ros/humble LD_LIBRARY_PATH=/home/hw/chapt9/fishbot_ws/install/micro_ros_msgs/lib:/home/hw/chapt9/fishbot_ws/install/micro_ros_agent/lib:/usr/lib/x86_64-linux-gnu/gazebo-11/plugins:/opt/ros/humble/opt/rviz_ogre_vendor/lib:/opt/ros/humble/lib/x86_64-linux-gnu:/opt/ros/humble/lib /usr/bin/cmake --build /home/hw/chapt9/fishbot_ws/build/micro_ros_agent -- -j16 -l16
[1.254s] DEBUG:colcon.colcon_core.event_handler.log_command:Invoked command in '/home/hw/chapt9/fishbot_ws/build/micro_ros_agent' returned '0': CMAKE_PREFIX_PATH=/home/hw/chapt9/fishbot_ws/install/micro_ros_msgs:/home/hw/chapt9/fishbot_ws/install/ydlidar:/home/hw/chapt9/fishbot_ws/install/robot_navigation2:/home/hw/chapt9/fishbot_ws/install/robot_description:/home/hw/chapt9/fishbot_ws/install/micro_ros_agent:/home/hw/chapt9/fishbot_ws/install/fishbot_bringup:/home/hw/chapt9/fishbot_ws/install/bring_up:/home/hw/chapt9/fishbot_ws/install/ros_serial2wifi:/opt/ros/humble LD_LIBRARY_PATH=/home/hw/chapt9/fishbot_ws/install/micro_ros_msgs/lib:/home/hw/chapt9/fishbot_ws/install/micro_ros_agent/lib:/usr/lib/x86_64-linux-gnu/gazebo-11/plugins:/opt/ros/humble/opt/rviz_ogre_vendor/lib:/opt/ros/humble/lib/x86_64-linux-gnu:/opt/ros/humble/lib /usr/bin/cmake --build /home/hw/chapt9/fishbot_ws/build/micro_ros_agent -- -j16 -l16
[1.258s] DEBUG:colcon.colcon_core.event_handler.log_command:Invoking command in '/home/hw/chapt9/fishbot_ws/build/micro_ros_agent': CMAKE_PREFIX_PATH=/home/hw/chapt9/fishbot_ws/install/micro_ros_msgs:/home/hw/chapt9/fishbot_ws/install/ydlidar:/home/hw/chapt9/fishbot_ws/install/robot_navigation2:/home/hw/chapt9/fishbot_ws/install/robot_description:/home/hw/chapt9/fishbot_ws/install/micro_ros_agent:/home/hw/chapt9/fishbot_ws/install/fishbot_bringup:/home/hw/chapt9/fishbot_ws/install/bring_up:/home/hw/chapt9/fishbot_ws/install/ros_serial2wifi:/opt/ros/humble LD_LIBRARY_PATH=/home/hw/chapt9/fishbot_ws/install/micro_ros_msgs/lib:/home/hw/chapt9/fishbot_ws/install/micro_ros_agent/lib:/usr/lib/x86_64-linux-gnu/gazebo-11/plugins:/opt/ros/humble/opt/rviz_ogre_vendor/lib:/opt/ros/humble/lib/x86_64-linux-gnu:/opt/ros/humble/lib /usr/bin/cmake --install /home/hw/chapt9/fishbot_ws/build/micro_ros_agent
[1.272s] Level 1:colcon.colcon_core.environment:create_environment_scripts_only(micro_ros_agent)
[1.273s] Level 1:colcon.colcon_core.environment:checking '/home/hw/chapt9/fishbot_ws/install/micro_ros_agent' for CMake module files
[1.274s] DEBUG:colcon.colcon_core.event_handler.log_command:Invoked command in '/home/hw/chapt9/fishbot_ws/build/micro_ros_agent' returned '0': CMAKE_PREFIX_PATH=/home/hw/chapt9/fishbot_ws/install/micro_ros_msgs:/home/hw/chapt9/fishbot_ws/install/ydlidar:/home/hw/chapt9/fishbot_ws/install/robot_navigation2:/home/hw/chapt9/fishbot_ws/install/robot_description:/home/hw/chapt9/fishbot_ws/install/micro_ros_agent:/home/hw/chapt9/fishbot_ws/install/fishbot_bringup:/home/hw/chapt9/fishbot_ws/install/bring_up:/home/hw/chapt9/fishbot_ws/install/ros_serial2wifi:/opt/ros/humble LD_LIBRARY_PATH=/home/hw/chapt9/fishbot_ws/install/micro_ros_msgs/lib:/home/hw/chapt9/fishbot_ws/install/micro_ros_agent/lib:/usr/lib/x86_64-linux-gnu/gazebo-11/plugins:/opt/ros/humble/opt/rviz_ogre_vendor/lib:/opt/ros/humble/lib/x86_64-linux-gnu:/opt/ros/humble/lib /usr/bin/cmake --install /home/hw/chapt9/fishbot_ws/build/micro_ros_agent
[1.274s] Level 1:colcon.colcon_core.environment:checking '/home/hw/chapt9/fishbot_ws/install/micro_ros_agent' for CMake config files
[1.274s] Level 1:colcon.colcon_core.shell:create_environment_hook('micro_ros_agent', 'cmake_prefix_path')
[1.275s] INFO:colcon.colcon_core.shell:Creating environment hook '/home/hw/chapt9/fishbot_ws/install/micro_ros_agent/share/micro_ros_agent/hook/cmake_prefix_path.ps1'
[1.276s] INFO:colcon.colcon_core.shell:Creating environment descriptor '/home/hw/chapt9/fishbot_ws/install/micro_ros_agent/share/micro_ros_agent/hook/cmake_prefix_path.dsv'
[1.276s] INFO:colcon.colcon_core.shell:Creating environment hook '/home/hw/chapt9/fishbot_ws/install/micro_ros_agent/share/micro_ros_agent/hook/cmake_prefix_path.sh'
[1.277s] Level 1:colcon.colcon_core.environment:checking '/home/hw/chapt9/fishbot_ws/install/micro_ros_agent/lib'
[1.277s] Level 1:colcon.colcon_core.shell:create_environment_hook('micro_ros_agent', 'ld_library_path_lib')
[1.278s] INFO:colcon.colcon_core.shell:Creating environment hook '/home/hw/chapt9/fishbot_ws/install/micro_ros_agent/share/micro_ros_agent/hook/ld_library_path_lib.ps1'
[1.278s] INFO:colcon.colcon_core.shell:Creating environment descriptor '/home/hw/chapt9/fishbot_ws/install/micro_ros_agent/share/micro_ros_agent/hook/ld_library_path_lib.dsv'
[1.279s] INFO:colcon.colcon_core.shell:Creating environment hook '/home/hw/chapt9/fishbot_ws/install/micro_ros_agent/share/micro_ros_agent/hook/ld_library_path_lib.sh'
[1.280s] Level 1:colcon.colcon_core.environment:checking '/home/hw/chapt9/fishbot_ws/install/micro_ros_agent/bin'
[1.280s] Level 1:colcon.colcon_core.environment:checking '/home/hw/chapt9/fishbot_ws/install/micro_ros_agent/lib/pkgconfig/micro_ros_agent.pc'
[1.280s] Level 1:colcon.colcon_core.environment:checking '/home/hw/chapt9/fishbot_ws/install/micro_ros_agent/lib/python3.10/site-packages'
[1.281s] Level 1:colcon.colcon_core.environment:checking '/home/hw/chapt9/fishbot_ws/install/micro_ros_agent/bin'
[1.281s] INFO:colcon.colcon_core.shell:Creating package script '/home/hw/chapt9/fishbot_ws/install/micro_ros_agent/share/micro_ros_agent/package.ps1'
[1.282s] INFO:colcon.colcon_core.shell:Creating package descriptor '/home/hw/chapt9/fishbot_ws/install/micro_ros_agent/share/micro_ros_agent/package.dsv'
[1.283s] INFO:colcon.colcon_core.shell:Creating package script '/home/hw/chapt9/fishbot_ws/install/micro_ros_agent/share/micro_ros_agent/package.sh'
[1.284s] INFO:colcon.colcon_core.shell:Creating package script '/home/hw/chapt9/fishbot_ws/install/micro_ros_agent/share/micro_ros_agent/package.bash'
[1.284s] INFO:colcon.colcon_core.shell:Creating package script '/home/hw/chapt9/fishbot_ws/install/micro_ros_agent/share/micro_ros_agent/package.zsh'
[1.285s] Level 1:colcon.colcon_core.environment:create_file_with_runtime_dependencies(/home/hw/chapt9/fishbot_ws/install/micro_ros_agent/share/colcon-core/packages/micro_ros_agent)
[1.286s] Level 1:colcon.colcon_core.environment:create_environment_scripts_only(micro_ros_agent)
[1.286s] Level 1:colcon.colcon_core.environment:checking '/home/hw/chapt9/fishbot_ws/install/micro_ros_agent' for CMake module files
[1.287s] Level 1:colcon.colcon_core.environment:checking '/home/hw/chapt9/fishbot_ws/install/micro_ros_agent' for CMake config files
[1.287s] Level 1:colcon.colcon_core.shell:create_environment_hook('micro_ros_agent', 'cmake_prefix_path')
[1.288s] INFO:colcon.colcon_core.shell:Creating environment hook '/home/hw/chapt9/fishbot_ws/install/micro_ros_agent/share/micro_ros_agent/hook/cmake_prefix_path.ps1'
[1.288s] INFO:colcon.colcon_core.shell:Creating environment descriptor '/home/hw/chapt9/fishbot_ws/install/micro_ros_agent/share/micro_ros_agent/hook/cmake_prefix_path.dsv'
[1.289s] INFO:colcon.colcon_core.shell:Creating environment hook '/home/hw/chapt9/fishbot_ws/install/micro_ros_agent/share/micro_ros_agent/hook/cmake_prefix_path.sh'
[1.290s] Level 1:colcon.colcon_core.environment:checking '/home/hw/chapt9/fishbot_ws/install/micro_ros_agent/lib'
[1.290s] Level 1:colcon.colcon_core.shell:create_environment_hook('micro_ros_agent', 'ld_library_path_lib')
[1.290s] INFO:colcon.colcon_core.shell:Creating environment hook '/home/hw/chapt9/fishbot_ws/install/micro_ros_agent/share/micro_ros_agent/hook/ld_library_path_lib.ps1'
[1.291s] INFO:colcon.colcon_core.shell:Creating environment descriptor '/home/hw/chapt9/fishbot_ws/install/micro_ros_agent/share/micro_ros_agent/hook/ld_library_path_lib.dsv'
[1.292s] INFO:colcon.colcon_core.shell:Creating environment hook '/home/hw/chapt9/fishbot_ws/install/micro_ros_agent/share/micro_ros_agent/hook/ld_library_path_lib.sh'
[1.292s] Level 1:colcon.colcon_core.environment:checking '/home/hw/chapt9/fishbot_ws/install/micro_ros_agent/bin'
[1.293s] Level 1:colcon.colcon_core.environment:checking '/home/hw/chapt9/fishbot_ws/install/micro_ros_agent/lib/pkgconfig/micro_ros_agent.pc'
[1.293s] Level 1:colcon.colcon_core.environment:checking '/home/hw/chapt9/fishbot_ws/install/micro_ros_agent/lib/python3.10/site-packages'
[1.293s] Level 1:colcon.colcon_core.environment:checking '/home/hw/chapt9/fishbot_ws/install/micro_ros_agent/bin'
[1.294s] INFO:colcon.colcon_core.shell:Creating package script '/home/hw/chapt9/fishbot_ws/install/micro_ros_agent/share/micro_ros_agent/package.ps1'
[1.294s] INFO:colcon.colcon_core.shell:Creating package descriptor '/home/hw/chapt9/fishbot_ws/install/micro_ros_agent/share/micro_ros_agent/package.dsv'
[1.296s] INFO:colcon.colcon_core.shell:Creating package script '/home/hw/chapt9/fishbot_ws/install/micro_ros_agent/share/micro_ros_agent/package.sh'
[1.296s] INFO:colcon.colcon_core.shell:Creating package script '/home/hw/chapt9/fishbot_ws/install/micro_ros_agent/share/micro_ros_agent/package.bash'
[1.297s] INFO:colcon.colcon_core.shell:Creating package script '/home/hw/chapt9/fishbot_ws/install/micro_ros_agent/share/micro_ros_agent/package.zsh'
[1.298s] Level 1:colcon.colcon_core.environment:create_file_with_runtime_dependencies(/home/hw/chapt9/fishbot_ws/install/micro_ros_agent/share/colcon-core/packages/micro_ros_agent)
[1.453s] DEBUG:colcon.colcon_core.event_handler.log_command:Invoking command in '/home/hw/chapt9/fishbot_ws/src/ros_serial2wifi': PYTHONPATH=/home/hw/chapt9/fishbot_ws/build/ros_serial2wifi/prefix_override:/usr/lib/python3/dist-packages/colcon_core/task/python/colcon_distutils_commands:/home/hw/chapt9/fishbot_ws/install/ros_serial2wifi/lib/python3.10/site-packages:${PYTHONPATH} /usr/bin/python3 -W ignore:setup.py install is deprecated -W ignore:easy_install command is deprecated setup.py egg_info --egg-base ../../build/ros_serial2wifi build --build-base /home/hw/chapt9/fishbot_ws/build/ros_serial2wifi/build install --record /home/hw/chapt9/fishbot_ws/build/ros_serial2wifi/install.log --single-version-externally-managed install_data
[1.801s] Level 1:colcon.colcon_core.environment:checking '/home/hw/chapt9/fishbot_ws/install/ros_serial2wifi' for CMake module files
[1.803s] DEBUG:colcon.colcon_core.event_handler.log_command:Invoked command in '/home/hw/chapt9/fishbot_ws/src/ros_serial2wifi' returned '0': PYTHONPATH=/home/hw/chapt9/fishbot_ws/build/ros_serial2wifi/prefix_override:/usr/lib/python3/dist-packages/colcon_core/task/python/colcon_distutils_commands:/home/hw/chapt9/fishbot_ws/install/ros_serial2wifi/lib/python3.10/site-packages:${PYTHONPATH} /usr/bin/python3 -W ignore:setup.py install is deprecated -W ignore:easy_install command is deprecated setup.py egg_info --egg-base ../../build/ros_serial2wifi build --build-base /home/hw/chapt9/fishbot_ws/build/ros_serial2wifi/build install --record /home/hw/chapt9/fishbot_ws/build/ros_serial2wifi/install.log --single-version-externally-managed install_data
[1.803s] Level 1:colcon.colcon_core.environment:checking '/home/hw/chapt9/fishbot_ws/install/ros_serial2wifi' for CMake config files
[1.804s] Level 1:colcon.colcon_core.environment:checking '/home/hw/chapt9/fishbot_ws/install/ros_serial2wifi/lib'
[1.804s] Level 1:colcon.colcon_core.environment:checking '/home/hw/chapt9/fishbot_ws/install/ros_serial2wifi/bin'
[1.804s] Level 1:colcon.colcon_core.environment:checking '/home/hw/chapt9/fishbot_ws/install/ros_serial2wifi/lib/pkgconfig/ros_serial2wifi.pc'
[1.804s] Level 1:colcon.colcon_core.environment:checking '/home/hw/chapt9/fishbot_ws/install/ros_serial2wifi/lib/python3.10/site-packages'
[1.804s] Level 1:colcon.colcon_core.shell:create_environment_hook('ros_serial2wifi', 'pythonpath')
[1.805s] INFO:colcon.colcon_core.shell:Creating environment hook '/home/hw/chapt9/fishbot_ws/install/ros_serial2wifi/share/ros_serial2wifi/hook/pythonpath.ps1'
[1.806s] INFO:colcon.colcon_core.shell:Creating environment descriptor '/home/hw/chapt9/fishbot_ws/install/ros_serial2wifi/share/ros_serial2wifi/hook/pythonpath.dsv'
[1.806s] INFO:colcon.colcon_core.shell:Creating environment hook '/home/hw/chapt9/fishbot_ws/install/ros_serial2wifi/share/ros_serial2wifi/hook/pythonpath.sh'
[1.807s] Level 1:colcon.colcon_core.environment:checking '/home/hw/chapt9/fishbot_ws/install/ros_serial2wifi/bin'
[1.807s] Level 1:colcon.colcon_core.environment:create_environment_scripts_only(ros_serial2wifi)
[1.808s] INFO:colcon.colcon_core.shell:Creating package script '/home/hw/chapt9/fishbot_ws/install/ros_serial2wifi/share/ros_serial2wifi/package.ps1'
[1.808s] INFO:colcon.colcon_core.shell:Creating package descriptor '/home/hw/chapt9/fishbot_ws/install/ros_serial2wifi/share/ros_serial2wifi/package.dsv'
[1.809s] INFO:colcon.colcon_core.shell:Creating package script '/home/hw/chapt9/fishbot_ws/install/ros_serial2wifi/share/ros_serial2wifi/package.sh'
[1.810s] INFO:colcon.colcon_core.shell:Creating package script '/home/hw/chapt9/fishbot_ws/install/ros_serial2wifi/share/ros_serial2wifi/package.bash'
[1.811s] INFO:colcon.colcon_core.shell:Creating package script '/home/hw/chapt9/fishbot_ws/install/ros_serial2wifi/share/ros_serial2wifi/package.zsh'
[1.811s] Level 1:colcon.colcon_core.environment:create_file_with_runtime_dependencies(/home/hw/chapt9/fishbot_ws/install/ros_serial2wifi/share/colcon-core/packages/ros_serial2wifi)
[1.812s] DEBUG:colcon.colcon_parallel_executor.executor.parallel:closing loop
[1.812s] DEBUG:colcon.colcon_parallel_executor.executor.parallel:loop closed
[1.812s] DEBUG:colcon.colcon_parallel_executor.executor.parallel:run_until_complete finished with '0'
[1.812s] DEBUG:colcon.colcon_core.event_reactor:joining thread
[1.823s] INFO:colcon.colcon_core.plugin_system:Skipping extension 'colcon_notification.desktop_notification.terminal_notifier': Not used on non-Darwin systems
[1.823s] INFO:colcon.colcon_core.plugin_system:Skipping extension 'colcon_notification.desktop_notification.win32': Not used on non-Windows systems
[1.823s] INFO:colcon.colcon_notification.desktop_notification:Sending desktop notification using 'notify2'
[1.837s] DEBUG:colcon.colcon_core.event_reactor:joined thread
[1.838s] INFO:colcon.colcon_core.shell:Creating prefix script '/home/hw/chapt9/fishbot_ws/install/local_setup.ps1'
[1.839s] INFO:colcon.colcon_core.shell:Creating prefix util module '/home/hw/chapt9/fishbot_ws/install/_local_setup_util_ps1.py'
[1.841s] INFO:colcon.colcon_core.shell:Creating prefix chain script '/home/hw/chapt9/fishbot_ws/install/setup.ps1'
[1.843s] INFO:colcon.colcon_core.shell:Creating prefix script '/home/hw/chapt9/fishbot_ws/install/local_setup.sh'
[1.844s] INFO:colcon.colcon_core.shell:Creating prefix util module '/home/hw/chapt9/fishbot_ws/install/_local_setup_util_sh.py'
[1.844s] INFO:colcon.colcon_core.shell:Creating prefix chain script '/home/hw/chapt9/fishbot_ws/install/setup.sh'
[1.846s] INFO:colcon.colcon_core.shell:Creating prefix script '/home/hw/chapt9/fishbot_ws/install/local_setup.bash'
[1.846s] INFO:colcon.colcon_core.shell:Creating prefix chain script '/home/hw/chapt9/fishbot_ws/install/setup.bash'
[1.848s] INFO:colcon.colcon_core.shell:Creating prefix script '/home/hw/chapt9/fishbot_ws/install/local_setup.zsh'
[1.849s] INFO:colcon.colcon_core.shell:Creating prefix chain script '/home/hw/chapt9/fishbot_ws/install/setup.zsh'
