[0mCMake Error: The current CMakeCache.txt directory /home/hw/SLAM-and-Navigation-of-Two-Wheeled-Mobile-Robots/SLAM-and-Navigation-of-Two-Wheeled-Mobile-Robots/fishbot_ws/build/ydlidar/CMakeCache.txt is different than the directory /home/hw/chapt9/fishbot_ws/build/ydlidar where CMakeCache.txt was created. This may result in binaries being created in the wrong place. If you are not sure, reedit the CMakeCache.txt[0m
[  8%] Built target ydlidar_client
[100%] Built target ydlidar_node
-- Install configuration: ""
-- Up-to-date: /home/hw/chapt9/fishbot_ws/install/ydlidar/lib/ydlidar/ydlidar_node
-- Up-to-date: /home/hw/chapt9/fishbot_ws/install/ydlidar/lib/ydlidar/ydlidar_client
-- Up-to-date: /home/hw/chapt9/fishbot_ws/install/ydlidar/share/ydlidar/launch
-- Up-to-date: /home/hw/chapt9/fishbot_ws/install/ydlidar/share/ydlidar/launch/ydlidar.py
-- Up-to-date: /home/hw/chapt9/fishbot_ws/install/ydlidar/share/ydlidar/launch/ydlidar_launch.py
-- Up-to-date: /home/hw/chapt9/fishbot_ws/install/ydlidar/share/ydlidar/params
-- Up-to-date: /home/hw/chapt9/fishbot_ws/install/ydlidar/share/ydlidar/params/ydlidar.yaml
-- Up-to-date: /home/hw/chapt9/fishbot_ws/install/ydlidar/share/ydlidar/startup
-- Up-to-date: /home/hw/chapt9/fishbot_ws/install/ydlidar/share/ydlidar/startup/initenv.sh
-- Up-to-date: /home/hw/chapt9/fishbot_ws/install/ydlidar/share/ydlidar/config
-- Up-to-date: /home/hw/chapt9/fishbot_ws/install/ydlidar/share/ydlidar/config/ydlidar.rviz
-- Up-to-date: /home/hw/chapt9/fishbot_ws/install/ydlidar/share/ament_index/resource_index/package_run_dependencies/ydlidar
-- Up-to-date: /home/hw/chapt9/fishbot_ws/install/ydlidar/share/ament_index/resource_index/parent_prefix_path/ydlidar
-- Up-to-date: /home/hw/chapt9/fishbot_ws/install/ydlidar/share/ydlidar/environment/ament_prefix_path.sh
-- Up-to-date: /home/hw/chapt9/fishbot_ws/install/ydlidar/share/ydlidar/environment/ament_prefix_path.dsv
-- Up-to-date: /home/hw/chapt9/fishbot_ws/install/ydlidar/share/ydlidar/environment/path.sh
-- Up-to-date: /home/hw/chapt9/fishbot_ws/install/ydlidar/share/ydlidar/environment/path.dsv
-- Up-to-date: /home/hw/chapt9/fishbot_ws/install/ydlidar/share/ydlidar/local_setup.bash
-- Up-to-date: /home/hw/chapt9/fishbot_ws/install/ydlidar/share/ydlidar/local_setup.sh
-- Up-to-date: /home/hw/chapt9/fishbot_ws/install/ydlidar/share/ydlidar/local_setup.zsh
-- Up-to-date: /home/hw/chapt9/fishbot_ws/install/ydlidar/share/ydlidar/local_setup.dsv
-- Up-to-date: /home/hw/chapt9/fishbot_ws/install/ydlidar/share/ydlidar/package.dsv
-- Up-to-date: /home/hw/chapt9/fishbot_ws/install/ydlidar/share/ament_index/resource_index/packages/ydlidar
-- Up-to-date: /home/hw/chapt9/fishbot_ws/install/ydlidar/share/ydlidar/cmake/ydlidarConfig.cmake
-- Up-to-date: /home/hw/chapt9/fishbot_ws/install/ydlidar/share/ydlidar/cmake/ydlidarConfig-version.cmake
-- Up-to-date: /home/hw/chapt9/fishbot_ws/install/ydlidar/share/ydlidar/package.xml
