[0.412s] Invoking command in '/home/hw/SLAM-and-Navigation-of-Two-Wheeled-Mobile-Robots/SLAM-and-Navigation-of-Two-Wheeled-Mobile-Robots/fishbot_ws/build/ydlidar': CMAKE_PREFIX_PATH=${CMAKE_PREFIX_PATH}:/home/hw/SLAM-and-Navigation-of-Two-Wheeled-Mobile-Robots/SLAM-and-Navigation-of-Two-Wheeled-Mobile-Robots/fishbot_ws/install/ros_serial2wifi:/opt/ros/humble /usr/bin/cmake --build /home/hw/SLAM-and-Navigation-of-Two-Wheeled-Mobile-Robots/SLAM-and-Navigation-of-Two-Wheeled-Mobile-Robots/fishbot_ws/build/ydlidar -- -j16 -l16
[0.434s] [0mCMake Error: The current CMakeCache.txt directory /home/hw/SLAM-and-Navigation-of-Two-Wheeled-Mobile-Robots/SLAM-and-Navigation-of-Two-Wheeled-Mobile-Robots/fishbot_ws/build/ydlidar/CMakeCache.txt is different than the directory /home/hw/chapt9/fishbot_ws/build/ydlidar where CMakeCache.txt was created. This may result in binaries being created in the wrong place. If you are not sure, reedit the CMakeCache.txt[0m
[0.499s] [  8%] Built target ydlidar_client
[0.510s] [100%] Built target ydlidar_node
[0.527s] Invoked command in '/home/hw/SLAM-and-Navigation-of-Two-Wheeled-Mobile-Robots/SLAM-and-Navigation-of-Two-Wheeled-Mobile-Robots/fishbot_ws/build/ydlidar' returned '0': CMAKE_PREFIX_PATH=${CMAKE_PREFIX_PATH}:/home/hw/SLAM-and-Navigation-of-Two-Wheeled-Mobile-Robots/SLAM-and-Navigation-of-Two-Wheeled-Mobile-Robots/fishbot_ws/install/ros_serial2wifi:/opt/ros/humble /usr/bin/cmake --build /home/hw/SLAM-and-Navigation-of-Two-Wheeled-Mobile-Robots/SLAM-and-Navigation-of-Two-Wheeled-Mobile-Robots/fishbot_ws/build/ydlidar -- -j16 -l16
[0.529s] Invoking command in '/home/hw/SLAM-and-Navigation-of-Two-Wheeled-Mobile-Robots/SLAM-and-Navigation-of-Two-Wheeled-Mobile-Robots/fishbot_ws/build/ydlidar': CMAKE_PREFIX_PATH=${CMAKE_PREFIX_PATH}:/home/hw/SLAM-and-Navigation-of-Two-Wheeled-Mobile-Robots/SLAM-and-Navigation-of-Two-Wheeled-Mobile-Robots/fishbot_ws/install/ros_serial2wifi:/opt/ros/humble /usr/bin/cmake --install /home/hw/SLAM-and-Navigation-of-Two-Wheeled-Mobile-Robots/SLAM-and-Navigation-of-Two-Wheeled-Mobile-Robots/fishbot_ws/build/ydlidar
[0.539s] -- Install configuration: ""
[0.539s] -- Up-to-date: /home/hw/chapt9/fishbot_ws/install/ydlidar/lib/ydlidar/ydlidar_node
[0.540s] -- Up-to-date: /home/hw/chapt9/fishbot_ws/install/ydlidar/lib/ydlidar/ydlidar_client
[0.540s] -- Up-to-date: /home/hw/chapt9/fishbot_ws/install/ydlidar/share/ydlidar/launch
[0.540s] -- Up-to-date: /home/hw/chapt9/fishbot_ws/install/ydlidar/share/ydlidar/launch/ydlidar.py
[0.540s] -- Up-to-date: /home/hw/chapt9/fishbot_ws/install/ydlidar/share/ydlidar/launch/ydlidar_launch.py
[0.540s] -- Up-to-date: /home/hw/chapt9/fishbot_ws/install/ydlidar/share/ydlidar/params
[0.540s] -- Up-to-date: /home/hw/chapt9/fishbot_ws/install/ydlidar/share/ydlidar/params/ydlidar.yaml
[0.540s] -- Up-to-date: /home/hw/chapt9/fishbot_ws/install/ydlidar/share/ydlidar/startup
[0.541s] -- Up-to-date: /home/hw/chapt9/fishbot_ws/install/ydlidar/share/ydlidar/startup/initenv.sh
[0.541s] -- Up-to-date: /home/hw/chapt9/fishbot_ws/install/ydlidar/share/ydlidar/config
[0.541s] -- Up-to-date: /home/hw/chapt9/fishbot_ws/install/ydlidar/share/ydlidar/config/ydlidar.rviz
[0.541s] -- Up-to-date: /home/hw/chapt9/fishbot_ws/install/ydlidar/share/ament_index/resource_index/package_run_dependencies/ydlidar
[0.541s] -- Up-to-date: /home/hw/chapt9/fishbot_ws/install/ydlidar/share/ament_index/resource_index/parent_prefix_path/ydlidar
[0.541s] -- Up-to-date: /home/hw/chapt9/fishbot_ws/install/ydlidar/share/ydlidar/environment/ament_prefix_path.sh
[0.541s] -- Up-to-date: /home/hw/chapt9/fishbot_ws/install/ydlidar/share/ydlidar/environment/ament_prefix_path.dsv
[0.541s] -- Up-to-date: /home/hw/chapt9/fishbot_ws/install/ydlidar/share/ydlidar/environment/path.sh
[0.541s] -- Up-to-date: /home/hw/chapt9/fishbot_ws/install/ydlidar/share/ydlidar/environment/path.dsv
[0.541s] -- Up-to-date: /home/hw/chapt9/fishbot_ws/install/ydlidar/share/ydlidar/local_setup.bash
[0.542s] -- Up-to-date: /home/hw/chapt9/fishbot_ws/install/ydlidar/share/ydlidar/local_setup.sh
[0.542s] -- Up-to-date: /home/hw/chapt9/fishbot_ws/install/ydlidar/share/ydlidar/local_setup.zsh
[0.542s] -- Up-to-date: /home/hw/chapt9/fishbot_ws/install/ydlidar/share/ydlidar/local_setup.dsv
[0.542s] -- Up-to-date: /home/hw/chapt9/fishbot_ws/install/ydlidar/share/ydlidar/package.dsv
[0.542s] -- Up-to-date: /home/hw/chapt9/fishbot_ws/install/ydlidar/share/ament_index/resource_index/packages/ydlidar
[0.542s] -- Up-to-date: /home/hw/chapt9/fishbot_ws/install/ydlidar/share/ydlidar/cmake/ydlidarConfig.cmake
[0.542s] -- Up-to-date: /home/hw/chapt9/fishbot_ws/install/ydlidar/share/ydlidar/cmake/ydlidarConfig-version.cmake
[0.542s] -- Up-to-date: /home/hw/chapt9/fishbot_ws/install/ydlidar/share/ydlidar/package.xml
[0.547s] Invoked command in '/home/hw/SLAM-and-Navigation-of-Two-Wheeled-Mobile-Robots/SLAM-and-Navigation-of-Two-Wheeled-Mobile-Robots/fishbot_ws/build/ydlidar' returned '0': CMAKE_PREFIX_PATH=${CMAKE_PREFIX_PATH}:/home/hw/SLAM-and-Navigation-of-Two-Wheeled-Mobile-Robots/SLAM-and-Navigation-of-Two-Wheeled-Mobile-Robots/fishbot_ws/install/ros_serial2wifi:/opt/ros/humble /usr/bin/cmake --install /home/hw/SLAM-and-Navigation-of-Two-Wheeled-Mobile-Robots/SLAM-and-Navigation-of-Two-Wheeled-Mobile-Robots/fishbot_ws/build/ydlidar
