[0.047s] Invoking command in '/home/hw/chapt9/fishbot_ws/build/fishbot_bringup': CMAKE_PREFIX_PATH=/opt/ros/humble /usr/bin/cmake --build /home/hw/chapt9/fishbot_ws/build/fishbot_bringup -- -j16 -l16
[0.398s] [100%] Built target odom2tf
[0.419s] Invoked command in '/home/hw/chapt9/fishbot_ws/build/fishbot_bringup' returned '0': CMAKE_PREFIX_PATH=/opt/ros/humble /usr/bin/cmake --build /home/hw/chapt9/fishbot_ws/build/fishbot_bringup -- -j16 -l16
[0.421s] Invoking command in '/home/hw/chapt9/fishbot_ws/build/fishbot_bringup': CMAKE_PREFIX_PATH=/opt/ros/humble /usr/bin/cmake --install /home/hw/chapt9/fishbot_ws/build/fishbot_bringup
[0.452s] -- Install configuration: ""
[0.452s] -- Up-to-date: /home/hw/chapt9/fishbot_ws/install/fishbot_bringup/lib/fishbot_bringup/odom2tf
[0.452s] -- Up-to-date: /home/hw/chapt9/fishbot_ws/install/fishbot_bringup/share/fishbot_bringup/launch
[0.452s] -- Up-to-date: /home/hw/chapt9/fishbot_ws/install/fishbot_bringup/share/fishbot_bringup/launch/urdf2tf.launch.py
[0.453s] -- Up-to-date: /home/hw/chapt9/fishbot_ws/install/fishbot_bringup/share/fishbot_bringup/launch/bringup.launch.py
[0.453s] -- Up-to-date: /home/hw/chapt9/fishbot_ws/install/fishbot_bringup/share/fishbot_bringup/launch/final_bringup.launch.py
[0.453s] -- Up-to-date: /home/hw/chapt9/fishbot_ws/install/fishbot_bringup/share/fishbot_bringup/launch/test_tf_tree.launch.py
[0.453s] -- Up-to-date: /home/hw/chapt9/fishbot_ws/install/fishbot_bringup/share/fishbot_bringup/rviz
[0.453s] -- Up-to-date: /home/hw/chapt9/fishbot_ws/install/fishbot_bringup/share/fishbot_bringup/rviz/room.pgm
[0.454s] -- Up-to-date: /home/hw/chapt9/fishbot_ws/install/fishbot_bringup/share/fishbot_bringup/rviz/room.yaml
[0.454s] -- Up-to-date: /home/hw/chapt9/fishbot_ws/install/fishbot_bringup/share/fishbot_bringup/rviz/bringupRviz2.rviz
[0.454s] -- Up-to-date: /home/hw/chapt9/fishbot_ws/install/fishbot_bringup/share/ament_index/resource_index/package_run_dependencies/fishbot_bringup
[0.455s] -- Up-to-date: /home/hw/chapt9/fishbot_ws/install/fishbot_bringup/share/ament_index/resource_index/parent_prefix_path/fishbot_bringup
[0.455s] -- Up-to-date: /home/hw/chapt9/fishbot_ws/install/fishbot_bringup/share/fishbot_bringup/environment/ament_prefix_path.sh
[0.455s] -- Up-to-date: /home/hw/chapt9/fishbot_ws/install/fishbot_bringup/share/fishbot_bringup/environment/ament_prefix_path.dsv
[0.456s] -- Up-to-date: /home/hw/chapt9/fishbot_ws/install/fishbot_bringup/share/fishbot_bringup/environment/path.sh
[0.456s] -- Up-to-date: /home/hw/chapt9/fishbot_ws/install/fishbot_bringup/share/fishbot_bringup/environment/path.dsv
[0.457s] -- Up-to-date: /home/hw/chapt9/fishbot_ws/install/fishbot_bringup/share/fishbot_bringup/local_setup.bash
[0.457s] -- Up-to-date: /home/hw/chapt9/fishbot_ws/install/fishbot_bringup/share/fishbot_bringup/local_setup.sh
[0.457s] -- Up-to-date: /home/hw/chapt9/fishbot_ws/install/fishbot_bringup/share/fishbot_bringup/local_setup.zsh
[0.459s] -- Up-to-date: /home/hw/chapt9/fishbot_ws/install/fishbot_bringup/share/fishbot_bringup/local_setup.dsv
[0.460s] -- Installing: /home/hw/chapt9/fishbot_ws/install/fishbot_bringup/share/fishbot_bringup/package.dsv
[0.461s] -- Up-to-date: /home/hw/chapt9/fishbot_ws/install/fishbot_bringup/share/ament_index/resource_index/packages/fishbot_bringup
[0.462s] -- Up-to-date: /home/hw/chapt9/fishbot_ws/install/fishbot_bringup/share/fishbot_bringup/cmake/fishbot_bringupConfig.cmake
[0.462s] -- Up-to-date: /home/hw/chapt9/fishbot_ws/install/fishbot_bringup/share/fishbot_bringup/cmake/fishbot_bringupConfig-version.cmake
[0.462s] -- Up-to-date: /home/hw/chapt9/fishbot_ws/install/fishbot_bringup/share/fishbot_bringup/package.xml
[0.498s] Invoked command in '/home/hw/chapt9/fishbot_ws/build/fishbot_bringup' returned '0': CMAKE_PREFIX_PATH=/opt/ros/humble /usr/bin/cmake --install /home/hw/chapt9/fishbot_ws/build/fishbot_bringup
