[0.014s] Invoking command in '/home/hw/SLAM-and-Navigation-of-Two-Wheeled-Mobile-Robots/SLAM-and-Navigation-of-Two-Wheeled-Mobile-Robots/fishbot_ws/build/fishbot_bringup': CMAKE_PREFIX_PATH=/opt/ros/humble /usr/bin/cmake /home/hw/SLAM-and-Navigation-of-Two-Wheeled-Mobile-Robots/SLAM-and-Navigation-of-Two-Wheeled-Mobile-Robots/fishbot_ws/src/bring_up -DAMENT_CMAKE_SYMLINK_INSTALL=1 -DCMAKE_INSTALL_PREFIX=/home/hw/SLAM-and-Navigation-of-Two-Wheeled-Mobile-Robots/SLAM-and-Navigation-of-Two-Wheeled-Mobile-Robots/fishbot_ws/install/fishbot_bringup
[0.086s] -- The C compiler identification is GNU 11.4.0
[0.156s] -- The CXX compiler identification is GNU 11.4.0
[0.165s] -- Detecting C compiler ABI info
[0.266s] -- Detecting C compiler ABI info - done
[0.273s] -- Check for working C compiler: /usr/bin/cc - skipped
[0.274s] -- Detecting C compile features
[0.274s] -- Detecting C compile features - done
[0.277s] -- Detecting CXX compiler ABI info
[0.389s] -- Detecting CXX compiler ABI info - done
[0.396s] -- Check for working CXX compiler: /usr/bin/c++ - skipped
[0.396s] -- Detecting CXX compile features
[0.396s] -- Detecting CXX compile features - done
[0.400s] -- Found ament_cmake: 1.3.12 (/opt/ros/humble/share/ament_cmake/cmake)
[0.561s] -- Found Python3: /usr/bin/python3 (found version "3.10.12") found components: Interpreter 
[0.633s] -- Override CMake install command with custom implementation using symlinks instead of copying resources
[0.671s] -- Found ament_lint_auto: 0.12.14 (/opt/ros/humble/share/ament_lint_auto/cmake)
[0.750s] -- Found rclcpp: 16.0.17 (/opt/ros/humble/share/rclcpp/cmake)
[0.799s] -- Found rosidl_generator_c: 3.1.8 (/opt/ros/humble/share/rosidl_generator_c/cmake)
[0.806s] -- Found rosidl_adapter: 3.1.8 (/opt/ros/humble/share/rosidl_adapter/cmake)
[0.816s] -- Found rosidl_generator_cpp: 3.1.8 (/opt/ros/humble/share/rosidl_generator_cpp/cmake)
[0.830s] -- Using all available rosidl_typesupport_c: rosidl_typesupport_fastrtps_c;rosidl_typesupport_introspection_c
[0.849s] -- Using all available rosidl_typesupport_cpp: rosidl_typesupport_fastrtps_cpp;rosidl_typesupport_introspection_cpp
[0.901s] -- Found rmw_implementation_cmake: 6.1.2 (/opt/ros/humble/share/rmw_implementation_cmake/cmake)
[0.904s] -- Found rmw_fastrtps_cpp: 6.2.10 (/opt/ros/humble/share/rmw_fastrtps_cpp/cmake)
[1.031s] -- Found OpenSSL: /usr/lib/x86_64-linux-gnu/libcrypto.so (found version "3.0.2")  
[1.069s] -- Found FastRTPS: /opt/ros/humble/include  
[1.122s] -- Using RMW implementation 'rmw_fastrtps_cpp' as default
[1.133s] -- Looking for pthread.h
[1.239s] -- Looking for pthread.h - found
[1.239s] -- Performing Test CMAKE_HAVE_LIBC_PTHREAD
[1.347s] -- Performing Test CMAKE_HAVE_LIBC_PTHREAD - Success
[1.349s] -- Found Threads: TRUE  
[1.403s] -- Found tf2: 0.25.18 (/opt/ros/humble/share/tf2/cmake)
[1.431s] -- Found tf2_ros: 0.25.18 (/opt/ros/humble/share/tf2_ros/cmake)
[1.526s] -- Found nav_msgs: 4.9.0 (/opt/ros/humble/share/nav_msgs/cmake)
[1.553s] -- Added test 'cppcheck' to perform static code analysis on C / C++ code
[1.553s] -- Configured cppcheck include dirs: 
[1.553s] -- Configured cppcheck exclude dirs and/or files: 
[1.554s] -- Added test 'flake8' to check Python code syntax and style conventions
[1.555s] -- Added test 'lint_cmake' to check CMake code style
[1.555s] -- Added test 'pep257' to check Python code against some of the docstring style conventions in PEP 257
[1.557s] -- Added test 'uncrustify' to check C / C++ code style
[1.557s] -- Configured uncrustify additional arguments: 
[1.558s] -- Added test 'xmllint' to check XML markup files
[1.559s] -- Configuring done
[1.578s] -- Generating done
[1.586s] -- Build files have been written to: /home/hw/SLAM-and-Navigation-of-Two-Wheeled-Mobile-Robots/SLAM-and-Navigation-of-Two-Wheeled-Mobile-Robots/fishbot_ws/build/fishbot_bringup
[1.601s] Invoked command in '/home/hw/SLAM-and-Navigation-of-Two-Wheeled-Mobile-Robots/SLAM-and-Navigation-of-Two-Wheeled-Mobile-Robots/fishbot_ws/build/fishbot_bringup' returned '0': CMAKE_PREFIX_PATH=/opt/ros/humble /usr/bin/cmake /home/hw/SLAM-and-Navigation-of-Two-Wheeled-Mobile-Robots/SLAM-and-Navigation-of-Two-Wheeled-Mobile-Robots/fishbot_ws/src/bring_up -DAMENT_CMAKE_SYMLINK_INSTALL=1 -DCMAKE_INSTALL_PREFIX=/home/hw/SLAM-and-Navigation-of-Two-Wheeled-Mobile-Robots/SLAM-and-Navigation-of-Two-Wheeled-Mobile-Robots/fishbot_ws/install/fishbot_bringup
[1.604s] Invoking command in '/home/hw/SLAM-and-Navigation-of-Two-Wheeled-Mobile-Robots/SLAM-and-Navigation-of-Two-Wheeled-Mobile-Robots/fishbot_ws/build/fishbot_bringup': CMAKE_PREFIX_PATH=/opt/ros/humble /usr/bin/cmake --build /home/hw/SLAM-and-Navigation-of-Two-Wheeled-Mobile-Robots/SLAM-and-Navigation-of-Two-Wheeled-Mobile-Robots/fishbot_ws/build/fishbot_bringup -- -j16 -l16
[1.677s] Consolidate compiler generated dependencies of target odom2tf
[1.697s] [100%] Built target odom2tf
[1.712s] Invoked command in '/home/hw/SLAM-and-Navigation-of-Two-Wheeled-Mobile-Robots/SLAM-and-Navigation-of-Two-Wheeled-Mobile-Robots/fishbot_ws/build/fishbot_bringup' returned '0': CMAKE_PREFIX_PATH=/opt/ros/humble /usr/bin/cmake --build /home/hw/SLAM-and-Navigation-of-Two-Wheeled-Mobile-Robots/SLAM-and-Navigation-of-Two-Wheeled-Mobile-Robots/fishbot_ws/build/fishbot_bringup -- -j16 -l16
[1.728s] Invoking command in '/home/hw/SLAM-and-Navigation-of-Two-Wheeled-Mobile-Robots/SLAM-and-Navigation-of-Two-Wheeled-Mobile-Robots/fishbot_ws/build/fishbot_bringup': CMAKE_PREFIX_PATH=/opt/ros/humble /usr/bin/cmake --install /home/hw/SLAM-and-Navigation-of-Two-Wheeled-Mobile-Robots/SLAM-and-Navigation-of-Two-Wheeled-Mobile-Robots/fishbot_ws/build/fishbot_bringup
[1.736s] -- Install configuration: ""
[1.736s] -- Execute custom install script
[1.737s] -- Up-to-date symlink: /home/hw/SLAM-and-Navigation-of-Two-Wheeled-Mobile-Robots/SLAM-and-Navigation-of-Two-Wheeled-Mobile-Robots/fishbot_ws/install/fishbot_bringup/lib/fishbot_bringup/odom2tf
[1.738s] -- Up-to-date symlink: /home/hw/SLAM-and-Navigation-of-Two-Wheeled-Mobile-Robots/SLAM-and-Navigation-of-Two-Wheeled-Mobile-Robots/fishbot_ws/install/fishbot_bringup/share/fishbot_bringup/config/ekf.yaml
[1.738s] -- Up-to-date symlink: /home/hw/SLAM-and-Navigation-of-Two-Wheeled-Mobile-Robots/SLAM-and-Navigation-of-Two-Wheeled-Mobile-Robots/fishbot_ws/install/fishbot_bringup/share/fishbot_bringup/config/slam_toolbox.yaml
[1.738s] -- Up-to-date symlink: /home/hw/SLAM-and-Navigation-of-Two-Wheeled-Mobile-Robots/SLAM-and-Navigation-of-Two-Wheeled-Mobile-Robots/fishbot_ws/install/fishbot_bringup/share/fishbot_bringup/launch/__pycache__/bringup.launch.cpython-310.pyc
[1.739s] -- Up-to-date symlink: /home/hw/SLAM-and-Navigation-of-Two-Wheeled-Mobile-Robots/SLAM-and-Navigation-of-Two-Wheeled-Mobile-Robots/fishbot_ws/install/fishbot_bringup/share/fishbot_bringup/launch/__pycache__/final_bringup.launch.cpython-310.pyc
[1.739s] -- Up-to-date symlink: /home/hw/SLAM-and-Navigation-of-Two-Wheeled-Mobile-Robots/SLAM-and-Navigation-of-Two-Wheeled-Mobile-Robots/fishbot_ws/install/fishbot_bringup/share/fishbot_bringup/launch/__pycache__/urdf2tf.launch.cpython-310.pyc
[1.739s] -- Up-to-date symlink: /home/hw/SLAM-and-Navigation-of-Two-Wheeled-Mobile-Robots/SLAM-and-Navigation-of-Two-Wheeled-Mobile-Robots/fishbot_ws/install/fishbot_bringup/share/fishbot_bringup/launch/bringup.launch.py
[1.739s] -- Up-to-date symlink: /home/hw/SLAM-and-Navigation-of-Two-Wheeled-Mobile-Robots/SLAM-and-Navigation-of-Two-Wheeled-Mobile-Robots/fishbot_ws/install/fishbot_bringup/share/fishbot_bringup/launch/final_bringup.launch.py
[1.739s] -- Up-to-date symlink: /home/hw/SLAM-and-Navigation-of-Two-Wheeled-Mobile-Robots/SLAM-and-Navigation-of-Two-Wheeled-Mobile-Robots/fishbot_ws/install/fishbot_bringup/share/fishbot_bringup/launch/test_tf_tree.launch.py
[1.740s] -- Up-to-date symlink: /home/hw/SLAM-and-Navigation-of-Two-Wheeled-Mobile-Robots/SLAM-and-Navigation-of-Two-Wheeled-Mobile-Robots/fishbot_ws/install/fishbot_bringup/share/fishbot_bringup/launch/urdf2tf.launch.py
[1.740s] -- Up-to-date symlink: /home/hw/SLAM-and-Navigation-of-Two-Wheeled-Mobile-Robots/SLAM-and-Navigation-of-Two-Wheeled-Mobile-Robots/fishbot_ws/install/fishbot_bringup/share/fishbot_bringup/rviz/bringupRviz2.rviz
[1.740s] -- Up-to-date symlink: /home/hw/SLAM-and-Navigation-of-Two-Wheeled-Mobile-Robots/SLAM-and-Navigation-of-Two-Wheeled-Mobile-Robots/fishbot_ws/install/fishbot_bringup/share/fishbot_bringup/rviz/room.pgm
[1.740s] -- Up-to-date symlink: /home/hw/SLAM-and-Navigation-of-Two-Wheeled-Mobile-Robots/SLAM-and-Navigation-of-Two-Wheeled-Mobile-Robots/fishbot_ws/install/fishbot_bringup/share/fishbot_bringup/rviz/room.yaml
[1.741s] -- Up-to-date symlink: /home/hw/SLAM-and-Navigation-of-Two-Wheeled-Mobile-Robots/SLAM-and-Navigation-of-Two-Wheeled-Mobile-Robots/fishbot_ws/install/fishbot_bringup/share/ament_index/resource_index/package_run_dependencies/fishbot_bringup
[1.741s] -- Up-to-date symlink: /home/hw/SLAM-and-Navigation-of-Two-Wheeled-Mobile-Robots/SLAM-and-Navigation-of-Two-Wheeled-Mobile-Robots/fishbot_ws/install/fishbot_bringup/share/ament_index/resource_index/parent_prefix_path/fishbot_bringup
[1.741s] -- Up-to-date symlink: /home/hw/SLAM-and-Navigation-of-Two-Wheeled-Mobile-Robots/SLAM-and-Navigation-of-Two-Wheeled-Mobile-Robots/fishbot_ws/install/fishbot_bringup/share/fishbot_bringup/environment/ament_prefix_path.sh
[1.742s] -- Up-to-date symlink: /home/hw/SLAM-and-Navigation-of-Two-Wheeled-Mobile-Robots/SLAM-and-Navigation-of-Two-Wheeled-Mobile-Robots/fishbot_ws/install/fishbot_bringup/share/fishbot_bringup/environment/ament_prefix_path.dsv
[1.742s] -- Up-to-date symlink: /home/hw/SLAM-and-Navigation-of-Two-Wheeled-Mobile-Robots/SLAM-and-Navigation-of-Two-Wheeled-Mobile-Robots/fishbot_ws/install/fishbot_bringup/share/fishbot_bringup/environment/path.sh
[1.742s] -- Up-to-date symlink: /home/hw/SLAM-and-Navigation-of-Two-Wheeled-Mobile-Robots/SLAM-and-Navigation-of-Two-Wheeled-Mobile-Robots/fishbot_ws/install/fishbot_bringup/share/fishbot_bringup/environment/path.dsv
[1.743s] -- Up-to-date symlink: /home/hw/SLAM-and-Navigation-of-Two-Wheeled-Mobile-Robots/SLAM-and-Navigation-of-Two-Wheeled-Mobile-Robots/fishbot_ws/install/fishbot_bringup/share/fishbot_bringup/local_setup.bash
[1.743s] -- Up-to-date symlink: /home/hw/SLAM-and-Navigation-of-Two-Wheeled-Mobile-Robots/SLAM-and-Navigation-of-Two-Wheeled-Mobile-Robots/fishbot_ws/install/fishbot_bringup/share/fishbot_bringup/local_setup.sh
[1.743s] -- Up-to-date symlink: /home/hw/SLAM-and-Navigation-of-Two-Wheeled-Mobile-Robots/SLAM-and-Navigation-of-Two-Wheeled-Mobile-Robots/fishbot_ws/install/fishbot_bringup/share/fishbot_bringup/local_setup.zsh
[1.744s] -- Up-to-date symlink: /home/hw/SLAM-and-Navigation-of-Two-Wheeled-Mobile-Robots/SLAM-and-Navigation-of-Two-Wheeled-Mobile-Robots/fishbot_ws/install/fishbot_bringup/share/fishbot_bringup/local_setup.dsv
[1.744s] -- Symlinking: /home/hw/SLAM-and-Navigation-of-Two-Wheeled-Mobile-Robots/SLAM-and-Navigation-of-Two-Wheeled-Mobile-Robots/fishbot_ws/install/fishbot_bringup/share/fishbot_bringup/package.dsv
[1.758s] -- Up-to-date symlink: /home/hw/SLAM-and-Navigation-of-Two-Wheeled-Mobile-Robots/SLAM-and-Navigation-of-Two-Wheeled-Mobile-Robots/fishbot_ws/install/fishbot_bringup/share/ament_index/resource_index/packages/fishbot_bringup
[1.758s] -- Up-to-date symlink: /home/hw/SLAM-and-Navigation-of-Two-Wheeled-Mobile-Robots/SLAM-and-Navigation-of-Two-Wheeled-Mobile-Robots/fishbot_ws/install/fishbot_bringup/share/fishbot_bringup/cmake/fishbot_bringupConfig.cmake
[1.758s] -- Up-to-date symlink: /home/hw/SLAM-and-Navigation-of-Two-Wheeled-Mobile-Robots/SLAM-and-Navigation-of-Two-Wheeled-Mobile-Robots/fishbot_ws/install/fishbot_bringup/share/fishbot_bringup/cmake/fishbot_bringupConfig-version.cmake
[1.758s] -- Up-to-date symlink: /home/hw/SLAM-and-Navigation-of-Two-Wheeled-Mobile-Robots/SLAM-and-Navigation-of-Two-Wheeled-Mobile-Robots/fishbot_ws/install/fishbot_bringup/share/fishbot_bringup/package.xml
[1.761s] Invoked command in '/home/hw/SLAM-and-Navigation-of-Two-Wheeled-Mobile-Robots/SLAM-and-Navigation-of-Two-Wheeled-Mobile-Robots/fishbot_ws/build/fishbot_bringup' returned '0': CMAKE_PREFIX_PATH=/opt/ros/humble /usr/bin/cmake --install /home/hw/SLAM-and-Navigation-of-Two-Wheeled-Mobile-Robots/SLAM-and-Navigation-of-Two-Wheeled-Mobile-Robots/fishbot_ws/build/fishbot_bringup
