[0.405s] Invoking command in '/home/hw/chapt9/fishbot_ws/build/ydlidar': CMAKE_PREFIX_PATH=/opt/ros/humble /usr/bin/cmake --build /home/hw/chapt9/fishbot_ws/build/ydlidar -- -j16 -l16
[0.490s] [  8%] Built target ydlidar_client
[0.500s] [100%] Built target ydlidar_node
[0.520s] Invoked command in '/home/hw/chapt9/fishbot_ws/build/ydlidar' returned '0': CMAKE_PREFIX_PATH=/opt/ros/humble /usr/bin/cmake --build /home/hw/chapt9/fishbot_ws/build/ydlidar -- -j16 -l16
[0.523s] Invoking command in '/home/hw/chapt9/fishbot_ws/build/ydlidar': CMAKE_PREFIX_PATH=/opt/ros/humble /usr/bin/cmake --install /home/hw/chapt9/fishbot_ws/build/ydlidar
[0.534s] -- Install configuration: ""
[0.534s] -- Up-to-date: /home/hw/chapt9/fishbot_ws/install/ydlidar/lib/ydlidar/ydlidar_node
[0.535s] -- Up-to-date: /home/hw/chapt9/fishbot_ws/install/ydlidar/lib/ydlidar/ydlidar_client
[0.536s] -- Up-to-date: /home/hw/chapt9/fishbot_ws/install/ydlidar/share/ydlidar/launch
[0.536s] -- Up-to-date: /home/hw/chapt9/fishbot_ws/install/ydlidar/share/ydlidar/launch/ydlidar.py
[0.536s] -- Up-to-date: /home/hw/chapt9/fishbot_ws/install/ydlidar/share/ydlidar/launch/ydlidar_launch.py
[0.537s] -- Up-to-date: /home/hw/chapt9/fishbot_ws/install/ydlidar/share/ydlidar/params
[0.537s] -- Up-to-date: /home/hw/chapt9/fishbot_ws/install/ydlidar/share/ydlidar/params/ydlidar.yaml
[0.537s] -- Up-to-date: /home/hw/chapt9/fishbot_ws/install/ydlidar/share/ydlidar/startup
[0.537s] -- Up-to-date: /home/hw/chapt9/fishbot_ws/install/ydlidar/share/ydlidar/startup/initenv.sh
[0.537s] -- Up-to-date: /home/hw/chapt9/fishbot_ws/install/ydlidar/share/ydlidar/config
[0.537s] -- Up-to-date: /home/hw/chapt9/fishbot_ws/install/ydlidar/share/ydlidar/config/ydlidar.rviz
[0.537s] -- Up-to-date: /home/hw/chapt9/fishbot_ws/install/ydlidar/share/ament_index/resource_index/package_run_dependencies/ydlidar
[0.537s] -- Up-to-date: /home/hw/chapt9/fishbot_ws/install/ydlidar/share/ament_index/resource_index/parent_prefix_path/ydlidar
[0.537s] -- Up-to-date: /home/hw/chapt9/fishbot_ws/install/ydlidar/share/ydlidar/environment/ament_prefix_path.sh
[0.537s] -- Up-to-date: /home/hw/chapt9/fishbot_ws/install/ydlidar/share/ydlidar/environment/ament_prefix_path.dsv
[0.537s] -- Up-to-date: /home/hw/chapt9/fishbot_ws/install/ydlidar/share/ydlidar/environment/path.sh
[0.537s] -- Up-to-date: /home/hw/chapt9/fishbot_ws/install/ydlidar/share/ydlidar/environment/path.dsv
[0.537s] -- Up-to-date: /home/hw/chapt9/fishbot_ws/install/ydlidar/share/ydlidar/local_setup.bash
[0.538s] -- Up-to-date: /home/hw/chapt9/fishbot_ws/install/ydlidar/share/ydlidar/local_setup.sh
[0.538s] -- Up-to-date: /home/hw/chapt9/fishbot_ws/install/ydlidar/share/ydlidar/local_setup.zsh
[0.538s] -- Up-to-date: /home/hw/chapt9/fishbot_ws/install/ydlidar/share/ydlidar/local_setup.dsv
[0.538s] -- Installing: /home/hw/chapt9/fishbot_ws/install/ydlidar/share/ydlidar/package.dsv
[0.538s] -- Up-to-date: /home/hw/chapt9/fishbot_ws/install/ydlidar/share/ament_index/resource_index/packages/ydlidar
[0.538s] -- Up-to-date: /home/hw/chapt9/fishbot_ws/install/ydlidar/share/ydlidar/cmake/ydlidarConfig.cmake
[0.538s] -- Up-to-date: /home/hw/chapt9/fishbot_ws/install/ydlidar/share/ydlidar/cmake/ydlidarConfig-version.cmake
[0.538s] -- Up-to-date: /home/hw/chapt9/fishbot_ws/install/ydlidar/share/ydlidar/package.xml
[0.542s] Invoked command in '/home/hw/chapt9/fishbot_ws/build/ydlidar' returned '0': CMAKE_PREFIX_PATH=/opt/ros/humble /usr/bin/cmake --install /home/hw/chapt9/fishbot_ws/build/ydlidar
