[0.295s] DEBUG:colcon:Command line arguments: ['/usr/bin/colcon', 'build', '--packages-select', 'fishbot_bringup']
[0.295s] DEBUG:colcon:Parsed command line arguments: Namespace(log_base=None, log_level=None, verb_name='build', build_base='build', install_base='install', merge_install=False, symlink_install=False, test_result_base=None, continue_on_error=False, executor='parallel', parallel_workers=16, event_handlers=None, ignore_user_meta=False, metas=['./colcon.meta'], base_paths=['.'], packages_ignore=None, packages_ignore_regex=None, paths=None, packages_up_to=None, packages_up_to_regex=None, packages_above=None, packages_above_and_dependencies=None, packages_above_depth=None, packages_select_by_dep=None, packages_skip_by_dep=None, packages_skip_up_to=None, packages_select_build_failed=False, packages_skip_build_finished=False, packages_select_test_failures=False, packages_skip_test_passed=False, packages_select=['fishbot_bringup'], packages_skip=None, packages_select_regex=None, packages_skip_regex=None, packages_start=None, packages_end=None, allow_overriding=[], cmake_args=None, cmake_target=None, cmake_target_skip_unavailable=False, cmake_clean_cache=False, cmake_clean_first=False, cmake_force_configure=False, ament_cmake_args=None, catkin_cmake_args=None, catkin_skip_building_tests=False, mixin_files=None, mixin=None, verb_parser=<colcon_mixin.mixin.mixin_argument.MixinArgumentDecorator object at 0x7ee161458c70>, verb_extension=<colcon_core.verb.build.BuildVerb object at 0x7ee1613ca3b0>, main=<bound method BuildVerb.main of <colcon_core.verb.build.BuildVerb object at 0x7ee1613ca3b0>>, mixin_verb=('build',))
[0.851s] Level 1:colcon.colcon_core.package_discovery:discover_packages(colcon_meta) check parameters
[0.851s] Level 1:colcon.colcon_core.package_discovery:discover_packages(recursive) check parameters
[0.851s] Level 1:colcon.colcon_core.package_discovery:discover_packages(ignore) check parameters
[0.851s] Level 1:colcon.colcon_core.package_discovery:discover_packages(path) check parameters
[0.851s] Level 1:colcon.colcon_core.package_discovery:discover_packages(colcon_meta) discover
[0.851s] Level 1:colcon.colcon_core.package_discovery:discover_packages(recursive) discover
[0.851s] INFO:colcon.colcon_core.package_discovery:Crawling recursively for packages in '/home/hw/SLAM-and-Navigation-of-Two-Wheeled-Mobile-Robots/SLAM-and-Navigation-of-Two-Wheeled-Mobile-Robots/fishbot_ws'
[0.851s] Level 1:colcon.colcon_core.package_identification:_identify(.) by extensions ['ignore', 'ignore_ament_install']
[0.852s] Level 1:colcon.colcon_core.package_identification:_identify(.) by extension 'ignore'
[0.852s] Level 1:colcon.colcon_core.package_identification:_identify(.) by extension 'ignore_ament_install'
[0.852s] Level 1:colcon.colcon_core.package_identification:_identify(.) by extensions ['colcon_pkg']
[0.852s] Level 1:colcon.colcon_core.package_identification:_identify(.) by extension 'colcon_pkg'
[0.852s] Level 1:colcon.colcon_core.package_identification:_identify(.) by extensions ['colcon_meta']
[0.852s] Level 1:colcon.colcon_core.package_identification:_identify(.) by extension 'colcon_meta'
[0.852s] Level 1:colcon.colcon_core.package_identification:_identify(.) by extensions ['ros']
[0.852s] Level 1:colcon.colcon_core.package_identification:_identify(.) by extension 'ros'
[0.874s] Level 1:colcon.colcon_core.package_identification:_identify(.) by extensions ['cmake', 'python']
[0.874s] Level 1:colcon.colcon_core.package_identification:_identify(.) by extension 'cmake'
[0.874s] Level 1:colcon.colcon_core.package_identification:_identify(.) by extension 'python'
[0.874s] Level 1:colcon.colcon_core.package_identification:_identify(.) by extensions ['python_setup_py']
[0.874s] Level 1:colcon.colcon_core.package_identification:_identify(.) by extension 'python_setup_py'
[0.874s] Level 1:colcon.colcon_core.package_identification:_identify(build) by extensions ['ignore', 'ignore_ament_install']
[0.874s] Level 1:colcon.colcon_core.package_identification:_identify(build) by extension 'ignore'
[0.874s] Level 1:colcon.colcon_core.package_identification:_identify(build) ignored
[0.874s] Level 1:colcon.colcon_core.package_identification:_identify(install) by extensions ['ignore', 'ignore_ament_install']
[0.875s] Level 1:colcon.colcon_core.package_identification:_identify(install) by extension 'ignore'
[0.875s] Level 1:colcon.colcon_core.package_identification:_identify(install) ignored
[0.875s] Level 1:colcon.colcon_core.package_identification:_identify(log) by extensions ['ignore', 'ignore_ament_install']
[0.875s] Level 1:colcon.colcon_core.package_identification:_identify(log) by extension 'ignore'
[0.875s] Level 1:colcon.colcon_core.package_identification:_identify(log) ignored
[0.875s] Level 1:colcon.colcon_core.package_identification:_identify(src) by extensions ['ignore', 'ignore_ament_install']
[0.875s] Level 1:colcon.colcon_core.package_identification:_identify(src) by extension 'ignore'
[0.875s] Level 1:colcon.colcon_core.package_identification:_identify(src) by extension 'ignore_ament_install'
[0.875s] Level 1:colcon.colcon_core.package_identification:_identify(src) by extensions ['colcon_pkg']
[0.875s] Level 1:colcon.colcon_core.package_identification:_identify(src) by extension 'colcon_pkg'
[0.875s] Level 1:colcon.colcon_core.package_identification:_identify(src) by extensions ['colcon_meta']
[0.875s] Level 1:colcon.colcon_core.package_identification:_identify(src) by extension 'colcon_meta'
[0.875s] Level 1:colcon.colcon_core.package_identification:_identify(src) by extensions ['ros']
[0.875s] Level 1:colcon.colcon_core.package_identification:_identify(src) by extension 'ros'
[0.875s] Level 1:colcon.colcon_core.package_identification:_identify(src) by extensions ['cmake', 'python']
[0.875s] Level 1:colcon.colcon_core.package_identification:_identify(src) by extension 'cmake'
[0.875s] Level 1:colcon.colcon_core.package_identification:_identify(src) by extension 'python'
[0.875s] Level 1:colcon.colcon_core.package_identification:_identify(src) by extensions ['python_setup_py']
[0.875s] Level 1:colcon.colcon_core.package_identification:_identify(src) by extension 'python_setup_py'
[0.875s] Level 1:colcon.colcon_core.package_identification:_identify(src/bring_up) by extensions ['ignore', 'ignore_ament_install']
[0.876s] Level 1:colcon.colcon_core.package_identification:_identify(src/bring_up) by extension 'ignore'
[0.876s] Level 1:colcon.colcon_core.package_identification:_identify(src/bring_up) by extension 'ignore_ament_install'
[0.876s] Level 1:colcon.colcon_core.package_identification:_identify(src/bring_up) by extensions ['colcon_pkg']
[0.876s] Level 1:colcon.colcon_core.package_identification:_identify(src/bring_up) by extension 'colcon_pkg'
[0.876s] Level 1:colcon.colcon_core.package_identification:_identify(src/bring_up) by extensions ['colcon_meta']
[0.876s] Level 1:colcon.colcon_core.package_identification:_identify(src/bring_up) by extension 'colcon_meta'
[0.876s] Level 1:colcon.colcon_core.package_identification:_identify(src/bring_up) by extensions ['ros']
[0.876s] Level 1:colcon.colcon_core.package_identification:_identify(src/bring_up) by extension 'ros'
[0.880s] DEBUG:colcon.colcon_core.package_identification:Package 'src/bring_up' with type 'ros.ament_cmake' and name 'fishbot_bringup'
[0.880s] Level 1:colcon.colcon_core.package_identification:_identify(src/bring_up1) by extensions ['ignore', 'ignore_ament_install']
[0.880s] Level 1:colcon.colcon_core.package_identification:_identify(src/bring_up1) by extension 'ignore'
[0.881s] Level 1:colcon.colcon_core.package_identification:_identify(src/bring_up1) by extension 'ignore_ament_install'
[0.881s] Level 1:colcon.colcon_core.package_identification:_identify(src/bring_up1) by extensions ['colcon_pkg']
[0.881s] Level 1:colcon.colcon_core.package_identification:_identify(src/bring_up1) by extension 'colcon_pkg'
[0.881s] Level 1:colcon.colcon_core.package_identification:_identify(src/bring_up1) by extensions ['colcon_meta']
[0.881s] Level 1:colcon.colcon_core.package_identification:_identify(src/bring_up1) by extension 'colcon_meta'
[0.881s] Level 1:colcon.colcon_core.package_identification:_identify(src/bring_up1) by extensions ['ros']
[0.881s] Level 1:colcon.colcon_core.package_identification:_identify(src/bring_up1) by extension 'ros'
[0.881s] DEBUG:colcon.colcon_core.package_identification:Package 'src/bring_up1' with type 'ros.ament_cmake' and name 'bring_up'
[0.882s] Level 1:colcon.colcon_core.package_identification:_identify(src/micro-ROS-Agent) by extensions ['ignore', 'ignore_ament_install']
[0.882s] Level 1:colcon.colcon_core.package_identification:_identify(src/micro-ROS-Agent) by extension 'ignore'
[0.882s] Level 1:colcon.colcon_core.package_identification:_identify(src/micro-ROS-Agent) by extension 'ignore_ament_install'
[0.882s] Level 1:colcon.colcon_core.package_identification:_identify(src/micro-ROS-Agent) by extensions ['colcon_pkg']
[0.882s] Level 1:colcon.colcon_core.package_identification:_identify(src/micro-ROS-Agent) by extension 'colcon_pkg'
[0.882s] Level 1:colcon.colcon_core.package_identification:_identify(src/micro-ROS-Agent) by extensions ['colcon_meta']
[0.882s] Level 1:colcon.colcon_core.package_identification:_identify(src/micro-ROS-Agent) by extension 'colcon_meta'
[0.883s] Level 1:colcon.colcon_core.package_identification:_identify(src/micro-ROS-Agent) by extensions ['ros']
[0.883s] Level 1:colcon.colcon_core.package_identification:_identify(src/micro-ROS-Agent) by extension 'ros'
[0.883s] Level 1:colcon.colcon_core.package_identification:_identify(src/micro-ROS-Agent) by extensions ['cmake', 'python']
[0.883s] Level 1:colcon.colcon_core.package_identification:_identify(src/micro-ROS-Agent) by extension 'cmake'
[0.883s] Level 1:colcon.colcon_core.package_identification:_identify(src/micro-ROS-Agent) by extension 'python'
[0.883s] Level 1:colcon.colcon_core.package_identification:_identify(src/micro-ROS-Agent) by extensions ['python_setup_py']
[0.883s] Level 1:colcon.colcon_core.package_identification:_identify(src/micro-ROS-Agent) by extension 'python_setup_py'
[0.883s] Level 1:colcon.colcon_core.package_identification:_identify(src/micro-ROS-Agent/micro_ros_agent) by extensions ['ignore', 'ignore_ament_install']
[0.883s] Level 1:colcon.colcon_core.package_identification:_identify(src/micro-ROS-Agent/micro_ros_agent) by extension 'ignore'
[0.883s] Level 1:colcon.colcon_core.package_identification:_identify(src/micro-ROS-Agent/micro_ros_agent) by extension 'ignore_ament_install'
[0.883s] Level 1:colcon.colcon_core.package_identification:_identify(src/micro-ROS-Agent/micro_ros_agent) by extensions ['colcon_pkg']
[0.883s] Level 1:colcon.colcon_core.package_identification:_identify(src/micro-ROS-Agent/micro_ros_agent) by extension 'colcon_pkg'
[0.883s] Level 1:colcon.colcon_core.package_identification:_identify(src/micro-ROS-Agent/micro_ros_agent) by extensions ['colcon_meta']
[0.883s] Level 1:colcon.colcon_core.package_identification:_identify(src/micro-ROS-Agent/micro_ros_agent) by extension 'colcon_meta'
[0.883s] Level 1:colcon.colcon_core.package_identification:_identify(src/micro-ROS-Agent/micro_ros_agent) by extensions ['ros']
[0.883s] Level 1:colcon.colcon_core.package_identification:_identify(src/micro-ROS-Agent/micro_ros_agent) by extension 'ros'
[0.885s] DEBUG:colcon.colcon_core.package_identification:Package 'src/micro-ROS-Agent/micro_ros_agent' with type 'ros.ament_cmake' and name 'micro_ros_agent'
[0.885s] Level 1:colcon.colcon_core.package_identification:_identify(src/micro-ROS-Agent/snap) by extensions ['ignore', 'ignore_ament_install']
[0.885s] Level 1:colcon.colcon_core.package_identification:_identify(src/micro-ROS-Agent/snap) by extension 'ignore'
[0.885s] Level 1:colcon.colcon_core.package_identification:_identify(src/micro-ROS-Agent/snap) by extension 'ignore_ament_install'
[0.885s] Level 1:colcon.colcon_core.package_identification:_identify(src/micro-ROS-Agent/snap) by extensions ['colcon_pkg']
[0.885s] Level 1:colcon.colcon_core.package_identification:_identify(src/micro-ROS-Agent/snap) by extension 'colcon_pkg'
[0.885s] Level 1:colcon.colcon_core.package_identification:_identify(src/micro-ROS-Agent/snap) by extensions ['colcon_meta']
[0.885s] Level 1:colcon.colcon_core.package_identification:_identify(src/micro-ROS-Agent/snap) by extension 'colcon_meta'
[0.885s] Level 1:colcon.colcon_core.package_identification:_identify(src/micro-ROS-Agent/snap) by extensions ['ros']
[0.885s] Level 1:colcon.colcon_core.package_identification:_identify(src/micro-ROS-Agent/snap) by extension 'ros'
[0.885s] Level 1:colcon.colcon_core.package_identification:_identify(src/micro-ROS-Agent/snap) by extensions ['cmake', 'python']
[0.885s] Level 1:colcon.colcon_core.package_identification:_identify(src/micro-ROS-Agent/snap) by extension 'cmake'
[0.885s] Level 1:colcon.colcon_core.package_identification:_identify(src/micro-ROS-Agent/snap) by extension 'python'
[0.885s] Level 1:colcon.colcon_core.package_identification:_identify(src/micro-ROS-Agent/snap) by extensions ['python_setup_py']
[0.885s] Level 1:colcon.colcon_core.package_identification:_identify(src/micro-ROS-Agent/snap) by extension 'python_setup_py'
[0.885s] Level 1:colcon.colcon_core.package_identification:_identify(src/micro-ROS-Agent/snap/hooks) by extensions ['ignore', 'ignore_ament_install']
[0.886s] Level 1:colcon.colcon_core.package_identification:_identify(src/micro-ROS-Agent/snap/hooks) by extension 'ignore'
[0.886s] Level 1:colcon.colcon_core.package_identification:_identify(src/micro-ROS-Agent/snap/hooks) by extension 'ignore_ament_install'
[0.886s] Level 1:colcon.colcon_core.package_identification:_identify(src/micro-ROS-Agent/snap/hooks) by extensions ['colcon_pkg']
[0.886s] Level 1:colcon.colcon_core.package_identification:_identify(src/micro-ROS-Agent/snap/hooks) by extension 'colcon_pkg'
[0.886s] Level 1:colcon.colcon_core.package_identification:_identify(src/micro-ROS-Agent/snap/hooks) by extensions ['colcon_meta']
[0.886s] Level 1:colcon.colcon_core.package_identification:_identify(src/micro-ROS-Agent/snap/hooks) by extension 'colcon_meta'
[0.886s] Level 1:colcon.colcon_core.package_identification:_identify(src/micro-ROS-Agent/snap/hooks) by extensions ['ros']
[0.886s] Level 1:colcon.colcon_core.package_identification:_identify(src/micro-ROS-Agent/snap/hooks) by extension 'ros'
[0.886s] Level 1:colcon.colcon_core.package_identification:_identify(src/micro-ROS-Agent/snap/hooks) by extensions ['cmake', 'python']
[0.886s] Level 1:colcon.colcon_core.package_identification:_identify(src/micro-ROS-Agent/snap/hooks) by extension 'cmake'
[0.886s] Level 1:colcon.colcon_core.package_identification:_identify(src/micro-ROS-Agent/snap/hooks) by extension 'python'
[0.886s] Level 1:colcon.colcon_core.package_identification:_identify(src/micro-ROS-Agent/snap/hooks) by extensions ['python_setup_py']
[0.886s] Level 1:colcon.colcon_core.package_identification:_identify(src/micro-ROS-Agent/snap/hooks) by extension 'python_setup_py'
[0.886s] Level 1:colcon.colcon_core.package_identification:_identify(src/micro-ROS-Agent/snap/local) by extensions ['ignore', 'ignore_ament_install']
[0.886s] Level 1:colcon.colcon_core.package_identification:_identify(src/micro-ROS-Agent/snap/local) by extension 'ignore'
[0.886s] Level 1:colcon.colcon_core.package_identification:_identify(src/micro-ROS-Agent/snap/local) by extension 'ignore_ament_install'
[0.886s] Level 1:colcon.colcon_core.package_identification:_identify(src/micro-ROS-Agent/snap/local) by extensions ['colcon_pkg']
[0.886s] Level 1:colcon.colcon_core.package_identification:_identify(src/micro-ROS-Agent/snap/local) by extension 'colcon_pkg'
[0.886s] Level 1:colcon.colcon_core.package_identification:_identify(src/micro-ROS-Agent/snap/local) by extensions ['colcon_meta']
[0.887s] Level 1:colcon.colcon_core.package_identification:_identify(src/micro-ROS-Agent/snap/local) by extension 'colcon_meta'
[0.887s] Level 1:colcon.colcon_core.package_identification:_identify(src/micro-ROS-Agent/snap/local) by extensions ['ros']
[0.887s] Level 1:colcon.colcon_core.package_identification:_identify(src/micro-ROS-Agent/snap/local) by extension 'ros'
[0.887s] Level 1:colcon.colcon_core.package_identification:_identify(src/micro-ROS-Agent/snap/local) by extensions ['cmake', 'python']
[0.887s] Level 1:colcon.colcon_core.package_identification:_identify(src/micro-ROS-Agent/snap/local) by extension 'cmake'
[0.887s] Level 1:colcon.colcon_core.package_identification:_identify(src/micro-ROS-Agent/snap/local) by extension 'python'
[0.887s] Level 1:colcon.colcon_core.package_identification:_identify(src/micro-ROS-Agent/snap/local) by extensions ['python_setup_py']
[0.887s] Level 1:colcon.colcon_core.package_identification:_identify(src/micro-ROS-Agent/snap/local) by extension 'python_setup_py'
[0.887s] Level 1:colcon.colcon_core.package_identification:_identify(src/micro_ros_msgs) by extensions ['ignore', 'ignore_ament_install']
[0.887s] Level 1:colcon.colcon_core.package_identification:_identify(src/micro_ros_msgs) by extension 'ignore'
[0.887s] Level 1:colcon.colcon_core.package_identification:_identify(src/micro_ros_msgs) by extension 'ignore_ament_install'
[0.887s] Level 1:colcon.colcon_core.package_identification:_identify(src/micro_ros_msgs) by extensions ['colcon_pkg']
[0.887s] Level 1:colcon.colcon_core.package_identification:_identify(src/micro_ros_msgs) by extension 'colcon_pkg'
[0.887s] Level 1:colcon.colcon_core.package_identification:_identify(src/micro_ros_msgs) by extensions ['colcon_meta']
[0.887s] Level 1:colcon.colcon_core.package_identification:_identify(src/micro_ros_msgs) by extension 'colcon_meta'
[0.887s] Level 1:colcon.colcon_core.package_identification:_identify(src/micro_ros_msgs) by extensions ['ros']
[0.887s] Level 1:colcon.colcon_core.package_identification:_identify(src/micro_ros_msgs) by extension 'ros'
[0.888s] DEBUG:colcon.colcon_core.package_identification:Package 'src/micro_ros_msgs' with type 'ros.ament_cmake' and name 'micro_ros_msgs'
[0.888s] Level 1:colcon.colcon_core.package_identification:_identify(src/robot_description) by extensions ['ignore', 'ignore_ament_install']
[0.888s] Level 1:colcon.colcon_core.package_identification:_identify(src/robot_description) by extension 'ignore'
[0.888s] Level 1:colcon.colcon_core.package_identification:_identify(src/robot_description) by extension 'ignore_ament_install'
[0.888s] Level 1:colcon.colcon_core.package_identification:_identify(src/robot_description) by extensions ['colcon_pkg']
[0.888s] Level 1:colcon.colcon_core.package_identification:_identify(src/robot_description) by extension 'colcon_pkg'
[0.888s] Level 1:colcon.colcon_core.package_identification:_identify(src/robot_description) by extensions ['colcon_meta']
[0.889s] Level 1:colcon.colcon_core.package_identification:_identify(src/robot_description) by extension 'colcon_meta'
[0.889s] Level 1:colcon.colcon_core.package_identification:_identify(src/robot_description) by extensions ['ros']
[0.889s] Level 1:colcon.colcon_core.package_identification:_identify(src/robot_description) by extension 'ros'
[0.889s] DEBUG:colcon.colcon_core.package_identification:Package 'src/robot_description' with type 'ros.ament_cmake' and name 'robot_description'
[0.889s] Level 1:colcon.colcon_core.package_identification:_identify(src/robot_navigation2) by extensions ['ignore', 'ignore_ament_install']
[0.889s] Level 1:colcon.colcon_core.package_identification:_identify(src/robot_navigation2) by extension 'ignore'
[0.889s] Level 1:colcon.colcon_core.package_identification:_identify(src/robot_navigation2) by extension 'ignore_ament_install'
[0.889s] Level 1:colcon.colcon_core.package_identification:_identify(src/robot_navigation2) by extensions ['colcon_pkg']
[0.889s] Level 1:colcon.colcon_core.package_identification:_identify(src/robot_navigation2) by extension 'colcon_pkg'
[0.889s] Level 1:colcon.colcon_core.package_identification:_identify(src/robot_navigation2) by extensions ['colcon_meta']
[0.890s] Level 1:colcon.colcon_core.package_identification:_identify(src/robot_navigation2) by extension 'colcon_meta'
[0.890s] Level 1:colcon.colcon_core.package_identification:_identify(src/robot_navigation2) by extensions ['ros']
[0.890s] Level 1:colcon.colcon_core.package_identification:_identify(src/robot_navigation2) by extension 'ros'
[0.890s] DEBUG:colcon.colcon_core.package_identification:Package 'src/robot_navigation2' with type 'ros.ament_cmake' and name 'robot_navigation2'
[0.890s] Level 1:colcon.colcon_core.package_identification:_identify(src/ros_serial2wifi) by extensions ['ignore', 'ignore_ament_install']
[0.890s] Level 1:colcon.colcon_core.package_identification:_identify(src/ros_serial2wifi) by extension 'ignore'
[0.890s] Level 1:colcon.colcon_core.package_identification:_identify(src/ros_serial2wifi) by extension 'ignore_ament_install'
[0.890s] Level 1:colcon.colcon_core.package_identification:_identify(src/ros_serial2wifi) by extensions ['colcon_pkg']
[0.890s] Level 1:colcon.colcon_core.package_identification:_identify(src/ros_serial2wifi) by extension 'colcon_pkg'
[0.890s] Level 1:colcon.colcon_core.package_identification:_identify(src/ros_serial2wifi) by extensions ['colcon_meta']
[0.890s] Level 1:colcon.colcon_core.package_identification:_identify(src/ros_serial2wifi) by extension 'colcon_meta'
[0.891s] Level 1:colcon.colcon_core.package_identification:_identify(src/ros_serial2wifi) by extensions ['ros']
[0.891s] Level 1:colcon.colcon_core.package_identification:_identify(src/ros_serial2wifi) by extension 'ros'
[0.891s] DEBUG:colcon.colcon_core.package_identification:Package 'src/ros_serial2wifi' with type 'ros.ament_python' and name 'ros_serial2wifi'
[0.891s] Level 1:colcon.colcon_core.package_identification:_identify(src/ydlidar_ros2) by extensions ['ignore', 'ignore_ament_install']
[0.891s] Level 1:colcon.colcon_core.package_identification:_identify(src/ydlidar_ros2) by extension 'ignore'
[0.891s] Level 1:colcon.colcon_core.package_identification:_identify(src/ydlidar_ros2) by extension 'ignore_ament_install'
[0.891s] Level 1:colcon.colcon_core.package_identification:_identify(src/ydlidar_ros2) by extensions ['colcon_pkg']
[0.891s] Level 1:colcon.colcon_core.package_identification:_identify(src/ydlidar_ros2) by extension 'colcon_pkg'
[0.891s] Level 1:colcon.colcon_core.package_identification:_identify(src/ydlidar_ros2) by extensions ['colcon_meta']
[0.891s] Level 1:colcon.colcon_core.package_identification:_identify(src/ydlidar_ros2) by extension 'colcon_meta'
[0.892s] Level 1:colcon.colcon_core.package_identification:_identify(src/ydlidar_ros2) by extensions ['ros']
[0.892s] Level 1:colcon.colcon_core.package_identification:_identify(src/ydlidar_ros2) by extension 'ros'
[0.892s] DEBUG:colcon.colcon_core.package_identification:Package 'src/ydlidar_ros2' with type 'ros.ament_cmake' and name 'ydlidar'
[0.892s] Level 1:colcon.colcon_core.package_discovery:discover_packages(recursive) using defaults
[0.892s] Level 1:colcon.colcon_core.package_discovery:discover_packages(ignore) discover
[0.892s] Level 1:colcon.colcon_core.package_discovery:discover_packages(ignore) using defaults
[0.892s] Level 1:colcon.colcon_core.package_discovery:discover_packages(path) discover
[0.893s] Level 1:colcon.colcon_core.package_discovery:discover_packages(path) using defaults
[0.927s] INFO:colcon.colcon_core.package_selection:Skipping not selected package 'bring_up' in 'src/bring_up1'
[0.927s] INFO:colcon.colcon_core.package_selection:Skipping not selected package 'micro_ros_msgs' in 'src/micro_ros_msgs'
[0.927s] INFO:colcon.colcon_core.package_selection:Skipping not selected package 'robot_description' in 'src/robot_description'
[0.927s] INFO:colcon.colcon_core.package_selection:Skipping not selected package 'robot_navigation2' in 'src/robot_navigation2'
[0.927s] INFO:colcon.colcon_core.package_selection:Skipping not selected package 'ros_serial2wifi' in 'src/ros_serial2wifi'
[0.927s] INFO:colcon.colcon_core.package_selection:Skipping not selected package 'ydlidar' in 'src/ydlidar_ros2'
[0.927s] INFO:colcon.colcon_core.package_selection:Skipping not selected package 'micro_ros_agent' in 'src/micro-ROS-Agent/micro_ros_agent'
[0.928s] Level 1:colcon.colcon_core.package_discovery:discover_packages(prefix_path) check parameters
[0.928s] Level 1:colcon.colcon_core.package_discovery:discover_packages(prefix_path) discover
[0.936s] DEBUG:colcon.colcon_installed_package_information.package_discovery:Found 469 installed packages in /opt/ros/humble
[0.938s] Level 1:colcon.colcon_core.package_discovery:discover_packages(prefix_path) using defaults
[0.991s] Level 5:colcon.colcon_core.verb:set package 'fishbot_bringup' build argument 'cmake_args' from command line to 'None'
[0.991s] Level 5:colcon.colcon_core.verb:set package 'fishbot_bringup' build argument 'cmake_target' from command line to 'None'
[0.991s] Level 5:colcon.colcon_core.verb:set package 'fishbot_bringup' build argument 'cmake_target_skip_unavailable' from command line to 'False'
[0.991s] Level 5:colcon.colcon_core.verb:set package 'fishbot_bringup' build argument 'cmake_clean_cache' from command line to 'False'
[0.991s] Level 5:colcon.colcon_core.verb:set package 'fishbot_bringup' build argument 'cmake_clean_first' from command line to 'False'
[0.991s] Level 5:colcon.colcon_core.verb:set package 'fishbot_bringup' build argument 'cmake_force_configure' from command line to 'False'
[0.991s] Level 5:colcon.colcon_core.verb:set package 'fishbot_bringup' build argument 'ament_cmake_args' from command line to 'None'
[0.991s] Level 5:colcon.colcon_core.verb:set package 'fishbot_bringup' build argument 'catkin_cmake_args' from command line to 'None'
[0.991s] Level 5:colcon.colcon_core.verb:set package 'fishbot_bringup' build argument 'catkin_skip_building_tests' from command line to 'False'
[0.991s] DEBUG:colcon.colcon_core.verb:Building package 'fishbot_bringup' with the following arguments: {'ament_cmake_args': None, 'build_base': '/home/hw/SLAM-and-Navigation-of-Two-Wheeled-Mobile-Robots/SLAM-and-Navigation-of-Two-Wheeled-Mobile-Robots/fishbot_ws/build/fishbot_bringup', 'catkin_cmake_args': None, 'catkin_skip_building_tests': False, 'cmake_args': None, 'cmake_clean_cache': False, 'cmake_clean_first': False, 'cmake_force_configure': False, 'cmake_target': None, 'cmake_target_skip_unavailable': False, 'install_base': '/home/hw/SLAM-and-Navigation-of-Two-Wheeled-Mobile-Robots/SLAM-and-Navigation-of-Two-Wheeled-Mobile-Robots/fishbot_ws/install/fishbot_bringup', 'merge_install': False, 'path': '/home/hw/SLAM-and-Navigation-of-Two-Wheeled-Mobile-Robots/SLAM-and-Navigation-of-Two-Wheeled-Mobile-Robots/fishbot_ws/src/bring_up', 'symlink_install': False, 'test_result_base': None}
[0.991s] INFO:colcon.colcon_core.executor:Executing jobs using 'parallel' executor
[0.993s] DEBUG:colcon.colcon_parallel_executor.executor.parallel:run_until_complete
[0.993s] INFO:colcon.colcon_ros.task.ament_cmake.build:Building ROS package in '/home/hw/SLAM-and-Navigation-of-Two-Wheeled-Mobile-Robots/SLAM-and-Navigation-of-Two-Wheeled-Mobile-Robots/fishbot_ws/src/bring_up' with build type 'ament_cmake'
[0.993s] INFO:colcon.colcon_cmake.task.cmake.build:Building CMake package in '/home/hw/SLAM-and-Navigation-of-Two-Wheeled-Mobile-Robots/SLAM-and-Navigation-of-Two-Wheeled-Mobile-Robots/fishbot_ws/src/bring_up'
[1.005s] INFO:colcon.colcon_core.plugin_system:Skipping extension 'colcon_core.shell.bat': Not used on non-Windows systems
[1.005s] INFO:colcon.colcon_core.shell:Skip shell extension 'powershell' for command environment: Not usable outside of PowerShell
[1.005s] DEBUG:colcon.colcon_core.shell:Skip shell extension 'dsv' for command environment
[1.020s] DEBUG:colcon.colcon_core.event_handler.log_command:Invoking command in '/home/hw/SLAM-and-Navigation-of-Two-Wheeled-Mobile-Robots/SLAM-and-Navigation-of-Two-Wheeled-Mobile-Robots/fishbot_ws/build/fishbot_bringup': CMAKE_PREFIX_PATH=/opt/ros/humble /usr/bin/cmake --build /home/hw/SLAM-and-Navigation-of-Two-Wheeled-Mobile-Robots/SLAM-and-Navigation-of-Two-Wheeled-Mobile-Robots/fishbot_ws/build/fishbot_bringup -- -j16 -l16
[1.316s] DEBUG:colcon.colcon_core.event_handler.log_command:Invoked command in '/home/hw/SLAM-and-Navigation-of-Two-Wheeled-Mobile-Robots/SLAM-and-Navigation-of-Two-Wheeled-Mobile-Robots/fishbot_ws/build/fishbot_bringup' returned '0': CMAKE_PREFIX_PATH=/opt/ros/humble /usr/bin/cmake --build /home/hw/SLAM-and-Navigation-of-Two-Wheeled-Mobile-Robots/SLAM-and-Navigation-of-Two-Wheeled-Mobile-Robots/fishbot_ws/build/fishbot_bringup -- -j16 -l16
[1.334s] DEBUG:colcon.colcon_core.event_handler.log_command:Invoking command in '/home/hw/SLAM-and-Navigation-of-Two-Wheeled-Mobile-Robots/SLAM-and-Navigation-of-Two-Wheeled-Mobile-Robots/fishbot_ws/build/fishbot_bringup': CMAKE_PREFIX_PATH=/opt/ros/humble /usr/bin/cmake --install /home/hw/SLAM-and-Navigation-of-Two-Wheeled-Mobile-Robots/SLAM-and-Navigation-of-Two-Wheeled-Mobile-Robots/fishbot_ws/build/fishbot_bringup
[1.368s] Level 1:colcon.colcon_core.environment:create_environment_scripts_only(fishbot_bringup)
[1.369s] DEBUG:colcon.colcon_core.event_handler.log_command:Invoked command in '/home/hw/SLAM-and-Navigation-of-Two-Wheeled-Mobile-Robots/SLAM-and-Navigation-of-Two-Wheeled-Mobile-Robots/fishbot_ws/build/fishbot_bringup' returned '0': CMAKE_PREFIX_PATH=/opt/ros/humble /usr/bin/cmake --install /home/hw/SLAM-and-Navigation-of-Two-Wheeled-Mobile-Robots/SLAM-and-Navigation-of-Two-Wheeled-Mobile-Robots/fishbot_ws/build/fishbot_bringup
[1.381s] Level 1:colcon.colcon_core.environment:checking '/home/hw/SLAM-and-Navigation-of-Two-Wheeled-Mobile-Robots/SLAM-and-Navigation-of-Two-Wheeled-Mobile-Robots/fishbot_ws/install/fishbot_bringup' for CMake module files
[1.382s] Level 1:colcon.colcon_core.environment:checking '/home/hw/SLAM-and-Navigation-of-Two-Wheeled-Mobile-Robots/SLAM-and-Navigation-of-Two-Wheeled-Mobile-Robots/fishbot_ws/install/fishbot_bringup' for CMake config files
[1.382s] Level 1:colcon.colcon_core.shell:create_environment_hook('fishbot_bringup', 'cmake_prefix_path')
[1.383s] INFO:colcon.colcon_core.shell:Creating environment hook '/home/hw/SLAM-and-Navigation-of-Two-Wheeled-Mobile-Robots/SLAM-and-Navigation-of-Two-Wheeled-Mobile-Robots/fishbot_ws/install/fishbot_bringup/share/fishbot_bringup/hook/cmake_prefix_path.ps1'
[1.385s] INFO:colcon.colcon_core.shell:Creating environment descriptor '/home/hw/SLAM-and-Navigation-of-Two-Wheeled-Mobile-Robots/SLAM-and-Navigation-of-Two-Wheeled-Mobile-Robots/fishbot_ws/install/fishbot_bringup/share/fishbot_bringup/hook/cmake_prefix_path.dsv'
[1.386s] INFO:colcon.colcon_core.shell:Creating environment hook '/home/hw/SLAM-and-Navigation-of-Two-Wheeled-Mobile-Robots/SLAM-and-Navigation-of-Two-Wheeled-Mobile-Robots/fishbot_ws/install/fishbot_bringup/share/fishbot_bringup/hook/cmake_prefix_path.sh'
[1.388s] Level 1:colcon.colcon_core.environment:checking '/home/hw/SLAM-and-Navigation-of-Two-Wheeled-Mobile-Robots/SLAM-and-Navigation-of-Two-Wheeled-Mobile-Robots/fishbot_ws/install/fishbot_bringup/lib'
[1.388s] Level 1:colcon.colcon_core.environment:checking '/home/hw/SLAM-and-Navigation-of-Two-Wheeled-Mobile-Robots/SLAM-and-Navigation-of-Two-Wheeled-Mobile-Robots/fishbot_ws/install/fishbot_bringup/bin'
[1.388s] Level 1:colcon.colcon_core.environment:checking '/home/hw/SLAM-and-Navigation-of-Two-Wheeled-Mobile-Robots/SLAM-and-Navigation-of-Two-Wheeled-Mobile-Robots/fishbot_ws/install/fishbot_bringup/lib/pkgconfig/fishbot_bringup.pc'
[1.388s] Level 1:colcon.colcon_core.environment:checking '/home/hw/SLAM-and-Navigation-of-Two-Wheeled-Mobile-Robots/SLAM-and-Navigation-of-Two-Wheeled-Mobile-Robots/fishbot_ws/install/fishbot_bringup/lib/python3.10/site-packages'
[1.388s] Level 1:colcon.colcon_core.environment:checking '/home/hw/SLAM-and-Navigation-of-Two-Wheeled-Mobile-Robots/SLAM-and-Navigation-of-Two-Wheeled-Mobile-Robots/fishbot_ws/install/fishbot_bringup/bin'
[1.389s] INFO:colcon.colcon_core.shell:Creating package script '/home/hw/SLAM-and-Navigation-of-Two-Wheeled-Mobile-Robots/SLAM-and-Navigation-of-Two-Wheeled-Mobile-Robots/fishbot_ws/install/fishbot_bringup/share/fishbot_bringup/package.ps1'
[1.390s] INFO:colcon.colcon_core.shell:Creating package descriptor '/home/hw/SLAM-and-Navigation-of-Two-Wheeled-Mobile-Robots/SLAM-and-Navigation-of-Two-Wheeled-Mobile-Robots/fishbot_ws/install/fishbot_bringup/share/fishbot_bringup/package.dsv'
[1.391s] INFO:colcon.colcon_core.shell:Creating package script '/home/hw/SLAM-and-Navigation-of-Two-Wheeled-Mobile-Robots/SLAM-and-Navigation-of-Two-Wheeled-Mobile-Robots/fishbot_ws/install/fishbot_bringup/share/fishbot_bringup/package.sh'
[1.393s] INFO:colcon.colcon_core.shell:Creating package script '/home/hw/SLAM-and-Navigation-of-Two-Wheeled-Mobile-Robots/SLAM-and-Navigation-of-Two-Wheeled-Mobile-Robots/fishbot_ws/install/fishbot_bringup/share/fishbot_bringup/package.bash'
[1.394s] INFO:colcon.colcon_core.shell:Creating package script '/home/hw/SLAM-and-Navigation-of-Two-Wheeled-Mobile-Robots/SLAM-and-Navigation-of-Two-Wheeled-Mobile-Robots/fishbot_ws/install/fishbot_bringup/share/fishbot_bringup/package.zsh'
[1.396s] Level 1:colcon.colcon_core.environment:create_file_with_runtime_dependencies(/home/hw/SLAM-and-Navigation-of-Two-Wheeled-Mobile-Robots/SLAM-and-Navigation-of-Two-Wheeled-Mobile-Robots/fishbot_ws/install/fishbot_bringup/share/colcon-core/packages/fishbot_bringup)
[1.397s] Level 1:colcon.colcon_core.environment:create_environment_scripts_only(fishbot_bringup)
[1.397s] Level 1:colcon.colcon_core.environment:checking '/home/hw/SLAM-and-Navigation-of-Two-Wheeled-Mobile-Robots/SLAM-and-Navigation-of-Two-Wheeled-Mobile-Robots/fishbot_ws/install/fishbot_bringup' for CMake module files
[1.398s] Level 1:colcon.colcon_core.environment:checking '/home/hw/SLAM-and-Navigation-of-Two-Wheeled-Mobile-Robots/SLAM-and-Navigation-of-Two-Wheeled-Mobile-Robots/fishbot_ws/install/fishbot_bringup' for CMake config files
[1.398s] Level 1:colcon.colcon_core.shell:create_environment_hook('fishbot_bringup', 'cmake_prefix_path')
[1.399s] INFO:colcon.colcon_core.shell:Creating environment hook '/home/hw/SLAM-and-Navigation-of-Two-Wheeled-Mobile-Robots/SLAM-and-Navigation-of-Two-Wheeled-Mobile-Robots/fishbot_ws/install/fishbot_bringup/share/fishbot_bringup/hook/cmake_prefix_path.ps1'
[1.399s] INFO:colcon.colcon_core.shell:Creating environment descriptor '/home/hw/SLAM-and-Navigation-of-Two-Wheeled-Mobile-Robots/SLAM-and-Navigation-of-Two-Wheeled-Mobile-Robots/fishbot_ws/install/fishbot_bringup/share/fishbot_bringup/hook/cmake_prefix_path.dsv'
[1.400s] INFO:colcon.colcon_core.shell:Creating environment hook '/home/hw/SLAM-and-Navigation-of-Two-Wheeled-Mobile-Robots/SLAM-and-Navigation-of-Two-Wheeled-Mobile-Robots/fishbot_ws/install/fishbot_bringup/share/fishbot_bringup/hook/cmake_prefix_path.sh'
[1.400s] Level 1:colcon.colcon_core.environment:checking '/home/hw/SLAM-and-Navigation-of-Two-Wheeled-Mobile-Robots/SLAM-and-Navigation-of-Two-Wheeled-Mobile-Robots/fishbot_ws/install/fishbot_bringup/lib'
[1.400s] Level 1:colcon.colcon_core.environment:checking '/home/hw/SLAM-and-Navigation-of-Two-Wheeled-Mobile-Robots/SLAM-and-Navigation-of-Two-Wheeled-Mobile-Robots/fishbot_ws/install/fishbot_bringup/bin'
[1.400s] Level 1:colcon.colcon_core.environment:checking '/home/hw/SLAM-and-Navigation-of-Two-Wheeled-Mobile-Robots/SLAM-and-Navigation-of-Two-Wheeled-Mobile-Robots/fishbot_ws/install/fishbot_bringup/lib/pkgconfig/fishbot_bringup.pc'
[1.401s] Level 1:colcon.colcon_core.environment:checking '/home/hw/SLAM-and-Navigation-of-Two-Wheeled-Mobile-Robots/SLAM-and-Navigation-of-Two-Wheeled-Mobile-Robots/fishbot_ws/install/fishbot_bringup/lib/python3.10/site-packages'
[1.401s] Level 1:colcon.colcon_core.environment:checking '/home/hw/SLAM-and-Navigation-of-Two-Wheeled-Mobile-Robots/SLAM-and-Navigation-of-Two-Wheeled-Mobile-Robots/fishbot_ws/install/fishbot_bringup/bin'
[1.401s] INFO:colcon.colcon_core.shell:Creating package script '/home/hw/SLAM-and-Navigation-of-Two-Wheeled-Mobile-Robots/SLAM-and-Navigation-of-Two-Wheeled-Mobile-Robots/fishbot_ws/install/fishbot_bringup/share/fishbot_bringup/package.ps1'
[1.402s] INFO:colcon.colcon_core.shell:Creating package descriptor '/home/hw/SLAM-and-Navigation-of-Two-Wheeled-Mobile-Robots/SLAM-and-Navigation-of-Two-Wheeled-Mobile-Robots/fishbot_ws/install/fishbot_bringup/share/fishbot_bringup/package.dsv'
[1.403s] INFO:colcon.colcon_core.shell:Creating package script '/home/hw/SLAM-and-Navigation-of-Two-Wheeled-Mobile-Robots/SLAM-and-Navigation-of-Two-Wheeled-Mobile-Robots/fishbot_ws/install/fishbot_bringup/share/fishbot_bringup/package.sh'
[1.403s] INFO:colcon.colcon_core.shell:Creating package script '/home/hw/SLAM-and-Navigation-of-Two-Wheeled-Mobile-Robots/SLAM-and-Navigation-of-Two-Wheeled-Mobile-Robots/fishbot_ws/install/fishbot_bringup/share/fishbot_bringup/package.bash'
[1.404s] INFO:colcon.colcon_core.shell:Creating package script '/home/hw/SLAM-and-Navigation-of-Two-Wheeled-Mobile-Robots/SLAM-and-Navigation-of-Two-Wheeled-Mobile-Robots/fishbot_ws/install/fishbot_bringup/share/fishbot_bringup/package.zsh'
[1.404s] Level 1:colcon.colcon_core.environment:create_file_with_runtime_dependencies(/home/hw/SLAM-and-Navigation-of-Two-Wheeled-Mobile-Robots/SLAM-and-Navigation-of-Two-Wheeled-Mobile-Robots/fishbot_ws/install/fishbot_bringup/share/colcon-core/packages/fishbot_bringup)
[1.405s] DEBUG:colcon.colcon_parallel_executor.executor.parallel:closing loop
[1.405s] DEBUG:colcon.colcon_parallel_executor.executor.parallel:loop closed
[1.405s] DEBUG:colcon.colcon_parallel_executor.executor.parallel:run_until_complete finished with '0'
[1.406s] DEBUG:colcon.colcon_core.event_reactor:joining thread
[1.416s] INFO:colcon.colcon_core.plugin_system:Skipping extension 'colcon_notification.desktop_notification.terminal_notifier': Not used on non-Darwin systems
[1.416s] INFO:colcon.colcon_core.plugin_system:Skipping extension 'colcon_notification.desktop_notification.win32': Not used on non-Windows systems
[1.416s] INFO:colcon.colcon_notification.desktop_notification:Sending desktop notification using 'notify2'
[1.436s] DEBUG:colcon.colcon_core.event_reactor:joined thread
[1.436s] INFO:colcon.colcon_core.shell:Creating prefix script '/home/hw/SLAM-and-Navigation-of-Two-Wheeled-Mobile-Robots/SLAM-and-Navigation-of-Two-Wheeled-Mobile-Robots/fishbot_ws/install/local_setup.ps1'
[1.438s] INFO:colcon.colcon_core.shell:Creating prefix util module '/home/hw/SLAM-and-Navigation-of-Two-Wheeled-Mobile-Robots/SLAM-and-Navigation-of-Two-Wheeled-Mobile-Robots/fishbot_ws/install/_local_setup_util_ps1.py'
[1.441s] INFO:colcon.colcon_core.shell:Creating prefix chain script '/home/hw/SLAM-and-Navigation-of-Two-Wheeled-Mobile-Robots/SLAM-and-Navigation-of-Two-Wheeled-Mobile-Robots/fishbot_ws/install/setup.ps1'
[1.443s] INFO:colcon.colcon_core.shell:Creating prefix script '/home/hw/SLAM-and-Navigation-of-Two-Wheeled-Mobile-Robots/SLAM-and-Navigation-of-Two-Wheeled-Mobile-Robots/fishbot_ws/install/local_setup.sh'
[1.444s] INFO:colcon.colcon_core.shell:Creating prefix util module '/home/hw/SLAM-and-Navigation-of-Two-Wheeled-Mobile-Robots/SLAM-and-Navigation-of-Two-Wheeled-Mobile-Robots/fishbot_ws/install/_local_setup_util_sh.py'
[1.444s] INFO:colcon.colcon_core.shell:Creating prefix chain script '/home/hw/SLAM-and-Navigation-of-Two-Wheeled-Mobile-Robots/SLAM-and-Navigation-of-Two-Wheeled-Mobile-Robots/fishbot_ws/install/setup.sh'
[1.446s] INFO:colcon.colcon_core.shell:Creating prefix script '/home/hw/SLAM-and-Navigation-of-Two-Wheeled-Mobile-Robots/SLAM-and-Navigation-of-Two-Wheeled-Mobile-Robots/fishbot_ws/install/local_setup.bash'
[1.447s] INFO:colcon.colcon_core.shell:Creating prefix chain script '/home/hw/SLAM-and-Navigation-of-Two-Wheeled-Mobile-Robots/SLAM-and-Navigation-of-Two-Wheeled-Mobile-Robots/fishbot_ws/install/setup.bash'
[1.449s] INFO:colcon.colcon_core.shell:Creating prefix script '/home/hw/SLAM-and-Navigation-of-Two-Wheeled-Mobile-Robots/SLAM-and-Navigation-of-Two-Wheeled-Mobile-Robots/fishbot_ws/install/local_setup.zsh'
[1.450s] INFO:colcon.colcon_core.shell:Creating prefix chain script '/home/hw/SLAM-and-Navigation-of-Two-Wheeled-Mobile-Robots/SLAM-and-Navigation-of-Two-Wheeled-Mobile-Robots/fishbot_ws/install/setup.zsh'
