[0.054s] Invoking command in '/home/hw/chapt9/fishbot_ws/build/robot_navigation2': CMAKE_PREFIX_PATH=${CMAKE_PREFIX_PATH}:/home/hw/chapt9/fishbot_ws/install/ros_serial2wifi:/opt/ros/humble /usr/bin/cmake --build /home/hw/chapt9/fishbot_ws/build/robot_navigation2 -- -j16 -l16
[0.376s] -- Found ament_cmake: 1.3.12 (/opt/ros/humble/share/ament_cmake/cmake)
[0.376s] -- Found ament_lint_auto: 0.12.14 (/opt/ros/humble/share/ament_lint_auto/cmake)
[0.376s] -- Added test 'flake8' to check Python code syntax and style conventions
[0.376s] -- Added test 'lint_cmake' to check CMake code style
[0.377s] -- Added test 'pep257' to check Python code against some of the docstring style conventions in PEP 257
[0.377s] -- Added test 'xmllint' to check XML markup files
[0.377s] -- Configuring done
[0.377s] -- Generating done
[0.377s] -- Build files have been written to: /home/hw/chapt9/fishbot_ws/build/robot_navigation2
[0.406s] Invoked command in '/home/hw/chapt9/fishbot_ws/build/robot_navigation2' returned '0': CMAKE_PREFIX_PATH=${CMAKE_PREFIX_PATH}:/home/hw/chapt9/fishbot_ws/install/ros_serial2wifi:/opt/ros/humble /usr/bin/cmake --build /home/hw/chapt9/fishbot_ws/build/robot_navigation2 -- -j16 -l16
[0.407s] Invoking command in '/home/hw/chapt9/fishbot_ws/build/robot_navigation2': CMAKE_PREFIX_PATH=${CMAKE_PREFIX_PATH}:/home/hw/chapt9/fishbot_ws/install/ros_serial2wifi:/opt/ros/humble /usr/bin/cmake --install /home/hw/chapt9/fishbot_ws/build/robot_navigation2
[0.433s] -- Install configuration: ""
[0.433s] -- Installing: /home/hw/chapt9/fishbot_ws/install/robot_navigation2/share/robot_navigation2/launch
[0.433s] -- Installing: /home/hw/chapt9/fishbot_ws/install/robot_navigation2/share/robot_navigation2/launch/nav2.launch.py
[0.433s] -- Installing: /home/hw/chapt9/fishbot_ws/install/robot_navigation2/share/robot_navigation2/config
[0.433s] -- Installing: /home/hw/chapt9/fishbot_ws/install/robot_navigation2/share/robot_navigation2/config/nav2_params.yaml
[0.433s] -- Installing: /home/hw/chapt9/fishbot_ws/install/robot_navigation2/share/robot_navigation2/map
[0.433s] -- Installing: /home/hw/chapt9/fishbot_ws/install/robot_navigation2/share/robot_navigation2/map/bedroom.pgm
[0.434s] -- Installing: /home/hw/chapt9/fishbot_ws/install/robot_navigation2/share/robot_navigation2/map/bedroom.yaml
[0.434s] -- Up-to-date: /home/hw/chapt9/fishbot_ws/install/robot_navigation2/share/ament_index/resource_index/package_run_dependencies/robot_navigation2
[0.434s] -- Installing: /home/hw/chapt9/fishbot_ws/install/robot_navigation2/share/ament_index/resource_index/parent_prefix_path/robot_navigation2
[0.435s] -- Up-to-date: /home/hw/chapt9/fishbot_ws/install/robot_navigation2/share/robot_navigation2/environment/ament_prefix_path.sh
[0.436s] -- Installing: /home/hw/chapt9/fishbot_ws/install/robot_navigation2/share/robot_navigation2/environment/ament_prefix_path.dsv
[0.436s] -- Up-to-date: /home/hw/chapt9/fishbot_ws/install/robot_navigation2/share/robot_navigation2/environment/path.sh
[0.436s] -- Installing: /home/hw/chapt9/fishbot_ws/install/robot_navigation2/share/robot_navigation2/environment/path.dsv
[0.436s] -- Up-to-date: /home/hw/chapt9/fishbot_ws/install/robot_navigation2/share/robot_navigation2/local_setup.bash
[0.437s] -- Up-to-date: /home/hw/chapt9/fishbot_ws/install/robot_navigation2/share/robot_navigation2/local_setup.sh
[0.437s] -- Up-to-date: /home/hw/chapt9/fishbot_ws/install/robot_navigation2/share/robot_navigation2/local_setup.zsh
[0.437s] -- Installing: /home/hw/chapt9/fishbot_ws/install/robot_navigation2/share/robot_navigation2/local_setup.dsv
[0.437s] -- Installing: /home/hw/chapt9/fishbot_ws/install/robot_navigation2/share/robot_navigation2/package.dsv
[0.437s] -- Up-to-date: /home/hw/chapt9/fishbot_ws/install/robot_navigation2/share/ament_index/resource_index/packages/robot_navigation2
[0.437s] -- Up-to-date: /home/hw/chapt9/fishbot_ws/install/robot_navigation2/share/robot_navigation2/cmake/robot_navigation2Config.cmake
[0.437s] -- Up-to-date: /home/hw/chapt9/fishbot_ws/install/robot_navigation2/share/robot_navigation2/cmake/robot_navigation2Config-version.cmake
[0.437s] -- Up-to-date: /home/hw/chapt9/fishbot_ws/install/robot_navigation2/share/robot_navigation2/package.xml
[0.487s] Invoked command in '/home/hw/chapt9/fishbot_ws/build/robot_navigation2' returned '0': CMAKE_PREFIX_PATH=${CMAKE_PREFIX_PATH}:/home/hw/chapt9/fishbot_ws/install/ros_serial2wifi:/opt/ros/humble /usr/bin/cmake --install /home/hw/chapt9/fishbot_ws/build/robot_navigation2
