[0.968s] Invoking command in '/home/hw/SLAM-and-Navigation-of-Two-Wheeled-Mobile-Robots/SLAM-and-Navigation-of-Two-Wheeled-Mobile-Robots/fishbot_ws/src/ros_serial2wifi': PYTHONPATH=/home/hw/SLAM-and-Navigation-of-Two-Wheeled-Mobile-Robots/SLAM-and-Navigation-of-Two-Wheeled-Mobile-Robots/fishbot_ws/build/ros_serial2wifi/prefix_override:/usr/lib/python3/dist-packages/colcon_core/task/python/colcon_distutils_commands:/home/hw/SLAM-and-Navigation-of-Two-Wheeled-Mobile-Robots/SLAM-and-Navigation-of-Two-Wheeled-Mobile-Robots/fishbot_ws/install/ros_serial2wifi/lib/python3.10/site-packages:${PYTHONPATH} /usr/bin/python3 -W ignore:setup.py install is deprecated -W ignore:easy_install command is deprecated setup.py egg_info --egg-base ../../build/ros_serial2wifi build --build-base /home/hw/SLAM-and-Navigation-of-Two-Wheeled-Mobile-Robots/SLAM-and-Navigation-of-Two-Wheeled-Mobile-Robots/fishbot_ws/build/ros_serial2wifi/build install --record /home/hw/SLAM-and-Navigation-of-Two-Wheeled-Mobile-Robots/SLAM-and-Navigation-of-Two-Wheeled-Mobile-Robots/fishbot_ws/build/ros_serial2wifi/install.log --single-version-externally-managed install_data
[1.223s] running egg_info
[1.225s] writing ../../build/ros_serial2wifi/ros_serial2wifi.egg-info/PKG-INFO
[1.225s] writing dependency_links to ../../build/ros_serial2wifi/ros_serial2wifi.egg-info/dependency_links.txt
[1.225s] writing entry points to ../../build/ros_serial2wifi/ros_serial2wifi.egg-info/entry_points.txt
[1.225s] writing requirements to ../../build/ros_serial2wifi/ros_serial2wifi.egg-info/requires.txt
[1.225s] writing top-level names to ../../build/ros_serial2wifi/ros_serial2wifi.egg-info/top_level.txt
[1.227s] reading manifest file '../../build/ros_serial2wifi/ros_serial2wifi.egg-info/SOURCES.txt'
[1.228s] writing manifest file '../../build/ros_serial2wifi/ros_serial2wifi.egg-info/SOURCES.txt'
[1.228s] running build
[1.228s] running build_py
[1.229s] running install
[1.230s] running install_lib
[1.231s] running install_data
[1.231s] running install_egg_info
[1.232s] removing '/home/hw/SLAM-and-Navigation-of-Two-Wheeled-Mobile-Robots/SLAM-and-Navigation-of-Two-Wheeled-Mobile-Robots/fishbot_ws/install/ros_serial2wifi/lib/python3.10/site-packages/ros_serial2wifi-0.0.0-py3.10.egg-info' (and everything under it)
[1.233s] Copying ../../build/ros_serial2wifi/ros_serial2wifi.egg-info to /home/hw/SLAM-and-Navigation-of-Two-Wheeled-Mobile-Robots/SLAM-and-Navigation-of-Two-Wheeled-Mobile-Robots/fishbot_ws/install/ros_serial2wifi/lib/python3.10/site-packages/ros_serial2wifi-0.0.0-py3.10.egg-info
[1.234s] running install_scripts
[1.254s] Installing tcp_server script to /home/hw/SLAM-and-Navigation-of-Two-Wheeled-Mobile-Robots/SLAM-and-Navigation-of-Two-Wheeled-Mobile-Robots/fishbot_ws/install/ros_serial2wifi/lib/ros_serial2wifi
[1.255s] Installing udp_server script to /home/hw/SLAM-and-Navigation-of-Two-Wheeled-Mobile-Robots/SLAM-and-Navigation-of-Two-Wheeled-Mobile-Robots/fishbot_ws/install/ros_serial2wifi/lib/ros_serial2wifi
[1.255s] writing list of installed files to '/home/hw/SLAM-and-Navigation-of-Two-Wheeled-Mobile-Robots/SLAM-and-Navigation-of-Two-Wheeled-Mobile-Robots/fishbot_ws/build/ros_serial2wifi/install.log'
[1.280s] Invoked command in '/home/hw/SLAM-and-Navigation-of-Two-Wheeled-Mobile-Robots/SLAM-and-Navigation-of-Two-Wheeled-Mobile-Robots/fishbot_ws/src/ros_serial2wifi' returned '0': PYTHONPATH=/home/hw/SLAM-and-Navigation-of-Two-Wheeled-Mobile-Robots/SLAM-and-Navigation-of-Two-Wheeled-Mobile-Robots/fishbot_ws/build/ros_serial2wifi/prefix_override:/usr/lib/python3/dist-packages/colcon_core/task/python/colcon_distutils_commands:/home/hw/SLAM-and-Navigation-of-Two-Wheeled-Mobile-Robots/SLAM-and-Navigation-of-Two-Wheeled-Mobile-Robots/fishbot_ws/install/ros_serial2wifi/lib/python3.10/site-packages:${PYTHONPATH} /usr/bin/python3 -W ignore:setup.py install is deprecated -W ignore:easy_install command is deprecated setup.py egg_info --egg-base ../../build/ros_serial2wifi build --build-base /home/hw/SLAM-and-Navigation-of-Two-Wheeled-Mobile-Robots/SLAM-and-Navigation-of-Two-Wheeled-Mobile-Robots/fishbot_ws/build/ros_serial2wifi/build install --record /home/hw/SLAM-and-Navigation-of-Two-Wheeled-Mobile-Robots/SLAM-and-Navigation-of-Two-Wheeled-Mobile-Robots/fishbot_ws/build/ros_serial2wifi/install.log --single-version-externally-managed install_data
