[0.048s] Invoking command in '/home/hw/chapt9/fishbot_ws/build/bring_up': CMAKE_PREFIX_PATH=${CMAKE_PREFIX_PATH}:/home/hw/chapt9/fishbot_ws/install/ros_serial2wifi:/opt/ros/humble /usr/bin/cmake --build /home/hw/chapt9/fishbot_ws/build/bring_up -- -j16 -l16
[0.382s] [35m[1mConsolidate compiler generated dependencies of target odom2tf[0m
[0.383s] [100%] Built target odom2tf
[0.405s] Invoked command in '/home/hw/chapt9/fishbot_ws/build/bring_up' returned '0': CMAKE_PREFIX_PATH=${CMAKE_PREFIX_PATH}:/home/hw/chapt9/fishbot_ws/install/ros_serial2wifi:/opt/ros/humble /usr/bin/cmake --build /home/hw/chapt9/fishbot_ws/build/bring_up -- -j16 -l16
[0.405s] Invoking command in '/home/hw/chapt9/fishbot_ws/build/bring_up': CMAKE_PREFIX_PATH=${CMAKE_PREFIX_PATH}:/home/hw/chapt9/fishbot_ws/install/ros_serial2wifi:/opt/ros/humble /usr/bin/cmake --install /home/hw/chapt9/fishbot_ws/build/bring_up
[0.434s] -- Install configuration: ""
[0.434s] -- Up-to-date: /home/hw/chapt9/fishbot_ws/install/bring_up/lib/fishbot_bringup/odom2tf
[0.434s] -- Up-to-date: /home/hw/chapt9/fishbot_ws/install/bring_up/share/fishbot_bringup/launch
[0.434s] -- Up-to-date: /home/hw/chapt9/fishbot_ws/install/bring_up/share/fishbot_bringup/launch/urdf2tf.launch.py
[0.434s] -- Installing: /home/hw/chapt9/fishbot_ws/install/bring_up/share/fishbot_bringup/launch/bringup.launch.py
[0.435s] -- Up-to-date: /home/hw/chapt9/fishbot_ws/install/bring_up/share/fishbot_bringup/launch/final_bringup.launch.py
[0.436s] -- Up-to-date: /home/hw/chapt9/fishbot_ws/install/bring_up/share/fishbot_bringup/launch/test_tf_tree.launch.py
[0.436s] -- Up-to-date: /home/hw/chapt9/fishbot_ws/install/bring_up/share/fishbot_bringup/rviz
[0.437s] -- Up-to-date: /home/hw/chapt9/fishbot_ws/install/bring_up/share/fishbot_bringup/rviz/room.pgm
[0.437s] -- Up-to-date: /home/hw/chapt9/fishbot_ws/install/bring_up/share/fishbot_bringup/rviz/room.yaml
[0.437s] -- Up-to-date: /home/hw/chapt9/fishbot_ws/install/bring_up/share/fishbot_bringup/rviz/bringupRviz2.rviz
[0.437s] -- Up-to-date: /home/hw/chapt9/fishbot_ws/install/bring_up/share/ament_index/resource_index/package_run_dependencies/fishbot_bringup
[0.437s] -- Up-to-date: /home/hw/chapt9/fishbot_ws/install/bring_up/share/ament_index/resource_index/parent_prefix_path/fishbot_bringup
[0.438s] -- Up-to-date: /home/hw/chapt9/fishbot_ws/install/bring_up/share/fishbot_bringup/environment/ament_prefix_path.sh
[0.438s] -- Up-to-date: /home/hw/chapt9/fishbot_ws/install/bring_up/share/fishbot_bringup/environment/ament_prefix_path.dsv
[0.438s] -- Up-to-date: /home/hw/chapt9/fishbot_ws/install/bring_up/share/fishbot_bringup/environment/path.sh
[0.439s] -- Up-to-date: /home/hw/chapt9/fishbot_ws/install/bring_up/share/fishbot_bringup/environment/path.dsv
[0.441s] -- Up-to-date: /home/hw/chapt9/fishbot_ws/install/bring_up/share/fishbot_bringup/local_setup.bash
[0.441s] -- Up-to-date: /home/hw/chapt9/fishbot_ws/install/bring_up/share/fishbot_bringup/local_setup.sh
[0.441s] -- Up-to-date: /home/hw/chapt9/fishbot_ws/install/bring_up/share/fishbot_bringup/local_setup.zsh
[0.441s] -- Up-to-date: /home/hw/chapt9/fishbot_ws/install/bring_up/share/fishbot_bringup/local_setup.dsv
[0.442s] -- Up-to-date: /home/hw/chapt9/fishbot_ws/install/bring_up/share/fishbot_bringup/package.dsv
[0.443s] -- Up-to-date: /home/hw/chapt9/fishbot_ws/install/bring_up/share/ament_index/resource_index/packages/fishbot_bringup
[0.443s] -- Up-to-date: /home/hw/chapt9/fishbot_ws/install/bring_up/share/fishbot_bringup/cmake/fishbot_bringupConfig.cmake
[0.443s] -- Up-to-date: /home/hw/chapt9/fishbot_ws/install/bring_up/share/fishbot_bringup/cmake/fishbot_bringupConfig-version.cmake
[0.444s] -- Up-to-date: /home/hw/chapt9/fishbot_ws/install/bring_up/share/fishbot_bringup/package.xml
[0.464s] Invoked command in '/home/hw/chapt9/fishbot_ws/build/bring_up' returned '0': CMAKE_PREFIX_PATH=${CMAKE_PREFIX_PATH}:/home/hw/chapt9/fishbot_ws/install/ros_serial2wifi:/opt/ros/humble /usr/bin/cmake --install /home/hw/chapt9/fishbot_ws/build/bring_up
