[0mCMake Error: The current CMakeCache.txt directory /home/hw/SLAM-and-Navigation-of-Two-Wheeled-Mobile-Robots/SLAM-and-Navigation-of-Two-Wheeled-Mobile-Robots/fishbot_ws/build/robot_navigation2/CMakeCache.txt is different than the directory /home/hw/chapt9/fishbot_ws/build/robot_navigation2 where CMakeCache.txt was created. This may result in binaries being created in the wrong place. If you are not sure, reedit the CMakeCache.txt[0m
-- Install configuration: ""
-- Up-to-date: /home/hw/chapt9/fishbot_ws/install/robot_navigation2/share/robot_navigation2/launch
-- Up-to-date: /home/hw/chapt9/fishbot_ws/install/robot_navigation2/share/robot_navigation2/launch/nav2.launch.py
-- Up-to-date: /home/hw/chapt9/fishbot_ws/install/robot_navigation2/share/robot_navigation2/config
-- Up-to-date: /home/hw/chapt9/fishbot_ws/install/robot_navigation2/share/robot_navigation2/config/nav2_params.yaml
-- Up-to-date: /home/hw/chapt9/fishbot_ws/install/robot_navigation2/share/robot_navigation2/map
-- Up-to-date: /home/hw/chapt9/fishbot_ws/install/robot_navigation2/share/robot_navigation2/map/bedroom.pgm
-- Up-to-date: /home/hw/chapt9/fishbot_ws/install/robot_navigation2/share/robot_navigation2/map/bedroom.yaml
-- Up-to-date: /home/hw/chapt9/fishbot_ws/install/robot_navigation2/share/ament_index/resource_index/package_run_dependencies/robot_navigation2
-- Up-to-date: /home/hw/chapt9/fishbot_ws/install/robot_navigation2/share/ament_index/resource_index/parent_prefix_path/robot_navigation2
-- Up-to-date: /home/hw/chapt9/fishbot_ws/install/robot_navigation2/share/robot_navigation2/environment/ament_prefix_path.sh
-- Up-to-date: /home/hw/chapt9/fishbot_ws/install/robot_navigation2/share/robot_navigation2/environment/ament_prefix_path.dsv
-- Up-to-date: /home/hw/chapt9/fishbot_ws/install/robot_navigation2/share/robot_navigation2/environment/path.sh
-- Up-to-date: /home/hw/chapt9/fishbot_ws/install/robot_navigation2/share/robot_navigation2/environment/path.dsv
-- Up-to-date: /home/hw/chapt9/fishbot_ws/install/robot_navigation2/share/robot_navigation2/local_setup.bash
-- Up-to-date: /home/hw/chapt9/fishbot_ws/install/robot_navigation2/share/robot_navigation2/local_setup.sh
-- Up-to-date: /home/hw/chapt9/fishbot_ws/install/robot_navigation2/share/robot_navigation2/local_setup.zsh
-- Up-to-date: /home/hw/chapt9/fishbot_ws/install/robot_navigation2/share/robot_navigation2/local_setup.dsv
-- Installing: /home/hw/chapt9/fishbot_ws/install/robot_navigation2/share/robot_navigation2/package.dsv
-- Up-to-date: /home/hw/chapt9/fishbot_ws/install/robot_navigation2/share/ament_index/resource_index/packages/robot_navigation2
-- Up-to-date: /home/hw/chapt9/fishbot_ws/install/robot_navigation2/share/robot_navigation2/cmake/robot_navigation2Config.cmake
-- Up-to-date: /home/hw/chapt9/fishbot_ws/install/robot_navigation2/share/robot_navigation2/cmake/robot_navigation2Config-version.cmake
-- Up-to-date: /home/hw/chapt9/fishbot_ws/install/robot_navigation2/share/robot_navigation2/package.xml
