[0.049s] Invoking command in '/home/hw/chapt9/fishbot_ws/build/bring_up': CMAKE_PREFIX_PATH=/opt/ros/humble /usr/bin/cmake --build /home/hw/chapt9/fishbot_ws/build/bring_up -- -j16 -l16
[0.404s] [100%] Built target odom2tf
[0.418s] Invoked command in '/home/hw/chapt9/fishbot_ws/build/bring_up' returned '0': CMAKE_PREFIX_PATH=/opt/ros/humble /usr/bin/cmake --build /home/hw/chapt9/fishbot_ws/build/bring_up -- -j16 -l16
[0.421s] Invoking command in '/home/hw/chapt9/fishbot_ws/build/bring_up': CMAKE_PREFIX_PATH=/opt/ros/humble /usr/bin/cmake --install /home/hw/chapt9/fishbot_ws/build/bring_up
[0.451s] -- Install configuration: ""
[0.452s] -- Up-to-date: /home/hw/chapt9/fishbot_ws/install/bring_up/lib/fishbot_bringup/odom2tf
[0.452s] -- Up-to-date: /home/hw/chapt9/fishbot_ws/install/bring_up/share/fishbot_bringup/launch
[0.452s] -- Up-to-date: /home/hw/chapt9/fishbot_ws/install/bring_up/share/fishbot_bringup/launch/urdf2tf.launch.py
[0.454s] -- Up-to-date: /home/hw/chapt9/fishbot_ws/install/bring_up/share/fishbot_bringup/launch/bringup.launch.py
[0.454s] -- Up-to-date: /home/hw/chapt9/fishbot_ws/install/bring_up/share/fishbot_bringup/launch/final_bringup.launch.py
[0.454s] -- Up-to-date: /home/hw/chapt9/fishbot_ws/install/bring_up/share/fishbot_bringup/launch/test_tf_tree.launch.py
[0.454s] -- Up-to-date: /home/hw/chapt9/fishbot_ws/install/bring_up/share/fishbot_bringup/rviz
[0.454s] -- Up-to-date: /home/hw/chapt9/fishbot_ws/install/bring_up/share/fishbot_bringup/rviz/room.pgm
[0.454s] -- Up-to-date: /home/hw/chapt9/fishbot_ws/install/bring_up/share/fishbot_bringup/rviz/room.yaml
[0.454s] -- Up-to-date: /home/hw/chapt9/fishbot_ws/install/bring_up/share/fishbot_bringup/rviz/bringupRviz2.rviz
[0.455s] -- Up-to-date: /home/hw/chapt9/fishbot_ws/install/bring_up/share/ament_index/resource_index/package_run_dependencies/fishbot_bringup
[0.455s] -- Up-to-date: /home/hw/chapt9/fishbot_ws/install/bring_up/share/ament_index/resource_index/parent_prefix_path/fishbot_bringup
[0.456s] -- Up-to-date: /home/hw/chapt9/fishbot_ws/install/bring_up/share/fishbot_bringup/environment/ament_prefix_path.sh
[0.456s] -- Up-to-date: /home/hw/chapt9/fishbot_ws/install/bring_up/share/fishbot_bringup/environment/ament_prefix_path.dsv
[0.456s] -- Up-to-date: /home/hw/chapt9/fishbot_ws/install/bring_up/share/fishbot_bringup/environment/path.sh
[0.456s] -- Up-to-date: /home/hw/chapt9/fishbot_ws/install/bring_up/share/fishbot_bringup/environment/path.dsv
[0.457s] -- Up-to-date: /home/hw/chapt9/fishbot_ws/install/bring_up/share/fishbot_bringup/local_setup.bash
[0.457s] -- Up-to-date: /home/hw/chapt9/fishbot_ws/install/bring_up/share/fishbot_bringup/local_setup.sh
[0.457s] -- Up-to-date: /home/hw/chapt9/fishbot_ws/install/bring_up/share/fishbot_bringup/local_setup.zsh
[0.457s] -- Up-to-date: /home/hw/chapt9/fishbot_ws/install/bring_up/share/fishbot_bringup/local_setup.dsv
[0.457s] -- Up-to-date: /home/hw/chapt9/fishbot_ws/install/bring_up/share/fishbot_bringup/package.dsv
[0.458s] -- Up-to-date: /home/hw/chapt9/fishbot_ws/install/bring_up/share/ament_index/resource_index/packages/fishbot_bringup
[0.458s] -- Up-to-date: /home/hw/chapt9/fishbot_ws/install/bring_up/share/fishbot_bringup/cmake/fishbot_bringupConfig.cmake
[0.458s] -- Up-to-date: /home/hw/chapt9/fishbot_ws/install/bring_up/share/fishbot_bringup/cmake/fishbot_bringupConfig-version.cmake
[0.458s] -- Up-to-date: /home/hw/chapt9/fishbot_ws/install/bring_up/share/fishbot_bringup/package.xml
[0.484s] Invoked command in '/home/hw/chapt9/fishbot_ws/build/bring_up' returned '0': CMAKE_PREFIX_PATH=/opt/ros/humble /usr/bin/cmake --install /home/hw/chapt9/fishbot_ws/build/bring_up
