[0.047s] Invoking command in '/home/hw/SLAM-and-Navigation-of-Two-Wheeled-Mobile-Robots/SLAM-and-Navigation-of-Two-Wheeled-Mobile-Robots/fishbot_ws/build/robot_description': CMAKE_PREFIX_PATH=${CMAKE_PREFIX_PATH}:/home/hw/SLAM-and-Navigation-of-Two-Wheeled-Mobile-Robots/SLAM-and-Navigation-of-Two-Wheeled-Mobile-Robots/fishbot_ws/install/ros_serial2wifi:/opt/ros/humble /usr/bin/cmake --build /home/hw/SLAM-and-Navigation-of-Two-Wheeled-Mobile-Robots/SLAM-and-Navigation-of-Two-Wheeled-Mobile-Robots/fishbot_ws/build/robot_description -- -j16 -l16
[0.403s] [0mCMake Error: The current CMakeCache.txt directory /home/hw/SLAM-and-Navigation-of-Two-Wheeled-Mobile-Robots/SLAM-and-Navigation-of-Two-Wheeled-Mobile-Robots/fishbot_ws/build/robot_description/CMakeCache.txt is different than the directory /home/hw/chapt9/fishbot_ws/build/robot_description where CMakeCache.txt was created. This may result in binaries being created in the wrong place. If you are not sure, reedit the CMakeCache.txt[0m
[0.428s] Invoked command in '/home/hw/SLAM-and-Navigation-of-Two-Wheeled-Mobile-Robots/SLAM-and-Navigation-of-Two-Wheeled-Mobile-Robots/fishbot_ws/build/robot_description' returned '0': CMAKE_PREFIX_PATH=${CMAKE_PREFIX_PATH}:/home/hw/SLAM-and-Navigation-of-Two-Wheeled-Mobile-Robots/SLAM-and-Navigation-of-Two-Wheeled-Mobile-Robots/fishbot_ws/install/ros_serial2wifi:/opt/ros/humble /usr/bin/cmake --build /home/hw/SLAM-and-Navigation-of-Two-Wheeled-Mobile-Robots/SLAM-and-Navigation-of-Two-Wheeled-Mobile-Robots/fishbot_ws/build/robot_description -- -j16 -l16
[0.430s] Invoking command in '/home/hw/SLAM-and-Navigation-of-Two-Wheeled-Mobile-Robots/SLAM-and-Navigation-of-Two-Wheeled-Mobile-Robots/fishbot_ws/build/robot_description': CMAKE_PREFIX_PATH=${CMAKE_PREFIX_PATH}:/home/hw/SLAM-and-Navigation-of-Two-Wheeled-Mobile-Robots/SLAM-and-Navigation-of-Two-Wheeled-Mobile-Robots/fishbot_ws/install/ros_serial2wifi:/opt/ros/humble /usr/bin/cmake --install /home/hw/SLAM-and-Navigation-of-Two-Wheeled-Mobile-Robots/SLAM-and-Navigation-of-Two-Wheeled-Mobile-Robots/fishbot_ws/build/robot_description
[0.464s] -- Install configuration: ""
[0.465s] -- Up-to-date: /home/hw/chapt9/fishbot_ws/install/robot_description/share/robot_description/urdf
[0.466s] -- Up-to-date: /home/hw/chapt9/fishbot_ws/install/robot_description/share/robot_description/urdf/robot.urdf
[0.467s] -- Up-to-date: /home/hw/chapt9/fishbot_ws/install/robot_description/share/ament_index/resource_index/package_run_dependencies/robot_description
[0.467s] -- Up-to-date: /home/hw/chapt9/fishbot_ws/install/robot_description/share/ament_index/resource_index/parent_prefix_path/robot_description
[0.469s] -- Up-to-date: /home/hw/chapt9/fishbot_ws/install/robot_description/share/robot_description/environment/ament_prefix_path.sh
[0.469s] -- Up-to-date: /home/hw/chapt9/fishbot_ws/install/robot_description/share/robot_description/environment/ament_prefix_path.dsv
[0.469s] -- Up-to-date: /home/hw/chapt9/fishbot_ws/install/robot_description/share/robot_description/environment/path.sh
[0.469s] -- Up-to-date: /home/hw/chapt9/fishbot_ws/install/robot_description/share/robot_description/environment/path.dsv
[0.470s] -- Up-to-date: /home/hw/chapt9/fishbot_ws/install/robot_description/share/robot_description/local_setup.bash
[0.470s] -- Up-to-date: /home/hw/chapt9/fishbot_ws/install/robot_description/share/robot_description/local_setup.sh
[0.470s] -- Up-to-date: /home/hw/chapt9/fishbot_ws/install/robot_description/share/robot_description/local_setup.zsh
[0.470s] -- Up-to-date: /home/hw/chapt9/fishbot_ws/install/robot_description/share/robot_description/local_setup.dsv
[0.470s] -- Up-to-date: /home/hw/chapt9/fishbot_ws/install/robot_description/share/robot_description/package.dsv
[0.470s] -- Up-to-date: /home/hw/chapt9/fishbot_ws/install/robot_description/share/ament_index/resource_index/packages/robot_description
[0.470s] -- Up-to-date: /home/hw/chapt9/fishbot_ws/install/robot_description/share/robot_description/cmake/robot_descriptionConfig.cmake
[0.470s] -- Up-to-date: /home/hw/chapt9/fishbot_ws/install/robot_description/share/robot_description/cmake/robot_descriptionConfig-version.cmake
[0.471s] -- Up-to-date: /home/hw/chapt9/fishbot_ws/install/robot_description/share/robot_description/package.xml
[0.529s] Invoked command in '/home/hw/SLAM-and-Navigation-of-Two-Wheeled-Mobile-Robots/SLAM-and-Navigation-of-Two-Wheeled-Mobile-Robots/fishbot_ws/build/robot_description' returned '0': CMAKE_PREFIX_PATH=${CMAKE_PREFIX_PATH}:/home/hw/SLAM-and-Navigation-of-Two-Wheeled-Mobile-Robots/SLAM-and-Navigation-of-Two-Wheeled-Mobile-Robots/fishbot_ws/install/ros_serial2wifi:/opt/ros/humble /usr/bin/cmake --install /home/hw/SLAM-and-Navigation-of-Two-Wheeled-Mobile-Robots/SLAM-and-Navigation-of-Two-Wheeled-Mobile-Robots/fishbot_ws/build/robot_description
