[0.056s] Invoking command in '/home/hw/chapt9/fishbot_ws/build/robot_description': CMAKE_PREFIX_PATH=${CMAKE_PREFIX_PATH}:/home/hw/chapt9/fishbot_ws/install/ros_serial2wifi:/opt/ros/humble /usr/bin/cmake --build /home/hw/chapt9/fishbot_ws/build/robot_description -- -j16 -l16
[0.397s] Invoked command in '/home/hw/chapt9/fishbot_ws/build/robot_description' returned '0': CMAKE_PREFIX_PATH=${CMAKE_PREFIX_PATH}:/home/hw/chapt9/fishbot_ws/install/ros_serial2wifi:/opt/ros/humble /usr/bin/cmake --build /home/hw/chapt9/fishbot_ws/build/robot_description -- -j16 -l16
[0.412s] Invoking command in '/home/hw/chapt9/fishbot_ws/build/robot_description': CMAKE_PREFIX_PATH=${CMAKE_PREFIX_PATH}:/home/hw/chapt9/fishbot_ws/install/ros_serial2wifi:/opt/ros/humble /usr/bin/cmake --install /home/hw/chapt9/fishbot_ws/build/robot_description
[0.451s] -- Install configuration: ""
[0.451s] -- Up-to-date: /home/hw/chapt9/fishbot_ws/install/robot_description/share/robot_description/urdf
[0.451s] -- Up-to-date: /home/hw/chapt9/fishbot_ws/install/robot_description/share/robot_description/urdf/robot.urdf
[0.451s] -- Up-to-date: /home/hw/chapt9/fishbot_ws/install/robot_description/share/ament_index/resource_index/package_run_dependencies/robot_description
[0.451s] -- Up-to-date: /home/hw/chapt9/fishbot_ws/install/robot_description/share/ament_index/resource_index/parent_prefix_path/robot_description
[0.452s] -- Up-to-date: /home/hw/chapt9/fishbot_ws/install/robot_description/share/robot_description/environment/ament_prefix_path.sh
[0.452s] -- Up-to-date: /home/hw/chapt9/fishbot_ws/install/robot_description/share/robot_description/environment/ament_prefix_path.dsv
[0.452s] -- Up-to-date: /home/hw/chapt9/fishbot_ws/install/robot_description/share/robot_description/environment/path.sh
[0.452s] -- Up-to-date: /home/hw/chapt9/fishbot_ws/install/robot_description/share/robot_description/environment/path.dsv
[0.452s] -- Up-to-date: /home/hw/chapt9/fishbot_ws/install/robot_description/share/robot_description/local_setup.bash
[0.453s] -- Up-to-date: /home/hw/chapt9/fishbot_ws/install/robot_description/share/robot_description/local_setup.sh
[0.453s] -- Up-to-date: /home/hw/chapt9/fishbot_ws/install/robot_description/share/robot_description/local_setup.zsh
[0.453s] -- Up-to-date: /home/hw/chapt9/fishbot_ws/install/robot_description/share/robot_description/local_setup.dsv
[0.453s] -- Installing: /home/hw/chapt9/fishbot_ws/install/robot_description/share/robot_description/package.dsv
[0.453s] -- Up-to-date: /home/hw/chapt9/fishbot_ws/install/robot_description/share/ament_index/resource_index/packages/robot_description
[0.453s] -- Up-to-date: /home/hw/chapt9/fishbot_ws/install/robot_description/share/robot_description/cmake/robot_descriptionConfig.cmake
[0.453s] -- Up-to-date: /home/hw/chapt9/fishbot_ws/install/robot_description/share/robot_description/cmake/robot_descriptionConfig-version.cmake
[0.453s] -- Up-to-date: /home/hw/chapt9/fishbot_ws/install/robot_description/share/robot_description/package.xml
[0.506s] Invoked command in '/home/hw/chapt9/fishbot_ws/build/robot_description' returned '0': CMAKE_PREFIX_PATH=${CMAKE_PREFIX_PATH}:/home/hw/chapt9/fishbot_ws/install/ros_serial2wifi:/opt/ros/humble /usr/bin/cmake --install /home/hw/chapt9/fishbot_ws/build/robot_description
