[0.043s] Invoking command in '/home/hw/chapt9/fishbot_ws/build/robot_description': CMAKE_PREFIX_PATH=${CMAKE_PREFIX_PATH}:/home/hw/chapt9/fishbot_ws/install/ros_serial2wifi:/opt/ros/humble /usr/bin/cmake --build /home/hw/chapt9/fishbot_ws/build/robot_description -- -j16 -l16
[0.420s] Invoked command in '/home/hw/chapt9/fishbot_ws/build/robot_description' returned '0': CMAKE_PREFIX_PATH=${CMAKE_PREFIX_PATH}:/home/hw/chapt9/fishbot_ws/install/ros_serial2wifi:/opt/ros/humble /usr/bin/cmake --build /home/hw/chapt9/fishbot_ws/build/robot_description -- -j16 -l16
[0.421s] Invoking command in '/home/hw/chapt9/fishbot_ws/build/robot_description': CMAKE_PREFIX_PATH=${CMAKE_PREFIX_PATH}:/home/hw/chapt9/fishbot_ws/install/ros_serial2wifi:/opt/ros/humble /usr/bin/cmake --install /home/hw/chapt9/fishbot_ws/build/robot_description
[0.432s] -- Install configuration: ""
[0.432s] -- Up-to-date: /home/hw/chapt9/fishbot_ws/install/robot_description/share/robot_description/urdf
[0.433s] -- Up-to-date: /home/hw/chapt9/fishbot_ws/install/robot_description/share/robot_description/urdf/robot.urdf
[0.433s] -- Up-to-date: /home/hw/chapt9/fishbot_ws/install/robot_description/share/ament_index/resource_index/package_run_dependencies/robot_description
[0.434s] -- Up-to-date: /home/hw/chapt9/fishbot_ws/install/robot_description/share/ament_index/resource_index/parent_prefix_path/robot_description
[0.434s] -- Up-to-date: /home/hw/chapt9/fishbot_ws/install/robot_description/share/robot_description/environment/ament_prefix_path.sh
[0.434s] -- Up-to-date: /home/hw/chapt9/fishbot_ws/install/robot_description/share/robot_description/environment/ament_prefix_path.dsv
[0.434s] -- Up-to-date: /home/hw/chapt9/fishbot_ws/install/robot_description/share/robot_description/environment/path.sh
[0.435s] -- Up-to-date: /home/hw/chapt9/fishbot_ws/install/robot_description/share/robot_description/environment/path.dsv
[0.435s] -- Up-to-date: /home/hw/chapt9/fishbot_ws/install/robot_description/share/robot_description/local_setup.bash
[0.436s] -- Up-to-date: /home/hw/chapt9/fishbot_ws/install/robot_description/share/robot_description/local_setup.sh
[0.436s] -- Up-to-date: /home/hw/chapt9/fishbot_ws/install/robot_description/share/robot_description/local_setup.zsh
[0.436s] -- Up-to-date: /home/hw/chapt9/fishbot_ws/install/robot_description/share/robot_description/local_setup.dsv
[0.437s] -- Installing: /home/hw/chapt9/fishbot_ws/install/robot_description/share/robot_description/package.dsv
[0.438s] -- Up-to-date: /home/hw/chapt9/fishbot_ws/install/robot_description/share/ament_index/resource_index/packages/robot_description
[0.438s] -- Up-to-date: /home/hw/chapt9/fishbot_ws/install/robot_description/share/robot_description/cmake/robot_descriptionConfig.cmake
[0.438s] -- Up-to-date: /home/hw/chapt9/fishbot_ws/install/robot_description/share/robot_description/cmake/robot_descriptionConfig-version.cmake
[0.438s] -- Up-to-date: /home/hw/chapt9/fishbot_ws/install/robot_description/share/robot_description/package.xml
[0.471s] Invoked command in '/home/hw/chapt9/fishbot_ws/build/robot_description' returned '0': CMAKE_PREFIX_PATH=${CMAKE_PREFIX_PATH}:/home/hw/chapt9/fishbot_ws/install/ros_serial2wifi:/opt/ros/humble /usr/bin/cmake --install /home/hw/chapt9/fishbot_ws/build/robot_description
