[0.044s] Invoking command in '/home/hw/chapt9/fishbot_ws/build/robot_navigation2': CMAKE_PREFIX_PATH=/opt/ros/humble /usr/bin/cmake /home/hw/chapt9/fishbot_ws/src/robot_navigation2 -DCMAKE_INSTALL_PREFIX=/home/hw/chapt9/fishbot_ws/install/robot_navigation2
[0.387s] -- The C compiler identification is GNU 11.4.0
[0.387s] -- The CXX compiler identification is GNU 11.4.0
[0.387s] -- Detecting C compiler ABI info
[0.387s] -- Detecting C compiler ABI info - done
[0.387s] -- Check for working C compiler: /usr/bin/cc - skipped
[0.387s] -- Detecting C compile features
[0.387s] -- Detecting C compile features - done
[0.387s] -- Detecting CXX compiler ABI info
[0.453s] -- Detecting CXX compiler ABI info - done
[0.454s] -- Check for working CXX compiler: /usr/bin/c++ - skipped
[0.454s] -- Detecting CXX compile features
[0.454s] -- Detecting CXX compile features - done
[0.454s] -- Found ament_cmake: 1.3.12 (/opt/ros/humble/share/ament_cmake/cmake)
[0.620s] -- Found Python3: /usr/bin/python3 (found version "3.10.12") found components: Interpreter 
[0.724s] -- Found ament_lint_auto: 0.12.14 (/opt/ros/humble/share/ament_lint_auto/cmake)
[0.816s] -- Added test 'flake8' to check Python code syntax and style conventions
[0.817s] -- Added test 'lint_cmake' to check CMake code style
[0.818s] -- Added test 'pep257' to check Python code against some of the docstring style conventions in PEP 257
[0.820s] -- Added test 'xmllint' to check XML markup files
[0.822s] -- Configuring done
[0.826s] -- Generating done
[0.829s] -- Build files have been written to: /home/hw/chapt9/fishbot_ws/build/robot_navigation2
[0.835s] Invoked command in '/home/hw/chapt9/fishbot_ws/build/robot_navigation2' returned '0': CMAKE_PREFIX_PATH=/opt/ros/humble /usr/bin/cmake /home/hw/chapt9/fishbot_ws/src/robot_navigation2 -DCMAKE_INSTALL_PREFIX=/home/hw/chapt9/fishbot_ws/install/robot_navigation2
[0.837s] Invoking command in '/home/hw/chapt9/fishbot_ws/build/robot_navigation2': CMAKE_PREFIX_PATH=/opt/ros/humble /usr/bin/cmake --build /home/hw/chapt9/fishbot_ws/build/robot_navigation2 -- -j16 -l16
[0.898s] Invoked command in '/home/hw/chapt9/fishbot_ws/build/robot_navigation2' returned '0': CMAKE_PREFIX_PATH=/opt/ros/humble /usr/bin/cmake --build /home/hw/chapt9/fishbot_ws/build/robot_navigation2 -- -j16 -l16
[0.900s] Invoking command in '/home/hw/chapt9/fishbot_ws/build/robot_navigation2': CMAKE_PREFIX_PATH=/opt/ros/humble /usr/bin/cmake --install /home/hw/chapt9/fishbot_ws/build/robot_navigation2
[0.910s] -- Install configuration: ""
[0.910s] -- Installing: /home/hw/chapt9/fishbot_ws/install/robot_navigation2/sharerobot_navigation2/launch
[0.911s] -- Installing: /home/hw/chapt9/fishbot_ws/install/robot_navigation2/sharerobot_navigation2/launch/nav2.launch.py
[0.911s] -- Installing: /home/hw/chapt9/fishbot_ws/install/robot_navigation2/sharerobot_navigation2/config
[0.911s] -- Installing: /home/hw/chapt9/fishbot_ws/install/robot_navigation2/sharerobot_navigation2/config/nav2_params.yaml
[0.911s] -- Installing: /home/hw/chapt9/fishbot_ws/install/robot_navigation2/sharerobot_navigation2/map
[0.911s] -- Installing: /home/hw/chapt9/fishbot_ws/install/robot_navigation2/sharerobot_navigation2/map/bedroom.pgm
[0.911s] -- Installing: /home/hw/chapt9/fishbot_ws/install/robot_navigation2/sharerobot_navigation2/map/bedroom.yaml
[0.911s] -- Installing: /home/hw/chapt9/fishbot_ws/install/robot_navigation2/share/ament_index/resource_index/package_run_dependencies/robot_navigation2
[0.911s] -- Installing: /home/hw/chapt9/fishbot_ws/install/robot_navigation2/share/ament_index/resource_index/parent_prefix_path/robot_navigation2
[0.912s] -- Installing: /home/hw/chapt9/fishbot_ws/install/robot_navigation2/share/robot_navigation2/environment/ament_prefix_path.sh
[0.912s] -- Installing: /home/hw/chapt9/fishbot_ws/install/robot_navigation2/share/robot_navigation2/environment/ament_prefix_path.dsv
[0.912s] -- Installing: /home/hw/chapt9/fishbot_ws/install/robot_navigation2/share/robot_navigation2/environment/path.sh
[0.912s] -- Installing: /home/hw/chapt9/fishbot_ws/install/robot_navigation2/share/robot_navigation2/environment/path.dsv
[0.912s] -- Installing: /home/hw/chapt9/fishbot_ws/install/robot_navigation2/share/robot_navigation2/local_setup.bash
[0.913s] -- Installing: /home/hw/chapt9/fishbot_ws/install/robot_navigation2/share/robot_navigation2/local_setup.sh
[0.914s] -- Installing: /home/hw/chapt9/fishbot_ws/install/robot_navigation2/share/robot_navigation2/local_setup.zsh
[0.914s] -- Installing: /home/hw/chapt9/fishbot_ws/install/robot_navigation2/share/robot_navigation2/local_setup.dsv
[0.914s] -- Installing: /home/hw/chapt9/fishbot_ws/install/robot_navigation2/share/robot_navigation2/package.dsv
[0.914s] -- Installing: /home/hw/chapt9/fishbot_ws/install/robot_navigation2/share/ament_index/resource_index/packages/robot_navigation2
[0.914s] -- Installing: /home/hw/chapt9/fishbot_ws/install/robot_navigation2/share/robot_navigation2/cmake/robot_navigation2Config.cmake
[0.914s] -- Installing: /home/hw/chapt9/fishbot_ws/install/robot_navigation2/share/robot_navigation2/cmake/robot_navigation2Config-version.cmake
[0.915s] -- Installing: /home/hw/chapt9/fishbot_ws/install/robot_navigation2/share/robot_navigation2/package.xml
[0.919s] Invoked command in '/home/hw/chapt9/fishbot_ws/build/robot_navigation2' returned '0': CMAKE_PREFIX_PATH=/opt/ros/humble /usr/bin/cmake --install /home/hw/chapt9/fishbot_ws/build/robot_navigation2
