[35m[1mConsolidate compiler generated dependencies of target odom2tf[0m
[100%] Built target odom2tf
-- Install configuration: ""
-- Up-to-date: /home/hw/chapt9/fishbot_ws/install/bring_up/lib/bring_up/odom2tf
-- Up-to-date: /home/hw/chapt9/fishbot_ws/install/bring_up/share/bring_up/launch
-- Up-to-date: /home/hw/chapt9/fishbot_ws/install/bring_up/share/bring_up/launch/urdf2tf.launch.py
-- Installing: /home/hw/chapt9/fishbot_ws/install/bring_up/share/bring_up/launch/bringup.launch.py
-- Up-to-date: /home/hw/chapt9/fishbot_ws/install/bring_up/share/ament_index/resource_index/package_run_dependencies/bring_up
-- Up-to-date: /home/hw/chapt9/fishbot_ws/install/bring_up/share/ament_index/resource_index/parent_prefix_path/bring_up
-- Up-to-date: /home/hw/chapt9/fishbot_ws/install/bring_up/share/bring_up/environment/ament_prefix_path.sh
-- Up-to-date: /home/hw/chapt9/fishbot_ws/install/bring_up/share/bring_up/environment/ament_prefix_path.dsv
-- Up-to-date: /home/hw/chapt9/fishbot_ws/install/bring_up/share/bring_up/environment/path.sh
-- Up-to-date: /home/hw/chapt9/fishbot_ws/install/bring_up/share/bring_up/environment/path.dsv
-- Up-to-date: /home/hw/chapt9/fishbot_ws/install/bring_up/share/bring_up/local_setup.bash
-- Up-to-date: /home/hw/chapt9/fishbot_ws/install/bring_up/share/bring_up/local_setup.sh
-- Up-to-date: /home/hw/chapt9/fishbot_ws/install/bring_up/share/bring_up/local_setup.zsh
-- Up-to-date: /home/hw/chapt9/fishbot_ws/install/bring_up/share/bring_up/local_setup.dsv
-- Installing: /home/hw/chapt9/fishbot_ws/install/bring_up/share/bring_up/package.dsv
-- Up-to-date: /home/hw/chapt9/fishbot_ws/install/bring_up/share/ament_index/resource_index/packages/bring_up
-- Up-to-date: /home/hw/chapt9/fishbot_ws/install/bring_up/share/bring_up/cmake/bring_upConfig.cmake
-- Up-to-date: /home/hw/chapt9/fishbot_ws/install/bring_up/share/bring_up/cmake/bring_upConfig-version.cmake
-- Up-to-date: /home/hw/chapt9/fishbot_ws/install/bring_up/share/bring_up/package.xml
