[0.053s] Invoking command in '/home/hw/SLAM-and-Navigation-of-Two-Wheeled-Mobile-Robots/SLAM-and-Navigation-of-Two-Wheeled-Mobile-Robots/fishbot_ws/build/bring_up': CMAKE_PREFIX_PATH=${CMAKE_PREFIX_PATH}:/home/hw/SLAM-and-Navigation-of-Two-Wheeled-Mobile-Robots/SLAM-and-Navigation-of-Two-Wheeled-Mobile-Robots/fishbot_ws/install/ros_serial2wifi:/opt/ros/humble /usr/bin/cmake --build /home/hw/SLAM-and-Navigation-of-Two-Wheeled-Mobile-Robots/SLAM-and-Navigation-of-Two-Wheeled-Mobile-Robots/fishbot_ws/build/bring_up -- -j16 -l16
[0.414s] [100%] Built target odom2tf
[0.414s] [0mCMake Error: The current CMakeCache.txt directory /home/hw/SLAM-and-Navigation-of-Two-Wheeled-Mobile-Robots/SLAM-and-Navigation-of-Two-Wheeled-Mobile-Robots/fishbot_ws/build/bring_up/CMakeCache.txt is different than the directory /home/hw/chapt9/fishbot_ws/build/bring_up where CMakeCache.txt was created. This may result in binaries being created in the wrong place. If you are not sure, reedit the CMakeCache.txt[0m
[0.451s] Invoked command in '/home/hw/SLAM-and-Navigation-of-Two-Wheeled-Mobile-Robots/SLAM-and-Navigation-of-Two-Wheeled-Mobile-Robots/fishbot_ws/build/bring_up' returned '0': CMAKE_PREFIX_PATH=${CMAKE_PREFIX_PATH}:/home/hw/SLAM-and-Navigation-of-Two-Wheeled-Mobile-Robots/SLAM-and-Navigation-of-Two-Wheeled-Mobile-Robots/fishbot_ws/install/ros_serial2wifi:/opt/ros/humble /usr/bin/cmake --build /home/hw/SLAM-and-Navigation-of-Two-Wheeled-Mobile-Robots/SLAM-and-Navigation-of-Two-Wheeled-Mobile-Robots/fishbot_ws/build/bring_up -- -j16 -l16
[0.452s] Invoking command in '/home/hw/SLAM-and-Navigation-of-Two-Wheeled-Mobile-Robots/SLAM-and-Navigation-of-Two-Wheeled-Mobile-Robots/fishbot_ws/build/bring_up': CMAKE_PREFIX_PATH=${CMAKE_PREFIX_PATH}:/home/hw/SLAM-and-Navigation-of-Two-Wheeled-Mobile-Robots/SLAM-and-Navigation-of-Two-Wheeled-Mobile-Robots/fishbot_ws/install/ros_serial2wifi:/opt/ros/humble /usr/bin/cmake --install /home/hw/SLAM-and-Navigation-of-Two-Wheeled-Mobile-Robots/SLAM-and-Navigation-of-Two-Wheeled-Mobile-Robots/fishbot_ws/build/bring_up
[0.488s] -- Install configuration: ""
[0.489s] -- Up-to-date: /home/hw/chapt9/fishbot_ws/install/bring_up/lib/fishbot_bringup/odom2tf
[0.489s] -- Up-to-date: /home/hw/chapt9/fishbot_ws/install/bring_up/share/fishbot_bringup/launch
[0.490s] -- Up-to-date: /home/hw/chapt9/fishbot_ws/install/bring_up/share/fishbot_bringup/launch/urdf2tf.launch.py
[0.490s] -- Up-to-date: /home/hw/chapt9/fishbot_ws/install/bring_up/share/fishbot_bringup/launch/bringup.launch.py
[0.490s] -- Up-to-date: /home/hw/chapt9/fishbot_ws/install/bring_up/share/fishbot_bringup/launch/final_bringup.launch.py
[0.490s] -- Up-to-date: /home/hw/chapt9/fishbot_ws/install/bring_up/share/fishbot_bringup/launch/test_tf_tree.launch.py
[0.490s] -- Up-to-date: /home/hw/chapt9/fishbot_ws/install/bring_up/share/fishbot_bringup/rviz
[0.490s] -- Up-to-date: /home/hw/chapt9/fishbot_ws/install/bring_up/share/fishbot_bringup/rviz/room.pgm
[0.490s] -- Up-to-date: /home/hw/chapt9/fishbot_ws/install/bring_up/share/fishbot_bringup/rviz/room.yaml
[0.491s] -- Up-to-date: /home/hw/chapt9/fishbot_ws/install/bring_up/share/fishbot_bringup/rviz/bringupRviz2.rviz
[0.491s] -- Up-to-date: /home/hw/chapt9/fishbot_ws/install/bring_up/share/ament_index/resource_index/package_run_dependencies/fishbot_bringup
[0.491s] -- Up-to-date: /home/hw/chapt9/fishbot_ws/install/bring_up/share/ament_index/resource_index/parent_prefix_path/fishbot_bringup
[0.491s] -- Up-to-date: /home/hw/chapt9/fishbot_ws/install/bring_up/share/fishbot_bringup/environment/ament_prefix_path.sh
[0.493s] -- Up-to-date: /home/hw/chapt9/fishbot_ws/install/bring_up/share/fishbot_bringup/environment/ament_prefix_path.dsv
[0.493s] -- Up-to-date: /home/hw/chapt9/fishbot_ws/install/bring_up/share/fishbot_bringup/environment/path.sh
[0.495s] -- Up-to-date: /home/hw/chapt9/fishbot_ws/install/bring_up/share/fishbot_bringup/environment/path.dsv
[0.496s] -- Up-to-date: /home/hw/chapt9/fishbot_ws/install/bring_up/share/fishbot_bringup/local_setup.bash
[0.496s] -- Up-to-date: /home/hw/chapt9/fishbot_ws/install/bring_up/share/fishbot_bringup/local_setup.sh
[0.496s] -- Up-to-date: /home/hw/chapt9/fishbot_ws/install/bring_up/share/fishbot_bringup/local_setup.zsh
[0.496s] -- Up-to-date: /home/hw/chapt9/fishbot_ws/install/bring_up/share/fishbot_bringup/local_setup.dsv
[0.497s] -- Up-to-date: /home/hw/chapt9/fishbot_ws/install/bring_up/share/fishbot_bringup/package.dsv
[0.497s] -- Up-to-date: /home/hw/chapt9/fishbot_ws/install/bring_up/share/ament_index/resource_index/packages/fishbot_bringup
[0.497s] -- Up-to-date: /home/hw/chapt9/fishbot_ws/install/bring_up/share/fishbot_bringup/cmake/fishbot_bringupConfig.cmake
[0.497s] -- Up-to-date: /home/hw/chapt9/fishbot_ws/install/bring_up/share/fishbot_bringup/cmake/fishbot_bringupConfig-version.cmake
[0.497s] -- Up-to-date: /home/hw/chapt9/fishbot_ws/install/bring_up/share/fishbot_bringup/package.xml
[0.522s] Invoked command in '/home/hw/SLAM-and-Navigation-of-Two-Wheeled-Mobile-Robots/SLAM-and-Navigation-of-Two-Wheeled-Mobile-Robots/fishbot_ws/build/bring_up' returned '0': CMAKE_PREFIX_PATH=${CMAKE_PREFIX_PATH}:/home/hw/SLAM-and-Navigation-of-Two-Wheeled-Mobile-Robots/SLAM-and-Navigation-of-Two-Wheeled-Mobile-Robots/fishbot_ws/install/ros_serial2wifi:/opt/ros/humble /usr/bin/cmake --install /home/hw/SLAM-and-Navigation-of-Two-Wheeled-Mobile-Robots/SLAM-and-Navigation-of-Two-Wheeled-Mobile-Robots/fishbot_ws/build/bring_up
