[0.038s] Invoking command in '/home/hw/chapt9/fishbot_ws/build/fishbot_bringup': CMAKE_PREFIX_PATH=/opt/ros/humble /usr/bin/cmake /home/hw/chapt9/fishbot_ws/src/bring_up -DCMAKE_INSTALL_PREFIX=/home/hw/chapt9/fishbot_ws/install/fishbot_bringup
[0.346s] -- The C compiler identification is GNU 11.4.0
[0.346s] -- The CXX compiler identification is GNU 11.4.0
[0.346s] -- Detecting C compiler ABI info
[0.346s] -- Detecting C compiler ABI info - done
[0.346s] -- Check for working C compiler: /usr/bin/cc - skipped
[0.346s] -- Detecting C compile features
[0.346s] -- Detecting C compile features - done
[0.346s] -- Detecting CXX compiler ABI info
[0.416s] -- Detecting CXX compiler ABI info - done
[0.423s] -- Check for working CXX compiler: /usr/bin/c++ - skipped
[0.424s] -- Detecting CXX compile features
[0.424s] -- Detecting CXX compile features - done
[0.428s] -- Found ament_cmake: 1.3.12 (/opt/ros/humble/share/ament_cmake/cmake)
[0.595s] -- Found Python3: /usr/bin/python3 (found version "3.10.12") found components: Interpreter 
[0.699s] -- Found ament_lint_auto: 0.12.14 (/opt/ros/humble/share/ament_lint_auto/cmake)
[0.774s] -- Found rclcpp: 16.0.17 (/opt/ros/humble/share/rclcpp/cmake)
[0.826s] -- Found rosidl_generator_c: 3.1.8 (/opt/ros/humble/share/rosidl_generator_c/cmake)
[0.832s] -- Found rosidl_adapter: 3.1.8 (/opt/ros/humble/share/rosidl_adapter/cmake)
[0.841s] -- Found rosidl_generator_cpp: 3.1.8 (/opt/ros/humble/share/rosidl_generator_cpp/cmake)
[0.853s] -- Using all available rosidl_typesupport_c: rosidl_typesupport_fastrtps_c;rosidl_typesupport_introspection_c
[0.869s] -- Using all available rosidl_typesupport_cpp: rosidl_typesupport_fastrtps_cpp;rosidl_typesupport_introspection_cpp
[0.911s] -- Found rmw_implementation_cmake: 6.1.2 (/opt/ros/humble/share/rmw_implementation_cmake/cmake)
[0.914s] -- Found rmw_fastrtps_cpp: 6.2.10 (/opt/ros/humble/share/rmw_fastrtps_cpp/cmake)
[1.034s] -- Found OpenSSL: /usr/lib/x86_64-linux-gnu/libcrypto.so (found version "3.0.2")  
[1.068s] -- Found FastRTPS: /opt/ros/humble/include  
[1.123s] -- Using RMW implementation 'rmw_fastrtps_cpp' as default
[1.136s] -- Looking for pthread.h
[1.232s] -- Looking for pthread.h - found
[1.232s] -- Performing Test CMAKE_HAVE_LIBC_PTHREAD
[1.329s] -- Performing Test CMAKE_HAVE_LIBC_PTHREAD - Success
[1.330s] -- Found Threads: TRUE  
[1.384s] -- Found tf2: 0.25.18 (/opt/ros/humble/share/tf2/cmake)
[1.411s] -- Found tf2_ros: 0.25.18 (/opt/ros/humble/share/tf2_ros/cmake)
[1.524s] -- Found nav_msgs: 4.9.0 (/opt/ros/humble/share/nav_msgs/cmake)
[1.545s] -- Added test 'cppcheck' to perform static code analysis on C / C++ code
[1.546s] -- Configured cppcheck include dirs: 
[1.546s] -- Configured cppcheck exclude dirs and/or files: 
[1.546s] -- Added test 'flake8' to check Python code syntax and style conventions
[1.547s] -- Added test 'lint_cmake' to check CMake code style
[1.548s] -- Added test 'pep257' to check Python code against some of the docstring style conventions in PEP 257
[1.550s] -- Added test 'uncrustify' to check C / C++ code style
[1.550s] -- Configured uncrustify additional arguments: 
[1.550s] -- Added test 'xmllint' to check XML markup files
[1.552s] -- Configuring done
[1.570s] -- Generating done
[1.575s] -- Build files have been written to: /home/hw/chapt9/fishbot_ws/build/fishbot_bringup
[1.593s] Invoked command in '/home/hw/chapt9/fishbot_ws/build/fishbot_bringup' returned '0': CMAKE_PREFIX_PATH=/opt/ros/humble /usr/bin/cmake /home/hw/chapt9/fishbot_ws/src/bring_up -DCMAKE_INSTALL_PREFIX=/home/hw/chapt9/fishbot_ws/install/fishbot_bringup
[1.594s] Invoking command in '/home/hw/chapt9/fishbot_ws/build/fishbot_bringup': CMAKE_PREFIX_PATH=/opt/ros/humble /usr/bin/cmake --build /home/hw/chapt9/fishbot_ws/build/fishbot_bringup -- -j16 -l16
[1.658s] [ 50%] [32mBuilding CXX object CMakeFiles/odom2tf.dir/src/odom2tf.cpp.o[0m
[9.748s] [100%] [32m[1mLinking CXX executable odom2tf[0m
[10.192s] [100%] Built target odom2tf
[10.210s] Invoked command in '/home/hw/chapt9/fishbot_ws/build/fishbot_bringup' returned '0': CMAKE_PREFIX_PATH=/opt/ros/humble /usr/bin/cmake --build /home/hw/chapt9/fishbot_ws/build/fishbot_bringup -- -j16 -l16
[10.213s] Invoking command in '/home/hw/chapt9/fishbot_ws/build/fishbot_bringup': CMAKE_PREFIX_PATH=/opt/ros/humble /usr/bin/cmake --install /home/hw/chapt9/fishbot_ws/build/fishbot_bringup
[10.221s] -- Install configuration: ""
[10.221s] -- Installing: /home/hw/chapt9/fishbot_ws/install/fishbot_bringup/lib/fishbot_bringup/odom2tf
[10.227s] -- Set runtime path of "/home/hw/chapt9/fishbot_ws/install/fishbot_bringup/lib/fishbot_bringup/odom2tf" to ""
[10.227s] -- Installing: /home/hw/chapt9/fishbot_ws/install/fishbot_bringup/share/fishbot_bringup/launch
[10.227s] -- Installing: /home/hw/chapt9/fishbot_ws/install/fishbot_bringup/share/fishbot_bringup/launch/urdf2tf.launch.py
[10.228s] -- Installing: /home/hw/chapt9/fishbot_ws/install/fishbot_bringup/share/fishbot_bringup/launch/bringup.launch.py
[10.228s] -- Installing: /home/hw/chapt9/fishbot_ws/install/fishbot_bringup/share/fishbot_bringup/launch/final_bringup.launch.py
[10.228s] -- Installing: /home/hw/chapt9/fishbot_ws/install/fishbot_bringup/share/fishbot_bringup/launch/test_tf_tree.launch.py
[10.228s] -- Installing: /home/hw/chapt9/fishbot_ws/install/fishbot_bringup/share/fishbot_bringup/rviz
[10.229s] -- Installing: /home/hw/chapt9/fishbot_ws/install/fishbot_bringup/share/fishbot_bringup/rviz/room.pgm
[10.229s] -- Installing: /home/hw/chapt9/fishbot_ws/install/fishbot_bringup/share/fishbot_bringup/rviz/room.yaml
[10.229s] -- Installing: /home/hw/chapt9/fishbot_ws/install/fishbot_bringup/share/fishbot_bringup/rviz/bringupRviz2.rviz
[10.229s] -- Installing: /home/hw/chapt9/fishbot_ws/install/fishbot_bringup/share/ament_index/resource_index/package_run_dependencies/fishbot_bringup
[10.230s] -- Installing: /home/hw/chapt9/fishbot_ws/install/fishbot_bringup/share/ament_index/resource_index/parent_prefix_path/fishbot_bringup
[10.230s] -- Installing: /home/hw/chapt9/fishbot_ws/install/fishbot_bringup/share/fishbot_bringup/environment/ament_prefix_path.sh
[10.230s] -- Installing: /home/hw/chapt9/fishbot_ws/install/fishbot_bringup/share/fishbot_bringup/environment/ament_prefix_path.dsv
[10.230s] -- Installing: /home/hw/chapt9/fishbot_ws/install/fishbot_bringup/share/fishbot_bringup/environment/path.sh
[10.231s] -- Installing: /home/hw/chapt9/fishbot_ws/install/fishbot_bringup/share/fishbot_bringup/environment/path.dsv
[10.231s] -- Installing: /home/hw/chapt9/fishbot_ws/install/fishbot_bringup/share/fishbot_bringup/local_setup.bash
[10.231s] -- Installing: /home/hw/chapt9/fishbot_ws/install/fishbot_bringup/share/fishbot_bringup/local_setup.sh
[10.232s] -- Installing: /home/hw/chapt9/fishbot_ws/install/fishbot_bringup/share/fishbot_bringup/local_setup.zsh
[10.232s] -- Installing: /home/hw/chapt9/fishbot_ws/install/fishbot_bringup/share/fishbot_bringup/local_setup.dsv
[10.232s] -- Installing: /home/hw/chapt9/fishbot_ws/install/fishbot_bringup/share/fishbot_bringup/package.dsv
[10.232s] -- Installing: /home/hw/chapt9/fishbot_ws/install/fishbot_bringup/share/ament_index/resource_index/packages/fishbot_bringup
[10.233s] -- Installing: /home/hw/chapt9/fishbot_ws/install/fishbot_bringup/share/fishbot_bringup/cmake/fishbot_bringupConfig.cmake
[10.233s] -- Installing: /home/hw/chapt9/fishbot_ws/install/fishbot_bringup/share/fishbot_bringup/cmake/fishbot_bringupConfig-version.cmake
[10.233s] -- Installing: /home/hw/chapt9/fishbot_ws/install/fishbot_bringup/share/fishbot_bringup/package.xml
[10.236s] Invoked command in '/home/hw/chapt9/fishbot_ws/build/fishbot_bringup' returned '0': CMAKE_PREFIX_PATH=/opt/ros/humble /usr/bin/cmake --install /home/hw/chapt9/fishbot_ws/build/fishbot_bringup
