[0.347s] Invoking command in '/home/hw/chapt9/fishbot_ws/build/ydlidar': CMAKE_PREFIX_PATH=/opt/ros/humble /usr/bin/cmake --build /home/hw/chapt9/fishbot_ws/build/ydlidar -- -j16 -l16
[0.425s] [  8%] Built target ydlidar_client
[0.434s] [100%] Built target ydlidar_node
[0.452s] Invoked command in '/home/hw/chapt9/fishbot_ws/build/ydlidar' returned '0': CMAKE_PREFIX_PATH=/opt/ros/humble /usr/bin/cmake --build /home/hw/chapt9/fishbot_ws/build/ydlidar -- -j16 -l16
[0.455s] Invoking command in '/home/hw/chapt9/fishbot_ws/build/ydlidar': CMAKE_PREFIX_PATH=/opt/ros/humble /usr/bin/cmake --install /home/hw/chapt9/fishbot_ws/build/ydlidar
[0.468s] -- Install configuration: ""
[0.468s] -- Up-to-date: /home/hw/chapt9/fishbot_ws/install/ydlidar/lib/ydlidar/ydlidar_node
[0.469s] -- Up-to-date: /home/hw/chapt9/fishbot_ws/install/ydlidar/lib/ydlidar/ydlidar_client
[0.470s] -- Up-to-date: /home/hw/chapt9/fishbot_ws/install/ydlidar/share/ydlidar/launch
[0.470s] -- Up-to-date: /home/hw/chapt9/fishbot_ws/install/ydlidar/share/ydlidar/launch/ydlidar.py
[0.470s] -- Up-to-date: /home/hw/chapt9/fishbot_ws/install/ydlidar/share/ydlidar/launch/ydlidar_launch.py
[0.470s] -- Up-to-date: /home/hw/chapt9/fishbot_ws/install/ydlidar/share/ydlidar/params
[0.470s] -- Up-to-date: /home/hw/chapt9/fishbot_ws/install/ydlidar/share/ydlidar/params/ydlidar.yaml
[0.471s] -- Up-to-date: /home/hw/chapt9/fishbot_ws/install/ydlidar/share/ydlidar/startup
[0.474s] -- Up-to-date: /home/hw/chapt9/fishbot_ws/install/ydlidar/share/ydlidar/startup/initenv.sh
[0.474s] -- Up-to-date: /home/hw/chapt9/fishbot_ws/install/ydlidar/share/ydlidar/config
[0.474s] -- Up-to-date: /home/hw/chapt9/fishbot_ws/install/ydlidar/share/ydlidar/config/ydlidar.rviz
[0.475s] -- Up-to-date: /home/hw/chapt9/fishbot_ws/install/ydlidar/share/ament_index/resource_index/package_run_dependencies/ydlidar
[0.475s] -- Up-to-date: /home/hw/chapt9/fishbot_ws/install/ydlidar/share/ament_index/resource_index/parent_prefix_path/ydlidar
[0.475s] -- Up-to-date: /home/hw/chapt9/fishbot_ws/install/ydlidar/share/ydlidar/environment/ament_prefix_path.sh
[0.475s] -- Up-to-date: /home/hw/chapt9/fishbot_ws/install/ydlidar/share/ydlidar/environment/ament_prefix_path.dsv
[0.476s] -- Up-to-date: /home/hw/chapt9/fishbot_ws/install/ydlidar/share/ydlidar/environment/path.sh
[0.476s] -- Up-to-date: /home/hw/chapt9/fishbot_ws/install/ydlidar/share/ydlidar/environment/path.dsv
[0.476s] -- Up-to-date: /home/hw/chapt9/fishbot_ws/install/ydlidar/share/ydlidar/local_setup.bash
[0.476s] -- Up-to-date: /home/hw/chapt9/fishbot_ws/install/ydlidar/share/ydlidar/local_setup.sh
[0.476s] -- Up-to-date: /home/hw/chapt9/fishbot_ws/install/ydlidar/share/ydlidar/local_setup.zsh
[0.476s] -- Up-to-date: /home/hw/chapt9/fishbot_ws/install/ydlidar/share/ydlidar/local_setup.dsv
[0.477s] -- Installing: /home/hw/chapt9/fishbot_ws/install/ydlidar/share/ydlidar/package.dsv
[0.479s] -- Up-to-date: /home/hw/chapt9/fishbot_ws/install/ydlidar/share/ament_index/resource_index/packages/ydlidar
[0.479s] -- Up-to-date: /home/hw/chapt9/fishbot_ws/install/ydlidar/share/ydlidar/cmake/ydlidarConfig.cmake
[0.479s] -- Up-to-date: /home/hw/chapt9/fishbot_ws/install/ydlidar/share/ydlidar/cmake/ydlidarConfig-version.cmake
[0.479s] -- Up-to-date: /home/hw/chapt9/fishbot_ws/install/ydlidar/share/ydlidar/package.xml
[0.489s] Invoked command in '/home/hw/chapt9/fishbot_ws/build/ydlidar' returned '0': CMAKE_PREFIX_PATH=/opt/ros/humble /usr/bin/cmake --install /home/hw/chapt9/fishbot_ws/build/ydlidar
