[0.053s] Invoking command in '/home/hw/chapt9/fishbot_ws/build/robot_navigation2': CMAKE_PREFIX_PATH=${CMAKE_PREFIX_PATH}:/home/hw/chapt9/fishbot_ws/install/ros_serial2wifi:/opt/ros/humble /usr/bin/cmake --build /home/hw/chapt9/fishbot_ws/build/robot_navigation2 -- -j16 -l16
[0.406s] Invoked command in '/home/hw/chapt9/fishbot_ws/build/robot_navigation2' returned '0': CMAKE_PREFIX_PATH=${CMAKE_PREFIX_PATH}:/home/hw/chapt9/fishbot_ws/install/ros_serial2wifi:/opt/ros/humble /usr/bin/cmake --build /home/hw/chapt9/fishbot_ws/build/robot_navigation2 -- -j16 -l16
[0.406s] Invoking command in '/home/hw/chapt9/fishbot_ws/build/robot_navigation2': CMAKE_PREFIX_PATH=${CMAKE_PREFIX_PATH}:/home/hw/chapt9/fishbot_ws/install/ros_serial2wifi:/opt/ros/humble /usr/bin/cmake --install /home/hw/chapt9/fishbot_ws/build/robot_navigation2
[0.430s] -- Install configuration: ""
[0.430s] -- Up-to-date: /home/hw/chapt9/fishbot_ws/install/robot_navigation2/share/robot_navigation2/launch
[0.433s] -- Installing: /home/hw/chapt9/fishbot_ws/install/robot_navigation2/share/robot_navigation2/launch/nav2.launch.py
[0.434s] -- Up-to-date: /home/hw/chapt9/fishbot_ws/install/robot_navigation2/share/robot_navigation2/config
[0.435s] -- Up-to-date: /home/hw/chapt9/fishbot_ws/install/robot_navigation2/share/robot_navigation2/config/nav2_params.yaml
[0.435s] -- Up-to-date: /home/hw/chapt9/fishbot_ws/install/robot_navigation2/share/robot_navigation2/map
[0.436s] -- Up-to-date: /home/hw/chapt9/fishbot_ws/install/robot_navigation2/share/robot_navigation2/map/bedroom.pgm
[0.436s] -- Up-to-date: /home/hw/chapt9/fishbot_ws/install/robot_navigation2/share/robot_navigation2/map/bedroom.yaml
[0.436s] -- Up-to-date: /home/hw/chapt9/fishbot_ws/install/robot_navigation2/share/ament_index/resource_index/package_run_dependencies/robot_navigation2
[0.436s] -- Up-to-date: /home/hw/chapt9/fishbot_ws/install/robot_navigation2/share/ament_index/resource_index/parent_prefix_path/robot_navigation2
[0.436s] -- Up-to-date: /home/hw/chapt9/fishbot_ws/install/robot_navigation2/share/robot_navigation2/environment/ament_prefix_path.sh
[0.436s] -- Up-to-date: /home/hw/chapt9/fishbot_ws/install/robot_navigation2/share/robot_navigation2/environment/ament_prefix_path.dsv
[0.437s] -- Up-to-date: /home/hw/chapt9/fishbot_ws/install/robot_navigation2/share/robot_navigation2/environment/path.sh
[0.437s] -- Up-to-date: /home/hw/chapt9/fishbot_ws/install/robot_navigation2/share/robot_navigation2/environment/path.dsv
[0.438s] -- Up-to-date: /home/hw/chapt9/fishbot_ws/install/robot_navigation2/share/robot_navigation2/local_setup.bash
[0.438s] -- Up-to-date: /home/hw/chapt9/fishbot_ws/install/robot_navigation2/share/robot_navigation2/local_setup.sh
[0.438s] -- Up-to-date: /home/hw/chapt9/fishbot_ws/install/robot_navigation2/share/robot_navigation2/local_setup.zsh
[0.440s] -- Up-to-date: /home/hw/chapt9/fishbot_ws/install/robot_navigation2/share/robot_navigation2/local_setup.dsv
[0.440s] -- Up-to-date: /home/hw/chapt9/fishbot_ws/install/robot_navigation2/share/robot_navigation2/package.dsv
[0.440s] -- Up-to-date: /home/hw/chapt9/fishbot_ws/install/robot_navigation2/share/ament_index/resource_index/packages/robot_navigation2
[0.440s] -- Up-to-date: /home/hw/chapt9/fishbot_ws/install/robot_navigation2/share/robot_navigation2/cmake/robot_navigation2Config.cmake
[0.440s] -- Up-to-date: /home/hw/chapt9/fishbot_ws/install/robot_navigation2/share/robot_navigation2/cmake/robot_navigation2Config-version.cmake
[0.441s] -- Up-to-date: /home/hw/chapt9/fishbot_ws/install/robot_navigation2/share/robot_navigation2/package.xml
[0.455s] Invoked command in '/home/hw/chapt9/fishbot_ws/build/robot_navigation2' returned '0': CMAKE_PREFIX_PATH=${CMAKE_PREFIX_PATH}:/home/hw/chapt9/fishbot_ws/install/ros_serial2wifi:/opt/ros/humble /usr/bin/cmake --install /home/hw/chapt9/fishbot_ws/build/robot_navigation2
