-- Found ament_cmake: 1.3.12 (/opt/ros/humble/share/ament_cmake/cmake)
-- Found ament_lint_auto: 0.12.14 (/opt/ros/humble/share/ament_lint_auto/cmake)
-- Found rclcpp: 16.0.17 (/opt/ros/humble/share/rclcpp/cmake)
-- Found rosidl_generator_c: 3.1.8 (/opt/ros/humble/share/rosidl_generator_c/cmake)
-- Found rosidl_adapter: 3.1.8 (/opt/ros/humble/share/rosidl_adapter/cmake)
-- Found rosidl_generator_cpp: 3.1.8 (/opt/ros/humble/share/rosidl_generator_cpp/cmake)
-- Using all available rosidl_typesupport_c: rosidl_typesupport_fastrtps_c;rosidl_typesupport_introspection_c
-- Using all available rosidl_typesupport_cpp: rosidl_typesupport_fastrtps_cpp;rosidl_typesupport_introspection_cpp
-- Found rmw_implementation_cmake: 6.1.2 (/opt/ros/humble/share/rmw_implementation_cmake/cmake)
-- Found rmw_fastrtps_cpp: 6.2.10 (/opt/ros/humble/share/rmw_fastrtps_cpp/cmake)
-- Using RMW implementation 'rmw_fastrtps_cpp' as default
-- Found tf2: 0.25.18 (/opt/ros/humble/share/tf2/cmake)
-- Found tf2_ros: 0.25.18 (/opt/ros/humble/share/tf2_ros/cmake)
-- Found nav_msgs: 4.9.0 (/opt/ros/humble/share/nav_msgs/cmake)
-- Added test 'cppcheck' to perform static code analysis on C / C++ code
-- Configured cppcheck include dirs: 
-- Configured cppcheck exclude dirs and/or files: 
-- Added test 'flake8' to check Python code syntax and style conventions
-- Added test 'lint_cmake' to check CMake code style
-- Added test 'pep257' to check Python code against some of the docstring style conventions in PEP 257
-- Added test 'uncrustify' to check C / C++ code style
-- Configured uncrustify additional arguments: 
-- Added test 'xmllint' to check XML markup files
-- Configuring done
-- Generating done
-- Build files have been written to: /home/hw/chapt9/fishbot_ws/build/bring_up
[35m[1mConsolidate compiler generated dependencies of target odom2tf[0m
[ 50%] [32mBuilding CXX object CMakeFiles/odom2tf.dir/src/odom2tf.cpp.o[0m
[100%] [32m[1mLinking CXX executable odom2tf[0m
[100%] Built target odom2tf
-- Install configuration: ""
-- Installing: /home/hw/chapt9/fishbot_ws/install/bring_up/lib/fishbot_bringup/odom2tf
-- Set runtime path of "/home/hw/chapt9/fishbot_ws/install/bring_up/lib/fishbot_bringup/odom2tf" to ""
-- Installing: /home/hw/chapt9/fishbot_ws/install/bring_up/share/fishbot_bringup/launch
-- Installing: /home/hw/chapt9/fishbot_ws/install/bring_up/share/fishbot_bringup/launch/urdf2tf.launch.py
-- Installing: /home/hw/chapt9/fishbot_ws/install/bring_up/share/fishbot_bringup/launch/bringup.launch.py
-- Installing: /home/hw/chapt9/fishbot_ws/install/bring_up/share/fishbot_bringup/launch/final_bringup.launch.py
-- Installing: /home/hw/chapt9/fishbot_ws/install/bring_up/share/fishbot_bringup/launch/test_tf_tree.launch.py
-- Installing: /home/hw/chapt9/fishbot_ws/install/bring_up/share/fishbot_bringup/rviz
-- Installing: /home/hw/chapt9/fishbot_ws/install/bring_up/share/fishbot_bringup/rviz/room.pgm
-- Installing: /home/hw/chapt9/fishbot_ws/install/bring_up/share/fishbot_bringup/rviz/room.yaml
-- Installing: /home/hw/chapt9/fishbot_ws/install/bring_up/share/fishbot_bringup/rviz/bringupRviz2.rviz
-- Installing: /home/hw/chapt9/fishbot_ws/install/bring_up/share/ament_index/resource_index/package_run_dependencies/fishbot_bringup
-- Installing: /home/hw/chapt9/fishbot_ws/install/bring_up/share/ament_index/resource_index/parent_prefix_path/fishbot_bringup
-- Installing: /home/hw/chapt9/fishbot_ws/install/bring_up/share/fishbot_bringup/environment/ament_prefix_path.sh
-- Installing: /home/hw/chapt9/fishbot_ws/install/bring_up/share/fishbot_bringup/environment/ament_prefix_path.dsv
-- Installing: /home/hw/chapt9/fishbot_ws/install/bring_up/share/fishbot_bringup/environment/path.sh
-- Installing: /home/hw/chapt9/fishbot_ws/install/bring_up/share/fishbot_bringup/environment/path.dsv
-- Installing: /home/hw/chapt9/fishbot_ws/install/bring_up/share/fishbot_bringup/local_setup.bash
-- Installing: /home/hw/chapt9/fishbot_ws/install/bring_up/share/fishbot_bringup/local_setup.sh
-- Installing: /home/hw/chapt9/fishbot_ws/install/bring_up/share/fishbot_bringup/local_setup.zsh
-- Installing: /home/hw/chapt9/fishbot_ws/install/bring_up/share/fishbot_bringup/local_setup.dsv
-- Installing: /home/hw/chapt9/fishbot_ws/install/bring_up/share/fishbot_bringup/package.dsv
-- Installing: /home/hw/chapt9/fishbot_ws/install/bring_up/share/ament_index/resource_index/packages/fishbot_bringup
-- Installing: /home/hw/chapt9/fishbot_ws/install/bring_up/share/fishbot_bringup/cmake/fishbot_bringupConfig.cmake
-- Installing: /home/hw/chapt9/fishbot_ws/install/bring_up/share/fishbot_bringup/cmake/fishbot_bringupConfig-version.cmake
-- Installing: /home/hw/chapt9/fishbot_ws/install/bring_up/share/fishbot_bringup/package.xml
