[0.104s] DEBUG:colcon:Command line arguments: ['/usr/bin/colcon', 'build', '--packages-select', 'fishbot_bringup', '--cmake-clean-cache']
[0.104s] DEBUG:colcon:Parsed command line arguments: Namespace(log_base=None, log_level=None, verb_name='build', build_base='build', install_base='install', merge_install=False, symlink_install=False, test_result_base=None, continue_on_error=False, executor='parallel', parallel_workers=16, event_handlers=None, ignore_user_meta=False, metas=['./colcon.meta'], base_paths=['.'], packages_ignore=None, packages_ignore_regex=None, paths=None, packages_up_to=None, packages_up_to_regex=None, packages_above=None, packages_above_and_dependencies=None, packages_above_depth=None, packages_select_by_dep=None, packages_skip_by_dep=None, packages_skip_up_to=None, packages_select_build_failed=False, packages_skip_build_finished=False, packages_select_test_failures=False, packages_skip_test_passed=False, packages_select=['fishbot_bringup'], packages_skip=None, packages_select_regex=None, packages_skip_regex=None, packages_start=None, packages_end=None, allow_overriding=[], cmake_args=None, cmake_target=None, cmake_target_skip_unavailable=False, cmake_clean_cache=True, cmake_clean_first=False, cmake_force_configure=False, ament_cmake_args=None, catkin_cmake_args=None, catkin_skip_building_tests=False, mixin_files=None, mixin=None, verb_parser=<colcon_mixin.mixin.mixin_argument.MixinArgumentDecorator object at 0x71fe64dac8e0>, verb_extension=<colcon_core.verb.build.BuildVerb object at 0x71fe64d1e020>, main=<bound method BuildVerb.main of <colcon_core.verb.build.BuildVerb object at 0x71fe64d1e020>>, mixin_verb=('build',))
[0.288s] Level 1:colcon.colcon_core.package_discovery:discover_packages(colcon_meta) check parameters
[0.288s] Level 1:colcon.colcon_core.package_discovery:discover_packages(recursive) check parameters
[0.288s] Level 1:colcon.colcon_core.package_discovery:discover_packages(ignore) check parameters
[0.288s] Level 1:colcon.colcon_core.package_discovery:discover_packages(path) check parameters
[0.288s] Level 1:colcon.colcon_core.package_discovery:discover_packages(colcon_meta) discover
[0.288s] Level 1:colcon.colcon_core.package_discovery:discover_packages(recursive) discover
[0.288s] INFO:colcon.colcon_core.package_discovery:Crawling recursively for packages in '/home/hw/SLAM-and-Navigation-of-Two-Wheeled-Mobile-Robots/SLAM-and-Navigation-of-Two-Wheeled-Mobile-Robots/fishbot_ws'
[0.289s] Level 1:colcon.colcon_core.package_identification:_identify(.) by extensions ['ignore', 'ignore_ament_install']
[0.289s] Level 1:colcon.colcon_core.package_identification:_identify(.) by extension 'ignore'
[0.289s] Level 1:colcon.colcon_core.package_identification:_identify(.) by extension 'ignore_ament_install'
[0.289s] Level 1:colcon.colcon_core.package_identification:_identify(.) by extensions ['colcon_pkg']
[0.289s] Level 1:colcon.colcon_core.package_identification:_identify(.) by extension 'colcon_pkg'
[0.289s] Level 1:colcon.colcon_core.package_identification:_identify(.) by extensions ['colcon_meta']
[0.289s] Level 1:colcon.colcon_core.package_identification:_identify(.) by extension 'colcon_meta'
[0.289s] Level 1:colcon.colcon_core.package_identification:_identify(.) by extensions ['ros']
[0.289s] Level 1:colcon.colcon_core.package_identification:_identify(.) by extension 'ros'
[0.307s] Level 1:colcon.colcon_core.package_identification:_identify(.) by extensions ['cmake', 'python']
[0.307s] Level 1:colcon.colcon_core.package_identification:_identify(.) by extension 'cmake'
[0.307s] Level 1:colcon.colcon_core.package_identification:_identify(.) by extension 'python'
[0.307s] Level 1:colcon.colcon_core.package_identification:_identify(.) by extensions ['python_setup_py']
[0.307s] Level 1:colcon.colcon_core.package_identification:_identify(.) by extension 'python_setup_py'
[0.307s] Level 1:colcon.colcon_core.package_identification:_identify(build) by extensions ['ignore', 'ignore_ament_install']
[0.307s] Level 1:colcon.colcon_core.package_identification:_identify(build) by extension 'ignore'
[0.308s] Level 1:colcon.colcon_core.package_identification:_identify(build) ignored
[0.308s] Level 1:colcon.colcon_core.package_identification:_identify(install) by extensions ['ignore', 'ignore_ament_install']
[0.308s] Level 1:colcon.colcon_core.package_identification:_identify(install) by extension 'ignore'
[0.308s] Level 1:colcon.colcon_core.package_identification:_identify(install) ignored
[0.308s] Level 1:colcon.colcon_core.package_identification:_identify(log) by extensions ['ignore', 'ignore_ament_install']
[0.308s] Level 1:colcon.colcon_core.package_identification:_identify(log) by extension 'ignore'
[0.308s] Level 1:colcon.colcon_core.package_identification:_identify(log) ignored
[0.308s] Level 1:colcon.colcon_core.package_identification:_identify(src) by extensions ['ignore', 'ignore_ament_install']
[0.308s] Level 1:colcon.colcon_core.package_identification:_identify(src) by extension 'ignore'
[0.309s] Level 1:colcon.colcon_core.package_identification:_identify(src) by extension 'ignore_ament_install'
[0.309s] Level 1:colcon.colcon_core.package_identification:_identify(src) by extensions ['colcon_pkg']
[0.309s] Level 1:colcon.colcon_core.package_identification:_identify(src) by extension 'colcon_pkg'
[0.309s] Level 1:colcon.colcon_core.package_identification:_identify(src) by extensions ['colcon_meta']
[0.309s] Level 1:colcon.colcon_core.package_identification:_identify(src) by extension 'colcon_meta'
[0.309s] Level 1:colcon.colcon_core.package_identification:_identify(src) by extensions ['ros']
[0.309s] Level 1:colcon.colcon_core.package_identification:_identify(src) by extension 'ros'
[0.309s] Level 1:colcon.colcon_core.package_identification:_identify(src) by extensions ['cmake', 'python']
[0.309s] Level 1:colcon.colcon_core.package_identification:_identify(src) by extension 'cmake'
[0.309s] Level 1:colcon.colcon_core.package_identification:_identify(src) by extension 'python'
[0.309s] Level 1:colcon.colcon_core.package_identification:_identify(src) by extensions ['python_setup_py']
[0.309s] Level 1:colcon.colcon_core.package_identification:_identify(src) by extension 'python_setup_py'
[0.309s] Level 1:colcon.colcon_core.package_identification:_identify(src/bring_up) by extensions ['ignore', 'ignore_ament_install']
[0.309s] Level 1:colcon.colcon_core.package_identification:_identify(src/bring_up) by extension 'ignore'
[0.310s] Level 1:colcon.colcon_core.package_identification:_identify(src/bring_up) by extension 'ignore_ament_install'
[0.310s] Level 1:colcon.colcon_core.package_identification:_identify(src/bring_up) by extensions ['colcon_pkg']
[0.310s] Level 1:colcon.colcon_core.package_identification:_identify(src/bring_up) by extension 'colcon_pkg'
[0.310s] Level 1:colcon.colcon_core.package_identification:_identify(src/bring_up) by extensions ['colcon_meta']
[0.310s] Level 1:colcon.colcon_core.package_identification:_identify(src/bring_up) by extension 'colcon_meta'
[0.310s] Level 1:colcon.colcon_core.package_identification:_identify(src/bring_up) by extensions ['ros']
[0.310s] Level 1:colcon.colcon_core.package_identification:_identify(src/bring_up) by extension 'ros'
[0.312s] DEBUG:colcon.colcon_core.package_identification:Package 'src/bring_up' with type 'ros.ament_cmake' and name 'fishbot_bringup'
[0.312s] Level 1:colcon.colcon_core.package_identification:_identify(src/bring_up1) by extensions ['ignore', 'ignore_ament_install']
[0.312s] Level 1:colcon.colcon_core.package_identification:_identify(src/bring_up1) by extension 'ignore'
[0.313s] Level 1:colcon.colcon_core.package_identification:_identify(src/bring_up1) by extension 'ignore_ament_install'
[0.313s] Level 1:colcon.colcon_core.package_identification:_identify(src/bring_up1) by extensions ['colcon_pkg']
[0.313s] Level 1:colcon.colcon_core.package_identification:_identify(src/bring_up1) by extension 'colcon_pkg'
[0.313s] Level 1:colcon.colcon_core.package_identification:_identify(src/bring_up1) by extensions ['colcon_meta']
[0.313s] Level 1:colcon.colcon_core.package_identification:_identify(src/bring_up1) by extension 'colcon_meta'
[0.313s] Level 1:colcon.colcon_core.package_identification:_identify(src/bring_up1) by extensions ['ros']
[0.313s] Level 1:colcon.colcon_core.package_identification:_identify(src/bring_up1) by extension 'ros'
[0.314s] DEBUG:colcon.colcon_core.package_identification:Package 'src/bring_up1' with type 'ros.ament_cmake' and name 'bring_up'
[0.314s] Level 1:colcon.colcon_core.package_identification:_identify(src/micro-ROS-Agent) by extensions ['ignore', 'ignore_ament_install']
[0.314s] Level 1:colcon.colcon_core.package_identification:_identify(src/micro-ROS-Agent) by extension 'ignore'
[0.314s] Level 1:colcon.colcon_core.package_identification:_identify(src/micro-ROS-Agent) by extension 'ignore_ament_install'
[0.314s] Level 1:colcon.colcon_core.package_identification:_identify(src/micro-ROS-Agent) by extensions ['colcon_pkg']
[0.314s] Level 1:colcon.colcon_core.package_identification:_identify(src/micro-ROS-Agent) by extension 'colcon_pkg'
[0.314s] Level 1:colcon.colcon_core.package_identification:_identify(src/micro-ROS-Agent) by extensions ['colcon_meta']
[0.314s] Level 1:colcon.colcon_core.package_identification:_identify(src/micro-ROS-Agent) by extension 'colcon_meta'
[0.314s] Level 1:colcon.colcon_core.package_identification:_identify(src/micro-ROS-Agent) by extensions ['ros']
[0.314s] Level 1:colcon.colcon_core.package_identification:_identify(src/micro-ROS-Agent) by extension 'ros'
[0.314s] Level 1:colcon.colcon_core.package_identification:_identify(src/micro-ROS-Agent) by extensions ['cmake', 'python']
[0.314s] Level 1:colcon.colcon_core.package_identification:_identify(src/micro-ROS-Agent) by extension 'cmake'
[0.314s] Level 1:colcon.colcon_core.package_identification:_identify(src/micro-ROS-Agent) by extension 'python'
[0.314s] Level 1:colcon.colcon_core.package_identification:_identify(src/micro-ROS-Agent) by extensions ['python_setup_py']
[0.315s] Level 1:colcon.colcon_core.package_identification:_identify(src/micro-ROS-Agent) by extension 'python_setup_py'
[0.315s] Level 1:colcon.colcon_core.package_identification:_identify(src/micro-ROS-Agent/micro_ros_agent) by extensions ['ignore', 'ignore_ament_install']
[0.315s] Level 1:colcon.colcon_core.package_identification:_identify(src/micro-ROS-Agent/micro_ros_agent) by extension 'ignore'
[0.315s] Level 1:colcon.colcon_core.package_identification:_identify(src/micro-ROS-Agent/micro_ros_agent) by extension 'ignore_ament_install'
[0.315s] Level 1:colcon.colcon_core.package_identification:_identify(src/micro-ROS-Agent/micro_ros_agent) by extensions ['colcon_pkg']
[0.315s] Level 1:colcon.colcon_core.package_identification:_identify(src/micro-ROS-Agent/micro_ros_agent) by extension 'colcon_pkg'
[0.315s] Level 1:colcon.colcon_core.package_identification:_identify(src/micro-ROS-Agent/micro_ros_agent) by extensions ['colcon_meta']
[0.315s] Level 1:colcon.colcon_core.package_identification:_identify(src/micro-ROS-Agent/micro_ros_agent) by extension 'colcon_meta'
[0.315s] Level 1:colcon.colcon_core.package_identification:_identify(src/micro-ROS-Agent/micro_ros_agent) by extensions ['ros']
[0.315s] Level 1:colcon.colcon_core.package_identification:_identify(src/micro-ROS-Agent/micro_ros_agent) by extension 'ros'
[0.316s] DEBUG:colcon.colcon_core.package_identification:Package 'src/micro-ROS-Agent/micro_ros_agent' with type 'ros.ament_cmake' and name 'micro_ros_agent'
[0.316s] Level 1:colcon.colcon_core.package_identification:_identify(src/micro-ROS-Agent/snap) by extensions ['ignore', 'ignore_ament_install']
[0.316s] Level 1:colcon.colcon_core.package_identification:_identify(src/micro-ROS-Agent/snap) by extension 'ignore'
[0.316s] Level 1:colcon.colcon_core.package_identification:_identify(src/micro-ROS-Agent/snap) by extension 'ignore_ament_install'
[0.316s] Level 1:colcon.colcon_core.package_identification:_identify(src/micro-ROS-Agent/snap) by extensions ['colcon_pkg']
[0.316s] Level 1:colcon.colcon_core.package_identification:_identify(src/micro-ROS-Agent/snap) by extension 'colcon_pkg'
[0.317s] Level 1:colcon.colcon_core.package_identification:_identify(src/micro-ROS-Agent/snap) by extensions ['colcon_meta']
[0.317s] Level 1:colcon.colcon_core.package_identification:_identify(src/micro-ROS-Agent/snap) by extension 'colcon_meta'
[0.317s] Level 1:colcon.colcon_core.package_identification:_identify(src/micro-ROS-Agent/snap) by extensions ['ros']
[0.317s] Level 1:colcon.colcon_core.package_identification:_identify(src/micro-ROS-Agent/snap) by extension 'ros'
[0.317s] Level 1:colcon.colcon_core.package_identification:_identify(src/micro-ROS-Agent/snap) by extensions ['cmake', 'python']
[0.317s] Level 1:colcon.colcon_core.package_identification:_identify(src/micro-ROS-Agent/snap) by extension 'cmake'
[0.317s] Level 1:colcon.colcon_core.package_identification:_identify(src/micro-ROS-Agent/snap) by extension 'python'
[0.317s] Level 1:colcon.colcon_core.package_identification:_identify(src/micro-ROS-Agent/snap) by extensions ['python_setup_py']
[0.317s] Level 1:colcon.colcon_core.package_identification:_identify(src/micro-ROS-Agent/snap) by extension 'python_setup_py'
[0.317s] Level 1:colcon.colcon_core.package_identification:_identify(src/micro-ROS-Agent/snap/hooks) by extensions ['ignore', 'ignore_ament_install']
[0.317s] Level 1:colcon.colcon_core.package_identification:_identify(src/micro-ROS-Agent/snap/hooks) by extension 'ignore'
[0.317s] Level 1:colcon.colcon_core.package_identification:_identify(src/micro-ROS-Agent/snap/hooks) by extension 'ignore_ament_install'
[0.318s] Level 1:colcon.colcon_core.package_identification:_identify(src/micro-ROS-Agent/snap/hooks) by extensions ['colcon_pkg']
[0.318s] Level 1:colcon.colcon_core.package_identification:_identify(src/micro-ROS-Agent/snap/hooks) by extension 'colcon_pkg'
[0.318s] Level 1:colcon.colcon_core.package_identification:_identify(src/micro-ROS-Agent/snap/hooks) by extensions ['colcon_meta']
[0.318s] Level 1:colcon.colcon_core.package_identification:_identify(src/micro-ROS-Agent/snap/hooks) by extension 'colcon_meta'
[0.318s] Level 1:colcon.colcon_core.package_identification:_identify(src/micro-ROS-Agent/snap/hooks) by extensions ['ros']
[0.318s] Level 1:colcon.colcon_core.package_identification:_identify(src/micro-ROS-Agent/snap/hooks) by extension 'ros'
[0.318s] Level 1:colcon.colcon_core.package_identification:_identify(src/micro-ROS-Agent/snap/hooks) by extensions ['cmake', 'python']
[0.318s] Level 1:colcon.colcon_core.package_identification:_identify(src/micro-ROS-Agent/snap/hooks) by extension 'cmake'
[0.318s] Level 1:colcon.colcon_core.package_identification:_identify(src/micro-ROS-Agent/snap/hooks) by extension 'python'
[0.318s] Level 1:colcon.colcon_core.package_identification:_identify(src/micro-ROS-Agent/snap/hooks) by extensions ['python_setup_py']
[0.318s] Level 1:colcon.colcon_core.package_identification:_identify(src/micro-ROS-Agent/snap/hooks) by extension 'python_setup_py'
[0.318s] Level 1:colcon.colcon_core.package_identification:_identify(src/micro-ROS-Agent/snap/local) by extensions ['ignore', 'ignore_ament_install']
[0.318s] Level 1:colcon.colcon_core.package_identification:_identify(src/micro-ROS-Agent/snap/local) by extension 'ignore'
[0.318s] Level 1:colcon.colcon_core.package_identification:_identify(src/micro-ROS-Agent/snap/local) by extension 'ignore_ament_install'
[0.318s] Level 1:colcon.colcon_core.package_identification:_identify(src/micro-ROS-Agent/snap/local) by extensions ['colcon_pkg']
[0.318s] Level 1:colcon.colcon_core.package_identification:_identify(src/micro-ROS-Agent/snap/local) by extension 'colcon_pkg'
[0.318s] Level 1:colcon.colcon_core.package_identification:_identify(src/micro-ROS-Agent/snap/local) by extensions ['colcon_meta']
[0.318s] Level 1:colcon.colcon_core.package_identification:_identify(src/micro-ROS-Agent/snap/local) by extension 'colcon_meta'
[0.319s] Level 1:colcon.colcon_core.package_identification:_identify(src/micro-ROS-Agent/snap/local) by extensions ['ros']
[0.319s] Level 1:colcon.colcon_core.package_identification:_identify(src/micro-ROS-Agent/snap/local) by extension 'ros'
[0.319s] Level 1:colcon.colcon_core.package_identification:_identify(src/micro-ROS-Agent/snap/local) by extensions ['cmake', 'python']
[0.319s] Level 1:colcon.colcon_core.package_identification:_identify(src/micro-ROS-Agent/snap/local) by extension 'cmake'
[0.319s] Level 1:colcon.colcon_core.package_identification:_identify(src/micro-ROS-Agent/snap/local) by extension 'python'
[0.319s] Level 1:colcon.colcon_core.package_identification:_identify(src/micro-ROS-Agent/snap/local) by extensions ['python_setup_py']
[0.319s] Level 1:colcon.colcon_core.package_identification:_identify(src/micro-ROS-Agent/snap/local) by extension 'python_setup_py'
[0.319s] Level 1:colcon.colcon_core.package_identification:_identify(src/micro_ros_msgs) by extensions ['ignore', 'ignore_ament_install']
[0.319s] Level 1:colcon.colcon_core.package_identification:_identify(src/micro_ros_msgs) by extension 'ignore'
[0.319s] Level 1:colcon.colcon_core.package_identification:_identify(src/micro_ros_msgs) by extension 'ignore_ament_install'
[0.320s] Level 1:colcon.colcon_core.package_identification:_identify(src/micro_ros_msgs) by extensions ['colcon_pkg']
[0.320s] Level 1:colcon.colcon_core.package_identification:_identify(src/micro_ros_msgs) by extension 'colcon_pkg'
[0.320s] Level 1:colcon.colcon_core.package_identification:_identify(src/micro_ros_msgs) by extensions ['colcon_meta']
[0.320s] Level 1:colcon.colcon_core.package_identification:_identify(src/micro_ros_msgs) by extension 'colcon_meta'
[0.320s] Level 1:colcon.colcon_core.package_identification:_identify(src/micro_ros_msgs) by extensions ['ros']
[0.320s] Level 1:colcon.colcon_core.package_identification:_identify(src/micro_ros_msgs) by extension 'ros'
[0.320s] DEBUG:colcon.colcon_core.package_identification:Package 'src/micro_ros_msgs' with type 'ros.ament_cmake' and name 'micro_ros_msgs'
[0.320s] Level 1:colcon.colcon_core.package_identification:_identify(src/robot_description) by extensions ['ignore', 'ignore_ament_install']
[0.321s] Level 1:colcon.colcon_core.package_identification:_identify(src/robot_description) by extension 'ignore'
[0.321s] Level 1:colcon.colcon_core.package_identification:_identify(src/robot_description) by extension 'ignore_ament_install'
[0.321s] Level 1:colcon.colcon_core.package_identification:_identify(src/robot_description) by extensions ['colcon_pkg']
[0.321s] Level 1:colcon.colcon_core.package_identification:_identify(src/robot_description) by extension 'colcon_pkg'
[0.321s] Level 1:colcon.colcon_core.package_identification:_identify(src/robot_description) by extensions ['colcon_meta']
[0.321s] Level 1:colcon.colcon_core.package_identification:_identify(src/robot_description) by extension 'colcon_meta'
[0.321s] Level 1:colcon.colcon_core.package_identification:_identify(src/robot_description) by extensions ['ros']
[0.321s] Level 1:colcon.colcon_core.package_identification:_identify(src/robot_description) by extension 'ros'
[0.321s] DEBUG:colcon.colcon_core.package_identification:Package 'src/robot_description' with type 'ros.ament_cmake' and name 'robot_description'
[0.322s] Level 1:colcon.colcon_core.package_identification:_identify(src/robot_navigation2) by extensions ['ignore', 'ignore_ament_install']
[0.322s] Level 1:colcon.colcon_core.package_identification:_identify(src/robot_navigation2) by extension 'ignore'
[0.322s] Level 1:colcon.colcon_core.package_identification:_identify(src/robot_navigation2) by extension 'ignore_ament_install'
[0.322s] Level 1:colcon.colcon_core.package_identification:_identify(src/robot_navigation2) by extensions ['colcon_pkg']
[0.322s] Level 1:colcon.colcon_core.package_identification:_identify(src/robot_navigation2) by extension 'colcon_pkg'
[0.322s] Level 1:colcon.colcon_core.package_identification:_identify(src/robot_navigation2) by extensions ['colcon_meta']
[0.322s] Level 1:colcon.colcon_core.package_identification:_identify(src/robot_navigation2) by extension 'colcon_meta'
[0.322s] Level 1:colcon.colcon_core.package_identification:_identify(src/robot_navigation2) by extensions ['ros']
[0.322s] Level 1:colcon.colcon_core.package_identification:_identify(src/robot_navigation2) by extension 'ros'
[0.323s] DEBUG:colcon.colcon_core.package_identification:Package 'src/robot_navigation2' with type 'ros.ament_cmake' and name 'robot_navigation2'
[0.323s] Level 1:colcon.colcon_core.package_identification:_identify(src/ros_serial2wifi) by extensions ['ignore', 'ignore_ament_install']
[0.323s] Level 1:colcon.colcon_core.package_identification:_identify(src/ros_serial2wifi) by extension 'ignore'
[0.323s] Level 1:colcon.colcon_core.package_identification:_identify(src/ros_serial2wifi) by extension 'ignore_ament_install'
[0.323s] Level 1:colcon.colcon_core.package_identification:_identify(src/ros_serial2wifi) by extensions ['colcon_pkg']
[0.323s] Level 1:colcon.colcon_core.package_identification:_identify(src/ros_serial2wifi) by extension 'colcon_pkg'
[0.323s] Level 1:colcon.colcon_core.package_identification:_identify(src/ros_serial2wifi) by extensions ['colcon_meta']
[0.323s] Level 1:colcon.colcon_core.package_identification:_identify(src/ros_serial2wifi) by extension 'colcon_meta'
[0.323s] Level 1:colcon.colcon_core.package_identification:_identify(src/ros_serial2wifi) by extensions ['ros']
[0.323s] Level 1:colcon.colcon_core.package_identification:_identify(src/ros_serial2wifi) by extension 'ros'
[0.324s] DEBUG:colcon.colcon_core.package_identification:Package 'src/ros_serial2wifi' with type 'ros.ament_python' and name 'ros_serial2wifi'
[0.324s] Level 1:colcon.colcon_core.package_identification:_identify(src/ydlidar_ros2) by extensions ['ignore', 'ignore_ament_install']
[0.324s] Level 1:colcon.colcon_core.package_identification:_identify(src/ydlidar_ros2) by extension 'ignore'
[0.324s] Level 1:colcon.colcon_core.package_identification:_identify(src/ydlidar_ros2) by extension 'ignore_ament_install'
[0.324s] Level 1:colcon.colcon_core.package_identification:_identify(src/ydlidar_ros2) by extensions ['colcon_pkg']
[0.324s] Level 1:colcon.colcon_core.package_identification:_identify(src/ydlidar_ros2) by extension 'colcon_pkg'
[0.324s] Level 1:colcon.colcon_core.package_identification:_identify(src/ydlidar_ros2) by extensions ['colcon_meta']
[0.324s] Level 1:colcon.colcon_core.package_identification:_identify(src/ydlidar_ros2) by extension 'colcon_meta'
[0.324s] Level 1:colcon.colcon_core.package_identification:_identify(src/ydlidar_ros2) by extensions ['ros']
[0.324s] Level 1:colcon.colcon_core.package_identification:_identify(src/ydlidar_ros2) by extension 'ros'
[0.325s] DEBUG:colcon.colcon_core.package_identification:Package 'src/ydlidar_ros2' with type 'ros.ament_cmake' and name 'ydlidar'
[0.325s] Level 1:colcon.colcon_core.package_discovery:discover_packages(recursive) using defaults
[0.325s] Level 1:colcon.colcon_core.package_discovery:discover_packages(ignore) discover
[0.325s] Level 1:colcon.colcon_core.package_discovery:discover_packages(ignore) using defaults
[0.325s] Level 1:colcon.colcon_core.package_discovery:discover_packages(path) discover
[0.325s] Level 1:colcon.colcon_core.package_discovery:discover_packages(path) using defaults
[0.344s] INFO:colcon.colcon_core.package_selection:Skipping not selected package 'bring_up' in 'src/bring_up1'
[0.344s] INFO:colcon.colcon_core.package_selection:Skipping not selected package 'micro_ros_msgs' in 'src/micro_ros_msgs'
[0.344s] INFO:colcon.colcon_core.package_selection:Skipping not selected package 'robot_description' in 'src/robot_description'
[0.344s] INFO:colcon.colcon_core.package_selection:Skipping not selected package 'robot_navigation2' in 'src/robot_navigation2'
[0.344s] INFO:colcon.colcon_core.package_selection:Skipping not selected package 'ros_serial2wifi' in 'src/ros_serial2wifi'
[0.344s] INFO:colcon.colcon_core.package_selection:Skipping not selected package 'ydlidar' in 'src/ydlidar_ros2'
[0.344s] INFO:colcon.colcon_core.package_selection:Skipping not selected package 'micro_ros_agent' in 'src/micro-ROS-Agent/micro_ros_agent'
[0.344s] Level 1:colcon.colcon_core.package_discovery:discover_packages(prefix_path) check parameters
[0.344s] Level 1:colcon.colcon_core.package_discovery:discover_packages(prefix_path) discover
[0.348s] DEBUG:colcon.colcon_installed_package_information.package_discovery:Found 469 installed packages in /opt/ros/humble
[0.350s] Level 1:colcon.colcon_core.package_discovery:discover_packages(prefix_path) using defaults
[0.400s] Level 5:colcon.colcon_core.verb:set package 'fishbot_bringup' build argument 'cmake_args' from command line to 'None'
[0.400s] Level 5:colcon.colcon_core.verb:set package 'fishbot_bringup' build argument 'cmake_target' from command line to 'None'
[0.400s] Level 5:colcon.colcon_core.verb:set package 'fishbot_bringup' build argument 'cmake_target_skip_unavailable' from command line to 'False'
[0.400s] Level 5:colcon.colcon_core.verb:set package 'fishbot_bringup' build argument 'cmake_clean_cache' from command line to 'True'
[0.400s] Level 5:colcon.colcon_core.verb:set package 'fishbot_bringup' build argument 'cmake_clean_first' from command line to 'False'
[0.400s] Level 5:colcon.colcon_core.verb:set package 'fishbot_bringup' build argument 'cmake_force_configure' from command line to 'False'
[0.400s] Level 5:colcon.colcon_core.verb:set package 'fishbot_bringup' build argument 'ament_cmake_args' from command line to 'None'
[0.400s] Level 5:colcon.colcon_core.verb:set package 'fishbot_bringup' build argument 'catkin_cmake_args' from command line to 'None'
[0.400s] Level 5:colcon.colcon_core.verb:set package 'fishbot_bringup' build argument 'catkin_skip_building_tests' from command line to 'False'
[0.400s] DEBUG:colcon.colcon_core.verb:Building package 'fishbot_bringup' with the following arguments: {'ament_cmake_args': None, 'build_base': '/home/hw/SLAM-and-Navigation-of-Two-Wheeled-Mobile-Robots/SLAM-and-Navigation-of-Two-Wheeled-Mobile-Robots/fishbot_ws/build/fishbot_bringup', 'catkin_cmake_args': None, 'catkin_skip_building_tests': False, 'cmake_args': None, 'cmake_clean_cache': True, 'cmake_clean_first': False, 'cmake_force_configure': False, 'cmake_target': None, 'cmake_target_skip_unavailable': False, 'install_base': '/home/hw/SLAM-and-Navigation-of-Two-Wheeled-Mobile-Robots/SLAM-and-Navigation-of-Two-Wheeled-Mobile-Robots/fishbot_ws/install/fishbot_bringup', 'merge_install': False, 'path': '/home/hw/SLAM-and-Navigation-of-Two-Wheeled-Mobile-Robots/SLAM-and-Navigation-of-Two-Wheeled-Mobile-Robots/fishbot_ws/src/bring_up', 'symlink_install': False, 'test_result_base': None}
[0.400s] INFO:colcon.colcon_core.executor:Executing jobs using 'parallel' executor
[0.402s] DEBUG:colcon.colcon_parallel_executor.executor.parallel:run_until_complete
[0.402s] INFO:colcon.colcon_ros.task.ament_cmake.build:Building ROS package in '/home/hw/SLAM-and-Navigation-of-Two-Wheeled-Mobile-Robots/SLAM-and-Navigation-of-Two-Wheeled-Mobile-Robots/fishbot_ws/src/bring_up' with build type 'ament_cmake'
[0.403s] INFO:colcon.colcon_cmake.task.cmake.build:Building CMake package in '/home/hw/SLAM-and-Navigation-of-Two-Wheeled-Mobile-Robots/SLAM-and-Navigation-of-Two-Wheeled-Mobile-Robots/fishbot_ws/src/bring_up'
[0.405s] INFO:colcon.colcon_core.plugin_system:Skipping extension 'colcon_core.shell.bat': Not used on non-Windows systems
[0.405s] INFO:colcon.colcon_core.shell:Skip shell extension 'powershell' for command environment: Not usable outside of PowerShell
[0.405s] DEBUG:colcon.colcon_core.shell:Skip shell extension 'dsv' for command environment
[0.419s] DEBUG:colcon.colcon_core.event_handler.log_command:Invoking command in '/home/hw/SLAM-and-Navigation-of-Two-Wheeled-Mobile-Robots/SLAM-and-Navigation-of-Two-Wheeled-Mobile-Robots/fishbot_ws/build/fishbot_bringup': CMAKE_PREFIX_PATH=/opt/ros/humble /usr/bin/cmake /home/hw/SLAM-and-Navigation-of-Two-Wheeled-Mobile-Robots/SLAM-and-Navigation-of-Two-Wheeled-Mobile-Robots/fishbot_ws/src/bring_up -DCMAKE_INSTALL_PREFIX=/home/hw/SLAM-and-Navigation-of-Two-Wheeled-Mobile-Robots/SLAM-and-Navigation-of-Two-Wheeled-Mobile-Robots/fishbot_ws/install/fishbot_bringup
[1.885s] DEBUG:colcon.colcon_core.event_handler.log_command:Invoked command in '/home/hw/SLAM-and-Navigation-of-Two-Wheeled-Mobile-Robots/SLAM-and-Navigation-of-Two-Wheeled-Mobile-Robots/fishbot_ws/build/fishbot_bringup' returned '0': CMAKE_PREFIX_PATH=/opt/ros/humble /usr/bin/cmake /home/hw/SLAM-and-Navigation-of-Two-Wheeled-Mobile-Robots/SLAM-and-Navigation-of-Two-Wheeled-Mobile-Robots/fishbot_ws/src/bring_up -DCMAKE_INSTALL_PREFIX=/home/hw/SLAM-and-Navigation-of-Two-Wheeled-Mobile-Robots/SLAM-and-Navigation-of-Two-Wheeled-Mobile-Robots/fishbot_ws/install/fishbot_bringup
[1.889s] DEBUG:colcon.colcon_core.event_handler.log_command:Invoking command in '/home/hw/SLAM-and-Navigation-of-Two-Wheeled-Mobile-Robots/SLAM-and-Navigation-of-Two-Wheeled-Mobile-Robots/fishbot_ws/build/fishbot_bringup': CMAKE_PREFIX_PATH=/opt/ros/humble /usr/bin/cmake --build /home/hw/SLAM-and-Navigation-of-Two-Wheeled-Mobile-Robots/SLAM-and-Navigation-of-Two-Wheeled-Mobile-Robots/fishbot_ws/build/fishbot_bringup -- -j16 -l16
[1.989s] DEBUG:colcon.colcon_core.event_handler.log_command:Invoked command in '/home/hw/SLAM-and-Navigation-of-Two-Wheeled-Mobile-Robots/SLAM-and-Navigation-of-Two-Wheeled-Mobile-Robots/fishbot_ws/build/fishbot_bringup' returned '0': CMAKE_PREFIX_PATH=/opt/ros/humble /usr/bin/cmake --build /home/hw/SLAM-and-Navigation-of-Two-Wheeled-Mobile-Robots/SLAM-and-Navigation-of-Two-Wheeled-Mobile-Robots/fishbot_ws/build/fishbot_bringup -- -j16 -l16
[2.004s] DEBUG:colcon.colcon_core.event_handler.log_command:Invoking command in '/home/hw/SLAM-and-Navigation-of-Two-Wheeled-Mobile-Robots/SLAM-and-Navigation-of-Two-Wheeled-Mobile-Robots/fishbot_ws/build/fishbot_bringup': CMAKE_PREFIX_PATH=/opt/ros/humble /usr/bin/cmake --install /home/hw/SLAM-and-Navigation-of-Two-Wheeled-Mobile-Robots/SLAM-and-Navigation-of-Two-Wheeled-Mobile-Robots/fishbot_ws/build/fishbot_bringup
[2.020s] Level 1:colcon.colcon_core.environment:create_environment_scripts_only(fishbot_bringup)
[2.021s] DEBUG:colcon.colcon_core.event_handler.log_command:Invoked command in '/home/hw/SLAM-and-Navigation-of-Two-Wheeled-Mobile-Robots/SLAM-and-Navigation-of-Two-Wheeled-Mobile-Robots/fishbot_ws/build/fishbot_bringup' returned '0': CMAKE_PREFIX_PATH=/opt/ros/humble /usr/bin/cmake --install /home/hw/SLAM-and-Navigation-of-Two-Wheeled-Mobile-Robots/SLAM-and-Navigation-of-Two-Wheeled-Mobile-Robots/fishbot_ws/build/fishbot_bringup
[2.023s] Level 1:colcon.colcon_core.environment:checking '/home/hw/SLAM-and-Navigation-of-Two-Wheeled-Mobile-Robots/SLAM-and-Navigation-of-Two-Wheeled-Mobile-Robots/fishbot_ws/install/fishbot_bringup' for CMake module files
[2.023s] Level 1:colcon.colcon_core.environment:checking '/home/hw/SLAM-and-Navigation-of-Two-Wheeled-Mobile-Robots/SLAM-and-Navigation-of-Two-Wheeled-Mobile-Robots/fishbot_ws/install/fishbot_bringup' for CMake config files
[2.024s] Level 1:colcon.colcon_core.shell:create_environment_hook('fishbot_bringup', 'cmake_prefix_path')
[2.024s] INFO:colcon.colcon_core.shell:Creating environment hook '/home/hw/SLAM-and-Navigation-of-Two-Wheeled-Mobile-Robots/SLAM-and-Navigation-of-Two-Wheeled-Mobile-Robots/fishbot_ws/install/fishbot_bringup/share/fishbot_bringup/hook/cmake_prefix_path.ps1'
[2.025s] INFO:colcon.colcon_core.shell:Creating environment descriptor '/home/hw/SLAM-and-Navigation-of-Two-Wheeled-Mobile-Robots/SLAM-and-Navigation-of-Two-Wheeled-Mobile-Robots/fishbot_ws/install/fishbot_bringup/share/fishbot_bringup/hook/cmake_prefix_path.dsv'
[2.026s] INFO:colcon.colcon_core.shell:Creating environment hook '/home/hw/SLAM-and-Navigation-of-Two-Wheeled-Mobile-Robots/SLAM-and-Navigation-of-Two-Wheeled-Mobile-Robots/fishbot_ws/install/fishbot_bringup/share/fishbot_bringup/hook/cmake_prefix_path.sh'
[2.027s] Level 1:colcon.colcon_core.environment:checking '/home/hw/SLAM-and-Navigation-of-Two-Wheeled-Mobile-Robots/SLAM-and-Navigation-of-Two-Wheeled-Mobile-Robots/fishbot_ws/install/fishbot_bringup/lib'
[2.027s] Level 1:colcon.colcon_core.environment:checking '/home/hw/SLAM-and-Navigation-of-Two-Wheeled-Mobile-Robots/SLAM-and-Navigation-of-Two-Wheeled-Mobile-Robots/fishbot_ws/install/fishbot_bringup/bin'
[2.027s] Level 1:colcon.colcon_core.environment:checking '/home/hw/SLAM-and-Navigation-of-Two-Wheeled-Mobile-Robots/SLAM-and-Navigation-of-Two-Wheeled-Mobile-Robots/fishbot_ws/install/fishbot_bringup/lib/pkgconfig/fishbot_bringup.pc'
[2.028s] Level 1:colcon.colcon_core.environment:checking '/home/hw/SLAM-and-Navigation-of-Two-Wheeled-Mobile-Robots/SLAM-and-Navigation-of-Two-Wheeled-Mobile-Robots/fishbot_ws/install/fishbot_bringup/lib/python3.10/site-packages'
[2.028s] Level 1:colcon.colcon_core.environment:checking '/home/hw/SLAM-and-Navigation-of-Two-Wheeled-Mobile-Robots/SLAM-and-Navigation-of-Two-Wheeled-Mobile-Robots/fishbot_ws/install/fishbot_bringup/bin'
[2.028s] INFO:colcon.colcon_core.shell:Creating package script '/home/hw/SLAM-and-Navigation-of-Two-Wheeled-Mobile-Robots/SLAM-and-Navigation-of-Two-Wheeled-Mobile-Robots/fishbot_ws/install/fishbot_bringup/share/fishbot_bringup/package.ps1'
[2.029s] INFO:colcon.colcon_core.shell:Creating package descriptor '/home/hw/SLAM-and-Navigation-of-Two-Wheeled-Mobile-Robots/SLAM-and-Navigation-of-Two-Wheeled-Mobile-Robots/fishbot_ws/install/fishbot_bringup/share/fishbot_bringup/package.dsv'
[2.030s] INFO:colcon.colcon_core.shell:Creating package script '/home/hw/SLAM-and-Navigation-of-Two-Wheeled-Mobile-Robots/SLAM-and-Navigation-of-Two-Wheeled-Mobile-Robots/fishbot_ws/install/fishbot_bringup/share/fishbot_bringup/package.sh'
[2.031s] INFO:colcon.colcon_core.shell:Creating package script '/home/hw/SLAM-and-Navigation-of-Two-Wheeled-Mobile-Robots/SLAM-and-Navigation-of-Two-Wheeled-Mobile-Robots/fishbot_ws/install/fishbot_bringup/share/fishbot_bringup/package.bash'
[2.032s] INFO:colcon.colcon_core.shell:Creating package script '/home/hw/SLAM-and-Navigation-of-Two-Wheeled-Mobile-Robots/SLAM-and-Navigation-of-Two-Wheeled-Mobile-Robots/fishbot_ws/install/fishbot_bringup/share/fishbot_bringup/package.zsh'
[2.033s] Level 1:colcon.colcon_core.environment:create_file_with_runtime_dependencies(/home/hw/SLAM-and-Navigation-of-Two-Wheeled-Mobile-Robots/SLAM-and-Navigation-of-Two-Wheeled-Mobile-Robots/fishbot_ws/install/fishbot_bringup/share/colcon-core/packages/fishbot_bringup)
[2.033s] Level 1:colcon.colcon_core.environment:create_environment_scripts_only(fishbot_bringup)
[2.034s] Level 1:colcon.colcon_core.environment:checking '/home/hw/SLAM-and-Navigation-of-Two-Wheeled-Mobile-Robots/SLAM-and-Navigation-of-Two-Wheeled-Mobile-Robots/fishbot_ws/install/fishbot_bringup' for CMake module files
[2.034s] Level 1:colcon.colcon_core.environment:checking '/home/hw/SLAM-and-Navigation-of-Two-Wheeled-Mobile-Robots/SLAM-and-Navigation-of-Two-Wheeled-Mobile-Robots/fishbot_ws/install/fishbot_bringup' for CMake config files
[2.034s] Level 1:colcon.colcon_core.shell:create_environment_hook('fishbot_bringup', 'cmake_prefix_path')
[2.035s] INFO:colcon.colcon_core.shell:Creating environment hook '/home/hw/SLAM-and-Navigation-of-Two-Wheeled-Mobile-Robots/SLAM-and-Navigation-of-Two-Wheeled-Mobile-Robots/fishbot_ws/install/fishbot_bringup/share/fishbot_bringup/hook/cmake_prefix_path.ps1'
[2.035s] INFO:colcon.colcon_core.shell:Creating environment descriptor '/home/hw/SLAM-and-Navigation-of-Two-Wheeled-Mobile-Robots/SLAM-and-Navigation-of-Two-Wheeled-Mobile-Robots/fishbot_ws/install/fishbot_bringup/share/fishbot_bringup/hook/cmake_prefix_path.dsv'
[2.036s] INFO:colcon.colcon_core.shell:Creating environment hook '/home/hw/SLAM-and-Navigation-of-Two-Wheeled-Mobile-Robots/SLAM-and-Navigation-of-Two-Wheeled-Mobile-Robots/fishbot_ws/install/fishbot_bringup/share/fishbot_bringup/hook/cmake_prefix_path.sh'
[2.037s] Level 1:colcon.colcon_core.environment:checking '/home/hw/SLAM-and-Navigation-of-Two-Wheeled-Mobile-Robots/SLAM-and-Navigation-of-Two-Wheeled-Mobile-Robots/fishbot_ws/install/fishbot_bringup/lib'
[2.037s] Level 1:colcon.colcon_core.environment:checking '/home/hw/SLAM-and-Navigation-of-Two-Wheeled-Mobile-Robots/SLAM-and-Navigation-of-Two-Wheeled-Mobile-Robots/fishbot_ws/install/fishbot_bringup/bin'
[2.037s] Level 1:colcon.colcon_core.environment:checking '/home/hw/SLAM-and-Navigation-of-Two-Wheeled-Mobile-Robots/SLAM-and-Navigation-of-Two-Wheeled-Mobile-Robots/fishbot_ws/install/fishbot_bringup/lib/pkgconfig/fishbot_bringup.pc'
[2.037s] Level 1:colcon.colcon_core.environment:checking '/home/hw/SLAM-and-Navigation-of-Two-Wheeled-Mobile-Robots/SLAM-and-Navigation-of-Two-Wheeled-Mobile-Robots/fishbot_ws/install/fishbot_bringup/lib/python3.10/site-packages'
[2.037s] Level 1:colcon.colcon_core.environment:checking '/home/hw/SLAM-and-Navigation-of-Two-Wheeled-Mobile-Robots/SLAM-and-Navigation-of-Two-Wheeled-Mobile-Robots/fishbot_ws/install/fishbot_bringup/bin'
[2.038s] INFO:colcon.colcon_core.shell:Creating package script '/home/hw/SLAM-and-Navigation-of-Two-Wheeled-Mobile-Robots/SLAM-and-Navigation-of-Two-Wheeled-Mobile-Robots/fishbot_ws/install/fishbot_bringup/share/fishbot_bringup/package.ps1'
[2.038s] INFO:colcon.colcon_core.shell:Creating package descriptor '/home/hw/SLAM-and-Navigation-of-Two-Wheeled-Mobile-Robots/SLAM-and-Navigation-of-Two-Wheeled-Mobile-Robots/fishbot_ws/install/fishbot_bringup/share/fishbot_bringup/package.dsv'
[2.039s] INFO:colcon.colcon_core.shell:Creating package script '/home/hw/SLAM-and-Navigation-of-Two-Wheeled-Mobile-Robots/SLAM-and-Navigation-of-Two-Wheeled-Mobile-Robots/fishbot_ws/install/fishbot_bringup/share/fishbot_bringup/package.sh'
[2.040s] INFO:colcon.colcon_core.shell:Creating package script '/home/hw/SLAM-and-Navigation-of-Two-Wheeled-Mobile-Robots/SLAM-and-Navigation-of-Two-Wheeled-Mobile-Robots/fishbot_ws/install/fishbot_bringup/share/fishbot_bringup/package.bash'
[2.040s] INFO:colcon.colcon_core.shell:Creating package script '/home/hw/SLAM-and-Navigation-of-Two-Wheeled-Mobile-Robots/SLAM-and-Navigation-of-Two-Wheeled-Mobile-Robots/fishbot_ws/install/fishbot_bringup/share/fishbot_bringup/package.zsh'
[2.041s] Level 1:colcon.colcon_core.environment:create_file_with_runtime_dependencies(/home/hw/SLAM-and-Navigation-of-Two-Wheeled-Mobile-Robots/SLAM-and-Navigation-of-Two-Wheeled-Mobile-Robots/fishbot_ws/install/fishbot_bringup/share/colcon-core/packages/fishbot_bringup)
[2.042s] DEBUG:colcon.colcon_parallel_executor.executor.parallel:closing loop
[2.042s] DEBUG:colcon.colcon_parallel_executor.executor.parallel:loop closed
[2.043s] DEBUG:colcon.colcon_parallel_executor.executor.parallel:run_until_complete finished with '0'
[2.043s] DEBUG:colcon.colcon_core.event_reactor:joining thread
[2.050s] INFO:colcon.colcon_core.plugin_system:Skipping extension 'colcon_notification.desktop_notification.terminal_notifier': Not used on non-Darwin systems
[2.050s] INFO:colcon.colcon_core.plugin_system:Skipping extension 'colcon_notification.desktop_notification.win32': Not used on non-Windows systems
[2.050s] INFO:colcon.colcon_notification.desktop_notification:Sending desktop notification using 'notify2'
[2.066s] DEBUG:colcon.colcon_core.event_reactor:joined thread
[2.067s] INFO:colcon.colcon_core.shell:Creating prefix script '/home/hw/SLAM-and-Navigation-of-Two-Wheeled-Mobile-Robots/SLAM-and-Navigation-of-Two-Wheeled-Mobile-Robots/fishbot_ws/install/local_setup.ps1'
[2.068s] INFO:colcon.colcon_core.shell:Creating prefix util module '/home/hw/SLAM-and-Navigation-of-Two-Wheeled-Mobile-Robots/SLAM-and-Navigation-of-Two-Wheeled-Mobile-Robots/fishbot_ws/install/_local_setup_util_ps1.py'
[2.069s] INFO:colcon.colcon_core.shell:Creating prefix chain script '/home/hw/SLAM-and-Navigation-of-Two-Wheeled-Mobile-Robots/SLAM-and-Navigation-of-Two-Wheeled-Mobile-Robots/fishbot_ws/install/setup.ps1'
[2.070s] INFO:colcon.colcon_core.shell:Creating prefix script '/home/hw/SLAM-and-Navigation-of-Two-Wheeled-Mobile-Robots/SLAM-and-Navigation-of-Two-Wheeled-Mobile-Robots/fishbot_ws/install/local_setup.sh'
[2.071s] INFO:colcon.colcon_core.shell:Creating prefix util module '/home/hw/SLAM-and-Navigation-of-Two-Wheeled-Mobile-Robots/SLAM-and-Navigation-of-Two-Wheeled-Mobile-Robots/fishbot_ws/install/_local_setup_util_sh.py'
[2.072s] INFO:colcon.colcon_core.shell:Creating prefix chain script '/home/hw/SLAM-and-Navigation-of-Two-Wheeled-Mobile-Robots/SLAM-and-Navigation-of-Two-Wheeled-Mobile-Robots/fishbot_ws/install/setup.sh'
[2.073s] INFO:colcon.colcon_core.shell:Creating prefix script '/home/hw/SLAM-and-Navigation-of-Two-Wheeled-Mobile-Robots/SLAM-and-Navigation-of-Two-Wheeled-Mobile-Robots/fishbot_ws/install/local_setup.bash'
[2.074s] INFO:colcon.colcon_core.shell:Creating prefix chain script '/home/hw/SLAM-and-Navigation-of-Two-Wheeled-Mobile-Robots/SLAM-and-Navigation-of-Two-Wheeled-Mobile-Robots/fishbot_ws/install/setup.bash'
[2.075s] INFO:colcon.colcon_core.shell:Creating prefix script '/home/hw/SLAM-and-Navigation-of-Two-Wheeled-Mobile-Robots/SLAM-and-Navigation-of-Two-Wheeled-Mobile-Robots/fishbot_ws/install/local_setup.zsh'
[2.076s] INFO:colcon.colcon_core.shell:Creating prefix chain script '/home/hw/SLAM-and-Navigation-of-Two-Wheeled-Mobile-Robots/SLAM-and-Navigation-of-Two-Wheeled-Mobile-Robots/fishbot_ws/install/setup.zsh'
