[0.026s] Invoking command in '/home/hw/SLAM-and-Navigation-of-Two-Wheeled-Mobile-Robots/SLAM-and-Navigation-of-Two-Wheeled-Mobile-Robots/fishbot_ws/build/fishbot_bringup': CMAKE_PREFIX_PATH=/opt/ros/humble /usr/bin/cmake --build /home/hw/SLAM-and-Navigation-of-Two-Wheeled-Mobile-Robots/SLAM-and-Navigation-of-Two-Wheeled-Mobile-Robots/fishbot_ws/build/fishbot_bringup -- -j16 -l16
[0.072s] CMake Error: The current CMakeCache.txt directory /home/hw/SLAM-and-Navigation-of-Two-Wheeled-Mobile-Robots/SLAM-and-Navigation-of-Two-Wheeled-Mobile-Robots/fishbot_ws/build/fishbot_bringup/CMakeCache.txt is different than the directory /home/hw/chapt9/fishbot_ws/build/fishbot_bringup where CMakeCache.txt was created. This may result in binaries being created in the wrong place. If you are not sure, reedit the CMakeCache.txt
[0.306s] [100%] Built target odom2tf
[0.322s] Invoked command in '/home/hw/SLAM-and-Navigation-of-Two-Wheeled-Mobile-Robots/SLAM-and-Navigation-of-Two-Wheeled-Mobile-Robots/fishbot_ws/build/fishbot_bringup' returned '0': CMAKE_PREFIX_PATH=/opt/ros/humble /usr/bin/cmake --build /home/hw/SLAM-and-Navigation-of-Two-Wheeled-Mobile-Robots/SLAM-and-Navigation-of-Two-Wheeled-Mobile-Robots/fishbot_ws/build/fishbot_bringup -- -j16 -l16
[0.340s] Invoking command in '/home/hw/SLAM-and-Navigation-of-Two-Wheeled-Mobile-Robots/SLAM-and-Navigation-of-Two-Wheeled-Mobile-Robots/fishbot_ws/build/fishbot_bringup': CMAKE_PREFIX_PATH=/opt/ros/humble /usr/bin/cmake --install /home/hw/SLAM-and-Navigation-of-Two-Wheeled-Mobile-Robots/SLAM-and-Navigation-of-Two-Wheeled-Mobile-Robots/fishbot_ws/build/fishbot_bringup
[0.351s] -- Install configuration: ""
[0.358s] -- Up-to-date: /home/hw/chapt9/fishbot_ws/install/fishbot_bringup/lib/fishbot_bringup/odom2tf
[0.359s] -- Up-to-date: /home/hw/chapt9/fishbot_ws/install/fishbot_bringup/share/fishbot_bringup/launch
[0.360s] -- Up-to-date: /home/hw/chapt9/fishbot_ws/install/fishbot_bringup/share/fishbot_bringup/launch/urdf2tf.launch.py
[0.360s] -- Up-to-date: /home/hw/chapt9/fishbot_ws/install/fishbot_bringup/share/fishbot_bringup/launch/bringup.launch.py
[0.360s] -- Up-to-date: /home/hw/chapt9/fishbot_ws/install/fishbot_bringup/share/fishbot_bringup/launch/final_bringup.launch.py
[0.360s] -- Up-to-date: /home/hw/chapt9/fishbot_ws/install/fishbot_bringup/share/fishbot_bringup/launch/test_tf_tree.launch.py
[0.360s] -- Up-to-date: /home/hw/chapt9/fishbot_ws/install/fishbot_bringup/share/fishbot_bringup/rviz
[0.361s] -- Up-to-date: /home/hw/chapt9/fishbot_ws/install/fishbot_bringup/share/fishbot_bringup/rviz/room.pgm
[0.361s] -- Up-to-date: /home/hw/chapt9/fishbot_ws/install/fishbot_bringup/share/fishbot_bringup/rviz/room.yaml
[0.362s] -- Up-to-date: /home/hw/chapt9/fishbot_ws/install/fishbot_bringup/share/fishbot_bringup/rviz/bringupRviz2.rviz
[0.365s] -- Up-to-date: /home/hw/chapt9/fishbot_ws/install/fishbot_bringup/share/ament_index/resource_index/package_run_dependencies/fishbot_bringup
[0.366s] -- Up-to-date: /home/hw/chapt9/fishbot_ws/install/fishbot_bringup/share/ament_index/resource_index/parent_prefix_path/fishbot_bringup
[0.367s] -- Up-to-date: /home/hw/chapt9/fishbot_ws/install/fishbot_bringup/share/fishbot_bringup/environment/ament_prefix_path.sh
[0.368s] -- Up-to-date: /home/hw/chapt9/fishbot_ws/install/fishbot_bringup/share/fishbot_bringup/environment/ament_prefix_path.dsv
[0.368s] -- Up-to-date: /home/hw/chapt9/fishbot_ws/install/fishbot_bringup/share/fishbot_bringup/environment/path.sh
[0.368s] -- Up-to-date: /home/hw/chapt9/fishbot_ws/install/fishbot_bringup/share/fishbot_bringup/environment/path.dsv
[0.368s] -- Up-to-date: /home/hw/chapt9/fishbot_ws/install/fishbot_bringup/share/fishbot_bringup/local_setup.bash
[0.368s] -- Up-to-date: /home/hw/chapt9/fishbot_ws/install/fishbot_bringup/share/fishbot_bringup/local_setup.sh
[0.368s] -- Up-to-date: /home/hw/chapt9/fishbot_ws/install/fishbot_bringup/share/fishbot_bringup/local_setup.zsh
[0.368s] -- Up-to-date: /home/hw/chapt9/fishbot_ws/install/fishbot_bringup/share/fishbot_bringup/local_setup.dsv
[0.369s] -- Installing: /home/hw/chapt9/fishbot_ws/install/fishbot_bringup/share/fishbot_bringup/package.dsv
[0.370s] -- Up-to-date: /home/hw/chapt9/fishbot_ws/install/fishbot_bringup/share/ament_index/resource_index/packages/fishbot_bringup
[0.372s] -- Up-to-date: /home/hw/chapt9/fishbot_ws/install/fishbot_bringup/share/fishbot_bringup/cmake/fishbot_bringupConfig.cmake
[0.372s] -- Up-to-date: /home/hw/chapt9/fishbot_ws/install/fishbot_bringup/share/fishbot_bringup/cmake/fishbot_bringupConfig-version.cmake
[0.372s] -- Up-to-date: /home/hw/chapt9/fishbot_ws/install/fishbot_bringup/share/fishbot_bringup/package.xml
[0.375s] Invoked command in '/home/hw/SLAM-and-Navigation-of-Two-Wheeled-Mobile-Robots/SLAM-and-Navigation-of-Two-Wheeled-Mobile-Robots/fishbot_ws/build/fishbot_bringup' returned '0': CMAKE_PREFIX_PATH=/opt/ros/humble /usr/bin/cmake --install /home/hw/SLAM-and-Navigation-of-Two-Wheeled-Mobile-Robots/SLAM-and-Navigation-of-Two-Wheeled-Mobile-Robots/fishbot_ws/build/fishbot_bringup
